      "[I 2025-02-23 09:06:42,482] Trial 199 finished with value: 0.6834650080658086 and parameters: {'weight_0': 0.9207852523608347, 'weight_1': 0.13078389081197048, 'weight_2': 0.2770261095202157, 'weight_3': 0.5059178738144077, 'weight_4': 0.12377803327245737, 'weight_5': 0.9590787064039248, 'weight_6': 0.11930037059240689, 'weight_7': 0.6726532404506222, 'weight_8': 0.8894987236777282, 'weight_9': 0.13269707313570397, 'weight_10': 0.5570952876791374}. Best is trial 179 with value: 0.683481818565112.\n"
     ]
    },
    {
     "name": "stdout",
     "output_type": "stream",
     "text": [
      "Best Weights: {'weight_0': 0.9708564466416064, 'weight_1': 0.07460219243281893, 'weight_2': 0.27693792672232265, 'weight_3': 0.6077524821464377, 'weight_4': 0.20719857494342742, 'weight_5': 0.9981656064194236, 'weight_6': 0.09576602132946035, 'weight_7': 0.6555327864499221, 'weight_8': 0.9459441202191813, 'weight_9': 0.07868335396814317, 'weight_10': 0.5754905540657432}\n",
      "Best AUC: 0.683481818565112\n"
     ]
    }
   ],
   "source": [
    "import optuna\n",
    "# 目的関数の定義\n",
    "def objective(trial):\n",
    "    # 各モデルの重みを提案 (0.0～1.0 の範囲)\n",
    "    weights = [trial.suggest_float(f'weight_{i}', 0.05, 1.0) for i in range(len(ranked_oof_preds))]\n",
    "\n",
    "    # 重みの正規化（合計が1になるようにスケーリング）\n",
    "    weights = np.array(weights)\n",
    "    weights /= np.sum(weights)\n",
    "\n",
    "    # アンサンブル予測を計算 (加重平均)\n",
    "    ensemble_oof_preds = np.dot(weights, ranked_oof_preds)\n",
    "\n",
    "    curent_score = md.targets.validate_model(ensemble_oof_preds, 'Ensemble Model')\n",
    "\n",
    "    return curent_score  # 最大化が目標\n",
    "\n",
    "# Optunaによる最適化\n",
    "study = optuna.create_study(direction='maximize')  # AUCを最大化\n",
    "study.optimize(objective, n_trials=200)\n",
    "\n",
    "# 最適な重み\n",
    "print(\"Best Weights:\", study.best_params)\n",
    "print(\"Best AUC:\", study.best_value)\n",
    "\n",
    "CFG.weights = [1 for _ in range(len(ranked_oof_preds))]\n",
    "np.array(CFG.weights)\n",
    "\n",
    "for i in range(len(CFG.weights)):\n",
    "    CFG.weights[i] = study.best_params[f'weight_{i}']"
   ]
  },
  {
   "cell_type": "code",
   "execution_count": 74,
   "id": "537cf0d7",
   "metadata": {
    "execution": {
     "iopub.execute_input": "2025-02-23T09:06:42.732735Z",
     "iopub.status.busy": "2025-02-23T09:06:42.732152Z",
     "iopub.status.idle": "2025-02-23T09:06:42.736707Z",
     "shell.execute_reply": "2025-02-23T09:06:42.735627Z"
    },
    "id": "ZZ0CCM3vngBq",
    "papermill": {
     "duration": 0.073839,
     "end_time": "2025-02-23T09:06:42.738554",
     "exception": false,
     "start_time": "2025-02-23T09:06:42.664715",
     "status": "completed"
    },
    "tags": []
   },
   "outputs": [],
   "source": [
    "# oof_preds_name = [\n",
    "#     \"ctb1_oof_preds\",\n",
    "#     \"lgb1_oof_preds\",\n",
    "#     \"ctb2_oof_preds\",\n",
    "#     \"lgb2_oof_preds\",\n",
    "#     \"ctb3_oof_preds\",\n",
    "#     \"lgb3_oof_preds\",\n",
    "#     \"cox1_oof_preds\",\n",
    "#     \"cox2_oof_preds\"\n",
    "# ]\n",
    "\n",
    "# for i, oof_pred in enumerate(oof_preds):\n",
    "#     means = []\n",
    "#     for pred in oof_pred:\n",
    "#         means.append(np.mean(pred))\n",
    "\n",
    "#     print(f\"{oof_preds_name[i]}->{np.mean(means)}\")\n"
   ]
  },
  {
   "cell_type": "markdown",
   "id": "a2bc4717",
   "metadata": {
    "id": "zvUj9j1xngBq",
    "papermill": {
     "duration": 0.06567,
     "end_time": "2025-02-23T09:06:42.872187",
     "exception": false,
     "start_time": "2025-02-23T09:06:42.806517",
     "status": "completed"
    },
    "tags": []
   },
   "source": [
    "<div style=\"background-color: rgb(247, 230, 202); border: 4px solid rgb(162, 87, 79); border-radius: 40px; padding: 20px; font-family: 'Roboto'; color: rgb(162, 87, 79); text-align: left; font-size: 140%;\">\n",
    "    <b>Ensemble predictions for the test data.</b>\n",
    "</div>"
   ]
  },
  {
   "cell_type": "code",
   "execution_count": 75,
   "id": "b08a3ee9",
   "metadata": {
    "execution": {
     "iopub.execute_input": "2025-02-23T09:06:43.006883Z",
     "iopub.status.busy": "2025-02-23T09:06:43.006520Z",
     "iopub.status.idle": "2025-02-23T09:06:43.011146Z",
     "shell.execute_reply": "2025-02-23T09:06:43.010193Z"
    },
    "id": "DnxQE5l2ngBq",
    "papermill": {
     "duration": 0.074409,
     "end_time": "2025-02-23T09:06:43.012942",
     "exception": false,
     "start_time": "2025-02-23T09:06:42.938533",
     "status": "completed"
    },
    "tags": []
   },
   "outputs": [],
   "source": [
    "preds = [\n",
    "    ctb1_preds,\n",
    "    lgb1_preds,\n",
    "    xgb1_preds,\n",
    "    ctb2_preds,\n",
    "    lgb2_preds,\n",
    "    xgb2_preds,\n",
    "    ctb3_preds,\n",
    "    lgb3_preds,\n",
    "    xgb3_preds,\n",
    "    cox1_preds,\n",
    "    cox2_preds\n",
    "]"
   ]
  },
  {
   "cell_type": "code",
   "execution_count": 76,
   "id": "36ca55ae",
   "metadata": {
    "execution": {
     "iopub.execute_input": "2025-02-23T09:06:43.146463Z",
     "iopub.status.busy": "2025-02-23T09:06:43.146055Z",
     "iopub.status.idle": "2025-02-23T09:06:43.153600Z",
     "shell.execute_reply": "2025-02-23T09:06:43.152565Z"
    },
    "id": "S7ABF4ZcngBq",
    "papermill": {
     "duration": 0.076376,
     "end_time": "2025-02-23T09:06:43.155369",
     "exception": false,
     "start_time": "2025-02-23T09:06:43.078993",
     "status": "completed"
    },
    "tags": []
   },
   "outputs": [],
   "source": [
    "# rankdataデータセットの要素を順位付けするための関数です。この関数を使用することで、数値データをランキング形式に変換\n",
    "# 例えば、リスト [10, 20, 20, 30] に対してランク付けを行うと [1.0, 3.0, 3.0, 4.0] という結果が得られます。\n",
    "\n",
    "ranked_preds = np.array([rankdata(p) for p in preds])"
   ]
  },
  {
   "cell_type": "code",
   "execution_count": 77,
   "id": "d8479982",
   "metadata": {
    "execution": {
     "iopub.execute_input": "2025-02-23T09:06:43.287568Z",
     "iopub.status.busy": "2025-02-23T09:06:43.287080Z",
     "iopub.status.idle": "2025-02-23T09:06:43.292210Z",
     "shell.execute_reply": "2025-02-23T09:06:43.290727Z"
    },
    "id": "mGRi25hcngBq",
    "papermill": {
     "duration": 0.073995,
     "end_time": "2025-02-23T09:06:43.294525",
     "exception": false,
     "start_time": "2025-02-23T09:06:43.220530",
     "status": "completed"
    },
    "tags": []
   },
   "outputs": [],
   "source": [
    "ensemble_preds = np.dot(CFG.weights, ranked_preds)"
   ]
  },
  {
   "cell_type": "code",
   "execution_count": 78,
   "id": "c82c9425",
   "metadata": {
    "execution": {
     "iopub.execute_input": "2025-02-23T09:06:43.431064Z",
     "iopub.status.busy": "2025-02-23T09:06:43.430688Z",
     "iopub.status.idle": "2025-02-23T09:06:43.445500Z",
     "shell.execute_reply": "2025-02-23T09:06:43.444214Z"
    },
    "id": "rye1PBgdngBq",
    "papermill": {
     "duration": 0.083981,
     "end_time": "2025-02-23T09:06:43.447529",
     "exception": false,
     "start_time": "2025-02-23T09:06:43.363548",
     "status": "completed"
    },
    "tags": []
   },
   "outputs": [],
   "source": [
    "subm_data = pd.read_csv(CFG.subm_path)\n",
    "subm_data['prediction'] = ensemble_preds"
   ]
  },
  {
   "cell_type": "code",
   "execution_count": 79,
   "id": "5e0621cc",
   "metadata": {
    "execution": {
     "iopub.execute_input": "2025-02-23T09:06:43.582859Z",
     "iopub.status.busy": "2025-02-23T09:06:43.582478Z",
     "iopub.status.idle": "2025-02-23T09:06:43.598785Z",
     "shell.execute_reply": "2025-02-23T09:06:43.597751Z"
    },
    "id": "pMESW3HEngBq",
    "papermill": {
     "duration": 0.085805,
     "end_time": "2025-02-23T09:06:43.600723",
     "exception": false,
     "start_time": "2025-02-23T09:06:43.514918",
     "status": "completed"
    },
    "tags": []
   },
   "outputs": [
    {
     "data": {
      "text/html": [
       "<div>\n",
       "<style scoped>\n",
       "    .dataframe tbody tr th:only-of-type {\n",
       "        vertical-align: middle;\n",
       "    }\n",
       "\n",
       "    .dataframe tbody tr th {\n",
       "        vertical-align: top;\n",
       "    }\n",
       "\n",
       "    .dataframe thead th {\n",
       "        text-align: right;\n",
       "    }\n",
       "</style>\n",
       "<table border=\"1\" class=\"dataframe\">\n",
       "  <thead>\n",
       "    <tr style=\"text-align: right;\">\n",
       "      <th></th>\n",
       "      <th>ID</th>\n",
       "      <th>prediction</th>\n",
       "    </tr>\n",
       "  </thead>\n",
       "  <tbody>\n",
       "    <tr>\n",
       "      <th>0</th>\n",
       "      <td>28800</td>\n",
       "      <td>8.752812</td>\n",
       "    </tr>\n",
       "    <tr>\n",
       "      <th>1</th>\n",
       "      <td>28801</td>\n",
       "      <td>16.460790</td>\n",
       "    </tr>\n",
       "    <tr>\n",
       "      <th>2</th>\n",
       "      <td>28802</td>\n",
       "      <td>7.707978</td>\n",
       "    </tr>\n",
       "  </tbody>\n",
       "</table>\n",
       "</div>"
      ],
      "text/plain": [
       "      ID  prediction\n",
       "0  28800    8.752812\n",
       "1  28801   16.460790\n",
       "2  28802    7.707978"
      ]
     },
     "metadata": {},
     "output_type": "display_data"
    }
   ],
   "source": [
    "subm_data.to_csv('submission.csv', index=False)\n",
    "display(subm_data.head())"
   ]
  }
 ],
 "metadata": {
  "colab": {
   "include_colab_link": true,
   "machine_shape": "hm",
   "provenance": []
  },
  "kaggle": {
   "accelerator": "none",
   "dataSources": [
    {
     "databundleVersionId": 10381525,
     "sourceId": 70942,
     "sourceType": "competition"
    },
    {
     "datasetId": 6544534,
     "sourceId": 10575779,
     "sourceType": "datasetVersion"
    },
    {
     "sourceId": 211253469,
     "sourceType": "kernelVersion"
    },
    {
     "sourceId": 211322530,
     "sourceType": "kernelVersion"
    }
   ],
   "dockerImageVersionId": 30839,
   "isGpuEnabled": false,
   "isInternetEnabled": false,
   "language": "python",
   "sourceType": "notebook"
  },
  "kernelspec": {
   "display_name": "Python 3",
   "name": "python3"
  },
  "language_info": {
   "codemirror_mode": {
    "name": "ipython",
    "version": 3
   },
   "file_extension": ".py",
   "mimetype": "text/x-python",
   "name": "python",
   "nbconvert_exporter": "python",
   "pygments_lexer": "ipython3",
   "version": "3.10.12"
  },
  "papermill": {
   "default_parameters": {},
   "duration": 21698.78405,
   "end_time": "2025-02-23T09:06:46.820492",
   "environment_variables": {},
   "exception": null,
   "input_path": "__notebook__.ipynb",
   "output_path": "__notebook__.ipynb",
   "parameters": {},
   "start_time": "2025-02-23T03:05:08.036442",
   "version": "2.6.0"
  }
 },
 "nbformat": 4,
 "nbformat_minor": 5
}
