      "[I 2025-02-23 09:05:30,535] Trial 43 finished with value: 0.6829738497391272 and parameters: {'weight_0': 0.5264518179366372, 'weight_1': 0.26220798193047357, 'weight_2': 0.1690180720299802, 'weight_3': 0.4101847178467583, 'weight_4': 0.2476022377876329, 'weight_5': 0.9431313014999428, 'weight_6': 0.7778318074432917, 'weight_7': 0.5769762258745469, 'weight_8': 0.9398049454248213, 'weight_9': 0.805332532388415, 'weight_10': 0.33303137994403215}. Best is trial 36 with value: 0.6831196368234217.\n",
      "[I 2025-02-23 09:05:30,985] Trial 44 finished with value: 0.6829745420425753 and parameters: {'weight_0': 0.5201588346700328, 'weight_1': 0.26867930299794396, 'weight_2': 0.15818030691389579, 'weight_3': 0.4052630947175917, 'weight_4': 0.25358309506899046, 'weight_5': 0.9205076896563662, 'weight_6': 0.7679304200941134, 'weight_7': 0.5700136124025291, 'weight_8': 0.9050186610572982, 'weight_9': 0.8120579743126556, 'weight_10': 0.34833347342416554}. Best is trial 36 with value: 0.6831196368234217.\n",
      "[I 2025-02-23 09:05:31,437] Trial 45 finished with value: 0.6829593449272805 and parameters: {'weight_0': 0.5576381309357284, 'weight_1': 0.18837300644796826, 'weight_2': 0.311377694767485, 'weight_3': 0.44118881819357286, 'weight_4': 0.12533959520957197, 'weight_5': 0.7506426993604836, 'weight_6': 0.8694379957259623, 'weight_7': 0.4839803106706688, 'weight_8': 0.9048601275350294, 'weight_9': 0.6183348376015747, 'weight_10': 0.23039079691804498}. Best is trial 36 with value: 0.6831196368234217.\n",
      "[I 2025-02-23 09:05:31,888] Trial 46 finished with value: 0.6828153404761925 and parameters: {'weight_0': 0.40502848984069273, 'weight_1': 0.34982066172471316, 'weight_2': 0.11815467066702656, 'weight_3': 0.23722235396729455, 'weight_4': 0.2067113906943971, 'weight_5': 0.9351476434987267, 'weight_6': 0.792942148629243, 'weight_7': 0.6737149017440026, 'weight_8': 0.6885839549505803, 'weight_9': 0.8899612503147369, 'weight_10': 0.4191997672293655}. Best is trial 36 with value: 0.6831196368234217.\n",
      "[I 2025-02-23 09:05:32,346] Trial 47 finished with value: 0.682435343934545 and parameters: {'weight_0': 0.2942500973484861, 'weight_1': 0.12883122814803133, 'weight_2': 0.25674318453546824, 'weight_3': 0.3758165363707449, 'weight_4': 0.2904038758248908, 'weight_5': 0.3568090994572254, 'weight_6': 0.9660374560991601, 'weight_7': 0.6003255818189566, 'weight_8': 0.835332635610736, 'weight_9': 0.8257174828988868, 'weight_10': 0.36367405607709213}. Best is trial 36 with value: 0.6831196368234217.\n",
      "[I 2025-02-23 09:05:32,805] Trial 48 finished with value: 0.6827048282301644 and parameters: {'weight_0': 0.5241015312093087, 'weight_1': 0.23941163070726207, 'weight_2': 0.21275511484952667, 'weight_3': 0.3156469565439235, 'weight_4': 0.23553222323071474, 'weight_5': 0.8375764139849221, 'weight_6': 0.7559381727360095, 'weight_7': 0.552351252376274, 'weight_8': 0.23943364060711358, 'weight_9': 0.7034685436681275, 'weight_10': 0.310809614675791}. Best is trial 36 with value: 0.6831196368234217.\n",
      "[I 2025-02-23 09:05:33,266] Trial 49 finished with value: 0.6827779504727732 and parameters: {'weight_0': 0.414202685468275, 'weight_1': 0.3643112453792648, 'weight_2': 0.11521855464245005, 'weight_3': 0.4044525344552646, 'weight_4': 0.12974333396575585, 'weight_5': 0.9570822503458357, 'weight_6': 0.9184044714990112, 'weight_7': 0.33972395496563523, 'weight_8': 0.9507097274239088, 'weight_9': 0.9433204489999908, 'weight_10': 0.2466803674775643}. Best is trial 36 with value: 0.6831196368234217.\n",
      "[I 2025-02-23 09:05:33,723] Trial 50 finished with value: 0.682399723534054 and parameters: {'weight_0': 0.20104949948254058, 'weight_1': 0.2657359065039546, 'weight_2': 0.15364690840385617, 'weight_3': 0.46036788602451556, 'weight_4': 0.0639072743317857, 'weight_5': 0.5664832411429447, 'weight_6': 0.8374658127904981, 'weight_7': 0.4934868385498978, 'weight_8': 0.7765283273630783, 'weight_9': 0.6586684636327614, 'weight_10': 0.14131552651016804}. Best is trial 36 with value: 0.6831196368234217.\n",
      "[I 2025-02-23 09:05:34,176] Trial 51 finished with value: 0.6829510853724605 and parameters: {'weight_0': 0.5028204310919142, 'weight_1': 0.2739727676689563, 'weight_2': 0.16857664072621784, 'weight_3': 0.4274514517913113, 'weight_4': 0.2524380109583667, 'weight_5': 0.9257158714064666, 'weight_6': 0.755732492565606, 'weight_7': 0.5646374907844047, 'weight_8': 0.958717132873593, 'weight_9': 0.7856271357125796, 'weight_10': 0.3070617944466699}. Best is trial 36 with value: 0.6831196368234217.\n",
      "[I 2025-02-23 09:05:34,623] Trial 52 finished with value: 0.6829596053030775 and parameters: {'weight_0': 0.5590582592907831, 'weight_1': 0.20547835299911962, 'weight_2': 0.23957613002387423, 'weight_3': 0.49895225695876, 'weight_4': 0.1825163282039462, 'weight_5': 0.9619364862622336, 'weight_6': 0.8126925195142187, 'weight_7': 0.5966003642489602, 'weight_8': 0.897285584582292, 'weight_9': 0.7501233076846348, 'weight_10': 0.3426182910477893}. Best is trial 36 with value: 0.6831196368234217.\n",
      "[I 2025-02-23 09:05:35,069] Trial 53 finished with value: 0.6828565813571605 and parameters: {'weight_0': 0.4326596615432229, 'weight_1': 0.3179901994025909, 'weight_2': 0.10731192906248974, 'weight_3': 0.40102426477473746, 'weight_4': 0.2927702786146989, 'weight_5': 0.9018308375704734, 'weight_6': 0.7225966274075285, 'weight_7': 0.7047581536538766, 'weight_8': 0.9490868022371439, 'weight_9': 0.8100164172763371, 'weight_10': 0.4161222721961479}. Best is trial 36 with value: 0.6831196368234217.\n",
      "[I 2025-02-23 09:05:35,517] Trial 54 finished with value: 0.682849292397086 and parameters: {'weight_0': 0.4972814164960019, 'weight_1': 0.4019526674851844, 'weight_2': 0.16676953419800342, 'weight_3': 0.15100295436187988, 'weight_4': 0.20782774280761912, 'weight_5': 0.9932969743426722, 'weight_6': 0.778734071299292, 'weight_7': 0.44152598544090116, 'weight_8': 0.9223403225422965, 'weight_9': 0.9207267906621066, 'weight_10': 0.45321018079439185}. Best is trial 36 with value: 0.6831196368234217.\n",
      "[I 2025-02-23 09:05:35,991] Trial 55 finished with value: 0.6826742763292878 and parameters: {'weight_0': 0.3552516233572028, 'weight_1': 0.13077693575732335, 'weight_2': 0.2671644547786084, 'weight_3': 0.31749797096140037, 'weight_4': 0.3658146464309754, 'weight_5': 0.7835459640650404, 'weight_6': 0.8745160600996343, 'weight_7': 0.6356890992532849, 'weight_8': 0.8514582611222768, 'weight_9': 0.8428646347131323, 'weight_10': 0.3383236338623666}. Best is trial 36 with value: 0.6831196368234217.\n",
      "[I 2025-02-23 09:05:36,449] Trial 56 finished with value: 0.682933263099338 and parameters: {'weight_0': 0.5827367415326558, 'weight_1': 0.08150732647896292, 'weight_2': 0.20177287024598714, 'weight_3': 0.487711363322897, 'weight_4': 0.35971281168896263, 'weight_5': 0.8641672791825632, 'weight_6': 0.7904110158786527, 'weight_7': 0.5120427726357571, 'weight_8': 0.9666946551666257, 'weight_9': 0.7453220615145391, 'weight_10': 0.5521958369657032}. Best is trial 36 with value: 0.6831196368234217.\n",
      "[I 2025-02-23 09:05:36,902] Trial 57 finished with value: 0.6828708603864371 and parameters: {'weight_0': 0.537362912929827, 'weight_1': 0.1782631580010976, 'weight_2': 0.14563955498075232, 'weight_3': 0.2738085938510273, 'weight_4': 0.26722505827422954, 'weight_5': 0.9417227109435845, 'weight_6': 0.9345354692848312, 'weight_7': 0.6959728008857666, 'weight_8': 0.795018713695314, 'weight_9': 0.6050405034825866, 'weight_10': 0.26999767321685325}. Best is trial 36 with value: 0.6831196368234217.\n",
      "[I 2025-02-23 09:05:37,347] Trial 58 finished with value: 0.6831902786633299 and parameters: {'weight_0': 0.6928771759512377, 'weight_1': 0.24212744900178518, 'weight_2': 0.09609233904466957, 'weight_3': 0.3939571380892763, 'weight_4': 0.15538240566085032, 'weight_5': 0.9036638972989179, 'weight_6': 0.7206145852112857, 'weight_7': 0.5879583880879496, 'weight_8': 0.8888749346820236, 'weight_9': 0.801778585697595, 'weight_10': 0.21628139389683573}. Best is trial 58 with value: 0.6831902786633299.\n",
      "[I 2025-02-23 09:05:37,797] Trial 59 finished with value: 0.6832305099820498 and parameters: {'weight_0': 0.6844808743551747, 'weight_1': 0.43133404228277106, 'weight_2': 0.09763417955020233, 'weight_3': 0.5757337619918211, 'weight_4': 0.1593200719448105, 'weight_5': 0.8482376397858, 'weight_6': 0.08803462467505513, 'weight_7': 0.6377292844996938, 'weight_8': 0.8816672567674547, 'weight_9': 0.6516439194396177, 'weight_10': 0.19825245771028518}. Best is trial 59 with value: 0.6832305099820498.\n",
      "[I 2025-02-23 09:05:38,244] Trial 60 finished with value: 0.6829674670603926 and parameters: {'weight_0': 0.6932334053236624, 'weight_1': 0.42745192079051075, 'weight_2': 0.09667431156328019, 'weight_3': 0.5512052523604544, 'weight_4': 0.10951684251412586, 'weight_5': 0.8496120278427105, 'weight_6': 0.20316805427428664, 'weight_7': 0.530592700954651, 'weight_8': 0.4063858494229127, 'weight_9': 0.5980647353767554, 'weight_10': 0.17308166553270193}. Best is trial 59 with value: 0.6832305099820498.\n",
      "[I 2025-02-23 09:05:38,696] Trial 61 finished with value: 0.6830068581899891 and parameters: {'weight_0': 0.6179134514639193, 'weight_1': 0.3377607401876984, 'weight_2': 0.052976185824734706, 'weight_3': 0.5984103447166185, 'weight_4': 0.1708689149860173, 'weight_5': 0.9002020299840853, 'weight_6': 0.681025045779181, 'weight_7': 0.6275470879725709, 'weight_8': 0.8958915275388571, 'weight_9': 0.6675714137203794, 'weight_10': 0.1995517355604744}. Best is trial 59 with value: 0.6832305099820498.\n",
      "[I 2025-02-23 09:05:39,147] Trial 62 finished with value: 0.6830864011342934 and parameters: {'weight_0': 0.6827007554928705, 'weight_1': 0.35029638637232724, 'weight_2': 0.08993779307964436, 'weight_3': 0.6194724309623758, 'weight_4': 0.16970186267415774, 'weight_5': 0.893382992999116, 'weight_6': 0.6719526947308708, 'weight_7': 0.6365566112808873, 'weight_8': 0.8591922748450168, 'weight_9': 0.6675939954686305, 'weight_10': 0.20709209091504832}. Best is trial 59 with value: 0.6832305099820498.\n",
      "[I 2025-02-23 09:05:39,597] Trial 63 finished with value: 0.6830916642004898 and parameters: {'weight_0': 0.6911498934099897, 'weight_1': 0.5005326868507803, 'weight_2': 0.053887127781417736, 'weight_3': 0.6047961919075091, 'weight_4': 0.1662352936210958, 'weight_5': 0.698350642748941, 'weight_6': 0.669463364724335, 'weight_7': 0.6269079246777843, 'weight_8': 0.8623844544397898, 'weight_9': 0.6591219330835967, 'weight_10': 0.10833262201972504}. Best is trial 59 with value: 0.6832305099820498.\n",
      "[I 2025-02-23 09:05:40,049] Trial 64 finished with value: 0.6831890457404596 and parameters: {'weight_0': 0.741439430509061, 'weight_1': 0.5013852556624098, 'weight_2': 0.05013836395383904, 'weight_3': 0.5963870427833996, 'weight_4': 0.1570715313972253, 'weight_5': 0.8068651559282182, 'weight_6': 0.06891386084991324, 'weight_7': 0.6361431385064658, 'weight_8': 0.732478329415388, 'weight_9': 0.6567532396221493, 'weight_10': 0.12050640582022633}. Best is trial 59 with value: 0.6832305099820498.\n",
      "[I 2025-02-23 09:05:40,506] Trial 65 finished with value: 0.6831396648989905 and parameters: {'weight_0': 0.7378899351320432, 'weight_1': 0.5157216055495197, 'weight_2': 0.08934989280428929, 'weight_3': 0.6250769462719037, 'weight_4': 0.09002639805538126, 'weight_5': 0.6875651844599713, 'weight_6': 0.10337037268371962, 'weight_7': 0.7223123072316201, 'weight_8': 0.7120279092170853, 'weight_9': 0.5477557524297014, 'weight_10': 0.12303192819154131}. Best is trial 59 with value: 0.6832305099820498.\n",
      "[I 2025-02-23 09:05:40,962] Trial 66 finished with value: 0.6831166249461371 and parameters: {'weight_0': 0.7445358958352027, 'weight_1': 0.5138032872519419, 'weight_2': 0.08915978059273684, 'weight_3': 0.5612601743923407, 'weight_4': 0.06970951998635327, 'weight_5': 0.7169276117615184, 'weight_6': 0.0687407359445836, 'weight_7': 0.7274042786345543, 'weight_8': 0.6970829618871001, 'weight_9': 0.5522804787135501, 'weight_10': 0.1229123858281691}. Best is trial 59 with value: 0.6832305099820498.\n",
      "[I 2025-02-23 09:05:41,436] Trial 67 finished with value: 0.6831381092885985 and parameters: {'weight_0': 0.8205809115225082, 'weight_1': 0.5553597062186116, 'weight_2': 0.08942020861306152, 'weight_3': 0.7323949749611953, 'weight_4': 0.08253898117222029, 'weight_5': 0.7593492941654174, 'weight_6': 0.051457932215510885, 'weight_7': 0.807729187019715, 'weight_8': 0.7131771827070239, 'weight_9': 0.5667497748893386, 'weight_10': 0.11379306722828711}. Best is trial 59 with value: 0.6832305099820498.\n",
      "[I 2025-02-23 09:05:41,892] Trial 68 finished with value: 0.6830257695621654 and parameters: {'weight_0': 0.743174266066713, 'weight_1': 0.5582630613172489, 'weight_2': 0.08890889158876512, 'weight_3': 0.7343319410303693, 'weight_4': 0.08670201638290448, 'weight_5': 0.7215922191673292, 'weight_6': 0.07344778927992847, 'weight_7': 0.7315870794496002, 'weight_8': 0.5763442891676872, 'weight_9': 0.5491995504175717, 'weight_10': 0.10034368829605465}. Best is trial 59 with value: 0.6832305099820498.\n",
      "[I 2025-02-23 09:05:42,363] Trial 69 finished with value: 0.6831111607322231 and parameters: {'weight_0': 0.8151064856087886, 'weight_1': 0.5789234819811798, 'weight_2': 0.13146645735550536, 'weight_3': 0.5703371091095192, 'weight_4': 0.051843675531201686, 'weight_5': 0.756528934887417, 'weight_6': 0.11548904760950211, 'weight_7': 0.8083107507198056, 'weight_8': 0.69995161206264, 'weight_9': 0.46669629838248683, 'weight_10': 0.05192405827419863}. Best is trial 59 with value: 0.6832305099820498.\n",
      "[I 2025-02-23 09:05:42,826] Trial 70 finished with value: 0.6830622663651412 and parameters: {'weight_0': 0.8481523120220945, 'weight_1': 0.5328601724859205, 'weight_2': 0.08600828115186591, 'weight_3': 0.6802691381289864, 'weight_4': 0.13663895131153062, 'weight_5': 0.6968367856791204, 'weight_6': 0.1235444744882928, 'weight_7': 0.6963414395566143, 'weight_8': 0.6224916762467817, 'weight_9': 0.5667043484620201, 'weight_10': 0.1332086872154751}. Best is trial 59 with value: 0.6832305099820498.\n",
      "[I 2025-02-23 09:05:43,280] Trial 71 finished with value: 0.6830564546195683 and parameters: {'weight_0': 0.7458368457068181, 'weight_1': 0.48945099996384167, 'weight_2': 0.13011547469740845, 'weight_3': 0.5091278575433895, 'weight_4': 0.0953119664770175, 'weight_5': 0.6213621058405756, 'weight_6': 0.05707202135755301, 'weight_7': 0.755905210693254, 'weight_8': 0.7229991903169476, 'weight_9': 0.5108444131585937, 'weight_10': 0.12076743467441765}. Best is trial 59 with value: 0.6832305099820498.\n",
      "[I 2025-02-23 09:05:43,731] Trial 72 finished with value: 0.6832239884524511 and parameters: {'weight_0': 0.9031751802227936, 'weight_1': 0.47159523648037777, 'weight_2': 0.05146268258624717, 'weight_3': 0.6476136250233447, 'weight_4': 0.1467725465260762, 'weight_5': 0.7900584108257567, 'weight_6': 0.16807539181283687, 'weight_7': 0.6721803531401445, 'weight_8': 0.6281417084168596, 'weight_9': 0.6342081963012628, 'weight_10': 0.07520034437808934}. Best is trial 59 with value: 0.6832305099820498.\n",
      "[I 2025-02-23 09:05:44,194] Trial 73 finished with value: 0.6813419521816755 and parameters: {'weight_0': 0.8813145748787915, 'weight_1': 0.46421233831858144, 'weight_2': 0.9926957402529397, 'weight_3': 0.6485281186865949, 'weight_4': 0.08500630851036167, 'weight_5': 0.6603073302212275, 'weight_6': 0.14920545770558452, 'weight_7': 0.7207864317365051, 'weight_8': 0.6573575555735502, 'weight_9': 0.5744710970932747, 'weight_10': 0.07922614229614972}. Best is trial 59 with value: 0.6832305099820498.\n",
      "[I 2025-02-23 09:05:44,650] Trial 74 finished with value: 0.682951939814633 and parameters: {'weight_0': 0.9237250584768194, 'weight_1': 0.6147022363225215, 'weight_2': 0.07545009042655396, 'weight_3': 0.8088856548275338, 'weight_4': 0.13725624750477414, 'weight_5': 0.7968755748808006, 'weight_6': 0.17520106876875421, 'weight_7': 0.7919551333382104, 'weight_8': 0.6125112511721396, 'weight_9': 0.7143717544764089, 'weight_10': 0.17622328620133254}. Best is trial 59 with value: 0.6832305099820498.\n",
      "[I 2025-02-23 09:05:45,105] Trial 75 finished with value: 0.6818199598552027 and parameters: {'weight_0': 0.9529945882072978, 'weight_1': 0.6530367615802878, 'weight_2': 0.7631684095962861, 'weight_3': 0.7297829735022195, 'weight_4': 0.10886839078133652, 'weight_5': 0.8125504017502807, 'weight_6': 0.10878556304767352, 'weight_7': 0.6680682066818653, 'weight_8': 0.7603488919007425, 'weight_9': 0.6251287046933971, 'weight_10': 0.07973370718308281}. Best is trial 59 with value: 0.6832305099820498.\n",
      "[I 2025-02-23 09:05:45,606] Trial 76 finished with value: 0.6832189954529132 and parameters: {'weight_0': 0.8232465749166608, 'weight_1': 0.5298937858043559, 'weight_2': 0.05279033404144741, 'weight_3': 0.557251073037984, 'weight_4': 0.20249382388434461, 'weight_5': 0.7642185655648216, 'weight_6': 0.17089096887369154, 'weight_7': 0.7547193851398655, 'weight_8': 0.7462508569537265, 'weight_9': 0.49303277981790056, 'weight_10': 0.22103314016205106}. Best is trial 59 with value: 0.6832305099820498.\n",
      "[I 2025-02-23 09:05:46,140] Trial 77 finished with value: 0.6830965365411745 and parameters: {'weight_0': 0.9933014622594558, 'weight_1': 0.5531479078195818, 'weight_2': 0.1105076181170336, 'weight_3': 0.5268507238744425, 'weight_4': 0.2206327338095799, 'weight_5': 0.7710626247821396, 'weight_6': 0.23202046506631052, 'weight_7': 0.9475623723462666, 'weight_8': 0.541490997305651, 'weight_9': 0.4342452188114855, 'weight_10': 0.15701848962184956}. Best is trial 59 with value: 0.6832305099820498.\n",
      "[I 2025-02-23 09:05:46,610] Trial 78 finished with value: 0.6833012137479612 and parameters: {'weight_0': 0.8980511540458584, 'weight_1': 0.42686184395341065, 'weight_2': 0.06407356424506111, 'weight_3': 0.6478532584058407, 'weight_4': 0.1943281309358618, 'weight_5': 0.8289158722071635, 'weight_6': 0.16254977731332015, 'weight_7': 0.843683199460289, 'weight_8': 0.7235999158540256, 'weight_9': 0.48162071708312315, 'weight_10': 0.21857993288059174}. Best is trial 78 with value: 0.6833012137479612.\n",
      "[I 2025-02-23 09:05:47,068] Trial 79 finished with value: 0.6832569019657763 and parameters: {'weight_0': 0.8226354087916937, 'weight_1': 0.43543991551752226, 'weight_2': 0.061036143973840065, 'weight_3': 0.6552831645375943, 'weight_4': 0.19741825102263794, 'weight_5': 0.8499569618904199, 'weight_6': 0.1508836133655085, 'weight_7': 0.834617879985157, 'weight_8': 0.7365249451488804, 'weight_9': 0.48272235545450026, 'weight_10': 0.2238050872936415}. Best is trial 78 with value: 0.6833012137479612.\n",
      "[I 2025-02-23 09:05:47,523] Trial 80 finished with value: 0.6832097438551482 and parameters: {'weight_0': 0.7715526419874055, 'weight_1': 0.3986125204346359, 'weight_2': 0.07203840151289398, 'weight_3': 0.6314774988580562, 'weight_4': 0.20140185263287236, 'weight_5': 0.8562116571113982, 'weight_6': 0.2443211572903109, 'weight_7': 0.8781352100371458, 'weight_8': 0.7411533971411697, 'weight_9': 0.4903205986363244, 'weight_10': 0.225023994243261}. Best is trial 78 with value: 0.6833012137479612.\n",
      "[I 2025-02-23 09:05:47,979] Trial 81 finished with value: 0.6832277924561582 and parameters: {'weight_0': 0.776482942345644, 'weight_1': 0.41240956237800164, 'weight_2': 0.0549509915370417, 'weight_3': 0.6437240989300563, 'weight_4': 0.20248500034683148, 'weight_5': 0.8440743156987267, 'weight_6': 0.16258122386937626, 'weight_7': 0.8744114741195396, 'weight_8': 0.7523537975332509, 'weight_9': 0.3961526738040708, 'weight_10': 0.22882548030204974}. Best is trial 78 with value: 0.6833012137479612.\n",
      "[I 2025-02-23 09:05:48,434] Trial 82 finished with value: 0.6832312285920168 and parameters: {'weight_0': 0.7788283024540884, 'weight_1': 0.4031872764714249, 'weight_2': 0.06258111249883454, 'weight_3': 0.6521956717233145, 'weight_4': 0.19373583929413365, 'weight_5': 0.8344202985809444, 'weight_6': 0.1537757397697124, 'weight_7': 0.8704384969137495, 'weight_8': 0.7509462133508188, 'weight_9': 0.4004050459895293, 'weight_10': 0.22907257333955486}. Best is trial 78 with value: 0.6833012137479612.\n",
      "[I 2025-02-23 09:05:48,890] Trial 83 finished with value: 0.6832950455249178 and parameters: {'weight_0': 0.898458886769207, 'weight_1': 0.3830700284819648, 'weight_2': 0.06368928458926398, 'weight_3': 0.6494299046851156, 'weight_4': 0.21250238416346134, 'weight_5': 0.8544887846131659, 'weight_6': 0.24127894988988363, 'weight_7': 0.8877581891007988, 'weight_8': 0.665646037354542, 'weight_9': 0.471953095905561, 'weight_10': 0.22547355513108827}. Best is trial 78 with value: 0.6833012137479612.\n",
      "[I 2025-02-23 09:05:49,339] Trial 84 finished with value: 0.6832943804801913 and parameters: {'weight_0': 0.8944109183376312, 'weight_1': 0.4090252890257114, 'weight_2': 0.051160935584002865, 'weight_3': 0.6440944655189349, 'weight_4': 0.19021236243212367, 'weight_5': 0.8563922865074117, 'weight_6': 0.23218046478983675, 'weight_7': 0.8678733980432417, 'weight_8': 0.6637128668743353, 'weight_9': 0.40061721330775035, 'weight_10': 0.26325560027242145}. Best is trial 78 with value: 0.6833012137479612.\n",
      "[I 2025-02-23 09:05:49,792] Trial 85 finished with value: 0.6832889643729535 and parameters: {'weight_0': 0.9062517020660831, 'weight_1': 0.4368694186059337, 'weight_2': 0.0504557059533151, 'weight_3': 0.700547580211351, 'weight_4': 0.19793640199299106, 'weight_5': 0.8375900871546913, 'weight_6': 0.1624670531459024, 'weight_7': 0.830896443266316, 'weight_8': 0.6688994217177093, 'weight_9': 0.3982451550542254, 'weight_10': 0.17846554929837227}. Best is trial 78 with value: 0.6833012137479612.\n",
