      "[I 2025-02-23 09:05:11,524] Trial 0 finished with value: 0.6805098243612541 and parameters: {'weight_0': 0.973292116848754, 'weight_1': 0.3964080321326808, 'weight_2': 0.3676771925754038, 'weight_3': 0.4370232700483462, 'weight_4': 0.6451934296355343, 'weight_5': 0.3170002252026697, 'weight_6': 0.5243922069423947, 'weight_7': 0.19941084718927743, 'weight_8': 0.35351103625368535, 'weight_9': 0.861247655048303, 'weight_10': 0.5444449425918567}. Best is trial 0 with value: 0.6805098243612541.\n",
      "[I 2025-02-23 09:05:11,918] Trial 1 finished with value: 0.6820771079519918 and parameters: {'weight_0': 0.9840323707763605, 'weight_1': 0.5290356904010745, 'weight_2': 0.42472313353133917, 'weight_3': 0.860012098824033, 'weight_4': 0.5291449980173687, 'weight_5': 0.5190666602450303, 'weight_6': 0.5955536803425725, 'weight_7': 0.8560998167044614, 'weight_8': 0.3374318363481808, 'weight_9': 0.6051445795578645, 'weight_10': 0.48263135245864147}. Best is trial 1 with value: 0.6820771079519918.\n",
      "[I 2025-02-23 09:05:12,315] Trial 2 finished with value: 0.6819888365254959 and parameters: {'weight_0': 0.9540464564886468, 'weight_1': 0.6894053582820324, 'weight_2': 0.39984095399375935, 'weight_3': 0.40255058647687764, 'weight_4': 0.615201108033095, 'weight_5': 0.7329926185382117, 'weight_6': 0.8234071782504143, 'weight_7': 0.6624886880387794, 'weight_8': 0.14057862337454052, 'weight_9': 0.653032461992891, 'weight_10': 0.09423251512498243}. Best is trial 1 with value: 0.6820771079519918.\n",
      "[I 2025-02-23 09:05:12,710] Trial 3 finished with value: 0.6811198632838006 and parameters: {'weight_0': 0.2494681856365763, 'weight_1': 0.684137972961267, 'weight_2': 0.6969239466345715, 'weight_3': 0.10382423427704879, 'weight_4': 0.21907556461399408, 'weight_5': 0.5662713211515842, 'weight_6': 0.41134893558950214, 'weight_7': 0.5377288561718141, 'weight_8': 0.8053538045403131, 'weight_9': 0.9653558562201832, 'weight_10': 0.2588163909663443}. Best is trial 1 with value: 0.6820771079519918.\n",
      "[I 2025-02-23 09:05:13,105] Trial 4 finished with value: 0.6819883785558123 and parameters: {'weight_0': 0.5229800195029373, 'weight_1': 0.09841080433171813, 'weight_2': 0.7343420132412795, 'weight_3': 0.7614366655634547, 'weight_4': 0.8940630485139576, 'weight_5': 0.6085154461716857, 'weight_6': 0.7790345902516923, 'weight_7': 0.4480483034724303, 'weight_8': 0.189684052941878, 'weight_9': 0.44626822724264475, 'weight_10': 0.4964065304921423}. Best is trial 1 with value: 0.6820771079519918.\n",
      "[I 2025-02-23 09:05:13,515] Trial 5 finished with value: 0.6820959022995898 and parameters: {'weight_0': 0.523331940989326, 'weight_1': 0.2152695823217911, 'weight_2': 0.8280443463529639, 'weight_3': 0.41896484391050887, 'weight_4': 0.25622455008710504, 'weight_5': 0.5513461547201721, 'weight_6': 0.19907125960244382, 'weight_7': 0.32342757875422284, 'weight_8': 0.6801242649662382, 'weight_9': 0.13777706625786174, 'weight_10': 0.3895560481729143}. Best is trial 5 with value: 0.6820959022995898.\n",
      "[I 2025-02-23 09:05:13,941] Trial 6 finished with value: 0.6805922786461461 and parameters: {'weight_0': 0.6620417489199062, 'weight_1': 0.3916462441512012, 'weight_2': 0.5410737532473688, 'weight_3': 0.1826386919655475, 'weight_4': 0.1044503006231148, 'weight_5': 0.3683308730465044, 'weight_6': 0.9291328186830816, 'weight_7': 0.28138347371589906, 'weight_8': 0.7225663869029194, 'weight_9': 0.6855962339784698, 'weight_10': 0.7867539478893151}. Best is trial 5 with value: 0.6820959022995898.\n",
      "[I 2025-02-23 09:05:14,343] Trial 7 finished with value: 0.6814281875161783 and parameters: {'weight_0': 0.31195430849568645, 'weight_1': 0.16297500197616066, 'weight_2': 0.9571572281286983, 'weight_3': 0.10298358131070502, 'weight_4': 0.38484879627057084, 'weight_5': 0.7795987807240385, 'weight_6': 0.37510573842527223, 'weight_7': 0.24351189394979622, 'weight_8': 0.9186711892196402, 'weight_9': 0.9930823199678136, 'weight_10': 0.5287384690354833}. Best is trial 5 with value: 0.6820959022995898.\n",
      "[I 2025-02-23 09:05:14,740] Trial 8 finished with value: 0.6824540114861718 and parameters: {'weight_0': 0.36925216847370035, 'weight_1': 0.8999275541420135, 'weight_2': 0.22302619835682408, 'weight_3': 0.8421930649376086, 'weight_4': 0.5618008937877002, 'weight_5': 0.7775644261836272, 'weight_6': 0.8146900158379266, 'weight_7': 0.9538175986107303, 'weight_8': 0.8713592676004214, 'weight_9': 0.13780656693109872, 'weight_10': 0.8033621649918641}. Best is trial 8 with value: 0.6824540114861718.\n",
      "[I 2025-02-23 09:05:15,142] Trial 9 finished with value: 0.6829345789611442 and parameters: {'weight_0': 0.48452508463470956, 'weight_1': 0.14989972066988608, 'weight_2': 0.5164562252530717, 'weight_3': 0.3443509542491512, 'weight_4': 0.40955231892376076, 'weight_5': 0.990505581974892, 'weight_6': 0.6333544026320244, 'weight_7': 0.21575436497942563, 'weight_8': 0.807886825739405, 'weight_9': 0.27310718944017104, 'weight_10': 0.4770282032044682}. Best is trial 9 with value: 0.6829345789611442.\n",
      "[I 2025-02-23 09:05:15,601] Trial 10 finished with value: 0.6821936518490399 and parameters: {'weight_0': 0.055967434593901966, 'weight_1': 0.3076733880900382, 'weight_2': 0.13253397726092114, 'weight_3': 0.6105820129731209, 'weight_4': 0.7696793862487697, 'weight_5': 0.9528845261368486, 'weight_6': 0.08588091851110508, 'weight_7': 0.05816659602400659, 'weight_8': 0.583249246910036, 'weight_9': 0.3360001134913497, 'weight_10': 0.9746264168616386}. Best is trial 9 with value: 0.6829345789611442.\n",
      "[I 2025-02-23 09:05:16,078] Trial 11 finished with value: 0.6826532074973247 and parameters: {'weight_0': 0.356568086934123, 'weight_1': 0.9790830686141425, 'weight_2': 0.1383532287128409, 'weight_3': 0.7001902357850228, 'weight_4': 0.38412656628266295, 'weight_5': 0.9783688718316887, 'weight_6': 0.6939343240678483, 'weight_7': 0.9824693123075463, 'weight_8': 0.9578298208550486, 'weight_9': 0.06878520102737518, 'weight_10': 0.7636700346020172}. Best is trial 9 with value: 0.6829345789611442.\n",
      "[I 2025-02-23 09:05:16,527] Trial 12 finished with value: 0.6829677077053441 and parameters: {'weight_0': 0.6837871446145388, 'weight_1': 0.9183750330177959, 'weight_2': 0.07631673975024855, 'weight_3': 0.6313936703865717, 'weight_4': 0.38654742933889974, 'weight_5': 0.9791505344932403, 'weight_6': 0.6475104070503527, 'weight_7': 0.7632329738340053, 'weight_8': 0.9458019630722079, 'weight_9': 0.05280514532308467, 'weight_10': 0.7069115349232739}. Best is trial 12 with value: 0.6829677077053441.\n",
      "[I 2025-02-23 09:05:16,971] Trial 13 finished with value: 0.6825792195938518 and parameters: {'weight_0': 0.7332026768015956, 'weight_1': 0.7103564753857423, 'weight_2': 0.05718236331917598, 'weight_3': 0.30219174305765595, 'weight_4': 0.4281393658437111, 'weight_5': 0.151441863274571, 'weight_6': 0.6044073100685292, 'weight_7': 0.7241584078508171, 'weight_8': 0.9747536407898719, 'weight_9': 0.28969605364158424, 'weight_10': 0.68018452054654}. Best is trial 12 with value: 0.6829677077053441.\n",
      "[I 2025-02-23 09:05:17,413] Trial 14 finished with value: 0.6824396930057192 and parameters: {'weight_0': 0.7205793651726422, 'weight_1': 0.8403294059664583, 'weight_2': 0.5988831258265324, 'weight_3': 0.9873687642770259, 'weight_4': 0.2701317017430029, 'weight_5': 0.9258507443613372, 'weight_6': 0.993044227775639, 'weight_7': 0.7294903821606487, 'weight_8': 0.7575019577576545, 'weight_9': 0.26135538558052884, 'weight_10': 0.28742153735286485}. Best is trial 12 with value: 0.6829677077053441.\n",
      "[I 2025-02-23 09:05:17,859] Trial 15 finished with value: 0.6826197449124746 and parameters: {'weight_0': 0.5992295778027112, 'weight_1': 0.561715726518617, 'weight_2': 0.26358255188571744, 'weight_3': 0.5698106406404058, 'weight_4': 0.42372403826572613, 'weight_5': 0.8342254024592408, 'weight_6': 0.4479894973645462, 'weight_7': 0.5331365626669962, 'weight_8': 0.5607559068825408, 'weight_9': 0.4601912357320864, 'weight_10': 0.6716120635133359}. Best is trial 12 with value: 0.6829677077053441.\n",
      "[I 2025-02-23 09:05:18,313] Trial 16 finished with value: 0.6810530643925511 and parameters: {'weight_0': 0.8472199683147388, 'weight_1': 0.3054315368394367, 'weight_2': 0.9553437189755891, 'weight_3': 0.27116313256797203, 'weight_4': 0.0671564652339875, 'weight_5': 0.8777591724287244, 'weight_6': 0.29627607974436143, 'weight_7': 0.4118531044988828, 'weight_8': 0.8566184257800604, 'weight_9': 0.20994756714017082, 'weight_10': 0.9834261279154681}. Best is trial 12 with value: 0.6829677077053441.\n",
      "[I 2025-02-23 09:05:18,762] Trial 17 finished with value: 0.6825712028272549 and parameters: {'weight_0': 0.45453020445196535, 'weight_1': 0.06940405877215294, 'weight_2': 0.2889642978840072, 'weight_3': 0.5003166459829476, 'weight_4': 0.6956454219036071, 'weight_5': 0.6757881230215477, 'weight_6': 0.7089192183696735, 'weight_7': 0.0661211450260171, 'weight_8': 0.6516133244963981, 'weight_9': 0.06885484427893485, 'weight_10': 0.6764498654281355}. Best is trial 12 with value: 0.6829677077053441.\n",
      "[I 2025-02-23 09:05:19,205] Trial 18 finished with value: 0.6819082107121706 and parameters: {'weight_0': 0.8328193054550366, 'weight_1': 0.7756956602799076, 'weight_2': 0.48503630564924854, 'weight_3': 0.2990972969257256, 'weight_4': 0.9552743982833196, 'weight_5': 0.43982647226240457, 'weight_6': 0.5786186862852427, 'weight_7': 0.8384918249004001, 'weight_8': 0.43395513341635683, 'weight_9': 0.3786600496605582, 'weight_10': 0.36956493682114205}. Best is trial 12 with value: 0.6829677077053441.\n",
      "[I 2025-02-23 09:05:19,658] Trial 19 finished with value: 0.6825262773490378 and parameters: {'weight_0': 0.1767999324185867, 'weight_1': 0.4594842125511839, 'weight_2': 0.6339535300159999, 'weight_3': 0.6297746501950794, 'weight_4': 0.18489125877492307, 'weight_5': 0.9989569549275388, 'weight_6': 0.6894326498021461, 'weight_7': 0.6017092564326862, 'weight_8': 0.8015727281531428, 'weight_9': 0.2081990313058218, 'weight_10': 0.6103834235759517}. Best is trial 12 with value: 0.6829677077053441.\n",
      "[I 2025-02-23 09:05:20,110] Trial 20 finished with value: 0.6820222269036837 and parameters: {'weight_0': 0.45880063392858444, 'weight_1': 0.6001876902592457, 'weight_2': 0.8152978120848575, 'weight_3': 0.4780442551749466, 'weight_4': 0.3305750030994831, 'weight_5': 0.8414782647328846, 'weight_6': 0.4877442088731115, 'weight_7': 0.14796669299690635, 'weight_8': 0.9881445556981282, 'weight_9': 0.051103069380747865, 'weight_10': 0.8996580240152723}. Best is trial 12 with value: 0.6829677077053441.\n",
      "[I 2025-02-23 09:05:20,560] Trial 21 finished with value: 0.6826550229803905 and parameters: {'weight_0': 0.39927331858247633, 'weight_1': 0.979655172524346, 'weight_2': 0.1433282787420475, 'weight_3': 0.7153321216781933, 'weight_4': 0.4985303273388497, 'weight_5': 0.993204243404171, 'weight_6': 0.6985983568551054, 'weight_7': 0.9641464762978147, 'weight_8': 0.9862141308182352, 'weight_9': 0.14635938351728495, 'weight_10': 0.7834498552183216}. Best is trial 12 with value: 0.6829677077053441.\n",
      "[I 2025-02-23 09:05:21,012] Trial 22 finished with value: 0.6828273185431226 and parameters: {'weight_0': 0.6364709340138671, 'weight_1': 0.9909158616270232, 'weight_2': 0.05791005539422938, 'weight_3': 0.7589327436764608, 'weight_4': 0.48233105945979543, 'weight_5': 0.8874954774687916, 'weight_6': 0.6563014919969845, 'weight_7': 0.859232004063504, 'weight_8': 0.8812255867066452, 'weight_9': 0.19413675581308643, 'weight_10': 0.8712494455396969}. Best is trial 12 with value: 0.6829677077053441.\n",
      "[I 2025-02-23 09:05:21,456] Trial 23 finished with value: 0.682811161262446 and parameters: {'weight_0': 0.6157771601297884, 'weight_1': 0.8750539652995667, 'weight_2': 0.07541814014306322, 'weight_3': 0.8332472763194333, 'weight_4': 0.4793374542117924, 'weight_5': 0.8728864098884811, 'weight_6': 0.6210127757530038, 'weight_7': 0.8370995804413212, 'weight_8': 0.8713309848574978, 'weight_9': 0.2320367336397574, 'weight_10': 0.836827390829072}. Best is trial 12 with value: 0.6829677077053441.\n",
      "[I 2025-02-23 09:05:21,907] Trial 24 finished with value: 0.6822392815256814 and parameters: {'weight_0': 0.7973246857183414, 'weight_1': 0.9203913295219065, 'weight_2': 0.2237117559229641, 'weight_3': 0.6525592462367498, 'weight_4': 0.33080505564576695, 'weight_5': 0.7117747698397479, 'weight_6': 0.8441617204995365, 'weight_7': 0.7464045614713779, 'weight_8': 0.6472758135590455, 'weight_9': 0.37215216102752013, 'weight_10': 0.9065700699808772}. Best is trial 12 with value: 0.6829677077053441.\n",
      "[I 2025-02-23 09:05:22,355] Trial 25 finished with value: 0.6819086322540067 and parameters: {'weight_0': 0.5919566529620198, 'weight_1': 0.8049969126997168, 'weight_2': 0.34422403622334274, 'weight_3': 0.9884874250709693, 'weight_4': 0.7916922492185541, 'weight_5': 0.05933591027236951, 'weight_6': 0.7450010473020416, 'weight_7': 0.3874041540352573, 'weight_8': 0.775659718540395, 'weight_9': 0.1486306830786581, 'weight_10': 0.5975445458457747}. Best is trial 12 with value: 0.6829677077053441.\n",
      "[I 2025-02-23 09:05:22,803] Trial 26 finished with value: 0.6826909206476296 and parameters: {'weight_0': 0.7139688950147581, 'weight_1': 0.7599351185092792, 'weight_2': 0.1793822607241171, 'weight_3': 0.5406937296169533, 'weight_4': 0.5992807610909527, 'weight_5': 0.9105555792010849, 'weight_6': 0.89175065973809, 'weight_7': 0.6405155450530594, 'weight_8': 0.49776120803968804, 'weight_9': 0.5477612633973765, 'weight_10': 0.42530709681079554}. Best is trial 12 with value: 0.6829677077053441.\n",
      "[I 2025-02-23 09:05:23,257] Trial 27 finished with value: 0.6827863052723006 and parameters: {'weight_0': 0.46734788998857196, 'weight_1': 0.990135964422991, 'weight_2': 0.061884102961483334, 'weight_3': 0.3583191806057312, 'weight_4': 0.15817204349096997, 'weight_5': 0.7969308002672701, 'weight_6': 0.6443828114894301, 'weight_7': 0.8544186221952891, 'weight_8': 0.894105949590059, 'weight_9': 0.29731060892586286, 'weight_10': 0.7186633039584044}. Best is trial 12 with value: 0.6829677077053441.\n",
      "[I 2025-02-23 09:05:23,708] Trial 28 finished with value: 0.6824716636285375 and parameters: {'weight_0': 0.6551422788412533, 'weight_1': 0.6285398471877074, 'weight_2': 0.46557788622864, 'weight_3': 0.7823706820930532, 'weight_4': 0.46950290206123474, 'weight_5': 0.6611020606661291, 'weight_6': 0.5369684069335993, 'weight_7': 0.7737427619001114, 'weight_8': 0.8325751139391069, 'weight_9': 0.422439337521408, 'weight_10': 0.8741169590612674}. Best is trial 12 with value: 0.6829677077053441.\n",
      "[I 2025-02-23 09:05:24,161] Trial 29 finished with value: 0.6822734546074518 and parameters: {'weight_0': 0.8890116395855527, 'weight_1': 0.4502943072636466, 'weight_2': 0.33474943660956696, 'weight_3': 0.9196574816035625, 'weight_4': 0.6687804424937335, 'weight_5': 0.23346183251424352, 'weight_6': 0.5382040636417896, 'weight_7': 0.17609699494932513, 'weight_8': 0.7374026377603597, 'weight_9': 0.19816268438767004, 'weight_10': 0.6041333553827708}. Best is trial 12 with value: 0.6829677077053441.\n",
      "[I 2025-02-23 09:05:24,612] Trial 30 finished with value: 0.6826164912457688 and parameters: {'weight_0': 0.5634840987821951, 'weight_1': 0.9203951868906057, 'weight_2': 0.2911692699853505, 'weight_3': 0.20735394531581886, 'weight_4': 0.3173438767678547, 'weight_5': 0.9197786248281605, 'weight_6': 0.3595098955525771, 'weight_7': 0.47514824406726364, 'weight_8': 0.9224200683272658, 'weight_9': 0.5062670106081567, 'weight_10': 0.15872304984834873}. Best is trial 12 with value: 0.6829677077053441.\n",
      "[I 2025-02-23 09:05:25,068] Trial 31 finished with value: 0.6828284428013689 and parameters: {'weight_0': 0.6484152257698598, 'weight_1': 0.8323855125288607, 'weight_2': 0.08205175776593211, 'weight_3': 0.8424240819422599, 'weight_4': 0.46772673675763093, 'weight_5': 0.8716863864743629, 'weight_6': 0.6369664834050376, 'weight_7': 0.8851559526927998, 'weight_8': 0.8703388131200966, 'weight_9': 0.2407976135688501, 'weight_10': 0.8531161359122446}. Best is trial 12 with value: 0.6829677077053441.\n",
      "[I 2025-02-23 09:05:25,516] Trial 32 finished with value: 0.6829111272224715 and parameters: {'weight_0': 0.7599592111429009, 'weight_1': 0.8408139186507453, 'weight_2': 0.11832730594202256, 'weight_3': 0.7729035298044877, 'weight_4': 0.5441787965107003, 'weight_5': 0.8766310773194399, 'weight_6': 0.6454919888645028, 'weight_7': 0.907538327575517, 'weight_8': 0.9232300655132551, 'weight_9': 0.10723927802382918, 'weight_10': 0.9418132676748343}. Best is trial 12 with value: 0.6829677077053441.\n",
      "[I 2025-02-23 09:05:26,003] Trial 33 finished with value: 0.6828461325205722 and parameters: {'weight_0': 0.7765333094397414, 'weight_1': 0.8394892107798075, 'weight_2': 0.19044100137957032, 'weight_3': 0.6644343274551312, 'weight_4': 0.5733861990218695, 'weight_5': 0.7478875789666478, 'weight_6': 0.5042531328183466, 'weight_7': 0.9198296967495336, 'weight_8': 0.9347232937734107, 'weight_9': 0.10318955261227415, 'weight_10': 0.9438928189611889}. Best is trial 12 with value: 0.6829677077053441.\n",
      "[I 2025-02-23 09:05:26,464] Trial 34 finished with value: 0.6829400139280891 and parameters: {'weight_0': 0.7903640213179617, 'weight_1': 0.7391799667889789, 'weight_2': 0.19583853425411332, 'weight_3': 0.6853701459576933, 'weight_4': 0.553097174102856, 'weight_5': 0.8101097391552171, 'weight_6': 0.4875781672656284, 'weight_7': 0.9169803341271033, 'weight_8': 0.999313577853911, 'weight_9': 0.11075761243250101, 'weight_10': 0.9522225389047445}. Best is trial 12 with value: 0.6829677077053441.\n",
      "[I 2025-02-23 09:05:26,916] Trial 35 finished with value: 0.6821707072427651 and parameters: {'weight_0': 0.9294264271422382, 'weight_1': 0.7177797822630596, 'weight_2': 0.4114509881406618, 'weight_3': 0.5820540389105145, 'weight_4': 0.7185888291436815, 'weight_5': 0.8235207283745009, 'weight_6': 0.5715974628767426, 'weight_7': 0.8092653449247839, 'weight_8': 0.07840067702623005, 'weight_9': 0.10970822393277996, 'weight_10': 0.47339934052929855}. Best is trial 12 with value: 0.6829677077053441.\n",
      "[I 2025-02-23 09:05:27,370] Trial 36 finished with value: 0.6831196368234217 and parameters: {'weight_0': 0.9784331722978686, 'weight_1': 0.6687555976187854, 'weight_2': 0.1144423912630381, 'weight_3': 0.4700261054358763, 'weight_4': 0.542737717154069, 'weight_5': 0.9400140743965324, 'weight_6': 0.45394579982455047, 'weight_7': 0.9106599212412452, 'weight_8': 0.996317175282706, 'weight_9': 0.7357636958200531, 'weight_10': 0.3002194897290734}. Best is trial 36 with value: 0.6831196368234217.\n",
      "[I 2025-02-23 09:05:27,819] Trial 37 finished with value: 0.6820118134087808 and parameters: {'weight_0': 0.9343454829511159, 'weight_1': 0.6383945526098121, 'weight_2': 0.24142697695114948, 'weight_3': 0.45394112888675275, 'weight_4': 0.6280616662038028, 'weight_5': 0.4809528775178339, 'weight_6': 0.4520350544363012, 'weight_7': 0.9969863192137451, 'weight_8': 0.2986571434523919, 'weight_9': 0.7608013082655888, 'weight_10': 0.29673993200412757}. Best is trial 36 with value: 0.6831196368234217.\n",
      "[I 2025-02-23 09:05:28,270] Trial 38 finished with value: 0.6825439897722393 and parameters: {'weight_0': 0.8681524114280916, 'weight_1': 0.5018223424923168, 'weight_2': 0.5523043460510734, 'weight_3': 0.367563610271473, 'weight_4': 0.39491665322310776, 'weight_5': 0.9518994619008212, 'weight_6': 0.27613937218798407, 'weight_7': 0.664951704607542, 'weight_8': 0.8218145213850526, 'weight_9': 0.8760668558040341, 'weight_10': 0.19756641063958724}. Best is trial 36 with value: 0.6831196368234217.\n",
      "[I 2025-02-23 09:05:28,723] Trial 39 finished with value: 0.68282448178863 and parameters: {'weight_0': 0.9818866957741744, 'weight_1': 0.6765765473874796, 'weight_2': 0.37345363786306884, 'weight_3': 0.5294384794013401, 'weight_4': 0.5216078469216117, 'weight_5': 0.6331027371177321, 'weight_6': 0.4096471295362599, 'weight_7': 0.7886426663450102, 'weight_8': 0.9982526295901802, 'weight_9': 0.7140131068885719, 'weight_10': 0.05552138682961494}. Best is trial 36 with value: 0.6831196368234217.\n",
      "[I 2025-02-23 09:05:29,180] Trial 40 finished with value: 0.6831162030973846 and parameters: {'weight_0': 0.6863373831124984, 'weight_1': 0.3531638735691429, 'weight_2': 0.18868916305512068, 'weight_3': 0.4235816872333985, 'weight_4': 0.26652867339627295, 'weight_5': 0.9654053558030067, 'weight_6': 0.7757676971091078, 'weight_7': 0.5778952085729204, 'weight_8': 0.9422078348980569, 'weight_9': 0.6024463405660232, 'weight_10': 0.4004796324515788}. Best is trial 36 with value: 0.6831196368234217.\n",
      "[I 2025-02-23 09:05:29,631] Trial 41 finished with value: 0.6829862895474454 and parameters: {'weight_0': 0.526486339428272, 'weight_1': 0.16232701706684738, 'weight_2': 0.1936531375464785, 'weight_3': 0.37769438692283996, 'weight_4': 0.25101354296209216, 'weight_5': 0.9447878489689862, 'weight_6': 0.7466362477882591, 'weight_7': 0.5664521928290488, 'weight_8': 0.951208679662928, 'weight_9': 0.7979031303165003, 'weight_10': 0.33435625549904696}. Best is trial 36 with value: 0.6831196368234217.\n",
      "[I 2025-02-23 09:05:30,082] Trial 42 finished with value: 0.6829787395674403 and parameters: {'weight_0': 0.5429857295202808, 'weight_1': 0.269798638015168, 'weight_2': 0.18209343715812087, 'weight_3': 0.4202617450167913, 'weight_4': 0.28115667617212153, 'weight_5': 0.9405035768103309, 'weight_6': 0.7710845426761973, 'weight_7': 0.5954750665552524, 'weight_8': 0.9444892822252886, 'weight_9': 0.7673367846378387, 'weight_10': 0.3480107782887002}. Best is trial 36 with value: 0.6831196368234217.\n",
