      "[I 2025-02-23 09:05:50,247] Trial 86 finished with value: 0.6831990752453125 and parameters: {'weight_0': 0.9012339826311376, 'weight_1': 0.4318103534393008, 'weight_2': 0.13804620340788254, 'weight_3': 0.6853524107800255, 'weight_4': 0.3036547383672441, 'weight_5': 0.8290105054346046, 'weight_6': 0.3136415948248709, 'weight_7': 0.8382941217495204, 'weight_8': 0.662934925780775, 'weight_9': 0.39565397248082307, 'weight_10': 0.2644666996498438}. Best is trial 78 with value: 0.6833012137479612.\n",
      "[I 2025-02-23 09:05:50,706] Trial 87 finished with value: 0.6822841269090519 and parameters: {'weight_0': 0.908017890380529, 'weight_1': 0.3843753928514344, 'weight_2': 0.8792036913617332, 'weight_3': 0.7049437187626247, 'weight_4': 0.1900155573765513, 'weight_5': 0.8494113374725235, 'weight_6': 0.1503231080916197, 'weight_7': 0.8830229479773987, 'weight_8': 0.6142880229825851, 'weight_9': 0.4074984558587959, 'weight_10': 0.24610502637892906}. Best is trial 78 with value: 0.6833012137479612.\n",
      "[I 2025-02-23 09:05:51,158] Trial 88 finished with value: 0.683181722650426 and parameters: {'weight_0': 0.8523995961643698, 'weight_1': 0.47407838687764764, 'weight_2': 0.0699380632313132, 'weight_3': 0.6597460729302802, 'weight_4': 0.23204966748009073, 'weight_5': 0.8235483747633382, 'weight_6': 0.21410996908357116, 'weight_7': 0.9412393008091071, 'weight_8': 0.6332509075782989, 'weight_9': 0.3421322212401919, 'weight_10': 0.1839988681264134}. Best is trial 78 with value: 0.6833012137479612.\n",
      "[I 2025-02-23 09:05:51,609] Trial 89 finished with value: 0.6832289309670314 and parameters: {'weight_0': 0.8730152610751464, 'weight_1': 0.428344601520682, 'weight_2': 0.1273873429557305, 'weight_3': 0.6404518752123591, 'weight_4': 0.14428233588577596, 'weight_5': 0.7822558097600003, 'weight_6': 0.263018817898266, 'weight_7': 0.8597159317775465, 'weight_8': 0.673527610979941, 'weight_9': 0.366032238579675, 'weight_10': 0.14791538911219246}. Best is trial 78 with value: 0.6833012137479612.\n",
      "[I 2025-02-23 09:05:52,061] Trial 90 finished with value: 0.6831626987297569 and parameters: {'weight_0': 0.7945158422122045, 'weight_1': 0.42638868377407035, 'weight_2': 0.13435386427442553, 'weight_3': 0.6756296212406482, 'weight_4': 0.22185465219538433, 'weight_5': 0.8739802450805355, 'weight_6': 0.2647981023673158, 'weight_7': 0.8599761083366022, 'weight_8': 0.6785369891019035, 'weight_9': 0.33863774673435276, 'weight_10': 0.2779442285951011}. Best is trial 78 with value: 0.6833012137479612.\n",
      "[I 2025-02-23 09:05:52,515] Trial 91 finished with value: 0.6831883944524331 and parameters: {'weight_0': 0.8700325144542241, 'weight_1': 0.3836785710022069, 'weight_2': 0.11423748379519597, 'weight_3': 0.6389092709872305, 'weight_4': 0.14162652389225555, 'weight_5': 0.7910569013615373, 'weight_6': 0.17829558511738774, 'weight_7': 0.9673663763957042, 'weight_8': 0.5078923948384299, 'weight_9': 0.36748614000527846, 'weight_10': 0.1588822479201045}. Best is trial 78 with value: 0.6833012137479612.\n",
      "[I 2025-02-23 09:05:52,970] Trial 92 finished with value: 0.683323532280819 and parameters: {'weight_0': 0.9497679618004397, 'weight_1': 0.4186229365720535, 'weight_2': 0.05246851578996063, 'weight_3': 0.7541403003698632, 'weight_4': 0.18350710309777454, 'weight_5': 0.7337515471192991, 'weight_6': 0.14324433876342366, 'weight_7': 0.8255195317793687, 'weight_8': 0.7775402413873711, 'weight_9': 0.30310593112413164, 'weight_10': 0.242340502679608}. Best is trial 92 with value: 0.683323532280819.\n",
      "[I 2025-02-23 09:05:53,425] Trial 93 finished with value: 0.6832880394497176 and parameters: {'weight_0': 0.9505890238346457, 'weight_1': 0.43796007107806423, 'weight_2': 0.06731192439018287, 'weight_3': 0.7587685306360363, 'weight_4': 0.18660205294190818, 'weight_5': 0.7321505002839709, 'weight_6': 0.1361090499480496, 'weight_7': 0.8283417227499823, 'weight_8': 0.7963923189547752, 'weight_9': 0.4536657650178753, 'weight_10': 0.2562258148039543}. Best is trial 92 with value: 0.683323532280819.\n",
      "[I 2025-02-23 09:05:53,881] Trial 94 finished with value: 0.6832189438708884 and parameters: {'weight_0': 0.9450178793914843, 'weight_1': 0.4386762359147599, 'weight_2': 0.15038309468976416, 'weight_3': 0.8948622663498192, 'weight_4': 0.11819621167823444, 'weight_5': 0.737623607435015, 'weight_6': 0.13421998953674616, 'weight_7': 0.848624679554168, 'weight_8': 0.785677319787044, 'weight_9': 0.30194023068269266, 'weight_10': 0.24894836546913165}. Best is trial 92 with value: 0.683323532280819.\n",
      "[I 2025-02-23 09:05:54,337] Trial 95 finished with value: 0.6833310060192312 and parameters: {'weight_0': 0.9187072544712892, 'weight_1': 0.3755075763506583, 'weight_2': 0.07393419976182193, 'weight_3': 0.7553464495104675, 'weight_4': 0.17860935423516922, 'weight_5': 0.8210662723813718, 'weight_6': 0.0930439706982979, 'weight_7': 0.8252608665030227, 'weight_8': 0.816465097658804, 'weight_9': 0.4599666412637637, 'weight_10': 0.28271378904399785}. Best is trial 95 with value: 0.6833310060192312.\n",
      "[I 2025-02-23 09:05:54,794] Trial 96 finished with value: 0.6833295483252649 and parameters: {'weight_0': 0.9611773227928784, 'weight_1': 0.3798410716197657, 'weight_2': 0.0722232595776612, 'weight_3': 0.788029600281889, 'weight_4': 0.1873137839203786, 'weight_5': 0.8216945935003037, 'weight_6': 0.19425201954816881, 'weight_7': 0.8145482047234964, 'weight_8': 0.8052920437783435, 'weight_9': 0.4487107384899912, 'weight_10': 0.18919217318536619}. Best is trial 95 with value: 0.6833310060192312.\n",
      "[I 2025-02-23 09:05:55,249] Trial 97 finished with value: 0.6829039429624864 and parameters: {'weight_0': 0.9644895093691047, 'weight_1': 0.3201392602304195, 'weight_2': 0.0692396897037103, 'weight_3': 0.80380332151773, 'weight_4': 0.8462599223632957, 'weight_5': 0.5908982301474794, 'weight_6': 0.19440280941063104, 'weight_7': 0.828692188086699, 'weight_8': 0.8312972737360496, 'weight_9': 0.4531960433849372, 'weight_10': 0.3167857749510582}. Best is trial 95 with value: 0.6833310060192312.\n",
      "[I 2025-02-23 09:05:55,706] Trial 98 finished with value: 0.6824018697247132 and parameters: {'weight_0': 0.919838124970778, 'weight_1': 0.37086149388926887, 'weight_2': 0.6830805867794866, 'weight_3': 0.7516654477151351, 'weight_4': 0.18062760073060308, 'weight_5': 0.5179553166973472, 'weight_6': 0.3237888674454779, 'weight_7': 0.7784740308673208, 'weight_8': 0.8135803413317219, 'weight_9': 0.47778964457885564, 'weight_10': 0.2843482681491175}. Best is trial 95 with value: 0.6833310060192312.\n",
      "[I 2025-02-23 09:05:56,178] Trial 99 finished with value: 0.6832563811314155 and parameters: {'weight_0': 0.9567761676903546, 'weight_1': 0.45658429479335005, 'weight_2': 0.07263231865048012, 'weight_3': 0.7810535248199026, 'weight_4': 0.27026236368464357, 'weight_5': 0.8857927729717632, 'weight_6': 0.22671508772554994, 'weight_7': 0.8954090381238751, 'weight_8': 0.7693306296677993, 'weight_9': 0.42539807323860784, 'weight_10': 0.2527324183410854}. Best is trial 95 with value: 0.6833310060192312.\n",
      "[I 2025-02-23 09:05:56,636] Trial 100 finished with value: 0.6832644995205045 and parameters: {'weight_0': 0.9694808480625168, 'weight_1': 0.29062022087476425, 'weight_2': 0.10602734703836844, 'weight_3': 0.8673657623523178, 'weight_4': 0.2324694719454052, 'weight_5': 0.8718612833442948, 'weight_6': 0.23435872723700152, 'weight_7': 0.904106631888248, 'weight_8': 0.7914615187761654, 'weight_9': 0.4324106144276764, 'weight_10': 0.26110258159526334}. Best is trial 95 with value: 0.6833310060192312.\n",
      "[I 2025-02-23 09:05:57,088] Trial 101 finished with value: 0.6833245027213467 and parameters: {'weight_0': 0.9986294902941937, 'weight_1': 0.2969856207757158, 'weight_2': 0.103365786148331, 'weight_3': 0.8030216494647704, 'weight_4': 0.22068774237322575, 'weight_5': 0.8897321416932965, 'weight_6': 0.23429097027494175, 'weight_7': 0.9036706643022809, 'weight_8': 0.8015125938129581, 'weight_9': 0.4255639461856088, 'weight_10': 0.2532748540533703}. Best is trial 95 with value: 0.6833310060192312.\n",
      "[I 2025-02-23 09:05:57,545] Trial 102 finished with value: 0.6832576594005624 and parameters: {'weight_0': 0.9978755472439335, 'weight_1': 0.2978064894615645, 'weight_2': 0.10876598787287511, 'weight_3': 0.8720553243818582, 'weight_4': 0.24070395159831917, 'weight_5': 0.8683794412234895, 'weight_6': 0.29568036832985756, 'weight_7': 0.9339945317388095, 'weight_8': 0.8069961145166492, 'weight_9': 0.5229098057283452, 'weight_10': 0.18935883160207423}. Best is trial 95 with value: 0.6833310060192312.\n",
      "[I 2025-02-23 09:05:57,997] Trial 103 finished with value: 0.6832446875566278 and parameters: {'weight_0': 0.9917112462224388, 'weight_1': 0.29266372426381054, 'weight_2': 0.10995572585925682, 'weight_3': 0.8901568799912469, 'weight_4': 0.23850377638320766, 'weight_5': 0.8155743863420216, 'weight_6': 0.28989480780347315, 'weight_7': 0.919424599231252, 'weight_8': 0.7958933044748103, 'weight_9': 0.4436663308114543, 'weight_10': 0.18955415577844265}. Best is trial 95 with value: 0.6833310060192312.\n",
      "[I 2025-02-23 09:05:58,448] Trial 104 finished with value: 0.6832291526373766 and parameters: {'weight_0': 0.9737079115794665, 'weight_1': 0.3254778224037253, 'weight_2': 0.1555052933607997, 'weight_3': 0.8640503500436114, 'weight_4': 0.32821723498239097, 'weight_5': 0.8731438110294631, 'weight_6': 0.19636375816969498, 'weight_7': 0.9311947452570778, 'weight_8': 0.8117488207529081, 'weight_9': 0.5235861465249728, 'weight_10': 0.29008909900774466}. Best is trial 95 with value: 0.6833310060192312.\n",
      "[I 2025-02-23 09:05:58,899] Trial 105 finished with value: 0.6832184014245037 and parameters: {'weight_0': 0.9437722618056638, 'weight_1': 0.3043162119144855, 'weight_2': 0.10765727417432978, 'weight_3': 0.946343131234902, 'weight_4': 0.2222718714088988, 'weight_5': 0.9141273939934773, 'weight_6': 0.244621993574261, 'weight_7': 0.901116298104536, 'weight_8': 0.8445392379038894, 'weight_9': 0.4155874795788046, 'weight_10': 0.264202058052981}. Best is trial 95 with value: 0.6833310060192312.\n",
      "[I 2025-02-23 09:05:59,355] Trial 106 finished with value: 0.6831596460169982 and parameters: {'weight_0': 0.9954330253231213, 'weight_1': 0.36699753763925835, 'weight_2': 0.12280513290558924, 'weight_3': 0.8097733518430206, 'weight_4': 0.3025045990572635, 'weight_5': 0.7351257855766743, 'weight_6': 0.3179381033564829, 'weight_7': 0.9758904440777753, 'weight_8': 0.7829048042164001, 'weight_9': 0.3104418027508676, 'weight_10': 0.1707048514467469}. Best is trial 95 with value: 0.6833310060192312.\n",
      "[I 2025-02-23 09:05:59,820] Trial 107 finished with value: 0.6833096354102822 and parameters: {'weight_0': 0.9302653005121628, 'weight_1': 0.3455596478475094, 'weight_2': 0.07831413095203257, 'weight_3': 0.8422743852032929, 'weight_4': 0.2430950422791685, 'weight_5': 0.8900741652160069, 'weight_6': 0.1333664846422048, 'weight_7': 0.8161953794773842, 'weight_8': 0.8233734562043518, 'weight_9': 0.4566849401618958, 'weight_10': 0.3875608093295962}. Best is trial 95 with value: 0.6833310060192312.\n",
      "[I 2025-02-23 09:06:00,282] Trial 108 finished with value: 0.6830074945897682 and parameters: {'weight_0': 0.9256776201567717, 'weight_1': 0.3336594190471081, 'weight_2': 0.17639852247818696, 'weight_3': 0.8415573443358493, 'weight_4': 0.3488858110868134, 'weight_5': 0.4121160108003814, 'weight_6': 0.13333569187378874, 'weight_7': 0.8160518197861556, 'weight_8': 0.7680419741029413, 'weight_9': 0.4622399846408845, 'weight_10': 0.36435924323439134}. Best is trial 95 with value: 0.6833310060192312.\n",
      "[I 2025-02-23 09:06:00,743] Trial 109 finished with value: 0.6830570841062227 and parameters: {'weight_0': 0.89667057096073, 'weight_1': 0.38185527712833245, 'weight_2': 0.45255019468285074, 'weight_3': 0.7946551430076659, 'weight_4': 0.2770617635210054, 'weight_5': 0.8907536306265605, 'weight_6': 0.08813444219945617, 'weight_7': 0.7910102485301417, 'weight_8': 0.8230626725236829, 'weight_9': 0.26747317446620755, 'weight_10': 0.3900936094815814}. Best is trial 95 with value: 0.6833310060192312.\n",
      "[I 2025-02-23 09:06:01,203] Trial 110 finished with value: 0.6817268517276073 and parameters: {'weight_0': 0.06475639629683794, 'weight_1': 0.41037629971215167, 'weight_2': 0.07905231740403883, 'weight_3': 0.8264771192323761, 'weight_4': 0.17088301945858658, 'weight_5': 0.8084663924334105, 'weight_6': 0.18650185907784325, 'weight_7': 0.8212689089720261, 'weight_8': 0.595430073208932, 'weight_9': 0.38014054536171943, 'weight_10': 0.24516802193791826}. Best is trial 95 with value: 0.6833310060192312.\n",
      "[I 2025-02-23 09:06:01,669] Trial 111 finished with value: 0.6833062021721149 and parameters: {'weight_0': 0.9703879504186641, 'weight_1': 0.28702639956824466, 'weight_2': 0.10585536209287547, 'weight_3': 0.7623370753714641, 'weight_4': 0.24220979598845002, 'weight_5': 0.8641098664978452, 'weight_6': 0.2111543717806509, 'weight_7': 0.9351871255710027, 'weight_8': 0.8043789908372636, 'weight_9': 0.5192275717971204, 'weight_10': 0.20540058223204477}. Best is trial 95 with value: 0.6833310060192312.\n",
      "[I 2025-02-23 09:06:02,134] Trial 112 finished with value: 0.6833622806894892 and parameters: {'weight_0': 0.9633313872027924, 'weight_1': 0.24230546956505455, 'weight_2': 0.09715145473238898, 'weight_3': 0.7723870874184127, 'weight_4': 0.2225801064312809, 'weight_5': 0.9161090795024948, 'weight_6': 0.09676573853369502, 'weight_7': 0.8963449325232284, 'weight_8': 0.8403731768416957, 'weight_9': 0.4398327066003445, 'weight_10': 0.3196624480317798}. Best is trial 112 with value: 0.6833622806894892.\n",
      "[I 2025-02-23 09:06:02,594] Trial 113 finished with value: 0.6833078534375308 and parameters: {'weight_0': 0.9407587876414207, 'weight_1': 0.23969499782285777, 'weight_2': 0.14482869520734076, 'weight_3': 0.7414089534428323, 'weight_4': 0.26025317785806956, 'weight_5': 0.9729011600276023, 'weight_6': 0.21107140450129447, 'weight_7': 0.8889527108444429, 'weight_8': 0.8420070949124672, 'weight_9': 0.5082160435811982, 'weight_10': 0.3203153369687232}. Best is trial 112 with value: 0.6833622806894892.\n",
      "[I 2025-02-23 09:06:03,051] Trial 114 finished with value: 0.6832780288999135 and parameters: {'weight_0': 0.9188733363848582, 'weight_1': 0.23317339773247905, 'weight_2': 0.14367266553152885, 'weight_3': 0.7086185391246357, 'weight_4': 0.25326621342348604, 'weight_5': 0.9244215649059598, 'weight_6': 0.21019262884342868, 'weight_7': 0.9550605991413483, 'weight_8': 0.8469164617220126, 'weight_9': 0.5116840265233678, 'weight_10': 0.32198666188226055}. Best is trial 112 with value: 0.6833622806894892.\n",
      "[I 2025-02-23 09:06:03,514] Trial 115 finished with value: 0.6832880973816978 and parameters: {'weight_0': 0.9378861837578996, 'weight_1': 0.34620709906513375, 'weight_2': 0.09122963205510613, 'weight_3': 0.7439599751596687, 'weight_4': 0.2169996988628191, 'weight_5': 0.97462210629806, 'weight_6': 0.10014907939755437, 'weight_7': 0.9871517365451009, 'weight_8': 0.8316227919792086, 'weight_9': 0.35687419734906406, 'weight_10': 0.30712896586606314}. Best is trial 112 with value: 0.6833622806894892.\n",
      "[I 2025-02-23 09:06:03,972] Trial 116 finished with value: 0.6832130804409485 and parameters: {'weight_0': 0.8880957647646504, 'weight_1': 0.22733389139721086, 'weight_2': 0.210818527901262, 'weight_3': 0.7710423150325336, 'weight_4': 0.2893470652972562, 'weight_5': 0.8949884348264284, 'weight_6': 0.11811928149527537, 'weight_7': 0.889054484694732, 'weight_8': 0.7036762877153181, 'weight_9': 0.5047173096945138, 'weight_10': 0.28881031050257105}. Best is trial 112 with value: 0.6833622806894892.\n",
      "[I 2025-02-23 09:06:04,429] Trial 117 finished with value: 0.6830776119323609 and parameters: {'weight_0': 0.85625937557697, 'weight_1': 0.2530830799365281, 'weight_2': 0.584691523592667, 'weight_3': 0.7106309502595283, 'weight_4': 0.2163535597812112, 'weight_5': 0.9763006341706686, 'weight_6': 0.2159159052616468, 'weight_7': 0.8515924581484088, 'weight_8': 0.8643519472079961, 'weight_9': 0.46788764683480494, 'weight_10': 0.20859304297360373}. Best is trial 112 with value: 0.6833622806894892.\n",
      "[I 2025-02-23 09:06:04,888] Trial 118 finished with value: 0.6833367717216549 and parameters: {'weight_0': 0.9724736074843888, 'weight_1': 0.2034633829026225, 'weight_2': 0.16797917685092018, 'weight_3': 0.7799462068384301, 'weight_4': 0.25269758511632967, 'weight_5': 0.91291144498713, 'weight_6': 0.2676141787816061, 'weight_7': 0.8004423572329765, 'weight_8': 0.8750032486562903, 'weight_9': 0.3822485530199974, 'weight_10': 0.36524286589655003}. Best is trial 112 with value: 0.6833622806894892.\n",
      "[I 2025-02-23 09:06:05,347] Trial 119 finished with value: 0.6833038517481296 and parameters: {'weight_0': 0.9707636330428046, 'weight_1': 0.20915036158403594, 'weight_2': 0.16295187715847462, 'weight_3': 0.8225384929915236, 'weight_4': 0.31734996693459216, 'weight_5': 0.9170501689146788, 'weight_6': 0.25260951408012305, 'weight_7': 0.7708066696238297, 'weight_8': 0.8210204606352112, 'weight_9': 0.4413969480412597, 'weight_10': 0.37927020920630383}. Best is trial 112 with value: 0.6833622806894892.\n",
      "[I 2025-02-23 09:06:05,809] Trial 120 finished with value: 0.6830569183768419 and parameters: {'weight_0': 0.9677388789211994, 'weight_1': 0.19632860629464227, 'weight_2': 0.16792503732073777, 'weight_3': 0.7929698433332188, 'weight_4': 0.44615436550806165, 'weight_5': 0.25915532266310676, 'weight_6': 0.2567929937206277, 'weight_7': 0.7698316112172401, 'weight_8': 0.8741545228896135, 'weight_9': 0.4438536457268792, 'weight_10': 0.4009875243140219}. Best is trial 112 with value: 0.6833622806894892.\n",
      "[I 2025-02-23 09:06:06,292] Trial 121 finished with value: 0.6832763345191528 and parameters: {'weight_0': 0.9412667684822427, 'weight_1': 0.14216738577784782, 'weight_2': 0.14835987321998662, 'weight_3': 0.7643883139145976, 'weight_4': 0.2720665575799023, 'weight_5': 0.9163643615123517, 'weight_6': 0.34437242519257827, 'weight_7': 0.8057335880115201, 'weight_8': 0.845009207939519, 'weight_9': 0.3149242236068039, 'weight_10': 0.37208918034702926}. Best is trial 112 with value: 0.6833622806894892.\n",
      "[I 2025-02-23 09:06:06,749] Trial 122 finished with value: 0.683251609355545 and parameters: {'weight_0': 0.9772211002386628, 'weight_1': 0.24339761229556825, 'weight_2': 0.2257426545681637, 'weight_3': 0.8252761285764261, 'weight_4': 0.25533854841205894, 'weight_5': 0.9469412034762736, 'weight_6': 0.28463594048388063, 'weight_7': 0.9187888768849948, 'weight_8': 0.8177605155908759, 'weight_9': 0.4854586665159089, 'weight_10': 0.44235152511114095}. Best is trial 112 with value: 0.6833622806894892.\n",
      "[I 2025-02-23 09:06:07,203] Trial 123 finished with value: 0.6833146054086211 and parameters: {'weight_0': 0.957818435971996, 'weight_1': 0.21348815254091347, 'weight_2': 0.1262851078273193, 'weight_3': 0.7258000283459719, 'weight_4': 0.30910987353219854, 'weight_5': 0.9994058100377486, 'weight_6': 0.20058056889542963, 'weight_7': 0.8726698261723287, 'weight_8': 0.9101203362864055, 'weight_9': 0.5330828374946937, 'weight_10': 0.3457406601631806}. Best is trial 112 with value: 0.6833622806894892.\n",
      "[I 2025-02-23 09:06:07,660] Trial 124 finished with value: 0.6833072473492492 and parameters: {'weight_0': 0.9563243792575081, 'weight_1': 0.17525510071865127, 'weight_2': 0.18697905018114663, 'weight_3': 0.782050931101637, 'weight_4': 0.3144943833089467, 'weight_5': 0.9865821326119928, 'weight_6': 0.18421152378000727, 'weight_7': 0.8010209756068047, 'weight_8': 0.9151299707124408, 'weight_9': 0.5383756816958488, 'weight_10': 0.37525418520965986}. Best is trial 112 with value: 0.6833622806894892.\n",
      "[I 2025-02-23 09:06:08,121] Trial 125 finished with value: 0.6833197118762774 and parameters: {'weight_0': 0.9621475017904977, 'weight_1': 0.2114463523036674, 'weight_2': 0.17973996362037117, 'weight_3': 0.7836646036670045, 'weight_4': 0.3159754629986361, 'weight_5': 0.9869006764696535, 'weight_6': 0.19159110546215252, 'weight_7': 0.7884035173110705, 'weight_8': 0.9194066920811164, 'weight_9': 0.5303978871758955, 'weight_10': 0.48574305110679594}. Best is trial 112 with value: 0.6833622806894892.\n",
      "[I 2025-02-23 09:06:08,593] Trial 126 finished with value: 0.6832886811751566 and parameters: {'weight_0': 0.9769937931053732, 'weight_1': 0.2144825843122106, 'weight_2': 0.1863827301719038, 'weight_3': 0.823650302427462, 'weight_4': 0.34720536782236144, 'weight_5': 0.9853216939858318, 'weight_6': 0.20226101146496914, 'weight_7': 0.7921585160270033, 'weight_8': 0.9155028603440805, 'weight_9': 0.5313280917892611, 'weight_10': 0.3800917724789949}. Best is trial 112 with value: 0.6833622806894892.\n",
      "[I 2025-02-23 09:06:09,054] Trial 127 finished with value: 0.683296775453011 and parameters: {'weight_0': 0.9602489124158338, 'weight_1': 0.17652956603034856, 'weight_2': 0.22728544068142606, 'weight_3': 0.8504470925689791, 'weight_4': 0.3247998237789249, 'weight_5': 0.996111484116109, 'weight_6': 0.09028135314532329, 'weight_7': 0.7532407407349848, 'weight_8': 0.9757074988785971, 'weight_9': 0.5355946655081743, 'weight_10': 0.5186209912947702}. Best is trial 112 with value: 0.6833622806894892.\n",
      "[I 2025-02-23 09:06:09,513] Trial 128 finished with value: 0.6831916098449898 and parameters: {'weight_0': 0.9318968775787825, 'weight_1': 0.15480469208165634, 'weight_2': 0.2018218728113188, 'weight_3': 0.7869495733961906, 'weight_4': 0.38181300357105513, 'weight_5': 0.9694415273482151, 'weight_6': 0.4042764348770744, 'weight_7': 0.7785785892233337, 'weight_8': 0.888113653899376, 'weight_9': 0.5018145532195213, 'weight_10': 0.3560204225423823}. Best is trial 112 with value: 0.6833622806894892.\n",
