      "[I 2025-02-23 09:06:29,572] Trial 171 finished with value: 0.6834140772580651 and parameters: {'weight_0': 0.938124077694539, 'weight_1': 0.05292788038161145, 'weight_2': 0.31940800039672557, 'weight_3': 0.6694213677071051, 'weight_4': 0.23446161458151454, 'weight_5': 0.9723139125128804, 'weight_6': 0.061333229277943664, 'weight_7': 0.6941596652929307, 'weight_8': 0.9831102032033413, 'weight_9': 0.23389412575602353, 'weight_10': 0.6594751965519922}. Best is trial 160 with value: 0.683461101272433.\n",
      "[I 2025-02-23 09:06:30,028] Trial 172 finished with value: 0.6834442495891478 and parameters: {'weight_0': 0.9377577229126317, 'weight_1': 0.050357816147749104, 'weight_2': 0.31499782598123505, 'weight_3': 0.6668372312069408, 'weight_4': 0.2330417681591309, 'weight_5': 0.9646946057824516, 'weight_6': 0.05011727164326507, 'weight_7': 0.6536153672732499, 'weight_8': 0.9814931390061514, 'weight_9': 0.12366979903537595, 'weight_10': 0.6661168314601411}. Best is trial 160 with value: 0.683461101272433.\n",
      "[I 2025-02-23 09:06:30,488] Trial 173 finished with value: 0.6830468505305419 and parameters: {'weight_0': 0.9432978780010973, 'weight_1': 0.07427338147383326, 'weight_2': 0.2836334863651076, 'weight_3': 0.6888357782388674, 'weight_4': 0.22709107116605953, 'weight_5': 0.105315983635627, 'weight_6': 0.05011644462575456, 'weight_7': 0.734513554507397, 'weight_8': 0.9795246710816262, 'weight_9': 0.1244159348663989, 'weight_10': 0.6685923370327509}. Best is trial 160 with value: 0.683461101272433.\n",
      "[I 2025-02-23 09:06:30,954] Trial 174 finished with value: 0.6834284041886289 and parameters: {'weight_0': 0.9470612198198356, 'weight_1': 0.07519940256403104, 'weight_2': 0.3092741307251035, 'weight_3': 0.6614357843280434, 'weight_4': 0.20833175250319655, 'weight_5': 0.9462666828140475, 'weight_6': 0.07875576147231675, 'weight_7': 0.6572356016502192, 'weight_8': 0.978529609006617, 'weight_9': 0.09002941331568676, 'weight_10': 0.7407799724584155}. Best is trial 160 with value: 0.683461101272433.\n",
      "[I 2025-02-23 09:06:31,416] Trial 175 finished with value: 0.6834111179825378 and parameters: {'weight_0': 0.9508763188626544, 'weight_1': 0.07687902585236633, 'weight_2': 0.3023019858932298, 'weight_3': 0.6898929845101944, 'weight_4': 0.21080968518630372, 'weight_5': 0.9468371495527882, 'weight_6': 0.08632660768191085, 'weight_7': 0.6555304549793391, 'weight_8': 0.9799531153692744, 'weight_9': 0.151175467602469, 'weight_10': 0.7376455166651678}. Best is trial 160 with value: 0.683461101272433.\n",
      "[I 2025-02-23 09:06:31,880] Trial 176 finished with value: 0.6833811064285819 and parameters: {'weight_0': 0.9176081505598186, 'weight_1': 0.07600519511647423, 'weight_2': 0.3866688809173907, 'weight_3': 0.6218430559333629, 'weight_4': 0.2545407816137826, 'weight_5': 0.9612812316063063, 'weight_6': 0.07444223153266356, 'weight_7': 0.7148120996387173, 'weight_8': 0.9787665499178745, 'weight_9': 0.0985956011816104, 'weight_10': 0.6193186656315494}. Best is trial 160 with value: 0.683461101272433.\n",
      "[I 2025-02-23 09:06:32,339] Trial 177 finished with value: 0.6834292032210764 and parameters: {'weight_0': 0.9753391975023772, 'weight_1': 0.051123613818817276, 'weight_2': 0.35687151453635546, 'weight_3': 0.5963810114882805, 'weight_4': 0.26309364211909775, 'weight_5': 0.9868962504087723, 'weight_6': 0.08626370515359674, 'weight_7': 0.7043318832249, 'weight_8': 0.9514142027253726, 'weight_9': 0.19142747098271742, 'weight_10': 0.5843585221438539}. Best is trial 160 with value: 0.683461101272433.\n",
      "[I 2025-02-23 09:06:32,798] Trial 178 finished with value: 0.6834456205906215 and parameters: {'weight_0': 0.97220563496591, 'weight_1': 0.07443880699481323, 'weight_2': 0.35108714257438767, 'weight_3': 0.5847460652433545, 'weight_4': 0.21031775669691619, 'weight_5': 0.9959030196039639, 'weight_6': 0.0860932240515199, 'weight_7': 0.6602906658131171, 'weight_8': 0.948281989685847, 'weight_9': 0.08430240327110697, 'weight_10': 0.5747441981567194}. Best is trial 160 with value: 0.683461101272433.\n",
      "[I 2025-02-23 09:06:33,255] Trial 179 finished with value: 0.683481818565112 and parameters: {'weight_0': 0.9708564466416064, 'weight_1': 0.07460219243281893, 'weight_2': 0.27693792672232265, 'weight_3': 0.6077524821464377, 'weight_4': 0.20719857494342742, 'weight_5': 0.9981656064194236, 'weight_6': 0.09576602132946035, 'weight_7': 0.6555327864499221, 'weight_8': 0.9459441202191813, 'weight_9': 0.07868335396814317, 'weight_10': 0.5754905540657432}. Best is trial 179 with value: 0.683481818565112.\n",
      "[I 2025-02-23 09:06:33,714] Trial 180 finished with value: 0.6834347450966572 and parameters: {'weight_0': 0.9709390237954156, 'weight_1': 0.10319755475149969, 'weight_2': 0.36350167551662804, 'weight_3': 0.5923702899712362, 'weight_4': 0.20847605728269356, 'weight_5': 0.9997151218382989, 'weight_6': 0.08827811481303692, 'weight_7': 0.6220056754884316, 'weight_8': 0.9417054454669648, 'weight_9': 0.07667383598840952, 'weight_10': 0.5814739499254611}. Best is trial 179 with value: 0.683481818565112.\n",
      "[I 2025-02-23 09:06:34,175] Trial 181 finished with value: 0.6834361265376798 and parameters: {'weight_0': 0.9682031471820357, 'weight_1': 0.1010243087493409, 'weight_2': 0.3578114656516806, 'weight_3': 0.5873341288595191, 'weight_4': 0.206528148779422, 'weight_5': 0.9982419275649368, 'weight_6': 0.0895861546994926, 'weight_7': 0.6463315175499843, 'weight_8': 0.9454764340626277, 'weight_9': 0.07434375917734248, 'weight_10': 0.5867428987667547}. Best is trial 179 with value: 0.683481818565112.\n",
      "[I 2025-02-23 09:06:34,625] Trial 182 finished with value: 0.6834310922408149 and parameters: {'weight_0': 0.9722482401050592, 'weight_1': 0.10378495568224345, 'weight_2': 0.3629080699409661, 'weight_3': 0.5840659847833476, 'weight_4': 0.21236037303617958, 'weight_5': 0.9942844676485756, 'weight_6': 0.09417939741590821, 'weight_7': 0.6497584527340988, 'weight_8': 0.9552531895679252, 'weight_9': 0.07820167904707646, 'weight_10': 0.5703710368590155}. Best is trial 179 with value: 0.683481818565112.\n",
      "[I 2025-02-23 09:06:35,081] Trial 183 finished with value: 0.6834368084769304 and parameters: {'weight_0': 0.974345711828348, 'weight_1': 0.1029091355018389, 'weight_2': 0.3629353325061938, 'weight_3': 0.5937631416359705, 'weight_4': 0.20540138427103333, 'weight_5': 0.999340363782066, 'weight_6': 0.09002392230826653, 'weight_7': 0.6087764785187296, 'weight_8': 0.9482206033934151, 'weight_9': 0.08998524266243296, 'weight_10': 0.5860019642874987}. Best is trial 179 with value: 0.683481818565112.\n",
      "[I 2025-02-23 09:06:35,538] Trial 184 finished with value: 0.6834465570918921 and parameters: {'weight_0': 0.9737521117615187, 'weight_1': 0.10442121260642014, 'weight_2': 0.35682295132476766, 'weight_3': 0.585457822469688, 'weight_4': 0.19940023060003947, 'weight_5': 0.997316707445761, 'weight_6': 0.09099293746647842, 'weight_7': 0.615642450672714, 'weight_8': 0.9459543965415136, 'weight_9': 0.0720370582845951, 'weight_10': 0.5842278094336725}. Best is trial 179 with value: 0.683481818565112.\n",
      "[I 2025-02-23 09:06:36,026] Trial 185 finished with value: 0.6833956325631636 and parameters: {'weight_0': 0.961671215763442, 'weight_1': 0.09758351374350659, 'weight_2': 0.42060502243799613, 'weight_3': 0.5942623648657297, 'weight_4': 0.20785182477495398, 'weight_5': 0.9983730091156895, 'weight_6': 0.08826851846089225, 'weight_7': 0.6110490395487699, 'weight_8': 0.9478295060194623, 'weight_9': 0.07351144691666323, 'weight_10': 0.5834567196889655}. Best is trial 179 with value: 0.683481818565112.\n",
      "[I 2025-02-23 09:06:36,486] Trial 186 finished with value: 0.6834334831124924 and parameters: {'weight_0': 0.9728335966090326, 'weight_1': 0.10724198323190451, 'weight_2': 0.3605555874599155, 'weight_3': 0.5825923142989082, 'weight_4': 0.20491268112683383, 'weight_5': 0.9977626019486122, 'weight_6': 0.0935606787280824, 'weight_7': 0.6105608569042823, 'weight_8': 0.9435111628388059, 'weight_9': 0.08419497081708782, 'weight_10': 0.6205417179703562}. Best is trial 179 with value: 0.683481818565112.\n",
      "[I 2025-02-23 09:06:36,950] Trial 187 finished with value: 0.683441661432791 and parameters: {'weight_0': 0.9730690748548171, 'weight_1': 0.10526910874826734, 'weight_2': 0.3617291790792141, 'weight_3': 0.5830431623878143, 'weight_4': 0.17145706679304543, 'weight_5': 0.9957846652361576, 'weight_6': 0.09204684368457157, 'weight_7': 0.6197075953015245, 'weight_8': 0.944562968972611, 'weight_9': 0.09064563486780267, 'weight_10': 0.592352344740254}. Best is trial 179 with value: 0.683481818565112.\n",
      "[I 2025-02-23 09:06:37,413] Trial 188 finished with value: 0.6834235417595894 and parameters: {'weight_0': 0.9710269129279009, 'weight_1': 0.10696561107448205, 'weight_2': 0.3667831815284364, 'weight_3': 0.5483337294979307, 'weight_4': 0.16355684201671747, 'weight_5': 0.9972933768305221, 'weight_6': 0.0923263182405693, 'weight_7': 0.6139208729845548, 'weight_8': 0.9451865892511251, 'weight_9': 0.060007711291375665, 'weight_10': 0.6835100942405032}. Best is trial 179 with value: 0.683481818565112.\n",
      "[I 2025-02-23 09:06:37,869] Trial 189 finished with value: 0.6834231995464554 and parameters: {'weight_0': 0.9712995584504919, 'weight_1': 0.10534288319159965, 'weight_2': 0.37856151895058865, 'weight_3': 0.5339842377758988, 'weight_4': 0.17156277117646684, 'weight_5': 0.996205378181421, 'weight_6': 0.09935211866268814, 'weight_7': 0.6406955647144909, 'weight_8': 0.943142894720207, 'weight_9': 0.08130599388922723, 'weight_10': 0.6212037190039321}. Best is trial 179 with value: 0.683481818565112.\n",
      "[I 2025-02-23 09:06:38,326] Trial 190 finished with value: 0.6834514289576902 and parameters: {'weight_0': 0.9753330023420641, 'weight_1': 0.08244881386087832, 'weight_2': 0.34121778178647616, 'weight_3': 0.5705105061057086, 'weight_4': 0.19314445584360074, 'weight_5': 0.9987225989775604, 'weight_6': 0.11879916423642235, 'weight_7': 0.6145109576506849, 'weight_8': 0.9020139767592882, 'weight_9': 0.12469508452911765, 'weight_10': 0.5990409444521112}. Best is trial 179 with value: 0.683481818565112.\n",
      "[I 2025-02-23 09:06:38,790] Trial 191 finished with value: 0.6834423724804212 and parameters: {'weight_0': 0.974013072722658, 'weight_1': 0.0856038159898387, 'weight_2': 0.3353943942173341, 'weight_3': 0.6050122141216999, 'weight_4': 0.19796590831798003, 'weight_5': 0.9987370231115158, 'weight_6': 0.11986783038892172, 'weight_7': 0.6250377702080823, 'weight_8': 0.9018114466712689, 'weight_9': 0.12115617273949499, 'weight_10': 0.5988505080970965}. Best is trial 179 with value: 0.683481818565112.\n",
      "[I 2025-02-23 09:06:39,249] Trial 192 finished with value: 0.6834474906622646 and parameters: {'weight_0': 0.9615894810141666, 'weight_1': 0.08633370598557383, 'weight_2': 0.3385226580149443, 'weight_3': 0.5605499945806133, 'weight_4': 0.18968973228463218, 'weight_5': 0.9943780629359864, 'weight_6': 0.11637846383390169, 'weight_7': 0.6199715522697785, 'weight_8': 0.9008142610413866, 'weight_9': 0.11965866466904658, 'weight_10': 0.6075158706255811}. Best is trial 179 with value: 0.683481818565112.\n",
      "[I 2025-02-23 09:06:39,712] Trial 193 finished with value: 0.6834507571900085 and parameters: {'weight_0': 0.957358135426073, 'weight_1': 0.08311170303655771, 'weight_2': 0.3430625185595105, 'weight_3': 0.5633397535267679, 'weight_4': 0.1560693615165862, 'weight_5': 0.9991775462481247, 'weight_6': 0.12100724630720139, 'weight_7': 0.5554017526812327, 'weight_8': 0.8992085141550875, 'weight_9': 0.11691998885565721, 'weight_10': 0.593907156162902}. Best is trial 179 with value: 0.683481818565112.\n",
      "[I 2025-02-23 09:06:40,178] Trial 194 finished with value: 0.6833818348294484 and parameters: {'weight_0': 0.953751344371942, 'weight_1': 0.08846127554398317, 'weight_2': 0.3992430632691738, 'weight_3': 0.5739327598265425, 'weight_4': 0.145178660536677, 'weight_5': 0.984517966669404, 'weight_6': 0.11730577655833521, 'weight_7': 0.5664078309074478, 'weight_8': 0.8992045894318914, 'weight_9': 0.11854907483336855, 'weight_10': 0.5990845227532233}. Best is trial 179 with value: 0.683481818565112.\n",
      "[I 2025-02-23 09:06:40,638] Trial 195 finished with value: 0.6834325820437228 and parameters: {'weight_0': 0.957416079332122, 'weight_1': 0.08044318526653446, 'weight_2': 0.3345382621818771, 'weight_3': 0.6167304927204538, 'weight_4': 0.1824278556204192, 'weight_5': 0.9803488065346649, 'weight_6': 0.1292611043306027, 'weight_7': 0.5966299117225694, 'weight_8': 0.9056493844473709, 'weight_9': 0.14302887467509412, 'weight_10': 0.6015196558692703}. Best is trial 179 with value: 0.683481818565112.\n",
      "[I 2025-02-23 09:06:41,102] Trial 196 finished with value: 0.6834749770715214 and parameters: {'weight_0': 0.9803067254475598, 'weight_1': 0.0770794627236965, 'weight_2': 0.3379193949640347, 'weight_3': 0.5616831397560588, 'weight_4': 0.16089327417389132, 'weight_5': 0.958245337688362, 'weight_6': 0.05192921997264342, 'weight_7': 0.670332447262325, 'weight_8': 0.8930402854326162, 'weight_9': 0.05123031880958941, 'weight_10': 0.5523391757333737}. Best is trial 179 with value: 0.683481818565112.\n",
      "[I 2025-02-23 09:06:41,563] Trial 197 finished with value: 0.6834497654874367 and parameters: {'weight_0': 0.9828131305673165, 'weight_1': 0.07768713626974769, 'weight_2': 0.3360639205379474, 'weight_3': 0.5564134620178416, 'weight_4': 0.13550233053095476, 'weight_5': 0.9594828806414067, 'weight_6': 0.11799741544936028, 'weight_7': 0.6713171034209263, 'weight_8': 0.8924879853035095, 'weight_9': 0.1064034912762515, 'weight_10': 0.6792522364570248}. Best is trial 179 with value: 0.683481818565112.\n",
      "[I 2025-02-23 09:06:42,028] Trial 198 finished with value: 0.6834178616258562 and parameters: {'weight_0': 0.9827443452826892, 'weight_1': 0.078682162754207, 'weight_2': 0.3347225867182053, 'weight_3': 0.5594185632405025, 'weight_4': 0.11009255289354776, 'weight_5': 0.9595056068795577, 'weight_6': 0.050491867240997614, 'weight_7': 0.5440779500328711, 'weight_8': 0.8961796571136647, 'weight_9': 0.11146663900192422, 'weight_10': 0.6817526443651938}. Best is trial 179 with value: 0.683481818565112.\n",
