      "[I 2025-02-23 09:06:09,972] Trial 129 finished with value: 0.6833790859996041 and parameters: {'weight_0': 0.9986468775045942, 'weight_1': 0.11699798429764853, 'weight_2': 0.1848615008364954, 'weight_3': 0.7268358562762898, 'weight_4': 0.30489408064855233, 'weight_5': 0.9591733278273679, 'weight_6': 0.13786909506347084, 'weight_7': 0.8015185599287498, 'weight_8': 0.92752502452266, 'weight_9': 0.5851929451463378, 'weight_10': 0.4495760327862463}. Best is trial 129 with value: 0.6833790859996041.\n",
      "[I 2025-02-23 09:06:10,430] Trial 130 finished with value: 0.6833382906833081 and parameters: {'weight_0': 0.9935147377361296, 'weight_1': 0.12622660517001227, 'weight_2': 0.23917008468047807, 'weight_3': 0.7460573542020368, 'weight_4': 0.297679147287042, 'weight_5': 0.9497477992524691, 'weight_6': 0.1861412814202965, 'weight_7': 0.8021457892194163, 'weight_8': 0.9239342911109988, 'weight_9': 0.5841489060051821, 'weight_10': 0.47520711863508797}. Best is trial 129 with value: 0.6833790859996041.\n",
      "[I 2025-02-23 09:06:10,890] Trial 131 finished with value: 0.6833251580826499 and parameters: {'weight_0': 0.9996492613044538, 'weight_1': 0.11619105345072776, 'weight_2': 0.26413392337704034, 'weight_3': 0.7515408723407584, 'weight_4': 0.3096425887848368, 'weight_5': 0.9603550373482443, 'weight_6': 0.18957242896780882, 'weight_7': 0.7991618938215314, 'weight_8': 0.926155122799117, 'weight_9': 0.5843872249661602, 'weight_10': 0.4513141273514728}. Best is trial 129 with value: 0.6833790859996041.\n",
      "[I 2025-02-23 09:06:11,344] Trial 132 finished with value: 0.6833004884364559 and parameters: {'weight_0': 0.9500189297513855, 'weight_1': 0.10782037815236234, 'weight_2': 0.2735905493710431, 'weight_3': 0.7263397392279242, 'weight_4': 0.31185147071573854, 'weight_5': 0.9545203130838182, 'weight_6': 0.19076670062299572, 'weight_7': 0.8034207278039713, 'weight_8': 0.9177306945696404, 'weight_9': 0.5884222314470607, 'weight_10': 0.4540271676425253}. Best is trial 129 with value: 0.6833790859996041.\n",
      "[I 2025-02-23 09:06:11,805] Trial 133 finished with value: 0.6831834764491503 and parameters: {'weight_0': 0.9970783201756551, 'weight_1': 0.06583374477227573, 'weight_2': 0.2533303991382279, 'weight_3': 0.05153879325623195, 'weight_4': 0.41618362565564937, 'weight_5': 0.9622230230491983, 'weight_6': 0.1383708492541224, 'weight_7': 0.7374515834686968, 'weight_8': 0.9067478575863999, 'weight_9': 0.5856109561568517, 'weight_10': 0.4962521108084394}. Best is trial 129 with value: 0.6833790859996041.\n",
      "[I 2025-02-23 09:06:12,267] Trial 134 finished with value: 0.6832930829727413 and parameters: {'weight_0': 0.9863878548484583, 'weight_1': 0.10943217434506913, 'weight_2': 0.3046158728777013, 'weight_3': 0.7463682572696708, 'weight_4': 0.3375623413645767, 'weight_5': 0.93520650227617, 'weight_6': 0.18288487357267977, 'weight_7': 0.8213733747087446, 'weight_8': 0.9327934341870437, 'weight_9': 0.5590317047526957, 'weight_10': 0.4772801443164075}. Best is trial 129 with value: 0.6833790859996041.\n",
      "[I 2025-02-23 09:06:12,726] Trial 135 finished with value: 0.6833076749348674 and parameters: {'weight_0': 0.9998811079662662, 'weight_1': 0.17340803628639112, 'weight_2': 0.19128825617406411, 'weight_3': 0.775121718112218, 'weight_4': 0.37699799156189184, 'weight_5': 0.999148167424977, 'weight_6': 0.12068705580123656, 'weight_7': 0.8528543407621118, 'weight_8': 0.9714542818185985, 'weight_9': 0.6184627215721983, 'weight_10': 0.5471601859112334}. Best is trial 129 with value: 0.6833790859996041.\n",
      "[I 2025-02-23 09:06:13,195] Trial 136 finished with value: 0.6833876580365761 and parameters: {'weight_0': 0.9975548552005251, 'weight_1': 0.0858420849626739, 'weight_2': 0.20049147167635745, 'weight_3': 0.7228147491232374, 'weight_4': 0.2985409173281106, 'weight_5': 0.9973769108034105, 'weight_6': 0.11845747963833332, 'weight_7': 0.8500881336093078, 'weight_8': 0.9719389997081656, 'weight_9': 0.5716222419125861, 'weight_10': 0.41747394683782035}. Best is trial 136 with value: 0.6833876580365761.\n",
      "[I 2025-02-23 09:06:13,673] Trial 137 finished with value: 0.6832429263567845 and parameters: {'weight_0': 0.9244771853768776, 'weight_1': 0.053339518501875474, 'weight_2': 0.2410377999545887, 'weight_3': 0.7219600852240021, 'weight_4': 0.29087477182215243, 'weight_5': 0.9613589908681347, 'weight_6': 0.0751683599507835, 'weight_7': 0.09664365625201343, 'weight_8': 0.8776467008292999, 'weight_9': 0.5774230729375724, 'weight_10': 0.4169154903542923}. Best is trial 136 with value: 0.6833876580365761.\n",
      "[I 2025-02-23 09:06:14,140] Trial 138 finished with value: 0.6833421637008293 and parameters: {'weight_0': 0.9793673385946361, 'weight_1': 0.09330744376409843, 'weight_2': 0.21274252144283995, 'weight_3': 0.7415566311816718, 'weight_4': 0.2845414419956349, 'weight_5': 0.9340368581576973, 'weight_6': 0.1448725145059838, 'weight_7': 0.869480005046978, 'weight_8': 0.9615608559457651, 'weight_9': 0.6427641519189542, 'weight_10': 0.4386540665779995}. Best is trial 136 with value: 0.6833876580365761.\n",
      "[I 2025-02-23 09:06:14,600] Trial 139 finished with value: 0.6832838060656916 and parameters: {'weight_0': 0.9861166208144219, 'weight_1': 0.1189988590505256, 'weight_2': 0.2808240241234359, 'weight_3': 0.8023308151490913, 'weight_4': 0.3026042437343484, 'weight_5': 0.9403061929748042, 'weight_6': 0.10343102577446424, 'weight_7': 0.8660836236170968, 'weight_8': 0.9818711595041204, 'weight_9': 0.685321210338989, 'weight_10': 0.43901850680154164}. Best is trial 136 with value: 0.6833876580365761.\n",
      "[I 2025-02-23 09:06:15,066] Trial 140 finished with value: 0.6833377713775266 and parameters: {'weight_0': 0.9596516042144472, 'weight_1': 0.09430735993437515, 'weight_2': 0.21114293800723266, 'weight_3': 0.6964576171360585, 'weight_4': 0.27870615761869705, 'weight_5': 0.9304821577913811, 'weight_6': 0.13845438527213502, 'weight_7': 0.836222664038916, 'weight_8': 0.9605894697106998, 'weight_9': 0.6235527558951561, 'weight_10': 0.5198715523361657}. Best is trial 136 with value: 0.6833876580365761.\n",
      "[I 2025-02-23 09:06:15,532] Trial 141 finished with value: 0.6833127573340447 and parameters: {'weight_0': 0.9598417245121543, 'weight_1': 0.08811169298491336, 'weight_2': 0.22418908070664878, 'weight_3': 0.7551854539281905, 'weight_4': 0.28545748211067035, 'weight_5': 0.9039358060447433, 'weight_6': 0.1431382944638585, 'weight_7': 0.843355260017083, 'weight_8': 0.9370503832266679, 'weight_9': 0.6079114374723276, 'weight_10': 0.5295309052466343}. Best is trial 136 with value: 0.6833876580365761.\n",
      "[I 2025-02-23 09:06:16,017] Trial 142 finished with value: 0.6832923696362677 and parameters: {'weight_0': 0.9612680943533451, 'weight_1': 0.08396014895542545, 'weight_2': 0.2154004432748539, 'weight_3': 0.6953478975746494, 'weight_4': 0.3608934504242927, 'weight_5': 0.9279352571666801, 'weight_6': 0.1590388251924184, 'weight_7': 0.8444771521117364, 'weight_8': 0.9552066356189793, 'weight_9': 0.643244775239272, 'weight_10': 0.5773748310807125}. Best is trial 136 with value: 0.6833876580365761.\n",
      "[I 2025-02-23 09:06:16,487] Trial 143 finished with value: 0.6833354300942955 and parameters: {'weight_0': 0.9799807118239668, 'weight_1': 0.09496253932265028, 'weight_2': 0.24184625120468037, 'weight_3': 0.7478215163411155, 'weight_4': 0.2693190758556981, 'weight_5': 0.9067148640783583, 'weight_6': 0.14715149889885856, 'weight_7': 0.7855135417905067, 'weight_8': 0.9394277447339389, 'weight_9': 0.5954187304208125, 'weight_10': 0.5114707944945189}. Best is trial 136 with value: 0.6833876580365761.\n",
      "[I 2025-02-23 09:06:16,951] Trial 144 finished with value: 0.6833350996544659 and parameters: {'weight_0': 0.9991352629132837, 'weight_1': 0.1438643881548563, 'weight_2': 0.24582363729890955, 'weight_3': 0.7305955948757055, 'weight_4': 0.27476333896178057, 'weight_5': 0.9531594969699925, 'weight_6': 0.10867016252777081, 'weight_7': 0.7831134927858443, 'weight_8': 0.9579394592430072, 'weight_9': 0.6108952734299951, 'weight_10': 0.5075762595744255}. Best is trial 136 with value: 0.6833876580365761.\n",
      "[I 2025-02-23 09:06:17,447] Trial 145 finished with value: 0.6832853693764027 and parameters: {'weight_0': 0.999731450605678, 'weight_1': 0.1292379761875757, 'weight_2': 0.3272057563021512, 'weight_3': 0.7667888101897471, 'weight_4': 0.2730401213365551, 'weight_5': 0.9513766910557443, 'weight_6': 0.05075318955425432, 'weight_7': 0.7709103407345169, 'weight_8': 0.9940134979741069, 'weight_9': 0.6356906550651916, 'weight_10': 0.4991869262026653}. Best is trial 136 with value: 0.6833876580365761.\n",
      "[I 2025-02-23 09:06:17,951] Trial 146 finished with value: 0.6833142821273003 and parameters: {'weight_0': 0.9728643303979495, 'weight_1': 0.14653094845222325, 'weight_2': 0.25595825611911577, 'weight_3': 0.7105825136901737, 'weight_4': 0.3364488282920082, 'weight_5': 0.9266303054463594, 'weight_6': 0.09057643095523124, 'weight_7': 0.7866383336918804, 'weight_8': 0.9559424833564677, 'weight_9': 0.6012548945953069, 'weight_10': 0.49618810381083417}. Best is trial 136 with value: 0.6833876580365761.\n",
      "[I 2025-02-23 09:06:18,420] Trial 147 finished with value: 0.6832688128371044 and parameters: {'weight_0': 0.9797641834979437, 'weight_1': 0.09789051919367886, 'weight_2': 0.362429264840267, 'weight_3': 0.6759215315917404, 'weight_4': 0.2888294335673446, 'weight_5': 0.9070174686390775, 'weight_6': 0.12152102929683557, 'weight_7': 0.8236985801488294, 'weight_8': 0.9347845400351814, 'weight_9': 0.6170722864874629, 'weight_10': 0.4635200832138454}. Best is trial 136 with value: 0.6833876580365761.\n",
      "[I 2025-02-23 09:06:18,897] Trial 148 finished with value: 0.6834242756245442 and parameters: {'weight_0': 0.9847721691296875, 'weight_1': 0.050507693135499125, 'weight_2': 0.23841295064473828, 'weight_3': 0.7459767398924135, 'weight_4': 0.2725537785729093, 'weight_5': 0.9594588198512233, 'weight_6': 0.10883268565668225, 'weight_7': 0.7543440634552991, 'weight_8': 0.959072185856152, 'weight_9': 0.23662981342504166, 'weight_10': 0.572192109820289}. Best is trial 148 with value: 0.6834242756245442.\n",
      "[I 2025-02-23 09:06:19,357] Trial 149 finished with value: 0.6834364785201401 and parameters: {'weight_0': 0.9998894040372048, 'weight_1': 0.051117580307325355, 'weight_2': 0.24166334253054553, 'weight_3': 0.740175351238458, 'weight_4': 0.25967379067544877, 'weight_5': 0.9371617095172446, 'weight_6': 0.10628932629209661, 'weight_7': 0.8016070649243089, 'weight_8': 0.9624045014121285, 'weight_9': 0.2521856661235535, 'weight_10': 0.6272433785540565}. Best is trial 149 with value: 0.6834364785201401.\n",
      "[I 2025-02-23 09:06:19,815] Trial 150 finished with value: 0.6834193823542462 and parameters: {'weight_0': 0.9999092532270151, 'weight_1': 0.050659271702915336, 'weight_2': 0.2951636015970888, 'weight_3': 0.7339754311049188, 'weight_4': 0.2643034486002528, 'weight_5': 0.9408173085510241, 'weight_6': 0.10653637832030888, 'weight_7': 0.7446032937463056, 'weight_8': 0.9673166667283719, 'weight_9': 0.1652770300504277, 'weight_10': 0.6504924826338249}. Best is trial 149 with value: 0.6834364785201401.\n",
      "[I 2025-02-23 09:06:20,277] Trial 151 finished with value: 0.6834094175550078 and parameters: {'weight_0': 0.9978370249628773, 'weight_1': 0.05453231141628613, 'weight_2': 0.29532169603193203, 'weight_3': 0.74035681967835, 'weight_4': 0.26349198869638224, 'weight_5': 0.9436892302866636, 'weight_6': 0.10819679728503294, 'weight_7': 0.7498240588780067, 'weight_8': 0.9684386077081074, 'weight_9': 0.1812328448158329, 'weight_10': 0.7007734792746166}. Best is trial 149 with value: 0.6834364785201401.\n",
      "[I 2025-02-23 09:06:20,743] Trial 152 finished with value: 0.683446314081337 and parameters: {'weight_0': 0.9889515179228505, 'weight_1': 0.05252078037453003, 'weight_2': 0.2834727850717619, 'weight_3': 0.6923426521134256, 'weight_4': 0.2603821545406621, 'weight_5': 0.95085435534648, 'weight_6': 0.10772949389944608, 'weight_7': 0.7119241086325212, 'weight_8': 0.9698968319815492, 'weight_9': 0.17735299944327496, 'weight_10': 0.6403310404154073}. Best is trial 152 with value: 0.683446314081337.\n",
      "[I 2025-02-23 09:06:21,220] Trial 153 finished with value: 0.6834076525915918 and parameters: {'weight_0': 0.9838054462187036, 'weight_1': 0.06758523042803952, 'weight_2': 0.29596626074101523, 'weight_3': 0.733403505996987, 'weight_4': 0.27583005411074235, 'weight_5': 0.9330084153485192, 'weight_6': 0.07018550251264145, 'weight_7': 0.7128793684232523, 'weight_8': 0.9709739637310928, 'weight_9': 0.17192968026049898, 'weight_10': 0.7068109547096557}. Best is trial 152 with value: 0.683446314081337.\n",
      "[I 2025-02-23 09:06:21,683] Trial 154 finished with value: 0.6834169038230158 and parameters: {'weight_0': 0.9823914338684596, 'weight_1': 0.05186725969523025, 'weight_2': 0.3097787678702073, 'weight_3': 0.6955502193304434, 'weight_4': 0.2691699588910796, 'weight_5': 0.956128936831553, 'weight_6': 0.07057864701044267, 'weight_7': 0.7472686635892366, 'weight_8': 0.9699615229637497, 'weight_9': 0.1766626390859386, 'weight_10': 0.6385006079935024}. Best is trial 152 with value: 0.683446314081337.\n",
      "[I 2025-02-23 09:06:22,149] Trial 155 finished with value: 0.6834420331598803 and parameters: {'weight_0': 0.9817542490898933, 'weight_1': 0.050886696401646433, 'weight_2': 0.2978617793749145, 'weight_3': 0.6916547502963181, 'weight_4': 0.2633034557623041, 'weight_5': 0.9400516106243436, 'weight_6': 0.06718298032491424, 'weight_7': 0.7145292714927031, 'weight_8': 0.971013883640579, 'weight_9': 0.16652348757620336, 'weight_10': 0.6274594178780388}. Best is trial 152 with value: 0.683446314081337.\n",
      "[I 2025-02-23 09:06:22,617] Trial 156 finished with value: 0.683447487839375 and parameters: {'weight_0': 0.9824656558556966, 'weight_1': 0.05771081939281515, 'weight_2': 0.2971994018770089, 'weight_3': 0.6898983228111513, 'weight_4': 0.2601875462364923, 'weight_5': 0.931052430630225, 'weight_6': 0.07203194797551782, 'weight_7': 0.7039671338991657, 'weight_8': 0.9990480032827505, 'weight_9': 0.16917793851002097, 'weight_10': 0.6320987714605583}. Best is trial 156 with value: 0.683447487839375.\n",
      "[I 2025-02-23 09:06:23,081] Trial 157 finished with value: 0.6834486122599347 and parameters: {'weight_0': 0.9808853866209312, 'weight_1': 0.05066934787153112, 'weight_2': 0.29944716649963343, 'weight_3': 0.6879194032702249, 'weight_4': 0.25292877799936436, 'weight_5': 0.9404024969628966, 'weight_6': 0.07010599724166246, 'weight_7': 0.7068615330746806, 'weight_8': 0.9968365068767108, 'weight_9': 0.1650809269059126, 'weight_10': 0.6377720429201126}. Best is trial 157 with value: 0.6834486122599347.\n",
      "[I 2025-02-23 09:06:23,546] Trial 158 finished with value: 0.6834475806423946 and parameters: {'weight_0': 0.9811615107258391, 'weight_1': 0.05605248412255184, 'weight_2': 0.29996730672100896, 'weight_3': 0.6838685944271428, 'weight_4': 0.2609332778350478, 'weight_5': 0.9368254272879981, 'weight_6': 0.07372619773227182, 'weight_7': 0.7043145599653597, 'weight_8': 0.9999732163608375, 'weight_9': 0.1683744723476021, 'weight_10': 0.6511430902532173}. Best is trial 157 with value: 0.6834486122599347.\n",
      "[I 2025-02-23 09:06:24,011] Trial 159 finished with value: 0.683452740108862 and parameters: {'weight_0': 0.9834603887844479, 'weight_1': 0.058495710015905866, 'weight_2': 0.3035637712611671, 'weight_3': 0.6723426812649713, 'weight_4': 0.2365768375173552, 'weight_5': 0.9728803105806367, 'weight_6': 0.07717707333490247, 'weight_7': 0.7052151096734655, 'weight_8': 0.9991799709649402, 'weight_9': 0.17260343276388457, 'weight_10': 0.6414929295072148}. Best is trial 159 with value: 0.683452740108862.\n",
      "[I 2025-02-23 09:06:24,469] Trial 160 finished with value: 0.683461101272433 and parameters: {'weight_0': 0.9798862517091461, 'weight_1': 0.0502226729975247, 'weight_2': 0.3018121713912513, 'weight_3': 0.670409004998098, 'weight_4': 0.2343212517453609, 'weight_5': 0.9746233264903273, 'weight_6': 0.07031851060769684, 'weight_7': 0.7065446998039181, 'weight_8': 0.9990451593506676, 'weight_9': 0.17644336845549366, 'weight_10': 0.6409317438007849}. Best is trial 160 with value: 0.683461101272433.\n",
      "[I 2025-02-23 09:06:24,937] Trial 161 finished with value: 0.6834488612602255 and parameters: {'weight_0': 0.9808760193786633, 'weight_1': 0.05183449094242687, 'weight_2': 0.30090221799436173, 'weight_3': 0.6792311612443521, 'weight_4': 0.25568851518992197, 'weight_5': 0.9704846053610527, 'weight_6': 0.060980323931809514, 'weight_7': 0.7032986798075641, 'weight_8': 0.9996656590818017, 'weight_9': 0.17966159507630605, 'weight_10': 0.6470971323898157}. Best is trial 160 with value: 0.683461101272433.\n",
      "[I 2025-02-23 09:06:25,408] Trial 162 finished with value: 0.6834249064395461 and parameters: {'weight_0': 0.9440140604084468, 'weight_1': 0.05019646985793663, 'weight_2': 0.30116312379373494, 'weight_3': 0.6810113789394678, 'weight_4': 0.2545382817223344, 'weight_5': 0.9751595549232639, 'weight_6': 0.06750136692878875, 'weight_7': 0.6923020897367755, 'weight_8': 0.9988314004223612, 'weight_9': 0.1699085190246472, 'weight_10': 0.6493741464935734}. Best is trial 160 with value: 0.683461101272433.\n",
      "[I 2025-02-23 09:06:25,878] Trial 163 finished with value: 0.6834192564719818 and parameters: {'weight_0': 0.9399833512333461, 'weight_1': 0.05082849657933434, 'weight_2': 0.3256254144460844, 'weight_3': 0.668416155772894, 'weight_4': 0.24789765865169655, 'weight_5': 0.9758429281158084, 'weight_6': 0.06907653042855844, 'weight_7': 0.703815762808364, 'weight_8': 0.9994505449212273, 'weight_9': 0.17090477960243347, 'weight_10': 0.645164960465107}. Best is trial 160 with value: 0.683461101272433.\n",
      "[I 2025-02-23 09:06:26,370] Trial 164 finished with value: 0.683422626288601 and parameters: {'weight_0': 0.9388598166903975, 'weight_1': 0.05260427768947442, 'weight_2': 0.297452134052709, 'weight_3': 0.6725181765994386, 'weight_4': 0.25555120726806224, 'weight_5': 0.9738724791154335, 'weight_6': 0.06898668224135454, 'weight_7': 0.7051787325925372, 'weight_8': 0.9915567270611301, 'weight_9': 0.17169673564030424, 'weight_10': 0.6441776032740498}. Best is trial 160 with value: 0.683461101272433.\n",
      "[I 2025-02-23 09:06:26,833] Trial 165 finished with value: 0.6834194225056242 and parameters: {'weight_0': 0.9312891223824438, 'weight_1': 0.05293914855412257, 'weight_2': 0.3003536326336188, 'weight_3': 0.6720936500840832, 'weight_4': 0.2526695324914944, 'weight_5': 0.9758627419757333, 'weight_6': 0.06912271693358277, 'weight_7': 0.7063483033699167, 'weight_8': 0.9986817382949085, 'weight_9': 0.1719799337569677, 'weight_10': 0.6448115244879058}. Best is trial 160 with value: 0.683461101272433.\n",
      "[I 2025-02-23 09:06:27,288] Trial 166 finished with value: 0.6834115403297227 and parameters: {'weight_0': 0.9366856217220391, 'weight_1': 0.05153197525248087, 'weight_2': 0.32114137138889964, 'weight_3': 0.6697055650736109, 'weight_4': 0.23876205060967207, 'weight_5': 0.9743037416721875, 'weight_6': 0.06261918013157881, 'weight_7': 0.6905407603964622, 'weight_8': 0.9972580436171574, 'weight_9': 0.22800516047516015, 'weight_10': 0.6419537862095205}. Best is trial 160 with value: 0.683461101272433.\n",
      "[I 2025-02-23 09:06:27,745] Trial 167 finished with value: 0.6834131594009201 and parameters: {'weight_0': 0.9350486861287499, 'weight_1': 0.05132078088942122, 'weight_2': 0.3205262341085474, 'weight_3': 0.6746590615908381, 'weight_4': 0.2390446977536045, 'weight_5': 0.9694050765773763, 'weight_6': 0.06052529287706444, 'weight_7': 0.6799813322789772, 'weight_8': 0.9959088822172758, 'weight_9': 0.21284313219514814, 'weight_10': 0.6430116162401839}. Best is trial 160 with value: 0.683461101272433.\n",
      "[I 2025-02-23 09:06:28,201] Trial 168 finished with value: 0.6833742620293525 and parameters: {'weight_0': 0.9109834934733156, 'weight_1': 0.07223294086654433, 'weight_2': 0.34949741985563354, 'weight_3': 0.6948403388622454, 'weight_4': 0.2511968921143636, 'weight_5': 0.9742929056616524, 'weight_6': 0.05296281056382558, 'weight_7': 0.6868072997313786, 'weight_8': 0.9996724439089604, 'weight_9': 0.13351399185073215, 'weight_10': 0.6411582318456929}. Best is trial 160 with value: 0.683461101272433.\n",
      "[I 2025-02-23 09:06:28,660] Trial 169 finished with value: 0.6834089224192007 and parameters: {'weight_0': 0.9351118334706628, 'weight_1': 0.06994417709381567, 'weight_2': 0.34256002645647426, 'weight_3': 0.6747079438123291, 'weight_4': 0.22965002702665144, 'weight_5': 0.9742910987026723, 'weight_6': 0.07706115999435305, 'weight_7': 0.6588546658078174, 'weight_8': 0.9891718417025097, 'weight_9': 0.16180320922112856, 'weight_10': 0.6464952353347979}. Best is trial 160 with value: 0.683461101272433.\n",
      "[I 2025-02-23 09:06:29,114] Trial 170 finished with value: 0.6833683837611761 and parameters: {'weight_0': 0.9134112435842808, 'weight_1': 0.0561685722169362, 'weight_2': 0.391824729453075, 'weight_3': 0.6150059640746254, 'weight_4': 0.2538506334861029, 'weight_5': 0.9816334098128868, 'weight_6': 0.07483490219986784, 'weight_7': 0.7091594490074096, 'weight_8': 0.9999538541020071, 'weight_9': 0.21149325605396532, 'weight_10': 0.6104879755235116}. Best is trial 160 with value: 0.683461101272433.\n",
