      "[I 2025-03-02 08:34:55,526] Trial 150 finished with value: 0.6839039714037763 and parameters: {'weight_0': 0.37787683762463603, 'weight_1': 0.4171515785283529, 'weight_2': 0.8164903083477251, 'weight_3': 0.15275155173048993, 'weight_4': 0.6968973090916315, 'weight_5': 0.08981213619863213, 'weight_6': 0.5309719577495077, 'weight_7': 0.6041754170609648, 'weight_8': 0.13262506930293744, 'weight_9': 0.19112341893676182}. Best is trial 98 with value: 0.6839484134953353.\n"
     ]
    },
    {
     "name": "stdout",
     "output_type": "stream",
     "text": [
      "Overall Stratified C-Index Score for Ensemble Model: 0.6839\n"
     ]
    },
    {
     "name": "stderr",
     "output_type": "stream",
     "text": [
      "[I 2025-03-02 08:34:56,051] Trial 151 finished with value: 0.6839027899237057 and parameters: {'weight_0': 0.3288445730638081, 'weight_1': 0.3003080968934159, 'weight_2': 0.7751467280166838, 'weight_3': 0.12985968546271548, 'weight_4': 0.63891163179464, 'weight_5': 0.05706203309673688, 'weight_6': 0.3932172079480242, 'weight_7': 0.6135468198142437, 'weight_8': 0.08052793382339055, 'weight_9': 0.16484830463641714}. Best is trial 98 with value: 0.6839484134953353.\n"
     ]
    },
    {
     "name": "stdout",
     "output_type": "stream",
     "text": [
      "Overall Stratified C-Index Score for Ensemble Model: 0.6839\n"
     ]
    },
    {
     "name": "stderr",
     "output_type": "stream",
     "text": [
      "[I 2025-03-02 08:34:56,606] Trial 152 finished with value: 0.6837668594859814 and parameters: {'weight_0': 0.48684035384205887, 'weight_1': 0.3733014685399126, 'weight_2': 0.7017386214176211, 'weight_3': 0.22048230587059103, 'weight_4': 0.6641887347864142, 'weight_5': 0.05046498270613434, 'weight_6': 0.1118946664459543, 'weight_7': 0.5748736528120576, 'weight_8': 0.07382913880938127, 'weight_9': 0.22951253878291317}. Best is trial 98 with value: 0.6839484134953353.\n"
     ]
    },
    {
     "name": "stdout",
     "output_type": "stream",
     "text": [
      "Overall Stratified C-Index Score for Ensemble Model: 0.6838\n"
     ]
    },
    {
     "name": "stderr",
     "output_type": "stream",
     "text": [
      "[I 2025-03-02 08:34:57,147] Trial 153 finished with value: 0.6838852505667004 and parameters: {'weight_0': 0.34672178849782403, 'weight_1': 0.26979706202653375, 'weight_2': 0.7508070085067274, 'weight_3': 0.25773462040165457, 'weight_4': 0.6099126073687604, 'weight_5': 0.0705431905510716, 'weight_6': 0.5891864709846695, 'weight_7': 0.5295107546855051, 'weight_8': 0.11271471950716097, 'weight_9': 0.11338138422654342}. Best is trial 98 with value: 0.6839484134953353.\n"
     ]
    },
    {
     "name": "stdout",
     "output_type": "stream",
     "text": [
      "Overall Stratified C-Index Score for Ensemble Model: 0.6839\n"
     ]
    },
    {
     "name": "stderr",
     "output_type": "stream",
     "text": [
      "[I 2025-03-02 08:34:57,685] Trial 154 finished with value: 0.683585588711405 and parameters: {'weight_0': 0.3602587469209677, 'weight_1': 0.35043149793373984, 'weight_2': 0.8605042200905552, 'weight_3': 0.27929518709795637, 'weight_4': 0.7346301781765089, 'weight_5': 0.11137354523492816, 'weight_6': 0.3937390166662494, 'weight_7': 0.5385135020842071, 'weight_8': 0.09269257802582573, 'weight_9': 0.19872570228596353}. Best is trial 98 with value: 0.6839484134953353.\n"
     ]
    },
    {
     "name": "stdout",
     "output_type": "stream",
     "text": [
      "Overall Stratified C-Index Score for Ensemble Model: 0.6836\n"
     ]
    },
    {
     "name": "stderr",
     "output_type": "stream",
     "text": [
      "[I 2025-03-02 08:34:58,220] Trial 155 finished with value: 0.6838196822019653 and parameters: {'weight_0': 0.43135246283699546, 'weight_1': 0.2929018767758371, 'weight_2': 0.8314437328535489, 'weight_3': 0.1805668076917487, 'weight_4': 0.678696230181391, 'weight_5': 0.08510755789291896, 'weight_6': 0.44242758952630723, 'weight_7': 0.4994627166011843, 'weight_8': 0.12550046102085352, 'weight_9': 0.14975474798131472}. Best is trial 98 with value: 0.6839484134953353.\n"
     ]
    },
    {
     "name": "stdout",
     "output_type": "stream",
     "text": [
      "Overall Stratified C-Index Score for Ensemble Model: 0.6838\n"
     ]
    },
    {
     "name": "stderr",
     "output_type": "stream",
     "text": [
      "[I 2025-03-02 08:34:58,751] Trial 156 finished with value: 0.6837683433657373 and parameters: {'weight_0': 0.4745867177626323, 'weight_1': 0.3320439068113923, 'weight_2': 0.7316259523835716, 'weight_3': 0.0675266601149489, 'weight_4': 0.6315167695445242, 'weight_5': 0.06724982476123362, 'weight_6': 0.5436418624197517, 'weight_7': 0.8188494916343778, 'weight_8': 0.07267191784621463, 'weight_9': 0.13104671248446745}. Best is trial 98 with value: 0.6839484134953353.\n"
     ]
    },
    {
     "name": "stdout",
     "output_type": "stream",
     "text": [
      "Overall Stratified C-Index Score for Ensemble Model: 0.6838\n"
     ]
    },
    {
     "name": "stderr",
     "output_type": "stream",
     "text": [
      "[I 2025-03-02 08:34:59,288] Trial 157 finished with value: 0.6833709854478 and parameters: {'weight_0': 0.9776351749934213, 'weight_1': 0.468855285159787, 'weight_2': 0.9200095699301095, 'weight_3': 0.11919688921725775, 'weight_4': 0.5855015064768484, 'weight_5': 0.12608728809988945, 'weight_6': 0.32798571055082065, 'weight_7': 0.4712498072452433, 'weight_8': 0.14953038555428355, 'weight_9': 0.7368965096293766}. Best is trial 98 with value: 0.6839484134953353.\n"
     ]
    },
    {
     "name": "stdout",
     "output_type": "stream",
     "text": [
      "Overall Stratified C-Index Score for Ensemble Model: 0.6834\n"
     ]
    },
    {
     "name": "stderr",
     "output_type": "stream",
     "text": [
      "[I 2025-03-02 08:34:59,825] Trial 158 finished with value: 0.6839479825642568 and parameters: {'weight_0': 0.5120101961685559, 'weight_1': 0.2227543335341956, 'weight_2': 0.806543521916366, 'weight_3': 0.14953725975340065, 'weight_4': 0.6931553616979608, 'weight_5': 0.09570902886354452, 'weight_6': 0.6554573467944882, 'weight_7': 0.5754838555149829, 'weight_8': 0.10487449336902224, 'weight_9': 0.2090663438548647}. Best is trial 98 with value: 0.6839484134953353.\n"
     ]
    },
    {
     "name": "stdout",
     "output_type": "stream",
     "text": [
      "Overall Stratified C-Index Score for Ensemble Model: 0.6839\n"
     ]
    },
    {
     "name": "stderr",
     "output_type": "stream",
     "text": [
      "[I 2025-03-02 08:35:00,360] Trial 159 finished with value: 0.6838920351449334 and parameters: {'weight_0': 0.5071493712426957, 'weight_1': 0.2434805991043051, 'weight_2': 0.8078176697656577, 'weight_3': 0.14352471418984197, 'weight_4': 0.7065008843804615, 'weight_5': 0.17865973436048777, 'weight_6': 0.6567935266690932, 'weight_7': 0.5737052197413516, 'weight_8': 0.10885563267823399, 'weight_9': 0.22239945547197265}. Best is trial 98 with value: 0.6839484134953353.\n"
     ]
    },
    {
     "name": "stdout",
     "output_type": "stream",
     "text": [
      "Overall Stratified C-Index Score for Ensemble Model: 0.6839\n"
     ]
    },
    {
     "name": "stderr",
     "output_type": "stream",
     "text": [
      "[I 2025-03-02 08:35:00,982] Trial 160 finished with value: 0.6838099700333302 and parameters: {'weight_0': 0.45401191891483805, 'weight_1': 0.21648201577431314, 'weight_2': 0.8221026901382404, 'weight_3': 0.16875285219222252, 'weight_4': 0.6928181014469798, 'weight_5': 0.10049234834841592, 'weight_6': 0.5665891419952614, 'weight_7': 0.6397490352819479, 'weight_8': 0.19104415509700667, 'weight_9': 0.2578302484108736}. Best is trial 98 with value: 0.6839484134953353.\n"
     ]
    },
    {
     "name": "stdout",
     "output_type": "stream",
     "text": [
      "Overall Stratified C-Index Score for Ensemble Model: 0.6838\n"
     ]
    },
    {
     "name": "stderr",
     "output_type": "stream",
     "text": [
      "[I 2025-03-02 08:35:01,838] Trial 161 finished with value: 0.6830122987379104 and parameters: {'weight_0': 0.40831259551537463, 'weight_1': 0.2578794916278201, 'weight_2': 0.7624024720936459, 'weight_3': 0.09525541165241158, 'weight_4': 0.6608969152440569, 'weight_5': 0.050572372990803985, 'weight_6': 0.41145237553834746, 'weight_7': 0.5884258545367442, 'weight_8': 0.09097402561864915, 'weight_9': 0.8492661946366973}. Best is trial 98 with value: 0.6839484134953353.\n"
     ]
    },
    {
     "name": "stdout",
     "output_type": "stream",
     "text": [
      "Overall Stratified C-Index Score for Ensemble Model: 0.6830\n"
     ]
    },
    {
     "name": "stderr",
     "output_type": "stream",
     "text": [
      "[I 2025-03-02 08:35:02,795] Trial 162 finished with value: 0.6838607256766006 and parameters: {'weight_0': 0.5095031178601982, 'weight_1': 0.2848609642787161, 'weight_2': 0.8725652920507294, 'weight_3': 0.051654056906881754, 'weight_4': 0.6376383734268507, 'weight_5': 0.08434482132757706, 'weight_6': 0.6336155988536288, 'weight_7': 0.8436162891760873, 'weight_8': 0.13285422319996384, 'weight_9': 0.18069563679731826}. Best is trial 98 with value: 0.6839484134953353.\n"
     ]
    },
    {
     "name": "stdout",
     "output_type": "stream",
     "text": [
      "Overall Stratified C-Index Score for Ensemble Model: 0.6839\n"
     ]
    },
    {
     "name": "stderr",
     "output_type": "stream",
     "text": [
      "[I 2025-03-02 08:35:03,456] Trial 163 finished with value: 0.6839173694813604 and parameters: {'weight_0': 0.5462465502960567, 'weight_1': 0.30793067021664083, 'weight_2': 0.7851289735466922, 'weight_3': 0.19499524949145988, 'weight_4': 0.6524352262486162, 'weight_5': 0.11142921597885178, 'weight_6': 0.5063172985561379, 'weight_7': 0.565377203767701, 'weight_8': 0.1093411693091289, 'weight_9': 0.2062844565306206}. Best is trial 98 with value: 0.6839484134953353.\n"
     ]
    },
    {
     "name": "stdout",
     "output_type": "stream",
     "text": [
      "Overall Stratified C-Index Score for Ensemble Model: 0.6839\n"
     ]
    },
    {
     "name": "stderr",
     "output_type": "stream",
     "text": [
      "[I 2025-03-02 08:35:03,972] Trial 164 finished with value: 0.6838524662320639 and parameters: {'weight_0': 0.4431886534946184, 'weight_1': 0.3353922730214776, 'weight_2': 0.8474893903881708, 'weight_3': 0.13510739804539523, 'weight_4': 0.6788979449796805, 'weight_5': 0.06570294077293796, 'weight_6': 0.4585479134963825, 'weight_7': 0.8088404407172329, 'weight_8': 0.05012301290165428, 'weight_9': 0.4239984889681886}. Best is trial 98 with value: 0.6839484134953353.\n"
     ]
    },
    {
     "name": "stdout",
     "output_type": "stream",
     "text": [
      "Overall Stratified C-Index Score for Ensemble Model: 0.6839\n"
     ]
    },
    {
     "name": "stderr",
     "output_type": "stream",
     "text": [
      "[I 2025-03-02 08:35:04,489] Trial 165 finished with value: 0.6839517741807243 and parameters: {'weight_0': 0.47519886629205105, 'weight_1': 0.26476344085848325, 'weight_2': 0.6759842747986748, 'weight_3': 0.10842452845176165, 'weight_4': 0.6129833918060168, 'weight_5': 0.05106575798532842, 'weight_6': 0.4244699527311736, 'weight_7': 0.6704132686192331, 'weight_8': 0.07303943371879913, 'weight_9': 0.15964944442165793}. Best is trial 165 with value: 0.6839517741807243.\n"
     ]
    },
    {
     "name": "stdout",
     "output_type": "stream",
     "text": [
      "Overall Stratified C-Index Score for Ensemble Model: 0.6840\n"
     ]
    },
    {
     "name": "stderr",
     "output_type": "stream",
     "text": [
      "[I 2025-03-02 08:35:05,013] Trial 166 finished with value: 0.6839264614250624 and parameters: {'weight_0': 0.4740544624357519, 'weight_1': 0.2641811195569726, 'weight_2': 0.6979930079124465, 'weight_3': 0.15191347305943087, 'weight_4': 0.6051824162800139, 'weight_5': 0.13628492856711946, 'weight_6': 0.4811127338413639, 'weight_7': 0.6741794679632122, 'weight_8': 0.06980067634411204, 'weight_9': 0.16689533374911233}. Best is trial 165 with value: 0.6839517741807243.\n"
     ]
    },
    {
     "name": "stdout",
     "output_type": "stream",
     "text": [
      "Overall Stratified C-Index Score for Ensemble Model: 0.6839\n"
     ]
    },
    {
     "name": "stderr",
     "output_type": "stream",
     "text": [
      "[I 2025-03-02 08:35:05,563] Trial 167 finished with value: 0.6839443985099941 and parameters: {'weight_0': 0.47253388302190436, 'weight_1': 0.2308269704109381, 'weight_2': 0.6685274407693403, 'weight_3': 0.1590997042662773, 'weight_4': 0.5606679523167316, 'weight_5': 0.13813896934134673, 'weight_6': 0.4261078517069779, 'weight_7': 0.6630842188633185, 'weight_8': 0.16300778113926928, 'weight_9': 0.16216867225048615}. Best is trial 165 with value: 0.6839517741807243.\n"
     ]
    },
    {
     "name": "stdout",
     "output_type": "stream",
     "text": [
      "Overall Stratified C-Index Score for Ensemble Model: 0.6839\n"
     ]
    },
    {
     "name": "stderr",
     "output_type": "stream",
     "text": [
      "[I 2025-03-02 08:35:06,099] Trial 168 finished with value: 0.6839410721006817 and parameters: {'weight_0': 0.5691790873456108, 'weight_1': 0.21857700425241194, 'weight_2': 0.6289547823143488, 'weight_3': 0.16081238363051875, 'weight_4': 0.5858600086569534, 'weight_5': 0.15111139377448887, 'weight_6': 0.4842043718662101, 'weight_7': 0.6728402966698374, 'weight_8': 0.16846165431824872, 'weight_9': 0.15868929379513153}. Best is trial 165 with value: 0.6839517741807243.\n"
     ]
    },
    {
     "name": "stdout",
     "output_type": "stream",
     "text": [
      "Overall Stratified C-Index Score for Ensemble Model: 0.6839\n"
     ]
    },
    {
     "name": "stderr",
     "output_type": "stream",
     "text": [
      "[I 2025-03-02 08:35:06,613] Trial 169 finished with value: 0.6839375693720072 and parameters: {'weight_0': 0.5528708599599292, 'weight_1': 0.23188619881255002, 'weight_2': 0.632443207997214, 'weight_3': 0.17326852198118486, 'weight_4': 0.5433281378944368, 'weight_5': 0.17308335313443518, 'weight_6': 0.4271081433437183, 'weight_7': 0.6657139095348843, 'weight_8': 0.17474340101981367, 'weight_9': 0.11528972234330254}. Best is trial 165 with value: 0.6839517741807243.\n"
     ]
    },
    {
     "name": "stdout",
     "output_type": "stream",
     "text": [
      "Overall Stratified C-Index Score for Ensemble Model: 0.6839\n"
     ]
    },
    {
     "name": "stderr",
     "output_type": "stream",
     "text": [
      "[I 2025-03-02 08:35:07,135] Trial 170 finished with value: 0.6839499891783017 and parameters: {'weight_0': 0.5504681407207075, 'weight_1': 0.22359415029163535, 'weight_2': 0.6297347276122753, 'weight_3': 0.17079390617643186, 'weight_4': 0.5568240541675388, 'weight_5': 0.16615653585530418, 'weight_6': 0.42774374738905635, 'weight_7': 0.6581946914850877, 'weight_8': 0.17102672146326023, 'weight_9': 0.1161454365225197}. Best is trial 165 with value: 0.6839517741807243.\n"
     ]
    },
    {
     "name": "stdout",
     "output_type": "stream",
     "text": [
      "Overall Stratified C-Index Score for Ensemble Model: 0.6839\n"
     ]
    },
    {
     "name": "stderr",
     "output_type": "stream",
     "text": [
      "[I 2025-03-02 08:35:07,658] Trial 171 finished with value: 0.6839470484347825 and parameters: {'weight_0': 0.5719050924189609, 'weight_1': 0.22014772092063076, 'weight_2': 0.6238079843323442, 'weight_3': 0.1707526656382143, 'weight_4': 0.5555426239505726, 'weight_5': 0.17407059100041833, 'weight_6': 0.43430860752485995, 'weight_7': 0.6636709362266182, 'weight_8': 0.2132594956812138, 'weight_9': 0.10860579079759258}. Best is trial 165 with value: 0.6839517741807243.\n"
     ]
    },
    {
     "name": "stdout",
     "output_type": "stream",
     "text": [
      "Overall Stratified C-Index Score for Ensemble Model: 0.6839\n"
     ]
    },
    {
     "name": "stderr",
     "output_type": "stream",
     "text": [
      "[I 2025-03-02 08:35:08,175] Trial 172 finished with value: 0.6839394281337958 and parameters: {'weight_0': 0.5717892232480298, 'weight_1': 0.23433781277595384, 'weight_2': 0.6137607736022791, 'weight_3': 0.17419938120537212, 'weight_4': 0.533084621617606, 'weight_5': 0.15752516256566576, 'weight_6': 0.4559014293770243, 'weight_7': 0.665151532671906, 'weight_8': 0.23976563840867215, 'weight_9': 0.08149686446992872}. Best is trial 165 with value: 0.6839517741807243.\n"
     ]
    },
    {
     "name": "stdout",
     "output_type": "stream",
     "text": [
      "Overall Stratified C-Index Score for Ensemble Model: 0.6839\n"
     ]
    },
    {
     "name": "stderr",
     "output_type": "stream",
     "text": [
      "[I 2025-03-02 08:35:08,691] Trial 173 finished with value: 0.6839289162592146 and parameters: {'weight_0': 0.5761271481403841, 'weight_1': 0.22527047921432652, 'weight_2': 0.6266464322279768, 'weight_3': 0.18726477502113037, 'weight_4': 0.5272547922840843, 'weight_5': 0.1806458541265134, 'weight_6': 0.4415320051708808, 'weight_7': 0.666114094585518, 'weight_8': 0.21516986119976927, 'weight_9': 0.09138996898255503}. Best is trial 165 with value: 0.6839517741807243.\n"
     ]
    },
    {
     "name": "stdout",
     "output_type": "stream",
     "text": [
      "Overall Stratified C-Index Score for Ensemble Model: 0.6839\n"
     ]
    },
    {
     "name": "stderr",
     "output_type": "stream",
     "text": [
      "[I 2025-03-02 08:35:09,212] Trial 174 finished with value: 0.6839652968203187 and parameters: {'weight_0': 0.5647423600501575, 'weight_1': 0.18574302200203255, 'weight_2': 0.6079132782954071, 'weight_3': 0.16273475348921654, 'weight_4': 0.548182810633567, 'weight_5': 0.15581515913209887, 'weight_6': 0.4258384216041776, 'weight_7': 0.6597379371900287, 'weight_8': 0.1748092642292441, 'weight_9': 0.11033130411131525}. Best is trial 174 with value: 0.6839652968203187.\n"
     ]
    },
    {
     "name": "stdout",
     "output_type": "stream",
     "text": [
      "Overall Stratified C-Index Score for Ensemble Model: 0.6840\n"
     ]
    },
    {
     "name": "stderr",
     "output_type": "stream",
     "text": [
      "[I 2025-03-02 08:35:09,731] Trial 175 finished with value: 0.6839282143140419 and parameters: {'weight_0': 0.5492033086521583, 'weight_1': 0.1909564119785883, 'weight_2': 0.630506704246047, 'weight_3': 0.16982423279574352, 'weight_4': 0.5435269508998894, 'weight_5': 0.21208498817751792, 'weight_6': 0.45451523165461655, 'weight_7': 0.6949831361231923, 'weight_8': 0.2406877938752318, 'weight_9': 0.11926209368573719}. Best is trial 174 with value: 0.6839652968203187.\n"
     ]
    },
    {
     "name": "stdout",
     "output_type": "stream",
     "text": [
      "Overall Stratified C-Index Score for Ensemble Model: 0.6839\n"
     ]
    },
    {
     "name": "stderr",
     "output_type": "stream",
     "text": [
      "[I 2025-03-02 08:35:10,248] Trial 176 finished with value: 0.6834532684091704 and parameters: {'weight_0': 0.05619883085604788, 'weight_1': 0.17944130500873157, 'weight_2': 0.5970654985202146, 'weight_3': 0.15807164747175279, 'weight_4': 0.5470780066518693, 'weight_5': 0.15592426648894686, 'weight_6': 0.42261445135655695, 'weight_7': 0.6504255321763098, 'weight_8': 0.18941533203072974, 'weight_9': 0.08774330379764912}. Best is trial 174 with value: 0.6839652968203187.\n"
     ]
    },
    {
     "name": "stdout",
     "output_type": "stream",
     "text": [
      "Overall Stratified C-Index Score for Ensemble Model: 0.6835\n"
     ]
    },
    {
     "name": "stderr",
     "output_type": "stream",
     "text": [
      "[I 2025-03-02 08:35:10,766] Trial 177 finished with value: 0.683951383778771 and parameters: {'weight_0': 0.5695083132994744, 'weight_1': 0.21241095207629326, 'weight_2': 0.5817566831602681, 'weight_3': 0.19917097142567755, 'weight_4': 0.5673095336913777, 'weight_5': 0.18127539117253672, 'weight_6': 0.47569775539736314, 'weight_7': 0.6213185189848985, 'weight_8': 0.17108584351883332, 'weight_9': 0.10960887581403922}. Best is trial 174 with value: 0.6839652968203187.\n"
     ]
    },
    {
     "name": "stdout",
     "output_type": "stream",
     "text": [
      "Overall Stratified C-Index Score for Ensemble Model: 0.6840\n"
     ]
    },
    {
     "name": "stderr",
     "output_type": "stream",
     "text": [
      "[I 2025-03-02 08:35:11,290] Trial 178 finished with value: 0.6839496334021723 and parameters: {'weight_0': 0.5628942473885932, 'weight_1': 0.21731285776339498, 'weight_2': 0.5774059251182848, 'weight_3': 0.20299885848139798, 'weight_4': 0.5632323384501494, 'weight_5': 0.22492982843449782, 'weight_6': 0.48782908396802604, 'weight_7': 0.620179389401453, 'weight_8': 0.1706948779787324, 'weight_9': 0.07756078464404784}. Best is trial 174 with value: 0.6839652968203187.\n"
     ]
    },
    {
     "name": "stdout",
     "output_type": "stream",
     "text": [
      "Overall Stratified C-Index Score for Ensemble Model: 0.6839\n"
     ]
    },
    {
     "name": "stderr",
     "output_type": "stream",
     "text": [
      "[I 2025-03-02 08:35:11,810] Trial 179 finished with value: 0.6839139556958901 and parameters: {'weight_0': 0.5752165561610649, 'weight_1': 0.21422834001067867, 'weight_2': 0.5756818382132592, 'weight_3': 0.2041620973429154, 'weight_4': 0.5275773376477166, 'weight_5': 0.22567146246982772, 'weight_6': 0.4898966935042611, 'weight_7': 0.6241385226671193, 'weight_8': 0.17725326631440907, 'weight_9': 0.07524400921360448}. Best is trial 174 with value: 0.6839652968203187.\n"
     ]
    },
    {
     "name": "stdout",
     "output_type": "stream",
     "text": [
      "Overall Stratified C-Index Score for Ensemble Model: 0.6839\n"
     ]
    },
    {
     "name": "stderr",
     "output_type": "stream",
     "text": [
