      "[I 2025-03-02 08:35:22,333] Trial 199 finished with value: 0.6839759247976 and parameters: {'weight_0': 0.5924993998310252, 'weight_1': 0.12210387099824138, 'weight_2': 0.5928159982364533, 'weight_3': 0.20120197420935387, 'weight_4': 0.5742317868774378, 'weight_5': 0.18681277283750494, 'weight_6': 0.46857843170983854, 'weight_7': 0.6991806712805966, 'weight_8': 0.33637817516336266, 'weight_9': 0.06716751263868462}. Best is trial 199 with value: 0.6839759247976.\n"
     ]
    },
    {
     "name": "stdout",
     "output_type": "stream",
     "text": [
      "Overall Stratified C-Index Score for Ensemble Model: 0.6840\n",
      "Best Weights: {'weight_0': 0.5924993998310252, 'weight_1': 0.12210387099824138, 'weight_2': 0.5928159982364533, 'weight_3': 0.20120197420935387, 'weight_4': 0.5742317868774378, 'weight_5': 0.18681277283750494, 'weight_6': 0.46857843170983854, 'weight_7': 0.6991806712805966, 'weight_8': 0.33637817516336266, 'weight_9': 0.06716751263868462}\n",
      "Best AUC: 0.6839759247976\n"
     ]
    }
   ],
   "source": [
    "import optuna\n",
    "# 目的関数の定義\n",
    "def objective(trial):\n",
    "    # 各モデルの重みを提案 (0.0～1.0 の範囲)\n",
    "    weights = [trial.suggest_float(f'weight_{i}', 0.05, 1.0) for i in range(len(ranked_oof_preds))]\n",
    "\n",
    "    # 重みの正規化（合計が1になるようにスケーリング）\n",
    "    weights = np.array(weights)\n",
    "    weights /= np.sum(weights)\n",
    "\n",
    "    # アンサンブル予測を計算 (加重平均)\n",
    "    ensemble_oof_preds = np.dot(weights, ranked_oof_preds)\n",
    "\n",
    "    curent_score = md.targets.validate_model(ensemble_oof_preds, 'Ensemble Model')\n",
    "\n",
    "    return curent_score  # 最大化が目標\n",
    "\n",
    "# Optunaによる最適化\n",
    "study = optuna.create_study(direction='maximize')  # AUCを最大化\n",
    "study.optimize(objective, n_trials=200)\n",
    "\n",
    "# 最適な重み\n",
    "print(\"Best Weights:\", study.best_params)\n",
    "print(\"Best AUC:\", study.best_value)\n",
    "\n",
    "CFG.weights = [1 for _ in range(len(ranked_oof_preds))]\n",
    "np.array(CFG.weights)\n",
    "\n",
    "for i in range(len(CFG.weights)):\n",
    "    CFG.weights[i] = study.best_params[f'weight_{i}']"
   ]
  },
  {
   "cell_type": "code",
   "execution_count": 51,
   "id": "f854fdf5",
   "metadata": {
    "execution": {
     "iopub.execute_input": "2025-03-02T08:35:22.427528Z",
     "iopub.status.busy": "2025-03-02T08:35:22.427061Z",
     "iopub.status.idle": "2025-03-02T08:35:22.433076Z",
     "shell.execute_reply": "2025-03-02T08:35:22.431915Z"
    },
    "papermill": {
     "duration": 0.04879,
     "end_time": "2025-03-02T08:35:22.435237",
     "exception": false,
     "start_time": "2025-03-02T08:35:22.386447",
     "status": "completed"
    },
    "tags": []
   },
   "outputs": [],
   "source": [
    "# ensemble_oof_preds = np.sum([w * p for w, p in zip(CFG.weights, ranked_oof_preds)], axis=0)"
   ]
  },
  {
   "cell_type": "code",
   "execution_count": 52,
   "id": "32d2b58c",
   "metadata": {
    "execution": {
     "iopub.execute_input": "2025-03-02T08:35:22.520583Z",
     "iopub.status.busy": "2025-03-02T08:35:22.520094Z",
     "iopub.status.idle": "2025-03-02T08:35:22.525648Z",
     "shell.execute_reply": "2025-03-02T08:35:22.524354Z"
    },
    "papermill": {
     "duration": 0.051653,
     "end_time": "2025-03-02T08:35:22.528046",
     "exception": false,
     "start_time": "2025-03-02T08:35:22.476393",
     "status": "completed"
    },
    "tags": []
   },
   "outputs": [],
   "source": [
    "# y_true = train_data[['ID', 'efs', 'efs_time', 'race_group']].copy()\n",
    "# y_pred = train_data[['ID']].copy()\n",
    "        \n",
    "# y_pred['prediction'] = ensemble_oof_preds\n",
    "            \n",
    "# c_index_score = score(y_true.copy(), y_pred.copy(), 'ID')\n",
    "# print(f'\\nOverall C-Index for Ensemble model: {c_index_score:.3f}')"
   ]
  },
  {
   "cell_type": "markdown",
   "id": "dda169a6",
   "metadata": {
    "papermill": {
     "duration": 0.04035,
     "end_time": "2025-03-02T08:35:22.609229",
     "exception": false,
     "start_time": "2025-03-02T08:35:22.568879",
     "status": "completed"
    },
    "tags": []
   },
   "source": [
    "<div style=\"background-color: rgb(247, 230, 202); border: 4px solid rgb(162, 87, 79); border-radius: 40px; padding: 20px; font-family: 'Roboto'; color: rgb(162, 87, 79); text-align: left; font-size: 140%;\">\n",
    "    <b>Ensemble predictions for the test data.</b>\n",
    "</div>"
   ]
  },
  {
   "cell_type": "code",
   "execution_count": 53,
   "id": "ab5913a0",
   "metadata": {
    "execution": {
     "iopub.execute_input": "2025-03-02T08:35:22.693131Z",
     "iopub.status.busy": "2025-03-02T08:35:22.691684Z",
     "iopub.status.idle": "2025-03-02T08:35:22.698916Z",
     "shell.execute_reply": "2025-03-02T08:35:22.697832Z"
    },
    "papermill": {
     "duration": 0.051505,
     "end_time": "2025-03-02T08:35:22.701386",
     "exception": false,
     "start_time": "2025-03-02T08:35:22.649881",
     "status": "completed"
    },
    "tags": []
   },
   "outputs": [],
   "source": [
    "preds = [\n",
    "    ctb1_preds, \n",
    "    lgb1_preds, \n",
    "    ctb2_preds, \n",
    "    lgb2_preds, \n",
    "    ctb3_preds, \n",
    "    lgb3_preds,\n",
    "    cox1_preds,\n",
    "    cox2_preds,\n",
    "    # ctb5_preds, \n",
    "    # lgb5_preds,\n",
    "    ctb6_preds, \n",
    "    lgb6_preds,\n",
    "]"
   ]
  },
  {
   "cell_type": "code",
   "execution_count": 54,
   "id": "c7cbfc2d",
   "metadata": {
    "execution": {
     "iopub.execute_input": "2025-03-02T08:35:22.784814Z",
     "iopub.status.busy": "2025-03-02T08:35:22.784314Z",
     "iopub.status.idle": "2025-03-02T08:35:22.793322Z",
     "shell.execute_reply": "2025-03-02T08:35:22.792190Z"
    },
    "papermill": {
     "duration": 0.053175,
     "end_time": "2025-03-02T08:35:22.795608",
     "exception": false,
     "start_time": "2025-03-02T08:35:22.742433",
     "status": "completed"
    },
    "tags": []
   },
   "outputs": [],
   "source": [
    "ranked_preds = np.array([rankdata(p) for p in preds])"
   ]
  },
  {
   "cell_type": "code",
   "execution_count": 55,
   "id": "074de6ba",
   "metadata": {
    "execution": {
     "iopub.execute_input": "2025-03-02T08:35:22.881109Z",
     "iopub.status.busy": "2025-03-02T08:35:22.880602Z",
     "iopub.status.idle": "2025-03-02T08:35:22.887698Z",
     "shell.execute_reply": "2025-03-02T08:35:22.886280Z"
    },
    "papermill": {
     "duration": 0.0544,
     "end_time": "2025-03-02T08:35:22.890560",
     "exception": false,
     "start_time": "2025-03-02T08:35:22.836160",
     "status": "completed"
    },
    "tags": []
   },
   "outputs": [],
   "source": [
    "ensemble_preds = np.sum([w * p for w, p in zip(CFG.weights, ranked_preds)], axis=0)"
   ]
  },
  {
   "cell_type": "code",
   "execution_count": 56,
   "id": "fea5d09e",
   "metadata": {
    "execution": {
     "iopub.execute_input": "2025-03-02T08:35:22.975658Z",
     "iopub.status.busy": "2025-03-02T08:35:22.975209Z",
     "iopub.status.idle": "2025-03-02T08:35:23.000578Z",
     "shell.execute_reply": "2025-03-02T08:35:22.998854Z"
    },
    "papermill": {
     "duration": 0.071924,
     "end_time": "2025-03-02T08:35:23.004272",
     "exception": false,
     "start_time": "2025-03-02T08:35:22.932348",
     "status": "completed"
    },
    "tags": []
   },
   "outputs": [],
   "source": [
    "subm_data = pd.read_csv(CFG.subm_path)\n",
    "subm_data['prediction'] = ensemble_preds"
   ]
  },
  {
   "cell_type": "code",
   "execution_count": 57,
   "id": "eca5af1f",
   "metadata": {
    "execution": {
     "iopub.execute_input": "2025-03-02T08:35:23.090901Z",
     "iopub.status.busy": "2025-03-02T08:35:23.090347Z",
     "iopub.status.idle": "2025-03-02T08:35:23.114303Z",
     "shell.execute_reply": "2025-03-02T08:35:23.113020Z"
    },
    "papermill": {
     "duration": 0.070175,
     "end_time": "2025-03-02T08:35:23.117513",
     "exception": false,
     "start_time": "2025-03-02T08:35:23.047338",
     "status": "completed"
    },
    "tags": []
   },
   "outputs": [
    {
     "data": {
      "text/html": [
       "<div>\n",
       "<style scoped>\n",
       "    .dataframe tbody tr th:only-of-type {\n",
       "        vertical-align: middle;\n",
       "    }\n",
       "\n",
       "    .dataframe tbody tr th {\n",
       "        vertical-align: top;\n",
       "    }\n",
       "\n",
       "    .dataframe thead th {\n",
       "        text-align: right;\n",
       "    }\n",
       "</style>\n",
       "<table border=\"1\" class=\"dataframe\">\n",
       "  <thead>\n",
       "    <tr style=\"text-align: right;\">\n",
       "      <th></th>\n",
       "      <th>ID</th>\n",
       "      <th>prediction</th>\n",
       "    </tr>\n",
       "  </thead>\n",
       "  <tbody>\n",
       "    <tr>\n",
       "      <th>0</th>\n",
       "      <td>28800</td>\n",
       "      <td>7.681941</td>\n",
       "    </tr>\n",
       "    <tr>\n",
       "      <th>1</th>\n",
       "      <td>28801</td>\n",
       "      <td>11.522912</td>\n",
       "    </tr>\n",
       "    <tr>\n",
       "      <th>2</th>\n",
       "      <td>28802</td>\n",
       "      <td>3.840971</td>\n",
       "    </tr>\n",
       "  </tbody>\n",
       "</table>\n",
       "</div>"
      ],
      "text/plain": [
       "      ID  prediction\n",
       "0  28800    7.681941\n",
       "1  28801   11.522912\n",
       "2  28802    3.840971"
      ]
     },
     "metadata": {},
     "output_type": "display_data"
    }
   ],
   "source": [
    "subm_data.to_csv('submission.csv', index=False)\n",
    "display(subm_data.head())"
   ]
  }
 ],
 "metadata": {
  "kaggle": {
   "accelerator": "none",
   "dataSources": [
    {
     "databundleVersionId": 10381525,
     "sourceId": 70942,
     "sourceType": "competition"
    },
    {
     "sourceId": 211253469,
     "sourceType": "kernelVersion"
    },
    {
     "sourceId": 211322530,
     "sourceType": "kernelVersion"
    }
   ],
   "dockerImageVersionId": 30804,
   "isGpuEnabled": false,
   "isInternetEnabled": false,
   "language": "python",
   "sourceType": "notebook"
  },
  "kernelspec": {
   "display_name": "Python 3",
   "language": "python",
   "name": "python3"
  },
  "language_info": {
   "codemirror_mode": {
    "name": "ipython",
    "version": 3
   },
   "file_extension": ".py",
   "mimetype": "text/x-python",
   "name": "python",
   "nbconvert_exporter": "python",
   "pygments_lexer": "ipython3",
   "version": "3.10.14"
  },
  "papermill": {
   "default_parameters": {},
   "duration": 22746.604152,
   "end_time": "2025-03-02T08:35:26.387298",
   "environment_variables": {},
   "exception": null,
   "input_path": "__notebook__.ipynb",
   "output_path": "__notebook__.ipynb",
   "parameters": {},
   "start_time": "2025-03-02T02:16:19.783146",
   "version": "2.6.0"
  }
 },
 "nbformat": 4,
 "nbformat_minor": 5
}
