      "[I 2025-03-02 08:35:12,332] Trial 180 finished with value: 0.68393136373783 and parameters: {'weight_0': 0.5619673301695034, 'weight_1': 0.16628161855859103, 'weight_2': 0.6646270330994284, 'weight_3': 0.22833079242673338, 'weight_4': 0.568479219460427, 'weight_5': 0.18827637256442026, 'weight_6': 0.5239274207322627, 'weight_7': 0.6511736245356654, 'weight_8': 0.27874614863370395, 'weight_9': 0.10305443713828842}. Best is trial 174 with value: 0.6839652968203187.\n"
     ]
    },
    {
     "name": "stdout",
     "output_type": "stream",
     "text": [
      "Overall Stratified C-Index Score for Ensemble Model: 0.6839\n"
     ]
    },
    {
     "name": "stderr",
     "output_type": "stream",
     "text": [
      "[I 2025-03-02 08:35:12,854] Trial 181 finished with value: 0.6839486575892633 and parameters: {'weight_0': 0.5571913025649821, 'weight_1': 0.2072990480413813, 'weight_2': 0.6078408325412415, 'weight_3': 0.18974903415118866, 'weight_4': 0.5579358283858104, 'weight_5': 0.16735575412616033, 'weight_6': 0.4704480658920587, 'weight_7': 0.6935899528501683, 'weight_8': 0.20270276524399833, 'weight_9': 0.08023419037992821}. Best is trial 174 with value: 0.6839652968203187.\n"
     ]
    },
    {
     "name": "stdout",
     "output_type": "stream",
     "text": [
      "Overall Stratified C-Index Score for Ensemble Model: 0.6839\n"
     ]
    },
    {
     "name": "stderr",
     "output_type": "stream",
     "text": [
      "[I 2025-03-02 08:35:13,380] Trial 182 finished with value: 0.6839539952689484 and parameters: {'weight_0': 0.5921582712969583, 'weight_1': 0.2197691922267845, 'weight_2': 0.6097286412486167, 'weight_3': 0.21032722312192031, 'weight_4': 0.5595551177248401, 'weight_5': 0.16026233460066516, 'weight_6': 0.4654401456618272, 'weight_7': 0.6923247083098898, 'weight_8': 0.20439001685973324, 'weight_9': 0.07938029007202123}. Best is trial 174 with value: 0.6839652968203187.\n"
     ]
    },
    {
     "name": "stdout",
     "output_type": "stream",
     "text": [
      "Overall Stratified C-Index Score for Ensemble Model: 0.6840\n"
     ]
    },
    {
     "name": "stderr",
     "output_type": "stream",
     "text": [
      "[I 2025-03-02 08:35:13,905] Trial 183 finished with value: 0.6839338050439243 and parameters: {'weight_0': 0.5941013899992743, 'weight_1': 0.20932620303522578, 'weight_2': 0.6067607168973935, 'weight_3': 0.18454085165181747, 'weight_4': 0.5596689880121763, 'weight_5': 0.17241571728077365, 'weight_6': 0.504993094501886, 'weight_7': 0.6850440555917041, 'weight_8': 0.21574839606399182, 'weight_9': 0.0754410433587783}. Best is trial 174 with value: 0.6839652968203187.\n"
     ]
    },
    {
     "name": "stdout",
     "output_type": "stream",
     "text": [
      "Overall Stratified C-Index Score for Ensemble Model: 0.6839\n"
     ]
    },
    {
     "name": "stderr",
     "output_type": "stream",
     "text": [
      "[I 2025-03-02 08:35:14,431] Trial 184 finished with value: 0.6839542246944692 and parameters: {'weight_0': 0.5607557868336497, 'weight_1': 0.1905198248136184, 'weight_2': 0.5785878398017805, 'weight_3': 0.20306665663998186, 'weight_4': 0.5369047491524458, 'weight_5': 0.1566705063991871, 'weight_6': 0.4660464202638019, 'weight_7': 0.6650318623671243, 'weight_8': 0.23526730775647142, 'weight_9': 0.08790235601377468}. Best is trial 174 with value: 0.6839652968203187.\n"
     ]
    },
    {
     "name": "stdout",
     "output_type": "stream",
     "text": [
      "Overall Stratified C-Index Score for Ensemble Model: 0.6840\n"
     ]
    },
    {
     "name": "stderr",
     "output_type": "stream",
     "text": [
      "[I 2025-03-02 08:35:14,957] Trial 185 finished with value: 0.6839478927645929 and parameters: {'weight_0': 0.5993740900319718, 'weight_1': 0.1908642678927191, 'weight_2': 0.5772789456249788, 'weight_3': 0.2124901347230277, 'weight_4': 0.5170212943112831, 'weight_5': 0.16111751909053953, 'weight_6': 0.4586968497828537, 'weight_7': 0.6619453266941788, 'weight_8': 0.198190850394559, 'weight_9': 0.07516339192890528}. Best is trial 174 with value: 0.6839652968203187.\n"
     ]
    },
    {
     "name": "stdout",
     "output_type": "stream",
     "text": [
      "Overall Stratified C-Index Score for Ensemble Model: 0.6839\n"
     ]
    },
    {
     "name": "stderr",
     "output_type": "stream",
     "text": [
      "[I 2025-03-02 08:35:15,518] Trial 186 finished with value: 0.6839448683037254 and parameters: {'weight_0': 0.615963144447822, 'weight_1': 0.15036541063973435, 'weight_2': 0.5702315815595079, 'weight_3': 0.20827722976196847, 'weight_4': 0.5235930007428177, 'weight_5': 0.20418785910822734, 'weight_6': 0.4774638283647872, 'weight_7': 0.6979205677620574, 'weight_8': 0.23820652475169937, 'weight_9': 0.08039253272872565}. Best is trial 174 with value: 0.6839652968203187.\n"
     ]
    },
    {
     "name": "stdout",
     "output_type": "stream",
     "text": [
      "Overall Stratified C-Index Score for Ensemble Model: 0.6839\n"
     ]
    },
    {
     "name": "stderr",
     "output_type": "stream",
     "text": [
      "[I 2025-03-02 08:35:16,040] Trial 187 finished with value: 0.6839469812868493 and parameters: {'weight_0': 0.6395036954941204, 'weight_1': 0.144442249204332, 'weight_2': 0.5718377066888999, 'weight_3': 0.2076804800675093, 'weight_4': 0.5219626070571521, 'weight_5': 0.15791697027807625, 'weight_6': 0.46946893847107335, 'weight_7': 0.7060274355324829, 'weight_8': 0.23018568366277833, 'weight_9': 0.08889448179929886}. Best is trial 174 with value: 0.6839652968203187.\n"
     ]
    },
    {
     "name": "stdout",
     "output_type": "stream",
     "text": [
      "Overall Stratified C-Index Score for Ensemble Model: 0.6839\n"
     ]
    },
    {
     "name": "stderr",
     "output_type": "stream",
     "text": [
      "[I 2025-03-02 08:35:16,568] Trial 188 finished with value: 0.683935525505766 and parameters: {'weight_0': 0.6384132538687046, 'weight_1': 0.12551548988721112, 'weight_2': 0.5708167691001405, 'weight_3': 0.20573696501787067, 'weight_4': 0.47234621517536657, 'weight_5': 0.1984812436844716, 'weight_6': 0.47086141314316177, 'weight_7': 0.7004732683731681, 'weight_8': 0.2470756292966778, 'weight_9': 0.07526860998706575}. Best is trial 174 with value: 0.6839652968203187.\n"
     ]
    },
    {
     "name": "stdout",
     "output_type": "stream",
     "text": [
      "Overall Stratified C-Index Score for Ensemble Model: 0.6839\n"
     ]
    },
    {
     "name": "stderr",
     "output_type": "stream",
     "text": [
      "[I 2025-03-02 08:35:17,095] Trial 189 finished with value: 0.6839435525479669 and parameters: {'weight_0': 0.6056229846886587, 'weight_1': 0.1535699225921245, 'weight_2': 0.5496432948975216, 'weight_3': 0.21534299879233218, 'weight_4': 0.5123952818973858, 'weight_5': 0.20731013002189436, 'weight_6': 0.480045711753664, 'weight_7': 0.6810427730435842, 'weight_8': 0.2736303926440043, 'weight_9': 0.08254663158884253}. Best is trial 174 with value: 0.6839652968203187.\n"
     ]
    },
    {
     "name": "stdout",
     "output_type": "stream",
     "text": [
      "Overall Stratified C-Index Score for Ensemble Model: 0.6839\n"
     ]
    },
    {
     "name": "stderr",
     "output_type": "stream",
     "text": [
      "[I 2025-03-02 08:35:17,615] Trial 190 finished with value: 0.6839505379050625 and parameters: {'weight_0': 0.6053774108937917, 'weight_1': 0.14472274592830156, 'weight_2': 0.5535670768547547, 'weight_3': 0.22218996612638664, 'weight_4': 0.5655496322001743, 'weight_5': 0.2203381238339101, 'weight_6': 0.4815184358429159, 'weight_7': 0.6889270501445655, 'weight_8': 0.263161928772127, 'weight_9': 0.09386445877446438}. Best is trial 174 with value: 0.6839652968203187.\n"
     ]
    },
    {
     "name": "stdout",
     "output_type": "stream",
     "text": [
      "Overall Stratified C-Index Score for Ensemble Model: 0.6840\n"
     ]
    },
    {
     "name": "stderr",
     "output_type": "stream",
     "text": [
      "[I 2025-03-02 08:35:18,141] Trial 191 finished with value: 0.6839422128595771 and parameters: {'weight_0': 0.6084828034766281, 'weight_1': 0.14522336613881148, 'weight_2': 0.550721776309725, 'weight_3': 0.21131837879487575, 'weight_4': 0.5122123991408822, 'weight_5': 0.19960278791119018, 'weight_6': 0.4807061128376915, 'weight_7': 0.6819356590528928, 'weight_8': 0.2670560821768666, 'weight_9': 0.09465357734402424}. Best is trial 174 with value: 0.6839652968203187.\n"
     ]
    },
    {
     "name": "stdout",
     "output_type": "stream",
     "text": [
      "Overall Stratified C-Index Score for Ensemble Model: 0.6839\n"
     ]
    },
    {
     "name": "stderr",
     "output_type": "stream",
     "text": [
      "[I 2025-03-02 08:35:18,665] Trial 192 finished with value: 0.6839458956405042 and parameters: {'weight_0': 0.6146738173450166, 'weight_1': 0.13858600885608394, 'weight_2': 0.5478408419768237, 'weight_3': 0.22182255915465804, 'weight_4': 0.5102775579155766, 'weight_5': 0.22128694186181894, 'weight_6': 0.47538685191262886, 'weight_7': 0.6983505907430321, 'weight_8': 0.2738529319551065, 'weight_9': 0.09356774808504817}. Best is trial 174 with value: 0.6839652968203187.\n"
     ]
    },
    {
     "name": "stdout",
     "output_type": "stream",
     "text": [
      "Overall Stratified C-Index Score for Ensemble Model: 0.6839\n"
     ]
    },
    {
     "name": "stderr",
     "output_type": "stream",
     "text": [
      "[I 2025-03-02 08:35:19,189] Trial 193 finished with value: 0.6839406466435874 and parameters: {'weight_0': 0.6243283940327938, 'weight_1': 0.15070022121938004, 'weight_2': 0.5916681047775203, 'weight_3': 0.2281622499831124, 'weight_4': 0.5167540191299642, 'weight_5': 0.22107514090322133, 'weight_6': 0.5081743331484303, 'weight_7': 0.7101930010473317, 'weight_8': 0.27173860382958454, 'weight_9': 0.06984876232603301}. Best is trial 174 with value: 0.6839652968203187.\n"
     ]
    },
    {
     "name": "stdout",
     "output_type": "stream",
     "text": [
      "Overall Stratified C-Index Score for Ensemble Model: 0.6839\n"
     ]
    },
    {
     "name": "stderr",
     "output_type": "stream",
     "text": [
      "[I 2025-03-02 08:35:19,714] Trial 194 finished with value: 0.6839617555197092 and parameters: {'weight_0': 0.5991945600026889, 'weight_1': 0.18317724846143418, 'weight_2': 0.5603475510588939, 'weight_3': 0.19939120590872034, 'weight_4': 0.5604857933356954, 'weight_5': 0.21512101713535767, 'weight_6': 0.4660993287094303, 'weight_7': 0.6215879051168173, 'weight_8': 0.2201531386412889, 'weight_9': 0.09283864123510784}. Best is trial 174 with value: 0.6839652968203187.\n"
     ]
    },
    {
     "name": "stdout",
     "output_type": "stream",
     "text": [
      "Overall Stratified C-Index Score for Ensemble Model: 0.6840\n"
     ]
    },
    {
     "name": "stderr",
     "output_type": "stream",
     "text": [
      "[I 2025-03-02 08:35:20,239] Trial 195 finished with value: 0.683942425918838 and parameters: {'weight_0': 0.5874357953883703, 'weight_1': 0.188910706249159, 'weight_2': 0.5763629224290869, 'weight_3': 0.19713943181343455, 'weight_4': 0.5700344422581753, 'weight_5': 0.2368732974068635, 'weight_6': 0.46364821878547996, 'weight_7': 0.6360247365426972, 'weight_8': 0.22883586455876576, 'weight_9': 0.09722960351736144}. Best is trial 174 with value: 0.6839652968203187.\n"
     ]
    },
    {
     "name": "stdout",
     "output_type": "stream",
     "text": [
      "Overall Stratified C-Index Score for Ensemble Model: 0.6839\n"
     ]
    },
    {
     "name": "stderr",
     "output_type": "stream",
     "text": [
      "[I 2025-03-02 08:35:20,761] Trial 196 finished with value: 0.6839674150457852 and parameters: {'weight_0': 0.6347479123801768, 'weight_1': 0.12283394287190824, 'weight_2': 0.5371696628136282, 'weight_3': 0.2403662449657739, 'weight_4': 0.5624650307037482, 'weight_5': 0.186199020167713, 'weight_6': 0.49874502610291505, 'weight_7': 0.6182294883675459, 'weight_8': 0.305035305042876, 'weight_9': 0.06684118332154804}. Best is trial 196 with value: 0.6839674150457852.\n"
     ]
    },
    {
     "name": "stdout",
     "output_type": "stream",
     "text": [
      "Overall Stratified C-Index Score for Ensemble Model: 0.6840\n"
     ]
    },
    {
     "name": "stderr",
     "output_type": "stream",
     "text": [
      "[I 2025-03-02 08:35:21,286] Trial 197 finished with value: 0.6839169848382398 and parameters: {'weight_0': 0.6437257609605301, 'weight_1': 0.1719796401766709, 'weight_2': 0.5254442224883855, 'weight_3': 0.24594573546455378, 'weight_4': 0.4850127566032814, 'weight_5': 0.223426611424198, 'weight_6': 0.5275594102313975, 'weight_7': 0.6091263831492911, 'weight_8': 0.30310052484382444, 'weight_9': 0.06681946666028073}. Best is trial 196 with value: 0.6839674150457852.\n"
     ]
    },
    {
     "name": "stdout",
     "output_type": "stream",
     "text": [
      "Overall Stratified C-Index Score for Ensemble Model: 0.6839\n"
     ]
    },
    {
     "name": "stderr",
     "output_type": "stream",
     "text": [
      "[I 2025-03-02 08:35:21,808] Trial 198 finished with value: 0.6839206878728821 and parameters: {'weight_0': 0.6145263181129613, 'weight_1': 0.07569400737966374, 'weight_2': 0.5642358823177026, 'weight_3': 0.23524702278198117, 'weight_4': 0.5555539146801507, 'weight_5': 0.26876893945763025, 'weight_6': 0.49798138955572896, 'weight_7': 0.6187340444880657, 'weight_8': 0.20519430415531648, 'weight_9': 0.09797163417975797}. Best is trial 196 with value: 0.6839674150457852.\n"
     ]
    },
    {
     "name": "stdout",
     "output_type": "stream",
     "text": [
      "Overall Stratified C-Index Score for Ensemble Model: 0.6839\n"
     ]
    },
    {
     "name": "stderr",
     "output_type": "stream",
     "text": [
