      "[I 2025-03-02 08:33:37,351] Trial 0 finished with value: 0.6822095060319139 and parameters: {'weight_0': 0.32241307060547, 'weight_1': 0.9696563778907089, 'weight_2': 0.5825927965956849, 'weight_3': 0.5181396771172946, 'weight_4': 0.25521555038178884, 'weight_5': 0.9957709395011393, 'weight_6': 0.17346451455741152, 'weight_7': 0.8703327303951484, 'weight_8': 0.5334082518979284, 'weight_9': 0.5326679024150103}. Best is trial 0 with value: 0.6822095060319139.\n"
     ]
    },
    {
     "name": "stdout",
     "output_type": "stream",
     "text": [
      "Overall Stratified C-Index Score for Ensemble Model: 0.6822\n"
     ]
    },
    {
     "name": "stderr",
     "output_type": "stream",
     "text": [
      "[I 2025-03-02 08:33:37,811] Trial 1 finished with value: 0.6830167852555039 and parameters: {'weight_0': 0.6881901408208047, 'weight_1': 0.5112022334217491, 'weight_2': 0.734782137436165, 'weight_3': 0.25402206527334803, 'weight_4': 0.5338269428324214, 'weight_5': 0.3016385028714781, 'weight_6': 0.6350206567192315, 'weight_7': 0.254910287885111, 'weight_8': 0.8576976018985272, 'weight_9': 0.5016824520443255}. Best is trial 1 with value: 0.6830167852555039.\n"
     ]
    },
    {
     "name": "stdout",
     "output_type": "stream",
     "text": [
      "Overall Stratified C-Index Score for Ensemble Model: 0.6830\n"
     ]
    },
    {
     "name": "stderr",
     "output_type": "stream",
     "text": [
      "[I 2025-03-02 08:33:38,273] Trial 2 finished with value: 0.6819800935640461 and parameters: {'weight_0': 0.658771777597499, 'weight_1': 0.6772829617729946, 'weight_2': 0.24853988186104325, 'weight_3': 0.8135835678856611, 'weight_4': 0.4449671871692524, 'weight_5': 0.6077326725950356, 'weight_6': 0.11342251218181515, 'weight_7': 0.8315376911309638, 'weight_8': 0.776294828031606, 'weight_9': 0.7977523228237413}. Best is trial 1 with value: 0.6830167852555039.\n"
     ]
    },
    {
     "name": "stdout",
     "output_type": "stream",
     "text": [
      "Overall Stratified C-Index Score for Ensemble Model: 0.6820\n"
     ]
    },
    {
     "name": "stderr",
     "output_type": "stream",
     "text": [
      "[I 2025-03-02 08:33:38,732] Trial 3 finished with value: 0.682255429909724 and parameters: {'weight_0': 0.3392229995670744, 'weight_1': 0.36490578435490406, 'weight_2': 0.3836278073247899, 'weight_3': 0.9284821408642759, 'weight_4': 0.7418000251299245, 'weight_5': 0.3389020904937981, 'weight_6': 0.780119220689021, 'weight_7': 0.9193671025234135, 'weight_8': 0.1957182433749705, 'weight_9': 0.9909537866005443}. Best is trial 1 with value: 0.6830167852555039.\n"
     ]
    },
    {
     "name": "stdout",
     "output_type": "stream",
     "text": [
      "Overall Stratified C-Index Score for Ensemble Model: 0.6823\n"
     ]
    },
    {
     "name": "stderr",
     "output_type": "stream",
     "text": [
      "[I 2025-03-02 08:33:39,191] Trial 4 finished with value: 0.6779578957961812 and parameters: {'weight_0': 0.11200991657422141, 'weight_1': 0.48069316657972494, 'weight_2': 0.679643549131967, 'weight_3': 0.3494527378899766, 'weight_4': 0.9397474502203015, 'weight_5': 0.5525326798418588, 'weight_6': 0.07041524475987873, 'weight_7': 0.21896891454687395, 'weight_8': 0.9845854821990347, 'weight_9': 0.9649848831977119}. Best is trial 1 with value: 0.6830167852555039.\n"
     ]
    },
    {
     "name": "stdout",
     "output_type": "stream",
     "text": [
      "Overall Stratified C-Index Score for Ensemble Model: 0.6780\n"
     ]
    },
    {
     "name": "stderr",
     "output_type": "stream",
     "text": [
      "[I 2025-03-02 08:33:39,654] Trial 5 finished with value: 0.6831661669868869 and parameters: {'weight_0': 0.6692403122816947, 'weight_1': 0.9887464739670592, 'weight_2': 0.6164914414048114, 'weight_3': 0.4718961670366003, 'weight_4': 0.8207819656527537, 'weight_5': 0.6217844060969046, 'weight_6': 0.7636052995270513, 'weight_7': 0.18831628636202535, 'weight_8': 0.6842665630164573, 'weight_9': 0.28241548519972}. Best is trial 5 with value: 0.6831661669868869.\n"
     ]
    },
    {
     "name": "stdout",
     "output_type": "stream",
     "text": [
      "Overall Stratified C-Index Score for Ensemble Model: 0.6832\n"
     ]
    },
    {
     "name": "stderr",
     "output_type": "stream",
     "text": [
      "[I 2025-03-02 08:33:40,114] Trial 6 finished with value: 0.6815261046405345 and parameters: {'weight_0': 0.12483906757785718, 'weight_1': 0.7372612058701623, 'weight_2': 0.6514009985770928, 'weight_3': 0.38226163278674113, 'weight_4': 0.97984915192562, 'weight_5': 0.2742241100864242, 'weight_6': 0.5682377935098583, 'weight_7': 0.23694093254743165, 'weight_8': 0.6097054124086071, 'weight_9': 0.9047718238731906}. Best is trial 5 with value: 0.6831661669868869.\n"
     ]
    },
    {
     "name": "stdout",
     "output_type": "stream",
     "text": [
      "Overall Stratified C-Index Score for Ensemble Model: 0.6815\n"
     ]
    },
    {
     "name": "stderr",
     "output_type": "stream",
     "text": [
      "[I 2025-03-02 08:33:40,579] Trial 7 finished with value: 0.6814412653498712 and parameters: {'weight_0': 0.8361821727132024, 'weight_1': 0.13739416358810452, 'weight_2': 0.4602594626283802, 'weight_3': 0.7874828931534608, 'weight_4': 0.17107721338896864, 'weight_5': 0.32740186258649306, 'weight_6': 0.3168984979079584, 'weight_7': 0.14959172666088383, 'weight_8': 0.8827490838386627, 'weight_9': 0.3370452555397966}. Best is trial 5 with value: 0.6831661669868869.\n"
     ]
    },
    {
     "name": "stdout",
     "output_type": "stream",
     "text": [
      "Overall Stratified C-Index Score for Ensemble Model: 0.6814\n"
     ]
    },
    {
     "name": "stderr",
     "output_type": "stream",
     "text": [
      "[I 2025-03-02 08:33:41,048] Trial 8 finished with value: 0.68155096744322 and parameters: {'weight_0': 0.5486944844348847, 'weight_1': 0.057928415525320145, 'weight_2': 0.7566065181468145, 'weight_3': 0.9697361091480252, 'weight_4': 0.26282842927254957, 'weight_5': 0.6843486387743593, 'weight_6': 0.83335871080579, 'weight_7': 0.22980264847733628, 'weight_8': 0.3849679435616885, 'weight_9': 0.1366195362886354}. Best is trial 5 with value: 0.6831661669868869.\n"
     ]
    },
    {
     "name": "stdout",
     "output_type": "stream",
     "text": [
      "Overall Stratified C-Index Score for Ensemble Model: 0.6816\n"
     ]
    },
    {
     "name": "stderr",
     "output_type": "stream",
     "text": [
      "[I 2025-03-02 08:33:41,513] Trial 9 finished with value: 0.6821029591236845 and parameters: {'weight_0': 0.2692271069141767, 'weight_1': 0.89809614618305, 'weight_2': 0.8817049684723312, 'weight_3': 0.22791807978046047, 'weight_4': 0.13084477000669303, 'weight_5': 0.9477281368457998, 'weight_6': 0.7130909681409507, 'weight_7': 0.21071155004918812, 'weight_8': 0.8224137124757731, 'weight_9': 0.477845815318786}. Best is trial 5 with value: 0.6831661669868869.\n"
     ]
    },
    {
     "name": "stdout",
     "output_type": "stream",
     "text": [
      "Overall Stratified C-Index Score for Ensemble Model: 0.6821\n"
     ]
    },
    {
     "name": "stderr",
     "output_type": "stream",
     "text": [
      "[I 2025-03-02 08:33:42,026] Trial 10 finished with value: 0.6804179648707337 and parameters: {'weight_0': 0.9800495891565215, 'weight_1': 0.7704902131260668, 'weight_2': 0.07052776544542838, 'weight_3': 0.059477335725831915, 'weight_4': 0.7759793331483439, 'weight_5': 0.08142161445926133, 'weight_6': 0.359172385094908, 'weight_7': 0.5569055426878469, 'weight_8': 0.11256527613118839, 'weight_9': 0.08094985006914024}. Best is trial 5 with value: 0.6831661669868869.\n"
     ]
    },
    {
     "name": "stdout",
     "output_type": "stream",
     "text": [
      "Overall Stratified C-Index Score for Ensemble Model: 0.6804\n"
     ]
    },
    {
     "name": "stderr",
     "output_type": "stream",
     "text": [
      "[I 2025-03-02 08:33:42,534] Trial 11 finished with value: 0.6827979212470838 and parameters: {'weight_0': 0.6843313735039842, 'weight_1': 0.34908671127991786, 'weight_2': 0.9463988678565458, 'weight_3': 0.5929966976793262, 'weight_4': 0.5242284190475957, 'weight_5': 0.764281383488279, 'weight_6': 0.9975689478009966, 'weight_7': 0.44495543234827106, 'weight_8': 0.674538428034563, 'weight_9': 0.341278988928905}. Best is trial 5 with value: 0.6831661669868869.\n"
     ]
    },
    {
     "name": "stdout",
     "output_type": "stream",
     "text": [
      "Overall Stratified C-Index Score for Ensemble Model: 0.6828\n"
     ]
    },
    {
     "name": "stderr",
     "output_type": "stream",
     "text": [
      "[I 2025-03-02 08:33:43,039] Trial 12 finished with value: 0.6827562469703714 and parameters: {'weight_0': 0.7803902580907637, 'weight_1': 0.5586871548065258, 'weight_2': 0.7917308262833045, 'weight_3': 0.1798953321121754, 'weight_4': 0.7343953655500746, 'weight_5': 0.4517777730091911, 'weight_6': 0.5799269038010678, 'weight_7': 0.051896307451068796, 'weight_8': 0.39058654311264795, 'weight_9': 0.6420115445817249}. Best is trial 5 with value: 0.6831661669868869.\n"
     ]
    },
    {
     "name": "stdout",
     "output_type": "stream",
     "text": [
      "Overall Stratified C-Index Score for Ensemble Model: 0.6828\n"
     ]
    },
    {
     "name": "stderr",
     "output_type": "stream",
     "text": [
      "[I 2025-03-02 08:33:43,547] Trial 13 finished with value: 0.6836430437026413 and parameters: {'weight_0': 0.5011281210288715, 'weight_1': 0.5503598720729839, 'weight_2': 0.516049735511354, 'weight_3': 0.5375511595564803, 'weight_4': 0.619859395613209, 'weight_5': 0.08422320973234004, 'weight_6': 0.9336182350242866, 'weight_7': 0.40180102509451765, 'weight_8': 0.7114444374283909, 'weight_9': 0.2947509055951489}. Best is trial 13 with value: 0.6836430437026413.\n"
     ]
    },
    {
     "name": "stdout",
     "output_type": "stream",
     "text": [
      "Overall Stratified C-Index Score for Ensemble Model: 0.6836\n"
     ]
    },
    {
     "name": "stderr",
     "output_type": "stream",
     "text": [
      "[I 2025-03-02 08:33:44,063] Trial 14 finished with value: 0.6835737370140339 and parameters: {'weight_0': 0.5192495387991728, 'weight_1': 0.8448401676821948, 'weight_2': 0.352192993222476, 'weight_3': 0.585079837957645, 'weight_4': 0.620162246278821, 'weight_5': 0.06523633268797588, 'weight_6': 0.999171155743321, 'weight_7': 0.4527115292230081, 'weight_8': 0.6510284662175715, 'weight_9': 0.23821727753681662}. Best is trial 13 with value: 0.6836430437026413.\n"
     ]
    },
    {
     "name": "stdout",
     "output_type": "stream",
     "text": [
      "Overall Stratified C-Index Score for Ensemble Model: 0.6836\n"
     ]
    },
    {
     "name": "stderr",
     "output_type": "stream",
     "text": [
      "[I 2025-03-02 08:33:44,578] Trial 15 finished with value: 0.6835263313215957 and parameters: {'weight_0': 0.4584320358419779, 'weight_1': 0.8226604059805496, 'weight_2': 0.34394660063569704, 'weight_3': 0.6763032890927729, 'weight_4': 0.6227171562342774, 'weight_5': 0.05676109053229518, 'weight_6': 0.9580469846926101, 'weight_7': 0.47502262639041026, 'weight_8': 0.4195623706770395, 'weight_9': 0.19396069277663208}. Best is trial 13 with value: 0.6836430437026413.\n"
     ]
    },
    {
     "name": "stdout",
     "output_type": "stream",
     "text": [
      "Overall Stratified C-Index Score for Ensemble Model: 0.6835\n"
     ]
    },
    {
     "name": "stderr",
     "output_type": "stream",
     "text": [
      "[I 2025-03-02 08:33:45,087] Trial 16 finished with value: 0.6833942825512949 and parameters: {'weight_0': 0.48451576711131267, 'weight_1': 0.6664161705196072, 'weight_2': 0.2025080969774432, 'weight_3': 0.6398563940244546, 'weight_4': 0.4286787489353298, 'weight_5': 0.17096468610111795, 'weight_6': 0.9158540687903594, 'weight_7': 0.6469864658746752, 'weight_8': 0.5270496567045289, 'weight_9': 0.22061774357610364}. Best is trial 13 with value: 0.6836430437026413.\n"
     ]
    },
    {
     "name": "stdout",
     "output_type": "stream",
     "text": [
      "Overall Stratified C-Index Score for Ensemble Model: 0.6834\n"
     ]
    },
    {
     "name": "stderr",
     "output_type": "stream",
     "text": [
      "[I 2025-03-02 08:33:45,638] Trial 17 finished with value: 0.6819134367088858 and parameters: {'weight_0': 0.3977038429005753, 'weight_1': 0.2718720239386109, 'weight_2': 0.48844953601773433, 'weight_3': 0.748010776133976, 'weight_4': 0.588880848258098, 'weight_5': 0.16956934229039436, 'weight_6': 0.4471405181709263, 'weight_7': 0.3798335616681042, 'weight_8': 0.7007855823372484, 'weight_9': 0.3893399980164601}. Best is trial 13 with value: 0.6836430437026413.\n"
     ]
    },
    {
     "name": "stdout",
     "output_type": "stream",
     "text": [
      "Overall Stratified C-Index Score for Ensemble Model: 0.6819\n"
     ]
    },
    {
     "name": "stderr",
     "output_type": "stream",
     "text": [
      "[I 2025-03-02 08:33:46,152] Trial 18 finished with value: 0.6835849224865973 and parameters: {'weight_0': 0.5538861461272565, 'weight_1': 0.6055052956420004, 'weight_2': 0.3772785246831465, 'weight_3': 0.43238345801295275, 'weight_4': 0.35923723937050256, 'weight_5': 0.44743313371930815, 'weight_6': 0.8690301779480362, 'weight_7': 0.6295245746059437, 'weight_8': 0.9875588515090764, 'weight_9': 0.054943836102140015}. Best is trial 13 with value: 0.6836430437026413.\n"
     ]
    },
    {
     "name": "stdout",
     "output_type": "stream",
     "text": [
      "Overall Stratified C-Index Score for Ensemble Model: 0.6836\n"
     ]
    },
    {
     "name": "stderr",
     "output_type": "stream",
     "text": [
      "[I 2025-03-02 08:33:46,670] Trial 19 finished with value: 0.6835196890241646 and parameters: {'weight_0': 0.221561122957182, 'weight_1': 0.5994302932381607, 'weight_2': 0.21133704684331373, 'weight_3': 0.4215772110814859, 'weight_4': 0.3311411731811855, 'weight_5': 0.4361082787803732, 'weight_6': 0.8825902308463851, 'weight_7': 0.6965438270495209, 'weight_8': 0.977900164391487, 'weight_9': 0.05470706495240363}. Best is trial 13 with value: 0.6836430437026413.\n"
     ]
    },
    {
     "name": "stdout",
     "output_type": "stream",
     "text": [
      "Overall Stratified C-Index Score for Ensemble Model: 0.6835\n"
     ]
    },
    {
     "name": "stderr",
     "output_type": "stream",
     "text": [
      "[I 2025-03-02 08:33:47,186] Trial 20 finished with value: 0.6832169665335145 and parameters: {'weight_0': 0.5656119956698972, 'weight_1': 0.461458585197566, 'weight_2': 0.5311074449220408, 'weight_3': 0.31572217957291343, 'weight_4': 0.3465026821713799, 'weight_5': 0.8186087238016204, 'weight_6': 0.6648127028090309, 'weight_7': 0.7021196330070236, 'weight_8': 0.9271040202980867, 'weight_9': 0.1575892315280851}. Best is trial 13 with value: 0.6836430437026413.\n"
     ]
    },
    {
     "name": "stdout",
     "output_type": "stream",
     "text": [
      "Overall Stratified C-Index Score for Ensemble Model: 0.6832\n"
     ]
    },
    {
     "name": "stderr",
     "output_type": "stream",
     "text": [
      "[I 2025-03-02 08:33:47,700] Trial 21 finished with value: 0.6835735435093748 and parameters: {'weight_0': 0.584734672107823, 'weight_1': 0.834977424272652, 'weight_2': 0.3945396191713756, 'weight_3': 0.5607452931129079, 'weight_4': 0.6679813169407292, 'weight_5': 0.17854001154302568, 'weight_6': 0.8581017841640168, 'weight_7': 0.3717600418100665, 'weight_8': 0.7655136737492174, 'weight_9': 0.261193421670377}. Best is trial 13 with value: 0.6836430437026413.\n"
     ]
    },
    {
     "name": "stdout",
     "output_type": "stream",
     "text": [
      "Overall Stratified C-Index Score for Ensemble Model: 0.6836\n"
     ]
    },
    {
     "name": "stderr",
     "output_type": "stream",
     "text": [
      "[I 2025-03-02 08:33:48,221] Trial 22 finished with value: 0.68348649407231 and parameters: {'weight_0': 0.4312811105267913, 'weight_1': 0.6476159844680099, 'weight_2': 0.29398781948582575, 'weight_3': 0.46985717843402175, 'weight_4': 0.44956112102775403, 'weight_5': 0.21890180536019366, 'weight_6': 0.971232511033833, 'weight_7': 0.5825176743136639, 'weight_8': 0.619591614605169, 'weight_9': 0.4225444412615715}. Best is trial 13 with value: 0.6836430437026413.\n"
     ]
    },
    {
     "name": "stdout",
     "output_type": "stream",
     "text": [
      "Overall Stratified C-Index Score for Ensemble Model: 0.6835\n"
     ]
    },
    {
     "name": "stderr",
     "output_type": "stream",
     "text": [
      "[I 2025-03-02 08:33:48,742] Trial 23 finished with value: 0.6836683488688056 and parameters: {'weight_0': 0.5120729006909095, 'weight_1': 0.37075121189005394, 'weight_2': 0.12367711391659536, 'weight_3': 0.6825500455349768, 'weight_4': 0.6673775227640509, 'weight_5': 0.0849789524281063, 'weight_6': 0.8090743080614803, 'weight_7': 0.3335127424772618, 'weight_8': 0.4815603555252522, 'weight_9': 0.13609613630454037}. Best is trial 23 with value: 0.6836683488688056.\n"
     ]
    },
    {
     "name": "stdout",
     "output_type": "stream",
     "text": [
      "Overall Stratified C-Index Score for Ensemble Model: 0.6837\n"
     ]
    },
    {
     "name": "stderr",
     "output_type": "stream",
     "text": [
      "[I 2025-03-02 08:33:49,253] Trial 24 finished with value: 0.6835245130502533 and parameters: {'weight_0': 0.7952462498696743, 'weight_1': 0.397312955957299, 'weight_2': 0.08601901192266276, 'weight_3': 0.681076167780163, 'weight_4': 0.8656110223902256, 'weight_5': 0.41830450145745324, 'weight_6': 0.7963612193825406, 'weight_7': 0.33352400131445675, 'weight_8': 0.3357747070736233, 'weight_9': 0.12022256698401591}. Best is trial 23 with value: 0.6836683488688056.\n"
     ]
    },
    {
     "name": "stdout",
     "output_type": "stream",
     "text": [
      "Overall Stratified C-Index Score for Ensemble Model: 0.6835\n"
     ]
    },
    {
     "name": "stderr",
     "output_type": "stream",
     "text": [
      "[I 2025-03-02 08:33:49,764] Trial 25 finished with value: 0.6834801776548565 and parameters: {'weight_0': 0.3709947139154768, 'weight_1': 0.2919311412344249, 'weight_2': 0.1384366026796785, 'weight_3': 0.8507470158719375, 'weight_4': 0.5117672643519502, 'weight_5': 0.12615872880268947, 'weight_6': 0.7131022907672633, 'weight_7': 0.7705109315214509, 'weight_8': 0.26655156585865014, 'weight_9': 0.15372435942896617}. Best is trial 23 with value: 0.6836683488688056.\n"
     ]
    },
    {
     "name": "stdout",
     "output_type": "stream",
     "text": [
      "Overall Stratified C-Index Score for Ensemble Model: 0.6835\n"
     ]
    },
    {
     "name": "stderr",
     "output_type": "stream",
     "text": [
      "[I 2025-03-02 08:33:50,274] Trial 26 finished with value: 0.683305904327129 and parameters: {'weight_0': 0.5977774721335224, 'weight_1': 0.22437359875931318, 'weight_2': 0.4557267128312812, 'weight_3': 0.7054015285857704, 'weight_4': 0.06746366594644015, 'weight_5': 0.2685005558478448, 'weight_6': 0.8870367818081619, 'weight_7': 0.3295070004302208, 'weight_8': 0.47695898013779126, 'weight_9': 0.05193072498527798}. Best is trial 23 with value: 0.6836683488688056.\n"
     ]
    },
    {
     "name": "stdout",
     "output_type": "stream",
     "text": [
      "Overall Stratified C-Index Score for Ensemble Model: 0.6833\n"
     ]
    },
    {
     "name": "stderr",
     "output_type": "stream",
     "text": [
      "[I 2025-03-02 08:33:50,784] Trial 27 finished with value: 0.6824067666560539 and parameters: {'weight_0': 0.49864089041256193, 'weight_1': 0.4231349610421753, 'weight_2': 0.5551722583335712, 'weight_3': 0.506220266467789, 'weight_4': 0.7043417176580977, 'weight_5': 0.38923615964378955, 'weight_6': 0.4697249113792649, 'weight_7': 0.5202373616115943, 'weight_8': 0.5628534970927646, 'weight_9': 0.6691304198595235}. Best is trial 23 with value: 0.6836683488688056.\n"
     ]
    },
    {
     "name": "stdout",
     "output_type": "stream",
     "text": [
      "Overall Stratified C-Index Score for Ensemble Model: 0.6824\n"
     ]
    },
    {
     "name": "stderr",
     "output_type": "stream",
     "text": [
      "[I 2025-03-02 08:33:51,295] Trial 28 finished with value: 0.6835195834118624 and parameters: {'weight_0': 0.20665742033027806, 'weight_1': 0.5345048053727908, 'weight_2': 0.2929867517723438, 'weight_3': 0.41003368392132084, 'weight_4': 0.4015118204541504, 'weight_5': 0.12789526514829325, 'weight_6': 0.7266744033295153, 'weight_7': 0.6254920336973235, 'weight_8': 0.7690460961190337, 'weight_9': 0.3185918788800759}. Best is trial 23 with value: 0.6836683488688056.\n"
     ]
    },
    {
     "name": "stdout",
     "output_type": "stream",
     "text": [
      "Overall Stratified C-Index Score for Ensemble Model: 0.6835\n"
     ]
    },
    {
     "name": "stderr",
     "output_type": "stream",
     "text": [
      "[I 2025-03-02 08:33:51,808] Trial 29 finished with value: 0.682587322549816 and parameters: {'weight_0': 0.33211958163356015, 'weight_1': 0.5956945013196696, 'weight_2': 0.1490573063879523, 'weight_3': 0.5277668184705707, 'weight_4': 0.2401807511757634, 'weight_5': 0.5187479365398044, 'weight_6': 0.8273143133855491, 'weight_7': 0.40533379899397715, 'weight_8': 0.5061053040175123, 'weight_9': 0.5815227878060473}. Best is trial 23 with value: 0.6836683488688056.\n"
     ]
    },
    {
     "name": "stdout",
     "output_type": "stream",
     "text": [
      "Overall Stratified C-Index Score for Ensemble Model: 0.6826\n"
     ]
    },
    {
     "name": "stderr",
     "output_type": "stream",
     "text": [
