      "[I 2025-02-25 22:38:14,428] Trial 150 finished with value: 0.6816223402557355 and parameters: {'weight_0': 0.6050905284727114, 'weight_1': 0.1899394333932059, 'weight_2': 0.8441607265509431, 'weight_3': 0.21167946315427635, 'weight_4': 0.770673289724522, 'weight_5': 0.1644417267144164, 'weight_6': 0.46643336873106717, 'weight_7': 0.7170077405241659, 'weight_8': 0.9098132604914594, 'weight_9': 0.22095741809294586}. Best is trial 136 with value: 0.6816495372901298.\n"
     ]
    },
    {
     "name": "stdout",
     "output_type": "stream",
     "text": [
      "Overall Stratified C-Index Score for Ensemble Model: 0.6816\n"
     ]
    },
    {
     "name": "stderr",
     "output_type": "stream",
     "text": [
      "[I 2025-02-25 22:38:14,910] Trial 151 finished with value: 0.6816054212933752 and parameters: {'weight_0': 0.5851300663033282, 'weight_1': 0.183123263896343, 'weight_2': 0.8461454740434591, 'weight_3': 0.22361869918015714, 'weight_4': 0.7699574535192367, 'weight_5': 0.21198343348342716, 'weight_6': 0.47191663859944, 'weight_7': 0.717857922027478, 'weight_8': 0.9207568114662906, 'weight_9': 0.17867902389665144}. Best is trial 136 with value: 0.6816495372901298.\n"
     ]
    },
    {
     "name": "stdout",
     "output_type": "stream",
     "text": [
      "Overall Stratified C-Index Score for Ensemble Model: 0.6816\n"
     ]
    },
    {
     "name": "stderr",
     "output_type": "stream",
     "text": [
      "[I 2025-02-25 22:38:15,391] Trial 152 finished with value: 0.6816112580808343 and parameters: {'weight_0': 0.5524365881308501, 'weight_1': 0.21270730192144666, 'weight_2': 0.8763406523657746, 'weight_3': 0.2046145289001913, 'weight_4': 0.7205839024864208, 'weight_5': 0.17088851642897698, 'weight_6': 0.45018113596747494, 'weight_7': 0.7819578557910085, 'weight_8': 0.8995942561926143, 'weight_9': 0.22986856776520834}. Best is trial 136 with value: 0.6816495372901298.\n"
     ]
    },
    {
     "name": "stdout",
     "output_type": "stream",
     "text": [
      "Overall Stratified C-Index Score for Ensemble Model: 0.6816\n"
     ]
    },
    {
     "name": "stderr",
     "output_type": "stream",
     "text": [
      "[I 2025-02-25 22:38:15,875] Trial 153 finished with value: 0.6816089571539672 and parameters: {'weight_0': 0.6097584493190451, 'weight_1': 0.1663023506092698, 'weight_2': 0.8837376138984643, 'weight_3': 0.24264604306212703, 'weight_4': 0.7156640591326454, 'weight_5': 0.22696524169146806, 'weight_6': 0.4564987408632501, 'weight_7': 0.7800562389410256, 'weight_8': 0.9161528860526307, 'weight_9': 0.23080720234991176}. Best is trial 136 with value: 0.6816495372901298.\n"
     ]
    },
    {
     "name": "stdout",
     "output_type": "stream",
     "text": [
      "Overall Stratified C-Index Score for Ensemble Model: 0.6816\n"
     ]
    },
    {
     "name": "stderr",
     "output_type": "stream",
     "text": [
      "[I 2025-02-25 22:38:16,357] Trial 154 finished with value: 0.6815952152318742 and parameters: {'weight_0': 0.5390912047663666, 'weight_1': 0.19704170423315737, 'weight_2': 0.8768625592980741, 'weight_3': 0.24339083465103617, 'weight_4': 0.737416505693634, 'weight_5': 0.16821221227614025, 'weight_6': 0.4130415237599497, 'weight_7': 0.7808574869947513, 'weight_8': 0.9026232139449135, 'weight_9': 0.2170685108710681}. Best is trial 136 with value: 0.6816495372901298.\n"
     ]
    },
    {
     "name": "stdout",
     "output_type": "stream",
     "text": [
      "Overall Stratified C-Index Score for Ensemble Model: 0.6816\n"
     ]
    },
    {
     "name": "stderr",
     "output_type": "stream",
     "text": [
      "[I 2025-02-25 22:38:16,837] Trial 155 finished with value: 0.6816025654466557 and parameters: {'weight_0': 0.5569795806018678, 'weight_1': 0.15626457877183558, 'weight_2': 0.8596823284524788, 'weight_3': 0.2064187031024803, 'weight_4': 0.69254952476612, 'weight_5': 0.2248637907635614, 'weight_6': 0.47841936449994465, 'weight_7': 0.7615081734724711, 'weight_8': 0.8963483161649615, 'weight_9': 0.2353586769558555}. Best is trial 136 with value: 0.6816495372901298.\n"
     ]
    },
    {
     "name": "stdout",
     "output_type": "stream",
     "text": [
      "Overall Stratified C-Index Score for Ensemble Model: 0.6816\n"
     ]
    },
    {
     "name": "stderr",
     "output_type": "stream",
     "text": [
      "[I 2025-02-25 22:38:17,317] Trial 156 finished with value: 0.681578181987709 and parameters: {'weight_0': 0.6126005288863501, 'weight_1': 0.2047492555637393, 'weight_2': 0.9636041209958214, 'weight_3': 0.26380549834030054, 'weight_4': 0.7238307372347544, 'weight_5': 0.1640369769268083, 'weight_6': 0.45246560190240737, 'weight_7': 0.6686693583705334, 'weight_8': 0.9251751726286779, 'weight_9': 0.20956908372923988}. Best is trial 136 with value: 0.6816495372901298.\n"
     ]
    },
    {
     "name": "stdout",
     "output_type": "stream",
     "text": [
      "Overall Stratified C-Index Score for Ensemble Model: 0.6816\n"
     ]
    },
    {
     "name": "stderr",
     "output_type": "stream",
     "text": [
      "[I 2025-02-25 22:38:17,796] Trial 157 finished with value: 0.68162116842222 and parameters: {'weight_0': 0.5959562998106605, 'weight_1': 0.18367531015194777, 'weight_2': 0.9241135269870211, 'weight_3': 0.15409898699184704, 'weight_4': 0.7462275462539258, 'weight_5': 0.20138894917754296, 'weight_6': 0.43906595808840493, 'weight_7': 0.7845674558265185, 'weight_8': 0.9471040294424994, 'weight_9': 0.13364352409662764}. Best is trial 136 with value: 0.6816495372901298.\n"
     ]
    },
    {
     "name": "stdout",
     "output_type": "stream",
     "text": [
      "Overall Stratified C-Index Score for Ensemble Model: 0.6816\n"
     ]
    },
    {
     "name": "stderr",
     "output_type": "stream",
     "text": [
      "[I 2025-02-25 22:38:18,279] Trial 158 finished with value: 0.6816349859530264 and parameters: {'weight_0': 0.631955448998509, 'weight_1': 0.21607153418463398, 'weight_2': 0.8327260856445686, 'weight_3': 0.13142081047341164, 'weight_4': 0.7606328628099991, 'weight_5': 0.201797849376628, 'weight_6': 0.38080846975943916, 'weight_7': 0.7282760113243026, 'weight_8': 0.9394107539194897, 'weight_9': 0.13046178965465444}. Best is trial 136 with value: 0.6816495372901298.\n"
     ]
    },
    {
     "name": "stdout",
     "output_type": "stream",
     "text": [
      "Overall Stratified C-Index Score for Ensemble Model: 0.6816\n"
     ]
    },
    {
     "name": "stderr",
     "output_type": "stream",
     "text": [
      "[I 2025-02-25 22:38:18,761] Trial 159 finished with value: 0.6814783637675731 and parameters: {'weight_0': 0.6295021511156954, 'weight_1': 0.13211984288750112, 'weight_2': 0.9090775589835726, 'weight_3': 0.15813116967678192, 'weight_4': 0.7472414180105343, 'weight_5': 0.6398316959434831, 'weight_6': 0.38083457389061837, 'weight_7': 0.7149417025806042, 'weight_8': 0.9519325715742363, 'weight_9': 0.05091832305576614}. Best is trial 136 with value: 0.6816495372901298.\n"
     ]
    },
    {
     "name": "stdout",
     "output_type": "stream",
     "text": [
      "Overall Stratified C-Index Score for Ensemble Model: 0.6815\n"
     ]
    },
    {
     "name": "stderr",
     "output_type": "stream",
     "text": [
      "[I 2025-02-25 22:38:19,248] Trial 160 finished with value: 0.6815041116065969 and parameters: {'weight_0': 0.5949240965719659, 'weight_1': 0.11574620759287987, 'weight_2': 0.7970475844876591, 'weight_3': 0.5673316492598487, 'weight_4': 0.7708616820122942, 'weight_5': 0.12085510968390185, 'weight_6': 0.35918641991578, 'weight_7': 0.7350582944647265, 'weight_8': 0.9413361212670155, 'weight_9': 0.11352079762950021}. Best is trial 136 with value: 0.6816495372901298.\n"
     ]
    },
    {
     "name": "stdout",
     "output_type": "stream",
     "text": [
      "Overall Stratified C-Index Score for Ensemble Model: 0.6815\n"
     ]
    },
    {
     "name": "stderr",
     "output_type": "stream",
     "text": [
      "[I 2025-02-25 22:38:19,729] Trial 161 finished with value: 0.681623978319077 and parameters: {'weight_0': 0.5727769564824593, 'weight_1': 0.17948323901570795, 'weight_2': 0.9546948155381819, 'weight_3': 0.1328779191263479, 'weight_4': 0.7552006299527312, 'weight_5': 0.20137787083950998, 'weight_6': 0.42746053057151784, 'weight_7': 0.7879342547175505, 'weight_8': 0.8953907422876918, 'weight_9': 0.09533659984456148}. Best is trial 136 with value: 0.6816495372901298.\n"
     ]
    },
    {
     "name": "stdout",
     "output_type": "stream",
     "text": [
      "Overall Stratified C-Index Score for Ensemble Model: 0.6816\n"
     ]
    },
    {
     "name": "stderr",
     "output_type": "stream",
     "text": [
      "[I 2025-02-25 22:38:20,213] Trial 162 finished with value: 0.6816316037224747 and parameters: {'weight_0': 0.5642142535948789, 'weight_1': 0.23041555949507042, 'weight_2': 0.94547949855701, 'weight_3': 0.13370658212540332, 'weight_4': 0.764358233073612, 'weight_5': 0.18001529182472492, 'weight_6': 0.4114043789538821, 'weight_7': 0.7927807453540092, 'weight_8': 0.8953664244569614, 'weight_9': 0.08866904679820119}. Best is trial 136 with value: 0.6816495372901298.\n"
     ]
    },
    {
     "name": "stdout",
     "output_type": "stream",
     "text": [
      "Overall Stratified C-Index Score for Ensemble Model: 0.6816\n"
     ]
    },
    {
     "name": "stderr",
     "output_type": "stream",
     "text": [
      "[I 2025-02-25 22:38:20,694] Trial 163 finished with value: 0.6816297943299727 and parameters: {'weight_0': 0.5689495381720474, 'weight_1': 0.2074631434844026, 'weight_2': 0.8253210311277085, 'weight_3': 0.12009987042572759, 'weight_4': 0.7396744520613601, 'weight_5': 0.2028169914016309, 'weight_6': 0.4361328569987461, 'weight_7': 0.7935439983899373, 'weight_8': 0.8934973421118075, 'weight_9': 0.0903275550465238}. Best is trial 136 with value: 0.6816495372901298.\n"
     ]
    },
    {
     "name": "stdout",
     "output_type": "stream",
     "text": [
      "Overall Stratified C-Index Score for Ensemble Model: 0.6816\n"
     ]
    },
    {
     "name": "stderr",
     "output_type": "stream",
     "text": [
      "[I 2025-02-25 22:38:21,176] Trial 164 finished with value: 0.6816260917559055 and parameters: {'weight_0': 0.5935410988734063, 'weight_1': 0.2196357159828227, 'weight_2': 0.9272353625505371, 'weight_3': 0.13209949206872845, 'weight_4': 0.7539865780233213, 'weight_5': 0.2067658954372543, 'weight_6': 0.41964098285590684, 'weight_7': 0.844927566974014, 'weight_8': 0.8886216060628509, 'weight_9': 0.08250440383440116}. Best is trial 136 with value: 0.6816495372901298.\n"
     ]
    },
    {
     "name": "stdout",
     "output_type": "stream",
     "text": [
      "Overall Stratified C-Index Score for Ensemble Model: 0.6816\n"
     ]
    },
    {
     "name": "stderr",
     "output_type": "stream",
     "text": [
      "[I 2025-02-25 22:38:21,658] Trial 165 finished with value: 0.6813332966542165 and parameters: {'weight_0': 0.5716895110837522, 'weight_1': 0.21908699383618968, 'weight_2': 0.9589086315692034, 'weight_3': 0.13208677205267633, 'weight_4': 0.791835993997836, 'weight_5': 0.20836224115606228, 'weight_6': 0.42257858604878135, 'weight_7': 0.8369457353997143, 'weight_8': 0.12717691323864522, 'weight_9': 0.0806461483608651}. Best is trial 136 with value: 0.6816495372901298.\n"
     ]
    },
    {
     "name": "stdout",
     "output_type": "stream",
     "text": [
      "Overall Stratified C-Index Score for Ensemble Model: 0.6813\n"
     ]
    },
    {
     "name": "stderr",
     "output_type": "stream",
     "text": [
      "[I 2025-02-25 22:38:22,168] Trial 166 finished with value: 0.6816301228142725 and parameters: {'weight_0': 0.5838889564067842, 'weight_1': 0.18584001598117902, 'weight_2': 0.9264679762527559, 'weight_3': 0.12219413807610749, 'weight_4': 0.7511558506479128, 'weight_5': 0.19882458977278017, 'weight_6': 0.43335761336910056, 'weight_7': 0.8306205716882408, 'weight_8': 0.8881767340079098, 'weight_9': 0.13781354519411196}. Best is trial 136 with value: 0.6816495372901298.\n"
     ]
    },
    {
     "name": "stdout",
     "output_type": "stream",
     "text": [
      "Overall Stratified C-Index Score for Ensemble Model: 0.6816\n"
     ]
    },
    {
     "name": "stderr",
     "output_type": "stream",
     "text": [
      "[I 2025-02-25 22:38:22,648] Trial 167 finished with value: 0.6816352058347426 and parameters: {'weight_0': 0.5925586206069138, 'weight_1': 0.24559088849677296, 'weight_2': 0.9425345138569269, 'weight_3': 0.11813746109289675, 'weight_4': 0.7569690115075642, 'weight_5': 0.15499179175677416, 'weight_6': 0.40280307808933313, 'weight_7': 0.86928277374648, 'weight_8': 0.9616891772073028, 'weight_9': 0.13334145931334707}. Best is trial 136 with value: 0.6816495372901298.\n"
     ]
    },
    {
     "name": "stdout",
     "output_type": "stream",
     "text": [
      "Overall Stratified C-Index Score for Ensemble Model: 0.6816\n"
     ]
    },
    {
     "name": "stderr",
     "output_type": "stream",
     "text": [
      "[I 2025-02-25 22:38:23,129] Trial 168 finished with value: 0.6816385745684673 and parameters: {'weight_0': 0.586690980276873, 'weight_1': 0.2358537566912474, 'weight_2': 0.9488293041690485, 'weight_3': 0.11588455916933114, 'weight_4': 0.7501440812952405, 'weight_5': 0.18113094485516115, 'weight_6': 0.38731051080841256, 'weight_7': 0.8795287768059199, 'weight_8': 0.9681019700537004, 'weight_9': 0.13135747182425758}. Best is trial 136 with value: 0.6816495372901298.\n"
     ]
    },
    {
     "name": "stdout",
     "output_type": "stream",
     "text": [
      "Overall Stratified C-Index Score for Ensemble Model: 0.6816\n"
     ]
    },
    {
     "name": "stderr",
     "output_type": "stream",
     "text": [
      "[I 2025-02-25 22:38:23,612] Trial 169 finished with value: 0.681634110015943 and parameters: {'weight_0': 0.5781822658294344, 'weight_1': 0.2422393744761473, 'weight_2': 0.9332011572881991, 'weight_3': 0.12140850930214547, 'weight_4': 0.7505250241570042, 'weight_5': 0.1558240787839179, 'weight_6': 0.3929101327528316, 'weight_7': 0.8788428788018694, 'weight_8': 0.9754266395618985, 'weight_9': 0.1388878144951413}. Best is trial 136 with value: 0.6816495372901298.\n"
     ]
    },
    {
     "name": "stdout",
     "output_type": "stream",
     "text": [
      "Overall Stratified C-Index Score for Ensemble Model: 0.6816\n"
     ]
    },
    {
     "name": "stderr",
     "output_type": "stream",
     "text": [
      "[I 2025-02-25 22:38:24,095] Trial 170 finished with value: 0.6816378054176626 and parameters: {'weight_0': 0.5814336464323276, 'weight_1': 0.245381171088741, 'weight_2': 0.9357276759547263, 'weight_3': 0.12046351444738136, 'weight_4': 0.7559315100747267, 'weight_5': 0.15189660496513613, 'weight_6': 0.3706291064165762, 'weight_7': 0.8769663399885851, 'weight_8': 0.9677779432864883, 'weight_9': 0.1372661074222604}. Best is trial 136 with value: 0.6816495372901298.\n"
     ]
    },
    {
     "name": "stdout",
     "output_type": "stream",
     "text": [
      "Overall Stratified C-Index Score for Ensemble Model: 0.6816\n"
     ]
    },
    {
     "name": "stderr",
     "output_type": "stream",
     "text": [
      "[I 2025-02-25 22:38:24,578] Trial 171 finished with value: 0.6816349742682996 and parameters: {'weight_0': 0.5881257765004424, 'weight_1': 0.238363159613402, 'weight_2': 0.9300502236252448, 'weight_3': 0.11893303758987277, 'weight_4': 0.7517234981449987, 'weight_5': 0.15195728292165472, 'weight_6': 0.3972811055430295, 'weight_7': 0.8828224339266769, 'weight_8': 0.9768731746184577, 'weight_9': 0.13384557002439382}. Best is trial 136 with value: 0.6816495372901298.\n"
     ]
    },
    {
     "name": "stdout",
     "output_type": "stream",
     "text": [
      "Overall Stratified C-Index Score for Ensemble Model: 0.6816\n"
     ]
    },
    {
     "name": "stderr",
     "output_type": "stream",
     "text": [
      "[I 2025-02-25 22:38:25,060] Trial 172 finished with value: 0.6816126641324134 and parameters: {'weight_0': 0.5655639582370369, 'weight_1': 0.302612489280004, 'weight_2': 0.9899212204125737, 'weight_3': 0.1220739601907884, 'weight_4': 0.7488089542286115, 'weight_5': 0.14970841600255197, 'weight_6': 0.3634183405883912, 'weight_7': 0.8783281713439272, 'weight_8': 0.9686706352366732, 'weight_9': 0.07630303844501278}. Best is trial 136 with value: 0.6816495372901298.\n"
     ]
    },
    {
     "name": "stdout",
     "output_type": "stream",
     "text": [
      "Overall Stratified C-Index Score for Ensemble Model: 0.6816\n"
     ]
    },
    {
     "name": "stderr",
     "output_type": "stream",
     "text": [
      "[I 2025-02-25 22:38:25,543] Trial 173 finished with value: 0.6816303186770359 and parameters: {'weight_0': 0.5446726246442888, 'weight_1': 0.24246964666463827, 'weight_2': 0.9431646673701999, 'weight_3': 0.12064621894655683, 'weight_4': 0.76930691660305, 'weight_5': 0.09759019429401591, 'weight_6': 0.3996313960411373, 'weight_7': 0.8707242722981612, 'weight_8': 0.969740238530635, 'weight_9': 0.11197575652256679}. Best is trial 136 with value: 0.6816495372901298.\n"
     ]
    },
    {
     "name": "stdout",
     "output_type": "stream",
     "text": [
      "Overall Stratified C-Index Score for Ensemble Model: 0.6816\n"
     ]
    },
    {
     "name": "stderr",
     "output_type": "stream",
     "text": [
      "[I 2025-02-25 22:38:26,028] Trial 174 finished with value: 0.6816303953404564 and parameters: {'weight_0': 0.5331104918380762, 'weight_1': 0.24451960993496885, 'weight_2': 0.9482234529183926, 'weight_3': 0.11678122694757224, 'weight_4': 0.7623169087471466, 'weight_5': 0.12226017998860059, 'weight_6': 0.324317697148703, 'weight_7': 0.8720642832124815, 'weight_8': 0.979954008042537, 'weight_9': 0.10182705395068928}. Best is trial 136 with value: 0.6816495372901298.\n"
     ]
    },
    {
     "name": "stdout",
     "output_type": "stream",
     "text": [
      "Overall Stratified C-Index Score for Ensemble Model: 0.6816\n"
     ]
    },
    {
     "name": "stderr",
     "output_type": "stream",
     "text": [
      "[I 2025-02-25 22:38:26,510] Trial 175 finished with value: 0.6816298854541646 and parameters: {'weight_0': 0.5366509374573011, 'weight_1': 0.24727360151170802, 'weight_2': 0.9495232933211415, 'weight_3': 0.11881698225768376, 'weight_4': 0.7755846118862109, 'weight_5': 0.10366520327775736, 'weight_6': 0.39622556103558404, 'weight_7': 0.8734585453294418, 'weight_8': 0.9667920022786218, 'weight_9': 0.10481130236137651}. Best is trial 136 with value: 0.6816495372901298.\n"
     ]
    },
    {
     "name": "stdout",
     "output_type": "stream",
     "text": [
      "Overall Stratified C-Index Score for Ensemble Model: 0.6816\n"
     ]
    },
    {
     "name": "stderr",
     "output_type": "stream",
     "text": [
      "[I 2025-02-25 22:38:26,992] Trial 176 finished with value: 0.6816347662210764 and parameters: {'weight_0': 0.5358792904922632, 'weight_1': 0.24532219315437828, 'weight_2': 0.9366761713398768, 'weight_3': 0.11363034463898873, 'weight_4': 0.7842992234350118, 'weight_5': 0.0883074854189253, 'weight_6': 0.3283844104321709, 'weight_7': 0.8736284986090919, 'weight_8': 0.99876804223114, 'weight_9': 0.12932392404422216}. Best is trial 136 with value: 0.6816495372901298.\n"
     ]
    },
    {
     "name": "stdout",
     "output_type": "stream",
     "text": [
      "Overall Stratified C-Index Score for Ensemble Model: 0.6816\n"
     ]
    },
    {
     "name": "stderr",
     "output_type": "stream",
     "text": [
      "[I 2025-02-25 22:38:27,476] Trial 177 finished with value: 0.6816350274929107 and parameters: {'weight_0': 0.5359543545125832, 'weight_1': 0.24991360125887382, 'weight_2': 0.9368530023782975, 'weight_3': 0.10738273398367154, 'weight_4': 0.7871243064905243, 'weight_5': 0.10782696774393305, 'weight_6': 0.3311999103939016, 'weight_7': 0.8730868806194804, 'weight_8': 0.9989444216122824, 'weight_9': 0.12975032263146852}. Best is trial 136 with value: 0.6816495372901298.\n"
     ]
    },
    {
     "name": "stdout",
     "output_type": "stream",
     "text": [
      "Overall Stratified C-Index Score for Ensemble Model: 0.6816\n"
     ]
    },
    {
     "name": "stderr",
     "output_type": "stream",
     "text": [
      "[I 2025-02-25 22:38:27,962] Trial 178 finished with value: 0.6816262007449218 and parameters: {'weight_0': 0.538736305964195, 'weight_1': 0.27653605829899325, 'weight_2': 0.9358500910545379, 'weight_3': 0.11048171881613492, 'weight_4': 0.7767872410106209, 'weight_5': 0.08309497425014067, 'weight_6': 0.3213746327172222, 'weight_7': 0.8652750283015926, 'weight_8': 0.9742512910448405, 'weight_9': 0.12437718832035091}. Best is trial 136 with value: 0.6816495372901298.\n"
     ]
    },
    {
     "name": "stdout",
     "output_type": "stream",
     "text": [
      "Overall Stratified C-Index Score for Ensemble Model: 0.6816\n"
     ]
    },
    {
     "name": "stderr",
     "output_type": "stream",
     "text": [
      "[I 2025-02-25 22:38:28,446] Trial 179 finished with value: 0.6816257576112454 and parameters: {'weight_0': 0.5133922805183395, 'weight_1': 0.2521365944481957, 'weight_2': 0.9360538640275208, 'weight_3': 0.0827679720512875, 'weight_4': 0.7792205560934425, 'weight_5': 0.09332246527342608, 'weight_6': 0.32138385744455583, 'weight_7': 0.8829960159750321, 'weight_8': 0.9995493834190255, 'weight_9': 0.13334965603853155}. Best is trial 136 with value: 0.6816495372901298.\n"
     ]
    },
    {
     "name": "stdout",
     "output_type": "stream",
     "text": [
      "Overall Stratified C-Index Score for Ensemble Model: 0.6816\n"
     ]
    },
    {
     "name": "stderr",
     "output_type": "stream",
     "text": [
