{
 "cells": [
  {
   "cell_type": "markdown",
   "id": "389519e4",
   "metadata": {
    "papermill": {
     "duration": 0.012901,
     "end_time": "2025-03-02T02:16:23.150172",
     "exception": false,
     "start_time": "2025-03-02T02:16:23.137271",
     "status": "completed"
    },
    "tags": []
   },
   "source": [
    "<p style=\"background-color: rgb(247, 230, 202); font-size: 300%; text-align: center; border-radius: 40px 40px; color: rgb(162, 87, 79); font-weight: bold; font-family: 'Roboto'; border: 4px solid rgb(162, 87, 79);\">Introduction</p>"
   ]
  },
  {
   "cell_type": "markdown",
   "id": "e7115f54",
   "metadata": {
    "papermill": {
     "duration": 0.01042,
     "end_time": "2025-03-02T02:16:23.173658",
     "exception": false,
     "start_time": "2025-03-02T02:16:23.163238",
     "status": "completed"
    },
    "tags": []
   },
   "source": [
    "<div style=\"background-color: rgb(247, 230, 202); border: 4px solid rgb(162, 87, 79); border-radius: 40px; padding: 20px; font-family: 'Roboto'; color: rgb(162, 87, 79); text-align: left; font-size: 120%;\">\n",
    "    <ul style=\"list-style-type: square; padding-left: 20px;\">\n",
    "        <li>Missing values are replaced with:\n",
    "            <ul style=\"list-style-type: circle; margin-top: 10px; margin-bottom: 10px;\">\n",
    "                <li>-1 for numeric columns</li>\n",
    "                <li>Unknown for categorical columns</li>\n",
    "            </ul>\n",
    "        </li>\n",
    "        <li style=\"margin-top: 10px;\">\n",
    "            LightGBM and CatBoost are trained on 3 different targets, estimated from the survival models:\n",
    "            <ul style=\"list-style-type: circle; margin-top: 10px; margin-bottom: 10px;\">\n",
    "                <li>Cox</li>\n",
    "                <li>Kaplan-Meier</li>\n",
    "                <li>Nelson-Aalen</li>\n",
    "            </ul>\n",
    "        </li>\n",
    "        <li style=\"margin-top: 10px;\">Two additional CatBoost model are trained, with Cox loss function.</li>\n",
    "        <li style=\"margin-top: 10px;\">As per <a href=\"https://www.kaggle.com/competitions/equity-post-HCT-survival-predictions/discussion/553061\" style=\"color: #A2574F; text-decoration: underline;\">this</a> discussion post, the target is consisted of the Out-of-Fold predictions of the survival models on the validation folds to prevent target leakage.</li>\n",
    "        <li style=\"margin-top: 10px;\">\n",
    "            The ensemble prediction for each sample is computed as:\n",
    "            <ul style=\"list-style-type: circle; margin-top: 10px; margin-bottom: 10px;\">\n",
    "                <p style=\"margin-top: 10px; font-size: 110%; color: #A2574F; font-family: 'Roboto'; text-align: left;\">\n",
    "                    $ \\text{preds}_{\\text{ensemble}} = \\sum_{i=1}^{n} w_i \\cdot \\text{rankdata}(\\text{preds}_i) $\n",
    "                </p>\n",
    "                where $n$ is the number of models, $w_i$ is the weight assigned to the $i$-th model, and $\\text{rankdata}(\\text{preds}_i)$ is the rank of predictions from the $i$-th model.\n",
    "            </ul>\n",
    "        </li>\n",
    "        <li style=\"margin-top: 10px;\">Last but not least, since the competition metrics evaluates only the order of predictions and not their magnitude, the model weights are not required to add up to 1, nor should the predictions fall within a predefined range.</li>\n",
    "    </ul>\n",
    "</div>"
   ]
  },
  {
   "cell_type": "markdown",
   "id": "b5c2d6fc",
   "metadata": {
    "papermill": {
     "duration": 0.010201,
     "end_time": "2025-03-02T02:16:23.194589",
     "exception": false,
     "start_time": "2025-03-02T02:16:23.184388",
     "status": "completed"
    },
    "tags": []
   },
   "source": [
    "<p style=\"background-color: rgb(247, 230, 202); font-size: 300%; text-align: center; border-radius: 40px 40px; color: rgb(162, 87, 79); font-weight: bold; font-family: 'Roboto'; border: 4px solid rgb(162, 87, 79);\">Install Libraries</p>"
   ]
  },
  {
   "cell_type": "code",
   "execution_count": 1,
   "id": "028c21f6",
   "metadata": {
    "_kg_hide-output": true,
    "execution": {
     "iopub.execute_input": "2025-03-02T02:16:23.217808Z",
     "iopub.status.busy": "2025-03-02T02:16:23.217330Z",
     "iopub.status.idle": "2025-03-02T02:20:01.895080Z",
     "shell.execute_reply": "2025-03-02T02:20:01.893504Z"
    },
    "papermill": {
     "duration": 218.693089,
     "end_time": "2025-03-02T02:20:01.898212",
     "exception": false,
     "start_time": "2025-03-02T02:16:23.205123",
     "status": "completed"
    },
    "tags": []
   },
   "outputs": [
    {
     "name": "stdout",
     "output_type": "stream",
     "text": [
      "Processing /kaggle/input/pip-install-lifelines/autograd-1.7.0-py3-none-any.whl\r\n",
      "Requirement already satisfied: numpy in /opt/conda/lib/python3.10/site-packages (from autograd==1.7.0) (1.26.4)\r\n",
      "Installing collected packages: autograd\r\n",
      "Successfully installed autograd-1.7.0\r\n",
      "Processing /kaggle/input/pip-install-lifelines/autograd-gamma-0.5.0.tar.gz\r\n",
      "  Preparing metadata (setup.py) ... \u001b[?25l-\b \bdone\r\n",
      "\u001b[?25hRequirement already satisfied: autograd>=1.2.0 in /opt/conda/lib/python3.10/site-packages (from autograd-gamma==0.5.0) (1.7.0)\r\n",
      "Requirement already satisfied: scipy>=1.2.0 in /opt/conda/lib/python3.10/site-packages (from autograd-gamma==0.5.0) (1.14.1)\r\n",
      "Requirement already satisfied: numpy in /opt/conda/lib/python3.10/site-packages (from autograd>=1.2.0->autograd-gamma==0.5.0) (1.26.4)\r\n",
      "Building wheels for collected packages: autograd-gamma\r\n",
      "  Building wheel for autograd-gamma (setup.py) ... \u001b[?25l-\b \b\\\b \bdone\r\n",
      "\u001b[?25h  Created wheel for autograd-gamma: filename=autograd_gamma-0.5.0-py3-none-any.whl size=4030 sha256=0523cb7d818663f68162e050fb39c88b151a85d17981f14146a1adf07e68e45a\r\n",
      "  Stored in directory: /root/.cache/pip/wheels/6b/b5/e0/4c79e15c0b5f2c15ecf613c720bb20daab20a666eb67135155\r\n",
      "Successfully built autograd-gamma\r\n",
      "Installing collected packages: autograd-gamma\r\n",
      "Successfully installed autograd-gamma-0.5.0\r\n",
      "Processing /kaggle/input/pip-install-lifelines/interface_meta-1.3.0-py3-none-any.whl\r\n",
      "Installing collected packages: interface-meta\r\n",
      "Successfully installed interface-meta-1.3.0\r\n",
      "Processing /kaggle/input/pip-install-lifelines/formulaic-1.0.2-py3-none-any.whl\r\n",
      "Requirement already satisfied: interface-meta>=1.2.0 in /opt/conda/lib/python3.10/site-packages (from formulaic==1.0.2) (1.3.0)\r\n",
      "Requirement already satisfied: numpy>=1.16.5 in /opt/conda/lib/python3.10/site-packages (from formulaic==1.0.2) (1.26.4)\r\n",
      "Requirement already satisfied: pandas>=1.0 in /opt/conda/lib/python3.10/site-packages (from formulaic==1.0.2) (2.2.3)\r\n",
      "Requirement already satisfied: scipy>=1.6 in /opt/conda/lib/python3.10/site-packages (from formulaic==1.0.2) (1.14.1)\r\n",
      "Requirement already satisfied: typing-extensions>=4.2.0 in /opt/conda/lib/python3.10/site-packages (from formulaic==1.0.2) (4.12.2)\r\n",
      "Requirement already satisfied: wrapt>=1.0 in /opt/conda/lib/python3.10/site-packages (from formulaic==1.0.2) (1.16.0)\r\n",
      "Requirement already satisfied: python-dateutil>=2.8.2 in /opt/conda/lib/python3.10/site-packages (from pandas>=1.0->formulaic==1.0.2) (2.9.0.post0)\r\n",
      "Requirement already satisfied: pytz>=2020.1 in /opt/conda/lib/python3.10/site-packages (from pandas>=1.0->formulaic==1.0.2) (2024.1)\r\n",
      "Requirement already satisfied: tzdata>=2022.7 in /opt/conda/lib/python3.10/site-packages (from pandas>=1.0->formulaic==1.0.2) (2024.1)\r\n",
      "Requirement already satisfied: six>=1.5 in /opt/conda/lib/python3.10/site-packages (from python-dateutil>=2.8.2->pandas>=1.0->formulaic==1.0.2) (1.16.0)\r\n",
      "Installing collected packages: formulaic\r\n",
      "Successfully installed formulaic-1.0.2\r\n",
      "Processing /kaggle/input/pip-install-lifelines/lifelines-0.30.0-py3-none-any.whl\r\n",
      "Requirement already satisfied: numpy>=1.14.0 in /opt/conda/lib/python3.10/site-packages (from lifelines==0.30.0) (1.26.4)\r\n",
      "Requirement already satisfied: scipy>=1.7.0 in /opt/conda/lib/python3.10/site-packages (from lifelines==0.30.0) (1.14.1)\r\n",
      "Requirement already satisfied: pandas>=2.1 in /opt/conda/lib/python3.10/site-packages (from lifelines==0.30.0) (2.2.3)\r\n",
      "Requirement already satisfied: matplotlib>=3.0 in /opt/conda/lib/python3.10/site-packages (from lifelines==0.30.0) (3.7.5)\r\n",
      "Requirement already satisfied: autograd>=1.5 in /opt/conda/lib/python3.10/site-packages (from lifelines==0.30.0) (1.7.0)\r\n",
      "Requirement already satisfied: autograd-gamma>=0.3 in /opt/conda/lib/python3.10/site-packages (from lifelines==0.30.0) (0.5.0)\r\n",
      "Requirement already satisfied: formulaic>=0.2.2 in /opt/conda/lib/python3.10/site-packages (from lifelines==0.30.0) (1.0.2)\r\n",
      "Requirement already satisfied: interface-meta>=1.2.0 in /opt/conda/lib/python3.10/site-packages (from formulaic>=0.2.2->lifelines==0.30.0) (1.3.0)\r\n",
      "Requirement already satisfied: typing-extensions>=4.2.0 in /opt/conda/lib/python3.10/site-packages (from formulaic>=0.2.2->lifelines==0.30.0) (4.12.2)\r\n",
      "Requirement already satisfied: wrapt>=1.0 in /opt/conda/lib/python3.10/site-packages (from formulaic>=0.2.2->lifelines==0.30.0) (1.16.0)\r\n",
      "Requirement already satisfied: contourpy>=1.0.1 in /opt/conda/lib/python3.10/site-packages (from matplotlib>=3.0->lifelines==0.30.0) (1.2.1)\r\n",
      "Requirement already satisfied: cycler>=0.10 in /opt/conda/lib/python3.10/site-packages (from matplotlib>=3.0->lifelines==0.30.0) (0.12.1)\r\n",
      "Requirement already satisfied: fonttools>=4.22.0 in /opt/conda/lib/python3.10/site-packages (from matplotlib>=3.0->lifelines==0.30.0) (4.53.0)\r\n",
      "Requirement already satisfied: kiwisolver>=1.0.1 in /opt/conda/lib/python3.10/site-packages (from matplotlib>=3.0->lifelines==0.30.0) (1.4.5)\r\n",
      "Requirement already satisfied: packaging>=20.0 in /opt/conda/lib/python3.10/site-packages (from matplotlib>=3.0->lifelines==0.30.0) (21.3)\r\n",
      "Requirement already satisfied: pillow>=6.2.0 in /opt/conda/lib/python3.10/site-packages (from matplotlib>=3.0->lifelines==0.30.0) (10.3.0)\r\n",
      "Requirement already satisfied: pyparsing>=2.3.1 in /opt/conda/lib/python3.10/site-packages (from matplotlib>=3.0->lifelines==0.30.0) (3.1.2)\r\n",
      "Requirement already satisfied: python-dateutil>=2.7 in /opt/conda/lib/python3.10/site-packages (from matplotlib>=3.0->lifelines==0.30.0) (2.9.0.post0)\r\n",
      "Requirement already satisfied: pytz>=2020.1 in /opt/conda/lib/python3.10/site-packages (from pandas>=2.1->lifelines==0.30.0) (2024.1)\r\n",
      "Requirement already satisfied: tzdata>=2022.7 in /opt/conda/lib/python3.10/site-packages (from pandas>=2.1->lifelines==0.30.0) (2024.1)\r\n",
      "Requirement already satisfied: six>=1.5 in /opt/conda/lib/python3.10/site-packages (from python-dateutil>=2.7->matplotlib>=3.0->lifelines==0.30.0) (1.16.0)\r\n",
      "Installing collected packages: lifelines\r\n",
      "Successfully installed lifelines-0.30.0\r\n"
     ]
    }
   ],
   "source": [
    "!pip install /kaggle/input/pip-install-lifelines/autograd-1.7.0-py3-none-any.whl\n",
    "!pip install /kaggle/input/pip-install-lifelines/autograd-gamma-0.5.0.tar.gz\n",
    "!pip install /kaggle/input/pip-install-lifelines/interface_meta-1.3.0-py3-none-any.whl\n",
    "!pip install /kaggle/input/pip-install-lifelines/formulaic-1.0.2-py3-none-any.whl\n",
    "!pip install /kaggle/input/pip-install-lifelines/lifelines-0.30.0-py3-none-any.whl"
   ]
  },
  {
   "cell_type": "markdown",
   "id": "e7a1740d",
   "metadata": {
    "papermill": {
     "duration": 0.012459,
     "end_time": "2025-03-02T02:20:01.924436",
     "exception": false,
     "start_time": "2025-03-02T02:20:01.911977",
     "status": "completed"
    },
    "tags": []
   },
   "source": [
    "<p style=\"background-color: rgb(247, 230, 202); font-size: 300%; text-align: center; border-radius: 40px 40px; color: rgb(162, 87, 79); font-weight: bold; font-family: 'Roboto'; border: 4px solid rgb(162, 87, 79);\">Imports</p>"
   ]
  },
  {
   "cell_type": "code",
   "execution_count": 2,
   "id": "67e57d72",
   "metadata": {
    "execution": {
     "iopub.execute_input": "2025-03-02T02:20:01.952242Z",
     "iopub.status.busy": "2025-03-02T02:20:01.951708Z",
     "iopub.status.idle": "2025-03-02T02:20:01.957935Z",
     "shell.execute_reply": "2025-03-02T02:20:01.956655Z"
    },
    "papermill": {
     "duration": 0.023142,
     "end_time": "2025-03-02T02:20:01.960291",
     "exception": false,
     "start_time": "2025-03-02T02:20:01.937149",
     "status": "completed"
    },
    "tags": []
   },
   "outputs": [],
   "source": [
    "import warnings\n",
    "from pathlib import Path\n",
    "warnings.filterwarnings('ignore')"
   ]
  },
  {
   "cell_type": "code",
   "execution_count": 3,
   "id": "cdc1e258",
   "metadata": {
    "execution": {
     "iopub.execute_input": "2025-03-02T02:20:01.987230Z",
     "iopub.status.busy": "2025-03-02T02:20:01.986844Z",
     "iopub.status.idle": "2025-03-02T02:20:03.910469Z",
     "shell.execute_reply": "2025-03-02T02:20:03.909237Z"
    },
    "papermill": {
     "duration": 1.940352,
     "end_time": "2025-03-02T02:20:03.913189",
     "exception": false,
     "start_time": "2025-03-02T02:20:01.972837",
     "status": "completed"
    },
    "tags": []
   },
   "outputs": [],
   "source": [
    "import numpy as np\n",
    "import polars as pl\n",
    "import pandas as pd\n",
    "import plotly.colors as pc\n",
    "import plotly.express as px\n",
    "import plotly.graph_objects as go"
   ]
  },
  {
   "cell_type": "code",
   "execution_count": 4,
   "id": "52b77c72",
   "metadata": {
    "execution": {
     "iopub.execute_input": "2025-03-02T02:20:03.941584Z",
     "iopub.status.busy": "2025-03-02T02:20:03.940913Z",
     "iopub.status.idle": "2025-03-02T02:20:04.107798Z",
     "shell.execute_reply": "2025-03-02T02:20:04.106476Z"
    },
    "papermill": {
     "duration": 0.183733,
     "end_time": "2025-03-02T02:20:04.110531",
     "exception": false,
     "start_time": "2025-03-02T02:20:03.926798",
     "status": "completed"
    },
    "tags": []
   },
   "outputs": [],
   "source": [
    "import plotly.io as pio\n",
    "pio.renderers.default = 'iframe'"
   ]
  },
  {
   "cell_type": "code",
   "execution_count": 5,
   "id": "73b071b9",
   "metadata": {
    "execution": {
     "iopub.execute_input": "2025-03-02T02:20:04.137759Z",
     "iopub.status.busy": "2025-03-02T02:20:04.137337Z",
     "iopub.status.idle": "2025-03-02T02:20:04.143195Z",
     "shell.execute_reply": "2025-03-02T02:20:04.142049Z"
    },
    "papermill": {
     "duration": 0.021974,
     "end_time": "2025-03-02T02:20:04.145338",
     "exception": false,
     "start_time": "2025-03-02T02:20:04.123364",
     "status": "completed"
    },
    "tags": []
   },
   "outputs": [],
   "source": [
    "pd.options.display.max_columns = None"
   ]
  },
  {
   "cell_type": "code",
   "execution_count": 6,
   "id": "78e1f728",
   "metadata": {
    "execution": {
     "iopub.execute_input": "2025-03-02T02:20:04.172209Z",
     "iopub.status.busy": "2025-03-02T02:20:04.171787Z",
     "iopub.status.idle": "2025-03-02T02:20:07.379374Z",
     "shell.execute_reply": "2025-03-02T02:20:07.378299Z"
    },
    "papermill": {
     "duration": 3.224228,
     "end_time": "2025-03-02T02:20:07.382165",
     "exception": false,
     "start_time": "2025-03-02T02:20:04.157937",
     "status": "completed"
    },
    "tags": []
   },
   "outputs": [],
   "source": [
    "import lightgbm as lgb\n",
    "from metric import score\n",
    "from scipy.stats import rankdata \n",
    "from catboost import CatBoostRegressor\n",
    "from sklearn.model_selection import KFold\n",
    "from lifelines import CoxPHFitter, KaplanMeierFitter, NelsonAalenFitter"
   ]
  },
  {
   "cell_type": "markdown",
   "id": "12e803cb",
   "metadata": {
    "papermill": {
     "duration": 0.012418,
     "end_time": "2025-03-02T02:20:07.407519",
     "exception": false,
     "start_time": "2025-03-02T02:20:07.395101",
     "status": "completed"
    },
    "tags": []
   },
   "source": [
    "<p style=\"background-color: rgb(247, 230, 202); font-size: 300%; text-align: center; border-radius: 40px 40px; color: rgb(162, 87, 79); font-weight: bold; font-family: 'Roboto'; border: 4px solid rgb(162, 87, 79);\">Configuration</p>"
   ]
  },
  {
   "cell_type": "code",
   "execution_count": 7,
   "id": "56aa1573",
   "metadata": {
    "execution": {
     "iopub.execute_input": "2025-03-02T02:20:07.435738Z",
     "iopub.status.busy": "2025-03-02T02:20:07.434520Z",
     "iopub.status.idle": "2025-03-02T02:20:07.445018Z",
     "shell.execute_reply": "2025-03-02T02:20:07.443693Z"
    },
    "papermill": {
     "duration": 0.027162,
     "end_time": "2025-03-02T02:20:07.447387",
     "exception": false,
     "start_time": "2025-03-02T02:20:07.420225",
     "status": "completed"
    },
    "tags": []
   },
   "outputs": [],
   "source": [
    "class CFG:\n",
    "\n",
    "    train_path = Path('/kaggle/input/equity-post-HCT-survival-predictions/train.csv')\n",
    "    test_path = Path('/kaggle/input/equity-post-HCT-survival-predictions/test.csv')\n",
    "    subm_path = Path('/kaggle/input/equity-post-HCT-survival-predictions/sample_submission.csv')\n",
    "\n",
    "    color = '#A2574F'\n",
    "\n",
    "    batch_size = 32768\n",
    "    early_stop = 300\n",
    "    penalizer = 0.01\n",
    "    n_splits = 5\n",
    "\n",
    "    weights = [1.0, 1.0, 8.0, 4.0, 8.0, 4.0, 6.0, 6.0]\n",
    "\n",
    "    ctb_params = {\n",
    "        'loss_function': 'RMSE',\n",
    "        'learning_rate': 0.03,\n",
    "        'random_state': 42,\n",
    "        'task_type': 'CPU',\n",
    "        'num_trees': 6000,\n",
    "        'subsample': 0.85,\n",
    "        'reg_lambda': 8.0,\n",
    "        'depth': 8\n",
    "    }\n",
    "\n",
    "    lgb_params = {\n",
    "        'objective': 'regression',\n",
    "        'min_child_samples': 32,\n",
    "        'num_iterations': 6000,\n",
    "        'learning_rate': 0.03,\n",
    "        'extra_trees': True,\n",
    "        'reg_lambda': 8.0,\n",
    "        'reg_alpha': 0.1,\n",
    "        'num_leaves': 64,\n",
    "        'metric': 'rmse',\n",
    "        'max_depth': 8,\n",
    "        'device': 'cpu',\n",
    "        'max_bin': 128,\n",
    "        'verbose': -1,\n",
    "        'seed': 42\n",
    "    }\n",
    "\n",
    "    # Parameters of the first CatBoost model with Cox loss function\n",
    "    cox1_params = {\n",
    "        'grow_policy': 'Depthwise',\n",
    "        'min_child_samples': 8,\n",
    "        'loss_function': 'Cox',\n",
    "        'learning_rate': 0.03,\n",
    "        'random_state': 42,\n",
    "        'task_type': 'CPU',\n",
    "        'num_trees': 6000,\n",
    "        'subsample': 0.85,\n",
    "        'reg_lambda': 8.0,\n",
    "        'depth': 8\n",
    "    }\n",
    "\n",
    "    # Parameters of the second CatBoost model with Cox loss function\n",
    "    cox2_params = {\n",
    "        'grow_policy': 'Lossguide',\n",
    "        'loss_function': 'Cox',\n",
    "        'learning_rate': 0.03,\n",
    "        'random_state': 42,\n",
    "        'task_type': 'CPU',\n",
    "        'num_trees': 6000,\n",
    "        'subsample': 0.85,\n",
    "        'reg_lambda': 8.0,\n",
    "        'num_leaves': 32,\n",
    "        'depth': 8\n",
    "    }"
   ]
  },
  {
   "cell_type": "markdown",
   "id": "5ef7d203",
   "metadata": {
    "papermill": {
     "duration": 0.013992,
     "end_time": "2025-03-02T02:20:07.475155",
     "exception": false,
     "start_time": "2025-03-02T02:20:07.461163",
     "status": "completed"
    },
    "tags": []
   },
   "source": [
    "<p style=\"background-color: rgb(247, 230, 202); font-size: 300%; text-align: center; border-radius: 40px 40px; color: rgb(162, 87, 79); font-weight: bold; font-family: 'Roboto'; border: 4px solid rgb(162, 87, 79);\">Feature Engineering</p>"
   ]
  },
  {
   "cell_type": "code",
   "execution_count": 8,
   "id": "0fd9ba53",
   "metadata": {
    "_kg_hide-input": false,
    "execution": {
     "iopub.execute_input": "2025-03-02T02:20:07.502914Z",
     "iopub.status.busy": "2025-03-02T02:20:07.502425Z",
     "iopub.status.idle": "2025-03-02T02:20:07.514316Z",
     "shell.execute_reply": "2025-03-02T02:20:07.513158Z"
    },
    "papermill": {
     "duration": 0.028466,
     "end_time": "2025-03-02T02:20:07.516576",
     "exception": false,
     "start_time": "2025-03-02T02:20:07.488110",
     "status": "completed"
    },
    "tags": []
   },
   "outputs": [],
   "source": [
    "class FE:\n",
    "\n",
    "    def __init__(self, batch_size):\n",
    "        self.batch_size = batch_size\n",
    "\n",
    "    def load_data(self, path):\n",
    "\n",
    "        return pl.read_csv(path, batch_size=self.batch_size)\n",
    "\n",
    "    def cast_datatypes(self, df):\n",
    "\n",
    "        num_cols = [\n",
    "            'hla_high_res_8',\n",
    "            'hla_low_res_8',\n",
    "            'hla_high_res_6',\n",
    "            'hla_low_res_6',\n",
    "            'hla_high_res_10',\n",
    "            'hla_low_res_10',\n",
    "            'hla_match_dqb1_high',\n",
    "            'hla_match_dqb1_low',\n",
    "            'hla_match_drb1_high',\n",
    "            'hla_match_drb1_low',\n",
    "            'hla_nmdp_6',\n",
    "            'year_hct',\n",
    "            'hla_m