      "[I 2025-02-25 22:38:28,926] Trial 180 finished with value: 0.6816223414855063 and parameters: {'weight_0': 0.5429904104936089, 'weight_1': 0.2862543103801246, 'weight_2': 0.9799151896421652, 'weight_3': 0.11683789031615736, 'weight_4': 0.7765750170154978, 'weight_5': 0.12398274986740193, 'weight_6': 0.2933400189068446, 'weight_7': 0.8659557430100613, 'weight_8': 0.9755673455804119, 'weight_9': 0.11277517968001141}. Best is trial 136 with value: 0.6816495372901298.\n"
     ]
    },
    {
     "name": "stdout",
     "output_type": "stream",
     "text": [
      "Overall Stratified C-Index Score for Ensemble Model: 0.6816\n"
     ]
    },
    {
     "name": "stderr",
     "output_type": "stream",
     "text": [
      "[I 2025-02-25 22:38:29,414] Trial 181 finished with value: 0.6816292788221539 and parameters: {'weight_0': 0.5305826133039211, 'weight_1': 0.2684462484119941, 'weight_2': 0.9412796890831567, 'weight_3': 0.10951459625062161, 'weight_4': 0.7976344204617373, 'weight_5': 0.0857592803994702, 'weight_6': 0.3374849851923672, 'weight_7': 0.8957378572255893, 'weight_8': 0.9772873300396195, 'weight_9': 0.15418074373388524}. Best is trial 136 with value: 0.6816495372901298.\n"
     ]
    },
    {
     "name": "stdout",
     "output_type": "stream",
     "text": [
      "Overall Stratified C-Index Score for Ensemble Model: 0.6816\n"
     ]
    },
    {
     "name": "stderr",
     "output_type": "stream",
     "text": [
      "[I 2025-02-25 22:38:29,899] Trial 182 finished with value: 0.6816259846176431 and parameters: {'weight_0': 0.5212467086871264, 'weight_1': 0.2709046413992827, 'weight_2': 0.9441283928840428, 'weight_3': 0.11630713061618211, 'weight_4': 0.829387049401466, 'weight_5': 0.07577018389053891, 'weight_6': 0.3906737934708212, 'weight_7': 0.9002011303444828, 'weight_8': 0.9768202681277764, 'weight_9': 0.15466659236939495}. Best is trial 136 with value: 0.6816495372901298.\n"
     ]
    },
    {
     "name": "stdout",
     "output_type": "stream",
     "text": [
      "Overall Stratified C-Index Score for Ensemble Model: 0.6816\n"
     ]
    },
    {
     "name": "stderr",
     "output_type": "stream",
     "text": [
      "[I 2025-02-25 22:38:30,381] Trial 183 finished with value: 0.6816250004456355 and parameters: {'weight_0': 0.5454654228857416, 'weight_1': 0.2468653559388939, 'weight_2': 0.9141370974342472, 'weight_3': 0.07320700031276425, 'weight_4': 0.7953639932604855, 'weight_5': 0.09907203431156993, 'weight_6': 0.3412489206195178, 'weight_7': 0.857648820696489, 'weight_8': 0.965431035154398, 'weight_9': 0.09307906800877232}. Best is trial 136 with value: 0.6816495372901298.\n"
     ]
    },
    {
     "name": "stdout",
     "output_type": "stream",
     "text": [
      "Overall Stratified C-Index Score for Ensemble Model: 0.6816\n"
     ]
    },
    {
     "name": "stderr",
     "output_type": "stream",
     "text": [
      "[I 2025-02-25 22:38:30,866] Trial 184 finished with value: 0.6816315891867859 and parameters: {'weight_0': 0.5354578702497568, 'weight_1': 0.23290276000544016, 'weight_2': 0.9739518061124394, 'weight_3': 0.10067247613083426, 'weight_4': 0.7713370892329778, 'weight_5': 0.07466397998831464, 'weight_6': 0.36785521526666093, 'weight_7': 0.8806129768127688, 'weight_8': 0.9985168225226693, 'weight_9': 0.1275427504419337}. Best is trial 136 with value: 0.6816495372901298.\n"
     ]
    },
    {
     "name": "stdout",
     "output_type": "stream",
     "text": [
      "Overall Stratified C-Index Score for Ensemble Model: 0.6816\n"
     ]
    },
    {
     "name": "stderr",
     "output_type": "stream",
     "text": [
      "[I 2025-02-25 22:38:31,352] Trial 185 finished with value: 0.681626743259461 and parameters: {'weight_0': 0.5408048305899714, 'weight_1': 0.23688912580108556, 'weight_2': 0.9692323533542649, 'weight_3': 0.10065246432630329, 'weight_4': 0.7755370983094572, 'weight_5': 0.07455723872561622, 'weight_6': 0.30993859835214466, 'weight_7': 0.875588491169676, 'weight_8': 0.9822710713078825, 'weight_9': 0.12719498774206195}. Best is trial 136 with value: 0.6816495372901298.\n"
     ]
    },
    {
     "name": "stdout",
     "output_type": "stream",
     "text": [
      "Overall Stratified C-Index Score for Ensemble Model: 0.6816\n"
     ]
    },
    {
     "name": "stderr",
     "output_type": "stream",
     "text": [
      "[I 2025-02-25 22:38:31,856] Trial 186 finished with value: 0.6815982109676278 and parameters: {'weight_0': 0.49895889843370256, 'weight_1': 0.23715477369080226, 'weight_2': 0.9731487974356836, 'weight_3': 0.09588452957306882, 'weight_4': 0.8266388844343311, 'weight_5': 0.06087958964006527, 'weight_6': 0.2573927842836311, 'weight_7': 0.8919357677311054, 'weight_8': 0.9964835343131885, 'weight_9': 0.17285619470629546}. Best is trial 136 with value: 0.6816495372901298.\n"
     ]
    },
    {
     "name": "stdout",
     "output_type": "stream",
     "text": [
      "Overall Stratified C-Index Score for Ensemble Model: 0.6816\n"
     ]
    },
    {
     "name": "stderr",
     "output_type": "stream",
     "text": [
      "[I 2025-02-25 22:38:32,342] Trial 187 finished with value: 0.6816247125718705 and parameters: {'weight_0': 0.5264621040178529, 'weight_1': 0.26085777460311504, 'weight_2': 0.9942692853133148, 'weight_3': 0.05390570858048231, 'weight_4': 0.7604224312463471, 'weight_5': 0.11839500884154251, 'weight_6': 0.3665340989491516, 'weight_7': 0.8821665678019184, 'weight_8': 0.9820535279978598, 'weight_9': 0.14952258316116396}. Best is trial 136 with value: 0.6816495372901298.\n"
     ]
    },
    {
     "name": "stdout",
     "output_type": "stream",
     "text": [
      "Overall Stratified C-Index Score for Ensemble Model: 0.6816\n"
     ]
    },
    {
     "name": "stderr",
     "output_type": "stream",
     "text": [
      "[I 2025-02-25 22:38:32,824] Trial 188 finished with value: 0.6816274737147962 and parameters: {'weight_0': 0.5570134184601624, 'weight_1': 0.22701581547545113, 'weight_2': 0.9491037842068755, 'weight_3': 0.08134921025661408, 'weight_4': 0.7981691352449894, 'weight_5': 0.10469701669968712, 'weight_6': 0.2678044583303074, 'weight_7': 0.9016394860588643, 'weight_8': 0.9997364443300413, 'weight_9': 0.10644860760855845}. Best is trial 136 with value: 0.6816495372901298.\n"
     ]
    },
    {
     "name": "stdout",
     "output_type": "stream",
     "text": [
      "Overall Stratified C-Index Score for Ensemble Model: 0.6816\n"
     ]
    },
    {
     "name": "stderr",
     "output_type": "stream",
     "text": [
      "[I 2025-02-25 22:38:33,336] Trial 189 finished with value: 0.6816293785588222 and parameters: {'weight_0': 0.5559809390604844, 'weight_1': 0.2340132384424644, 'weight_2': 0.9499632514448023, 'weight_3': 0.08170205509905352, 'weight_4': 0.7884751568396461, 'weight_5': 0.10380384605851775, 'weight_6': 0.263005965383979, 'weight_7': 0.9019165667764704, 'weight_8': 0.9609901029080313, 'weight_9': 0.10709606444386076}. Best is trial 136 with value: 0.6816495372901298.\n"
     ]
    },
    {
     "name": "stdout",
     "output_type": "stream",
     "text": [
      "Overall Stratified C-Index Score for Ensemble Model: 0.6816\n"
     ]
    },
    {
     "name": "stderr",
     "output_type": "stream",
     "text": [
      "[I 2025-02-25 22:38:33,815] Trial 190 finished with value: 0.6816101013575944 and parameters: {'weight_0': 0.5560840539391444, 'weight_1': 0.33795206618329654, 'weight_2': 0.9517135221614998, 'weight_3': 0.07390339967312388, 'weight_4': 0.7958081160385058, 'weight_5': 0.13379460845298383, 'weight_6': 0.23398865765916516, 'weight_7': 0.9062316077220254, 'weight_8': 0.9990460131891135, 'weight_9': 0.1100702974235711}. Best is trial 136 with value: 0.6816495372901298.\n"
     ]
    },
    {
     "name": "stdout",
     "output_type": "stream",
     "text": [
      "Overall Stratified C-Index Score for Ensemble Model: 0.6816\n"
     ]
    },
    {
     "name": "stderr",
     "output_type": "stream",
     "text": [
      "[I 2025-02-25 22:38:34,302] Trial 191 finished with value: 0.6816234130225275 and parameters: {'weight_0': 0.5132406247169745, 'weight_1': 0.23297877133705908, 'weight_2': 0.9723565271201099, 'weight_3': 0.08994752602755657, 'weight_4': 0.7398640847878845, 'weight_5': 0.10390571554497628, 'weight_6': 0.3966669990621005, 'weight_7': 0.8740032898727723, 'weight_8': 0.9620992980872036, 'weight_9': 0.1371729683764284}. Best is trial 136 with value: 0.6816495372901298.\n"
     ]
    },
    {
     "name": "stdout",
     "output_type": "stream",
     "text": [
      "Overall Stratified C-Index Score for Ensemble Model: 0.6816\n"
     ]
    },
    {
     "name": "stderr",
     "output_type": "stream",
     "text": [
      "[I 2025-02-25 22:38:34,785] Trial 192 finished with value: 0.6816232987994324 and parameters: {'weight_0': 0.5635993378343908, 'weight_1': 0.24369271014753924, 'weight_2': 0.9015811081427799, 'weight_3': 0.10530835916874728, 'weight_4': 0.7729111918517717, 'weight_5': 0.07375291120737605, 'weight_6': 0.28482148311953664, 'weight_7': 0.9022039764704328, 'weight_8': 0.9781609215518977, 'weight_9': 0.06536971303770842}. Best is trial 136 with value: 0.6816495372901298.\n"
     ]
    },
    {
     "name": "stdout",
     "output_type": "stream",
     "text": [
      "Overall Stratified C-Index Score for Ensemble Model: 0.6816\n"
     ]
    },
    {
     "name": "stderr",
     "output_type": "stream",
     "text": [
      "[I 2025-02-25 22:38:35,268] Trial 193 finished with value: 0.681630022247668 and parameters: {'weight_0': 0.5396803594757048, 'weight_1': 0.2203510244222158, 'weight_2': 0.9463666165339529, 'weight_3': 0.08123729988893855, 'weight_4': 0.7896592328279938, 'weight_5': 0.09495417585520531, 'weight_6': 0.34367927101455104, 'weight_7': 0.8578864198157264, 'weight_8': 0.957823121456235, 'weight_9': 0.10203626429695471}. Best is trial 136 with value: 0.6816495372901298.\n"
     ]
    },
    {
     "name": "stdout",
     "output_type": "stream",
     "text": [
      "Overall Stratified C-Index Score for Ensemble Model: 0.6816\n"
     ]
    },
    {
     "name": "stderr",
     "output_type": "stream",
     "text": [
      "[I 2025-02-25 22:38:35,751] Trial 194 finished with value: 0.6816273414454114 and parameters: {'weight_0': 0.5230480858709246, 'weight_1': 0.21360595425878795, 'weight_2': 0.9214308510734701, 'weight_3': 0.06898037575324223, 'weight_4': 0.792541158658397, 'weight_5': 0.10506113994981883, 'weight_6': 0.3439089204792465, 'weight_7': 0.8541925825285608, 'weight_8': 0.9588741970831173, 'weight_9': 0.09925810498273806}. Best is trial 136 with value: 0.6816495372901298.\n"
     ]
    },
    {
     "name": "stdout",
     "output_type": "stream",
     "text": [
      "Overall Stratified C-Index Score for Ensemble Model: 0.6816\n"
     ]
    },
    {
     "name": "stderr",
     "output_type": "stream",
     "text": [
      "[I 2025-02-25 22:38:36,237] Trial 195 finished with value: 0.6816073211180579 and parameters: {'weight_0': 0.5610841351473831, 'weight_1': 0.3043439362098742, 'weight_2': 0.9418418191674728, 'weight_3': 0.12114522102231105, 'weight_4': 0.7525269843106975, 'weight_5': 0.13395521243749448, 'weight_6': 0.38159991948167177, 'weight_7': 0.9174176223939976, 'weight_8': 0.9599831856012637, 'weight_9': 0.10120507740258766}. Best is trial 136 with value: 0.6816495372901298.\n"
     ]
    },
    {
     "name": "stdout",
     "output_type": "stream",
     "text": [
      "Overall Stratified C-Index Score for Ensemble Model: 0.6816\n"
     ]
    },
    {
     "name": "stderr",
     "output_type": "stream",
     "text": [
      "[I 2025-02-25 22:38:36,723] Trial 196 finished with value: 0.6815947038108899 and parameters: {'weight_0': 0.5024627894201201, 'weight_1': 0.26982773919843456, 'weight_2': 0.996959892956619, 'weight_3': 0.053899116259953486, 'weight_4': 0.804171277895429, 'weight_5': 0.09589797615211262, 'weight_6': 0.3694788706767897, 'weight_7': 0.8934113927972245, 'weight_8': 0.9999381645487894, 'weight_9': 0.0672787117808716}. Best is trial 136 with value: 0.6816495372901298.\n"
     ]
    },
    {
     "name": "stdout",
     "output_type": "stream",
     "text": [
      "Overall Stratified C-Index Score for Ensemble Model: 0.6816\n"
     ]
    },
    {
     "name": "stderr",
     "output_type": "stream",
     "text": [
      "[I 2025-02-25 22:38:37,257] Trial 197 finished with value: 0.6816217870487138 and parameters: {'weight_0': 0.5312824497109719, 'weight_1': 0.22531058056833214, 'weight_2': 0.9514232172295936, 'weight_3': 0.08526720495470383, 'weight_4': 0.7371611392518225, 'weight_5': 0.15242832176032212, 'weight_6': 0.26735221980686485, 'weight_7': 0.8512144965831356, 'weight_8': 0.9424189802873463, 'weight_9': 0.1445300244438795}. Best is trial 136 with value: 0.6816495372901298.\n"
     ]
    },
    {
     "name": "stdout",
     "output_type": "stream",
     "text": [
      "Overall Stratified C-Index Score for Ensemble Model: 0.6816\n"
     ]
    },
    {
     "name": "stderr",
     "output_type": "stream",
     "text": [
      "[I 2025-02-25 22:38:38,024] Trial 198 finished with value: 0.6816334537661354 and parameters: {'weight_0': 0.579453753365655, 'weight_1': 0.255994010173873, 'weight_2': 0.9037477630529664, 'weight_3': 0.0824575789454503, 'weight_4': 0.8216833724821562, 'weight_5': 0.1132853689215304, 'weight_6': 0.39973333870109773, 'weight_7': 0.8773247703680378, 'weight_8': 0.9791966990389339, 'weight_9': 0.1652563074235965}. Best is trial 136 with value: 0.6816495372901298.\n"
     ]
    },
    {
     "name": "stdout",
     "output_type": "stream",
     "text": [
      "Overall Stratified C-Index Score for Ensemble Model: 0.6816\n"
     ]
    },
    {
     "name": "stderr",
     "output_type": "stream",
     "text": [
