      "[I 2025-02-25 22:37:02,962] Trial 0 finished with value: 0.6805984641686902 and parameters: {'weight_0': 0.7583944080668411, 'weight_1': 0.9927783131990799, 'weight_2': 0.8858033103455913, 'weight_3': 0.8864138038392477, 'weight_4': 0.175722949322057, 'weight_5': 0.6745623507085136, 'weight_6': 0.809346080771021, 'weight_7': 0.23283694236627667, 'weight_8': 0.6663306711816257, 'weight_9': 0.3378678532555496}. Best is trial 0 with value: 0.6805984641686902.\n"
     ]
    },
    {
     "name": "stdout",
     "output_type": "stream",
     "text": [
      "Overall Stratified C-Index Score for Ensemble Model: 0.6806\n"
     ]
    },
    {
     "name": "stderr",
     "output_type": "stream",
     "text": [
      "[I 2025-02-25 22:37:03,396] Trial 1 finished with value: 0.6810415486728298 and parameters: {'weight_0': 0.554508592965745, 'weight_1': 0.5583520064762775, 'weight_2': 0.743316687441086, 'weight_3': 0.42844892900383313, 'weight_4': 0.12346382449284798, 'weight_5': 0.6889953226589061, 'weight_6': 0.8962377079887858, 'weight_7': 0.6975440970666481, 'weight_8': 0.9767238176009132, 'weight_9': 0.6608389155359718}. Best is trial 1 with value: 0.6810415486728298.\n"
     ]
    },
    {
     "name": "stdout",
     "output_type": "stream",
     "text": [
      "Overall Stratified C-Index Score for Ensemble Model: 0.6810\n"
     ]
    },
    {
     "name": "stderr",
     "output_type": "stream",
     "text": [
      "[I 2025-02-25 22:37:03,827] Trial 2 finished with value: 0.6800471922801761 and parameters: {'weight_0': 0.681163499236032, 'weight_1': 0.5973826547747487, 'weight_2': 0.7889639908378293, 'weight_3': 0.8914922870078497, 'weight_4': 0.6319359667832675, 'weight_5': 0.778218385140619, 'weight_6': 0.2671844692188175, 'weight_7': 0.1921919242063702, 'weight_8': 0.09219614526994616, 'weight_9': 0.541017560976602}. Best is trial 1 with value: 0.6810415486728298.\n"
     ]
    },
    {
     "name": "stdout",
     "output_type": "stream",
     "text": [
      "Overall Stratified C-Index Score for Ensemble Model: 0.6800\n"
     ]
    },
    {
     "name": "stderr",
     "output_type": "stream",
     "text": [
      "[I 2025-02-25 22:37:04,257] Trial 3 finished with value: 0.6804993601395898 and parameters: {'weight_0': 0.32127820508001437, 'weight_1': 0.07291168588942004, 'weight_2': 0.6251695419814429, 'weight_3': 0.8878451684374494, 'weight_4': 0.7512990102333803, 'weight_5': 0.05714141405567459, 'weight_6': 0.29470992251304295, 'weight_7': 0.7729313637243396, 'weight_8': 0.13405273451178013, 'weight_9': 0.7302230233865437}. Best is trial 1 with value: 0.6810415486728298.\n"
     ]
    },
    {
     "name": "stdout",
     "output_type": "stream",
     "text": [
      "Overall Stratified C-Index Score for Ensemble Model: 0.6805\n"
     ]
    },
    {
     "name": "stderr",
     "output_type": "stream",
     "text": [
      "[I 2025-02-25 22:37:04,688] Trial 4 finished with value: 0.6806663114533726 and parameters: {'weight_0': 0.687655312095248, 'weight_1': 0.49147257460179694, 'weight_2': 0.08242626635580064, 'weight_3': 0.406790340732089, 'weight_4': 0.6467765150971705, 'weight_5': 0.454112055673559, 'weight_6': 0.49732507737445203, 'weight_7': 0.41731844483214336, 'weight_8': 0.5611670632907801, 'weight_9': 0.8576152095158739}. Best is trial 1 with value: 0.6810415486728298.\n"
     ]
    },
    {
     "name": "stdout",
     "output_type": "stream",
     "text": [
      "Overall Stratified C-Index Score for Ensemble Model: 0.6807\n"
     ]
    },
    {
     "name": "stderr",
     "output_type": "stream",
     "text": [
      "[I 2025-02-25 22:37:05,120] Trial 5 finished with value: 0.680007757090738 and parameters: {'weight_0': 0.9113788371857711, 'weight_1': 0.6553165110640796, 'weight_2': 0.11003354259376458, 'weight_3': 0.5938784053899044, 'weight_4': 0.33801881293653474, 'weight_5': 0.3043571113684821, 'weight_6': 0.312297107224174, 'weight_7': 0.252587261969101, 'weight_8': 0.4763996451823708, 'weight_9': 0.607451758472503}. Best is trial 1 with value: 0.6810415486728298.\n"
     ]
    },
    {
     "name": "stdout",
     "output_type": "stream",
     "text": [
      "Overall Stratified C-Index Score for Ensemble Model: 0.6800\n"
     ]
    },
    {
     "name": "stderr",
     "output_type": "stream",
     "text": [
      "[I 2025-02-25 22:37:05,552] Trial 6 finished with value: 0.6794558488305428 and parameters: {'weight_0': 0.45615693205416746, 'weight_1': 0.95296298542797, 'weight_2': 0.2390424736283288, 'weight_3': 0.841914431413011, 'weight_4': 0.34363632615477624, 'weight_5': 0.8572248562717346, 'weight_6': 0.379041237372164, 'weight_7': 0.16370774777864786, 'weight_8': 0.25279795954448125, 'weight_9': 0.5868151020116803}. Best is trial 1 with value: 0.6810415486728298.\n"
     ]
    },
    {
     "name": "stdout",
     "output_type": "stream",
     "text": [
      "Overall Stratified C-Index Score for Ensemble Model: 0.6795\n"
     ]
    },
    {
     "name": "stderr",
     "output_type": "stream",
     "text": [
      "[I 2025-02-25 22:37:05,988] Trial 7 finished with value: 0.6796833701946068 and parameters: {'weight_0': 0.24940795651947278, 'weight_1': 0.6604439765396657, 'weight_2': 0.500488675189087, 'weight_3': 0.7927723082012785, 'weight_4': 0.8536130888282587, 'weight_5': 0.932466149081267, 'weight_6': 0.1639975506159667, 'weight_7': 0.2803101104714479, 'weight_8': 0.39325300530600305, 'weight_9': 0.5747891646718728}. Best is trial 1 with value: 0.6810415486728298.\n"
     ]
    },
    {
     "name": "stdout",
     "output_type": "stream",
     "text": [
      "Overall Stratified C-Index Score for Ensemble Model: 0.6797\n"
     ]
    },
    {
     "name": "stderr",
     "output_type": "stream",
     "text": [
      "[I 2025-02-25 22:37:06,417] Trial 8 finished with value: 0.6806667664374497 and parameters: {'weight_0': 0.537185323156392, 'weight_1': 0.28749144873756416, 'weight_2': 0.8779136789738003, 'weight_3': 0.6856791359946389, 'weight_4': 0.7005983323995144, 'weight_5': 0.4716433223281316, 'weight_6': 0.19260475768371554, 'weight_7': 0.2015785208679668, 'weight_8': 0.7307313933886369, 'weight_9': 0.09648367880611795}. Best is trial 1 with value: 0.6810415486728298.\n"
     ]
    },
    {
     "name": "stdout",
     "output_type": "stream",
     "text": [
      "Overall Stratified C-Index Score for Ensemble Model: 0.6807\n"
     ]
    },
    {
     "name": "stderr",
     "output_type": "stream",
     "text": [
      "[I 2025-02-25 22:37:06,848] Trial 9 finished with value: 0.6812118239099159 and parameters: {'weight_0': 0.30276553342552276, 'weight_1': 0.32359310834289357, 'weight_2': 0.5294385366421219, 'weight_3': 0.33202314446528197, 'weight_4': 0.5700181942512026, 'weight_5': 0.07186895106104194, 'weight_6': 0.8408650717162829, 'weight_7': 0.9128785526422797, 'weight_8': 0.4539078319303538, 'weight_9': 0.5117553324506354}. Best is trial 9 with value: 0.6812118239099159.\n"
     ]
    },
    {
     "name": "stdout",
     "output_type": "stream",
     "text": [
      "Overall Stratified C-Index Score for Ensemble Model: 0.6812\n"
     ]
    },
    {
     "name": "stderr",
     "output_type": "stream",
     "text": [
      "[I 2025-02-25 22:37:07,316] Trial 10 finished with value: 0.6814963956903672 and parameters: {'weight_0': 0.13699635662492815, 'weight_1': 0.30247958952376025, 'weight_2': 0.4082972860748736, 'weight_3': 0.14008077615427886, 'weight_4': 0.9826309395508073, 'weight_5': 0.06824901758443756, 'weight_6': 0.7110395011833509, 'weight_7': 0.9957470325612139, 'weight_8': 0.8578788642130113, 'weight_9': 0.26831495380105946}. Best is trial 10 with value: 0.6814963956903672.\n"
     ]
    },
    {
     "name": "stdout",
     "output_type": "stream",
     "text": [
      "Overall Stratified C-Index Score for Ensemble Model: 0.6815\n"
     ]
    },
    {
     "name": "stderr",
     "output_type": "stream",
     "text": [
      "[I 2025-02-25 22:37:07,785] Trial 11 finished with value: 0.6814941287090108 and parameters: {'weight_0': 0.05146165742594748, 'weight_1': 0.2826282231454693, 'weight_2': 0.4289152193487974, 'weight_3': 0.10228953168914928, 'weight_4': 0.9938843172283405, 'weight_5': 0.07089052501724735, 'weight_6': 0.6705350538124782, 'weight_7': 0.966897351328397, 'weight_8': 0.9742232329443868, 'weight_9': 0.3297643013183711}. Best is trial 10 with value: 0.6814963956903672.\n"
     ]
    },
    {
     "name": "stdout",
     "output_type": "stream",
     "text": [
      "Overall Stratified C-Index Score for Ensemble Model: 0.6815\n"
     ]
    },
    {
     "name": "stderr",
     "output_type": "stream",
     "text": [
      "[I 2025-02-25 22:37:08,254] Trial 12 finished with value: 0.681433338684411 and parameters: {'weight_0': 0.06481514148622608, 'weight_1': 0.17542397226655054, 'weight_2': 0.37752683165335, 'weight_3': 0.0507890054790404, 'weight_4': 0.9989078969822208, 'weight_5': 0.2353600595233618, 'weight_6': 0.6714965810638588, 'weight_7': 0.9901480028014044, 'weight_8': 0.9932222618600048, 'weight_9': 0.29439645371000284}. Best is trial 10 with value: 0.6814963956903672.\n"
     ]
    },
    {
     "name": "stdout",
     "output_type": "stream",
     "text": [
      "Overall Stratified C-Index Score for Ensemble Model: 0.6814\n"
     ]
    },
    {
     "name": "stderr",
     "output_type": "stream",
     "text": [
      "[I 2025-02-25 22:37:08,724] Trial 13 finished with value: 0.6815259005986667 and parameters: {'weight_0': 0.09371863891383836, 'weight_1': 0.3637089373662903, 'weight_2': 0.33960093644805456, 'weight_3': 0.05020373030160197, 'weight_4': 0.9964972123637515, 'weight_5': 0.2152253136186632, 'weight_6': 0.6409463036430492, 'weight_7': 0.8052112823119264, 'weight_8': 0.8348870337003762, 'weight_9': 0.27073939511991574}. Best is trial 13 with value: 0.6815259005986667.\n"
     ]
    },
    {
     "name": "stdout",
     "output_type": "stream",
     "text": [
      "Overall Stratified C-Index Score for Ensemble Model: 0.6815\n"
     ]
    },
    {
     "name": "stderr",
     "output_type": "stream",
     "text": [
      "[I 2025-02-25 22:37:09,199] Trial 14 finished with value: 0.6814458620190299 and parameters: {'weight_0': 0.16110293868017617, 'weight_1': 0.43256805728207937, 'weight_2': 0.2621793961147801, 'weight_3': 0.18503633458149424, 'weight_4': 0.8559528084833464, 'weight_5': 0.22302905473803486, 'weight_6': 0.6899716854068089, 'weight_7': 0.7336440678690607, 'weight_8': 0.8044362813638748, 'weight_9': 0.09906416671875481}. Best is trial 13 with value: 0.6815259005986667.\n"
     ]
    },
    {
     "name": "stdout",
     "output_type": "stream",
     "text": [
      "Overall Stratified C-Index Score for Ensemble Model: 0.6814\n"
     ]
    },
    {
     "name": "stderr",
     "output_type": "stream",
     "text": [
      "[I 2025-02-25 22:37:09,669] Trial 15 finished with value: 0.6814478273682509 and parameters: {'weight_0': 0.20114028991120647, 'weight_1': 0.40241441158668156, 'weight_2': 0.2974947349674452, 'weight_3': 0.21476004576143956, 'weight_4': 0.8527726661961677, 'weight_5': 0.3529519495955781, 'weight_6': 0.9856703176746013, 'weight_7': 0.5319629852082185, 'weight_8': 0.8487481031349156, 'weight_9': 0.16655270529695862}. Best is trial 13 with value: 0.6815259005986667.\n"
     ]
    },
    {
     "name": "stdout",
     "output_type": "stream",
     "text": [
      "Overall Stratified C-Index Score for Ensemble Model: 0.6814\n"
     ]
    },
    {
     "name": "stderr",
     "output_type": "stream",
     "text": [
      "[I 2025-02-25 22:37:10,140] Trial 16 finished with value: 0.6814564360176255 and parameters: {'weight_0': 0.4074633945708073, 'weight_1': 0.1552175011436191, 'weight_2': 0.5695610637312348, 'weight_3': 0.23993544908974573, 'weight_4': 0.4377011083372945, 'weight_5': 0.18530873334130227, 'weight_6': 0.5447990697539573, 'weight_7': 0.8571576132370414, 'weight_8': 0.6265996416325944, 'weight_9': 0.43974426385577225}. Best is trial 13 with value: 0.6815259005986667.\n"
     ]
    },
    {
     "name": "stdout",
     "output_type": "stream",
     "text": [
      "Overall Stratified C-Index Score for Ensemble Model: 0.6815\n"
     ]
    },
    {
     "name": "stderr",
     "output_type": "stream",
     "text": [
      "[I 2025-02-25 22:37:10,610] Trial 17 finished with value: 0.6814083099501898 and parameters: {'weight_0': 0.14465556528297732, 'weight_1': 0.7513914048478948, 'weight_2': 0.3919954292832727, 'weight_3': 0.11591232298728855, 'weight_4': 0.9007679957649725, 'weight_5': 0.3690192757243323, 'weight_6': 0.5175683008079586, 'weight_7': 0.5752589779297881, 'weight_8': 0.8463793001679321, 'weight_9': 0.22304393572214726}. Best is trial 13 with value: 0.6815259005986667.\n"
     ]
    },
    {
     "name": "stdout",
     "output_type": "stream",
     "text": [
      "Overall Stratified C-Index Score for Ensemble Model: 0.6814\n"
     ]
    },
    {
     "name": "stderr",
     "output_type": "stream",
     "text": [
      "[I 2025-02-25 22:37:11,085] Trial 18 finished with value: 0.6812333303228905 and parameters: {'weight_0': 0.36342354802084637, 'weight_1': 0.1921905782227161, 'weight_2': 0.17852318022679017, 'weight_3': 0.32082305939781275, 'weight_4': 0.7723373040596875, 'weight_5': 0.5796910324321143, 'weight_6': 0.5782951435090934, 'weight_7': 0.8355967032077773, 'weight_8': 0.7389082242820344, 'weight_9': 0.4019825555215422}. Best is trial 13 with value: 0.6815259005986667.\n"
     ]
    },
    {
     "name": "stdout",
     "output_type": "stream",
     "text": [
      "Overall Stratified C-Index Score for Ensemble Model: 0.6812\n"
     ]
    },
    {
     "name": "stderr",
     "output_type": "stream",
     "text": [
      "[I 2025-02-25 22:37:11,557] Trial 19 finished with value: 0.680171643238756 and parameters: {'weight_0': 0.169785473851016, 'weight_1': 0.36813555673577203, 'weight_2': 0.671236994075713, 'weight_3': 0.5240233787797408, 'weight_4': 0.9595469873004064, 'weight_5': 0.16844422336315534, 'weight_6': 0.06769248247498083, 'weight_7': 0.6079329839631235, 'weight_8': 0.8915610841813216, 'weight_9': 0.9697548593976497}. Best is trial 13 with value: 0.6815259005986667.\n"
     ]
    },
    {
     "name": "stdout",
     "output_type": "stream",
     "text": [
      "Overall Stratified C-Index Score for Ensemble Model: 0.6802\n"
     ]
    },
    {
     "name": "stderr",
     "output_type": "stream",
     "text": [
      "[I 2025-02-25 22:37:12,049] Trial 20 finished with value: 0.6806105280001187 and parameters: {'weight_0': 0.9279837668076476, 'weight_1': 0.46707248391574047, 'weight_2': 0.34048911915542907, 'weight_3': 0.29226051965741917, 'weight_4': 0.4990026435307247, 'weight_5': 0.1344513892012752, 'weight_6': 0.4315585763879448, 'weight_7': 0.40633116340949677, 'weight_8': 0.5871324880357154, 'weight_9': 0.2209744116782991}. Best is trial 13 with value: 0.6815259005986667.\n"
     ]
    },
    {
     "name": "stdout",
     "output_type": "stream",
     "text": [
      "Overall Stratified C-Index Score for Ensemble Model: 0.6806\n"
     ]
    },
    {
     "name": "stderr",
     "output_type": "stream",
     "text": [
      "[I 2025-02-25 22:37:12,520] Trial 21 finished with value: 0.6815103278059654 and parameters: {'weight_0': 0.06832013053962085, 'weight_1': 0.341113648696779, 'weight_2': 0.4269342147051644, 'weight_3': 0.05160900457727116, 'weight_4': 0.9986885771955786, 'weight_5': 0.070571959717403, 'weight_6': 0.6921926033724848, 'weight_7': 0.9610463713597555, 'weight_8': 0.9184701177840114, 'weight_9': 0.31069669096228575}. Best is trial 13 with value: 0.6815259005986667.\n"
     ]
    },
    {
     "name": "stdout",
     "output_type": "stream",
     "text": [
      "Overall Stratified C-Index Score for Ensemble Model: 0.6815\n"
     ]
    },
    {
     "name": "stderr",
     "output_type": "stream",
     "text": [
      "[I 2025-02-25 22:37:12,993] Trial 22 finished with value: 0.6814340318140156 and parameters: {'weight_0': 0.08843198200189241, 'weight_1': 0.23749495059257963, 'weight_2': 0.456589672604077, 'weight_3': 0.05892868043937169, 'weight_4': 0.9120250213763855, 'weight_5': 0.27409915845890864, 'weight_6': 0.7285048832255352, 'weight_7': 0.8959511790234926, 'weight_8': 0.7453359284290789, 'weight_9': 0.42100715371641195}. Best is trial 13 with value: 0.6815259005986667.\n"
     ]
    },
    {
     "name": "stdout",
     "output_type": "stream",
     "text": [
      "Overall Stratified C-Index Score for Ensemble Model: 0.6814\n"
     ]
    },
    {
     "name": "stderr",
     "output_type": "stream",
     "text": [
      "[I 2025-02-25 22:37:13,465] Trial 23 finished with value: 0.6800155453257 and parameters: {'weight_0': 0.249141500065779, 'weight_1': 0.07171428880260111, 'weight_2': 0.1837571847770455, 'weight_3': 0.9973857405189299, 'weight_4': 0.7836630742775261, 'weight_5': 0.14069773435634975, 'weight_6': 0.6049749830246827, 'weight_7': 0.054004663696497424, 'weight_8': 0.9118717186229635, 'weight_9': 0.26322157844536176}. Best is trial 13 with value: 0.6815259005986667.\n"
     ]
    },
    {
     "name": "stdout",
     "output_type": "stream",
     "text": [
      "Overall Stratified C-Index Score for Ensemble Model: 0.6800\n"
     ]
    },
    {
     "name": "stderr",
     "output_type": "stream",
     "text": [
      "[I 2025-02-25 22:37:13,935] Trial 24 finished with value: 0.6814276996166423 and parameters: {'weight_0': 0.1193585507164669, 'weight_1': 0.3582647999265609, 'weight_2': 0.4594328720562337, 'weight_3': 0.1457681582336803, 'weight_4': 0.9320191431521985, 'weight_5': 0.12478840037947798, 'weight_6': 0.7716892418312952, 'weight_7': 0.9937090039547551, 'weight_8': 0.800383175643109, 'weight_9': 0.16673150729677286}. Best is trial 13 with value: 0.6815259005986667.\n"
     ]
    },
    {
     "name": "stdout",
     "output_type": "stream",
     "text": [
      "Overall Stratified C-Index Score for Ensemble Model: 0.6814\n"
     ]
    },
    {
     "name": "stderr",
     "output_type": "stream",
     "text": [
      "[I 2025-02-25 22:37:14,409] Trial 25 finished with value: 0.6814589504918636 and parameters: {'weight_0': 0.2435742495281761, 'weight_1': 0.24967901844502866, 'weight_2': 0.3148279944240731, 'weight_3': 0.17176535838113965, 'weight_4': 0.8211470563166436, 'weight_5': 0.35765740038648586, 'weight_6': 0.6354442378684177, 'weight_7': 0.7964453093596868, 'weight_8': 0.6709393417284278, 'weight_9': 0.059807618293665266}. Best is trial 13 with value: 0.6815259005986667.\n"
     ]
    },
    {
     "name": "stdout",
     "output_type": "stream",
     "text": [
      "Overall Stratified C-Index Score for Ensemble Model: 0.6815\n"
     ]
    },
    {
     "name": "stderr",
     "output_type": "stream",
     "text": [
      "[I 2025-02-25 22:37:14,883] Trial 26 finished with value: 0.681462545365551 and parameters: {'weight_0': 0.12937715803150618, 'weight_1': 0.41989835236618334, 'weight_2': 0.5818381730672577, 'weight_3': 0.24983680410256648, 'weight_4': 0.9334194866670337, 'weight_5': 0.25426120515182965, 'weight_6': 0.8876305311945534, 'weight_7': 0.6684607149763384, 'weight_8': 0.9062246946835744, 'weight_9': 0.36159786998204985}. Best is trial 13 with value: 0.6815259005986667.\n"
     ]
    },
    {
     "name": "stdout",
     "output_type": "stream",
     "text": [
      "Overall Stratified C-Index Score for Ensemble Model: 0.6815\n"
     ]
    },
    {
     "name": "stderr",
     "output_type": "stream",
     "text": [
      "[I 2025-02-25 22:37:15,356] Trial 27 finished with value: 0.6812755808608488 and parameters: {'weight_0': 0.05237399381465812, 'weight_1': 0.5145750640245607, 'weight_2': 0.19532908935760587, 'weight_3': 0.05537368928064326, 'weight_4': 0.7096340379011894, 'weight_5': 0.059091024183768485, 'weight_6': 0.7369932547371769, 'weight_7': 0.9022642289756089, 'weight_8': 0.786680362080564, 'weight_9': 0.4573710881837395}. Best is trial 13 with value: 0.6815259005986667.\n"
     ]
    },
    {
     "name": "stdout",
     "output_type": "stream",
     "text": [
      "Overall Stratified C-Index Score for Ensemble Model: 0.6813\n"
     ]
    },
    {
     "name": "stderr",
     "output_type": "stream",
     "text": [
      "[I 2025-02-25 22:37:15,828] Trial 28 finished with value: 0.6813621779045296 and parameters: {'weight_0': 0.4651451246185322, 'weight_1': 0.1333527916028347, 'weight_2': 0.3688792006672194, 'weight_3': 0.40641799775145654, 'weight_4': 0.9884988030809007, 'weight_5': 0.43881895070025945, 'weight_6': 0.4434024018500222, 'weight_7': 0.9430639525795707, 'weight_8': 0.3490133254456785, 'weight_9': 0.16446711859597107}. Best is trial 13 with value: 0.6815259005986667.\n"
     ]
    },
    {
     "name": "stdout",
     "output_type": "stream",
     "text": [
      "Overall Stratified C-Index Score for Ensemble Model: 0.6814\n"
     ]
    },
    {
     "name": "stderr",
     "output_type": "stream",
     "text": [
      "[I 2025-02-25 22:37:16,301] Trial 29 finished with value: 0.6813495048773328 and parameters: {'weight_0': 0.2108161190739241, 'weight_1': 0.31015411955726346, 'weight_2': 0.4932759481681999, 'weight_3': 0.1385842793959809, 'weight_4': 0.8953026183977733, 'weight_5': 0.6086759325482887, 'weight_6': 0.8438074022577331, 'weight_7': 0.8478611655408562, 'weight_8': 0.6477825677210524, 'weight_9': 0.3398379031886465}. Best is trial 13 with value: 0.6815259005986667.\n"
     ]
    },
    {
     "name": "stdout",
     "output_type": "stream",
     "text": [
      "Overall Stratified C-Index Score for Ensemble Model: 0.6813\n"
     ]
    },
    {
     "name": "stderr",
     "output_type": "stream",
     "text": [
