      "[I 2025-02-25 22:37:45,347] Trial 90 finished with value: 0.6815600330351471 and parameters: {'weight_0': 0.6289450877367629, 'weight_1': 0.15043449491586658, 'weight_2': 0.8580980553838025, 'weight_3': 0.20233978966780633, 'weight_4': 0.7910405835840164, 'weight_5': 0.35228501346202573, 'weight_6': 0.6737713156749282, 'weight_7': 0.7004749143559964, 'weight_8': 0.931298146415585, 'weight_9': 0.32277339149826156}. Best is trial 61 with value: 0.6816093218690071.\n"
     ]
    },
    {
     "name": "stdout",
     "output_type": "stream",
     "text": [
      "Overall Stratified C-Index Score for Ensemble Model: 0.6816\n"
     ]
    },
    {
     "name": "stderr",
     "output_type": "stream",
     "text": [
      "[I 2025-02-25 22:37:45,824] Trial 91 finished with value: 0.6815264379365958 and parameters: {'weight_0': 0.5942599422988495, 'weight_1': 0.08811175013418612, 'weight_2': 0.8149776875513122, 'weight_3': 0.14680735915696186, 'weight_4': 0.8442257876565301, 'weight_5': 0.3797425073713653, 'weight_6': 0.6317026533053767, 'weight_7': 0.7772834512890915, 'weight_8': 0.9041609602139248, 'weight_9': 0.437486241207341}. Best is trial 61 with value: 0.6816093218690071.\n"
     ]
    },
    {
     "name": "stdout",
     "output_type": "stream",
     "text": [
      "Overall Stratified C-Index Score for Ensemble Model: 0.6815\n"
     ]
    },
    {
     "name": "stderr",
     "output_type": "stream",
     "text": [
      "[I 2025-02-25 22:37:46,299] Trial 92 finished with value: 0.6815673536372464 and parameters: {'weight_0': 0.5562747774587337, 'weight_1': 0.06881035053090574, 'weight_2': 0.7747444597657523, 'weight_3': 0.10964061825964681, 'weight_4': 0.8720168837907147, 'weight_5': 0.29859377709167784, 'weight_6': 0.6088454694395895, 'weight_7': 0.825576231171436, 'weight_8': 0.8777385540782189, 'weight_9': 0.419778660841151}. Best is trial 61 with value: 0.6816093218690071.\n"
     ]
    },
    {
     "name": "stdout",
     "output_type": "stream",
     "text": [
      "Overall Stratified C-Index Score for Ensemble Model: 0.6816\n"
     ]
    },
    {
     "name": "stderr",
     "output_type": "stream",
     "text": [
      "[I 2025-02-25 22:37:46,775] Trial 93 finished with value: 0.68162577648541 and parameters: {'weight_0': 0.6675987501643585, 'weight_1': 0.05470743000562314, 'weight_2': 0.70822962882246, 'weight_3': 0.10736957383778846, 'weight_4': 0.8040281366462512, 'weight_5': 0.3046423837378234, 'weight_6': 0.5620421597225664, 'weight_7': 0.8136093976986835, 'weight_8': 0.880412376931379, 'weight_9': 0.3533298141261442}. Best is trial 93 with value: 0.68162577648541.\n"
     ]
    },
    {
     "name": "stdout",
     "output_type": "stream",
     "text": [
      "Overall Stratified C-Index Score for Ensemble Model: 0.6816\n"
     ]
    },
    {
     "name": "stderr",
     "output_type": "stream",
     "text": [
      "[I 2025-02-25 22:37:47,252] Trial 94 finished with value: 0.6816184643345633 and parameters: {'weight_0': 0.7122839190614169, 'weight_1': 0.05020262046259262, 'weight_2': 0.7065723272901475, 'weight_3': 0.1092143723189382, 'weight_4': 0.8135814877481341, 'weight_5': 0.3052057474775527, 'weight_6': 0.6019945220844418, 'weight_7': 0.7574858435089451, 'weight_8': 0.8770159522042984, 'weight_9': 0.36637989524816283}. Best is trial 93 with value: 0.68162577648541.\n"
     ]
    },
    {
     "name": "stdout",
     "output_type": "stream",
     "text": [
      "Overall Stratified C-Index Score for Ensemble Model: 0.6816\n"
     ]
    },
    {
     "name": "stderr",
     "output_type": "stream",
     "text": [
      "[I 2025-02-25 22:37:47,730] Trial 95 finished with value: 0.6816206551991161 and parameters: {'weight_0': 0.7401676444761491, 'weight_1': 0.05421421662195082, 'weight_2': 0.7088160955229739, 'weight_3': 0.13947057646052202, 'weight_4': 0.8026432220987142, 'weight_5': 0.34184692426718793, 'weight_6': 0.5592188137651699, 'weight_7': 0.7484770008115561, 'weight_8': 0.9465924426209689, 'weight_9': 0.2878999294605219}. Best is trial 93 with value: 0.68162577648541.\n"
     ]
    },
    {
     "name": "stdout",
     "output_type": "stream",
     "text": [
      "Overall Stratified C-Index Score for Ensemble Model: 0.6816\n"
     ]
    },
    {
     "name": "stderr",
     "output_type": "stream",
     "text": [
      "[I 2025-02-25 22:37:48,210] Trial 96 finished with value: 0.6816265231387841 and parameters: {'weight_0': 0.7297514128727353, 'weight_1': 0.051230501562514165, 'weight_2': 0.705351191529109, 'weight_3': 0.15230190268347027, 'weight_4': 0.8113706595023498, 'weight_5': 0.32295861709315166, 'weight_6': 0.5751037519466698, 'weight_7': 0.7583061708403996, 'weight_8': 0.8486770466881459, 'weight_9': 0.27585453314452}. Best is trial 96 with value: 0.6816265231387841.\n"
     ]
    },
    {
     "name": "stdout",
     "output_type": "stream",
     "text": [
      "Overall Stratified C-Index Score for Ensemble Model: 0.6816\n"
     ]
    },
    {
     "name": "stderr",
     "output_type": "stream",
     "text": [
      "[I 2025-02-25 22:37:48,689] Trial 97 finished with value: 0.6815935191280796 and parameters: {'weight_0': 0.7578565595886202, 'weight_1': 0.11886819728264665, 'weight_2': 0.600151547842115, 'weight_3': 0.10190374124797091, 'weight_4': 0.8138054411622128, 'weight_5': 0.3255398154218483, 'weight_6': 0.5597106918120633, 'weight_7': 0.6922710362556549, 'weight_8': 0.8531368616737924, 'weight_9': 0.28674957778930976}. Best is trial 96 with value: 0.6816265231387841.\n"
     ]
    },
    {
     "name": "stdout",
     "output_type": "stream",
     "text": [
      "Overall Stratified C-Index Score for Ensemble Model: 0.6816\n"
     ]
    },
    {
     "name": "stderr",
     "output_type": "stream",
     "text": [
      "[I 2025-02-25 22:37:49,172] Trial 98 finished with value: 0.6815161025751983 and parameters: {'weight_0': 0.7517025810798733, 'weight_1': 0.10549169502145629, 'weight_2': 0.5971917631403594, 'weight_3': 0.21990725004312955, 'weight_4': 0.689749930935111, 'weight_5': 0.40492534304489347, 'weight_6': 0.5556184982509086, 'weight_7': 0.6951027587363118, 'weight_8': 0.792487731946922, 'weight_9': 0.2811403527073276}. Best is trial 96 with value: 0.6816265231387841.\n"
     ]
    },
    {
     "name": "stdout",
     "output_type": "stream",
     "text": [
      "Overall Stratified C-Index Score for Ensemble Model: 0.6815\n"
     ]
    },
    {
     "name": "stderr",
     "output_type": "stream",
     "text": [
      "[I 2025-02-25 22:37:49,649] Trial 99 finished with value: 0.6815961884193925 and parameters: {'weight_0': 0.7212031622958995, 'weight_1': 0.11860534504747772, 'weight_2': 0.6547203017910215, 'weight_3': 0.09728844853115293, 'weight_4': 0.8088815611408406, 'weight_5': 0.3413710163136705, 'weight_6': 0.6031531108709025, 'weight_7': 0.7499938409939632, 'weight_8': 0.8546399928351164, 'weight_9': 0.30108531226554036}. Best is trial 96 with value: 0.6816265231387841.\n"
     ]
    },
    {
     "name": "stdout",
     "output_type": "stream",
     "text": [
      "Overall Stratified C-Index Score for Ensemble Model: 0.6816\n"
     ]
    },
    {
     "name": "stderr",
     "output_type": "stream",
     "text": [
      "[I 2025-02-25 22:37:50,127] Trial 100 finished with value: 0.6815935200700388 and parameters: {'weight_0': 0.7308978573308031, 'weight_1': 0.12032297436164, 'weight_2': 0.6607616845662346, 'weight_3': 0.09559725463676638, 'weight_4': 0.7331986646439747, 'weight_5': 0.3596131274034944, 'weight_6': 0.5967971374039064, 'weight_7': 0.7492301945992351, 'weight_8': 0.8493671431525727, 'weight_9': 0.25237134129258637}. Best is trial 96 with value: 0.6816265231387841.\n"
     ]
    },
    {
     "name": "stdout",
     "output_type": "stream",
     "text": [
      "Overall Stratified C-Index Score for Ensemble Model: 0.6816\n"
     ]
    },
    {
     "name": "stderr",
     "output_type": "stream",
     "text": [
      "[I 2025-02-25 22:37:50,604] Trial 101 finished with value: 0.6816069139180057 and parameters: {'weight_0': 0.7273341257621497, 'weight_1': 0.07207539946288294, 'weight_2': 0.665079732814128, 'weight_3': 0.09599219311285417, 'weight_4': 0.8111385031295212, 'weight_5': 0.35822712696421904, 'weight_6': 0.5920845903195432, 'weight_7': 0.7454158469569582, 'weight_8': 0.8498040569901113, 'weight_9': 0.30361413159232675}. Best is trial 96 with value: 0.6816265231387841.\n"
     ]
    },
    {
     "name": "stdout",
     "output_type": "stream",
     "text": [
      "Overall Stratified C-Index Score for Ensemble Model: 0.6816\n"
     ]
    },
    {
     "name": "stderr",
     "output_type": "stream",
     "text": [
      "[I 2025-02-25 22:37:51,079] Trial 102 finished with value: 0.6816117585270599 and parameters: {'weight_0': 0.7238901732957709, 'weight_1': 0.08048844132518367, 'weight_2': 0.6632472319616002, 'weight_3': 0.09695101920662237, 'weight_4': 0.7263061644295872, 'weight_5': 0.3524649516753026, 'weight_6': 0.5638986803616296, 'weight_7': 0.7247569978378882, 'weight_8': 0.84470062852134, 'weight_9': 0.2507656578843785}. Best is trial 96 with value: 0.6816265231387841.\n"
     ]
    },
    {
     "name": "stdout",
     "output_type": "stream",
     "text": [
      "Overall Stratified C-Index Score for Ensemble Model: 0.6816\n"
     ]
    },
    {
     "name": "stderr",
     "output_type": "stream",
     "text": [
      "[I 2025-02-25 22:37:51,555] Trial 103 finished with value: 0.6815334305355985 and parameters: {'weight_0': 0.7907701515990341, 'weight_1': 0.11685585182048763, 'weight_2': 0.560407165526986, 'weight_3': 0.09639779204716527, 'weight_4': 0.8072753360764653, 'weight_5': 0.3180267004339751, 'weight_6': 0.5644530123785142, 'weight_7': 0.7450391671683156, 'weight_8': 0.767288245258636, 'weight_9': 0.24811108010217967}. Best is trial 96 with value: 0.6816265231387841.\n"
     ]
    },
    {
     "name": "stdout",
     "output_type": "stream",
     "text": [
      "Overall Stratified C-Index Score for Ensemble Model: 0.6815\n"
     ]
    },
    {
     "name": "stderr",
     "output_type": "stream",
     "text": [
      "[I 2025-02-25 22:37:52,055] Trial 104 finished with value: 0.6815959140624821 and parameters: {'weight_0': 0.7253547082186614, 'weight_1': 0.07352017667587879, 'weight_2': 0.65376541721846, 'weight_3': 0.06664240841670702, 'weight_4': 0.7247734186208419, 'weight_5': 0.4337938884491345, 'weight_6': 0.6130865368245183, 'weight_7': 0.7137415461850974, 'weight_8': 0.851656179904906, 'weight_9': 0.20331328975735555}. Best is trial 96 with value: 0.6816265231387841.\n"
     ]
    },
    {
     "name": "stdout",
     "output_type": "stream",
     "text": [
      "Overall Stratified C-Index Score for Ensemble Model: 0.6816\n"
     ]
    },
    {
     "name": "stderr",
     "output_type": "stream",
     "text": [
      "[I 2025-02-25 22:37:52,530] Trial 105 finished with value: 0.6815771998228574 and parameters: {'weight_0': 0.7243314300290384, 'weight_1': 0.06855113803143847, 'weight_2': 0.6642179447400232, 'weight_3': 0.0535457152422184, 'weight_4': 0.6042473824143413, 'weight_5': 0.43349772381457574, 'weight_6': 0.599411755606407, 'weight_7': 0.6439392280657994, 'weight_8': 0.8431012129144115, 'weight_9': 0.19348630477480364}. Best is trial 96 with value: 0.6816265231387841.\n"
     ]
    },
    {
     "name": "stdout",
     "output_type": "stream",
     "text": [
      "Overall Stratified C-Index Score for Ensemble Model: 0.6816\n"
     ]
    },
    {
     "name": "stderr",
     "output_type": "stream",
     "text": [
      "[I 2025-02-25 22:37:53,006] Trial 106 finished with value: 0.6815706864465784 and parameters: {'weight_0': 0.8418304062068027, 'weight_1': 0.055587400779739754, 'weight_2': 0.6408216005535549, 'weight_3': 0.06864600742681745, 'weight_4': 0.7331205054024387, 'weight_5': 0.3563339560652511, 'weight_6': 0.535329959983844, 'weight_7': 0.7143371757649113, 'weight_8': 0.8076594058420177, 'weight_9': 0.26401559635662}. Best is trial 96 with value: 0.6816265231387841.\n"
     ]
    },
    {
     "name": "stdout",
     "output_type": "stream",
     "text": [
      "Overall Stratified C-Index Score for Ensemble Model: 0.6816\n"
     ]
    },
    {
     "name": "stderr",
     "output_type": "stream",
     "text": [
      "[I 2025-02-25 22:37:53,484] Trial 107 finished with value: 0.6815733680095726 and parameters: {'weight_0': 0.7052746425587845, 'weight_1': 0.07608431274731527, 'weight_2': 0.6985690689763726, 'weight_3': 0.14322755655096434, 'weight_4': 0.6817851770415094, 'weight_5': 0.38785565176263115, 'weight_6': 0.501073184409423, 'weight_7': 0.6712134790871312, 'weight_8': 0.744135239172593, 'weight_9': 0.2258626904318465}. Best is trial 96 with value: 0.6816265231387841.\n"
     ]
    },
    {
     "name": "stdout",
     "output_type": "stream",
     "text": [
      "Overall Stratified C-Index Score for Ensemble Model: 0.6816\n"
     ]
    },
    {
     "name": "stderr",
     "output_type": "stream",
     "text": [
      "[I 2025-02-25 22:37:53,961] Trial 108 finished with value: 0.6814579109360299 and parameters: {'weight_0': 0.8165087414692253, 'weight_1': 0.1330578583660698, 'weight_2': 0.6724358366369659, 'weight_3': 0.17646725967606988, 'weight_4': 0.718366669513628, 'weight_5': 0.4580053038051558, 'weight_6': 0.6118209509075374, 'weight_7': 0.792607589686271, 'weight_8': 0.7131061943050843, 'weight_9': 0.3051353381085987}. Best is trial 96 with value: 0.6816265231387841.\n"
     ]
    },
    {
     "name": "stdout",
     "output_type": "stream",
     "text": [
      "Overall Stratified C-Index Score for Ensemble Model: 0.6815\n"
     ]
    },
    {
     "name": "stderr",
     "output_type": "stream",
     "text": [
      "[I 2025-02-25 22:37:54,441] Trial 109 finished with value: 0.6815614330146544 and parameters: {'weight_0': 0.6593069693979374, 'weight_1': 0.09987338405816143, 'weight_2': 0.6232372097773727, 'weight_3': 0.3608971937463199, 'weight_4': 0.7765563986158552, 'weight_5': 0.2859605882099208, 'weight_6': 0.6430138137479681, 'weight_7': 0.567979461357451, 'weight_8': 0.7823588127597945, 'weight_9': 0.15923092550053858}. Best is trial 96 with value: 0.6816265231387841.\n"
     ]
    },
    {
     "name": "stdout",
     "output_type": "stream",
     "text": [
      "Overall Stratified C-Index Score for Ensemble Model: 0.6816\n"
     ]
    },
    {
     "name": "stderr",
     "output_type": "stream",
     "text": [
      "[I 2025-02-25 22:37:54,919] Trial 110 finished with value: 0.6809096615498699 and parameters: {'weight_0': 0.7306605924559411, 'weight_1': 0.8665656946416744, 'weight_2': 0.6603693856191957, 'weight_3': 0.06733989363868295, 'weight_4': 0.7422591949101013, 'weight_5': 0.41335288228858996, 'weight_6': 0.5820698323595908, 'weight_7': 0.7286626253828251, 'weight_8': 0.8185901804903022, 'weight_9': 0.19967558326698265}. Best is trial 96 with value: 0.6816265231387841.\n"
     ]
    },
    {
     "name": "stdout",
     "output_type": "stream",
     "text": [
      "Overall Stratified C-Index Score for Ensemble Model: 0.6809\n"
     ]
    },
    {
     "name": "stderr",
     "output_type": "stream",
     "text": [
      "[I 2025-02-25 22:37:55,399] Trial 111 finished with value: 0.6815570413850714 and parameters: {'weight_0': 0.7950956297224485, 'weight_1': 0.12021926335349019, 'weight_2': 0.5930398987020887, 'weight_3': 0.0969609873829878, 'weight_4': 0.8180052971122896, 'weight_5': 0.31015022365923195, 'weight_6': 0.559277845001629, 'weight_7': 0.737420616145576, 'weight_8': 0.8541938138661589, 'weight_9': 0.14445437209472867}. Best is trial 96 with value: 0.6816265231387841.\n"
     ]
    },
    {
     "name": "stdout",
     "output_type": "stream",
     "text": [
      "Overall Stratified C-Index Score for Ensemble Model: 0.6816\n"
     ]
    },
    {
     "name": "stderr",
     "output_type": "stream",
     "text": [
      "[I 2025-02-25 22:37:55,877] Trial 112 finished with value: 0.6816054570993996 and parameters: {'weight_0': 0.6705923958754502, 'weight_1': 0.05143619728084109, 'weight_2': 0.5203278340288162, 'weight_3': 0.08974991586647209, 'weight_4': 0.7581365961178902, 'weight_5': 0.3607362275815514, 'weight_6': 0.5466339084091484, 'weight_7': 0.6985948790256478, 'weight_8': 0.8782059598796402, 'weight_9': 0.2957585346814864}. Best is trial 96 with value: 0.6816265231387841.\n"
     ]
    },
    {
     "name": "stdout",
     "output_type": "stream",
     "text": [
      "Overall Stratified C-Index Score for Ensemble Model: 0.6816\n"
     ]
    },
    {
     "name": "stderr",
     "output_type": "stream",
     "text": [
      "[I 2025-02-25 22:37:56,356] Trial 113 finished with value: 0.6816093280416188 and parameters: {'weight_0': 0.6754348426984462, 'weight_1': 0.050168346513977266, 'weight_2': 0.6838535542225738, 'weight_3': 0.14244907128164414, 'weight_4': 0.7630912873002622, 'weight_5': 0.3572274702673966, 'weight_6': 0.5982195806720664, 'weight_7': 0.6512446312794878, 'weight_8': 0.8737281269594017, 'weight_9': 0.2572313988490939}. Best is trial 96 with value: 0.6816265231387841.\n"
     ]
    },
    {
     "name": "stdout",
     "output_type": "stream",
     "text": [
      "Overall Stratified C-Index Score for Ensemble Model: 0.6816\n"
     ]
    },
    {
     "name": "stderr",
     "output_type": "stream",
     "text": [
      "[I 2025-02-25 22:37:56,832] Trial 114 finished with value: 0.6815584932042145 and parameters: {'weight_0': 0.6583601822029996, 'weight_1': 0.05420021778059452, 'weight_2': 0.515431072930727, 'weight_3': 0.13604045852637942, 'weight_4': 0.7603330938942943, 'weight_5': 0.3890603686783334, 'weight_6': 0.5426599709010616, 'weight_7': 0.6392647957231534, 'weight_8': 0.8726854467041821, 'weight_9': 0.34291099495836364}. Best is trial 96 with value: 0.6816265231387841.\n"
     ]
    },
    {
     "name": "stdout",
     "output_type": "stream",
     "text": [
      "Overall Stratified C-Index Score for Ensemble Model: 0.6816\n"
     ]
    },
    {
     "name": "stderr",
     "output_type": "stream",
     "text": [
      "[I 2025-02-25 22:37:57,309] Trial 115 finished with value: 0.6815821175637067 and parameters: {'weight_0': 0.6865635046586096, 'weight_1': 0.08108789904347447, 'weight_2': 0.7011940921180047, 'weight_3': 0.15364199966665532, 'weight_4': 0.7939354919315298, 'weight_5': 0.43073205813672794, 'weight_6': 0.51867691333855, 'weight_7': 0.7174953335222509, 'weight_8': 0.8822243715655043, 'weight_9': 0.22940892663912138}. Best is trial 96 with value: 0.6816265231387841.\n"
     ]
    },
    {
     "name": "stdout",
     "output_type": "stream",
     "text": [
      "Overall Stratified C-Index Score for Ensemble Model: 0.6816\n"
     ]
    },
    {
     "name": "stderr",
     "output_type": "stream",
     "text": [
      "[I 2025-02-25 22:37:57,785] Trial 116 finished with value: 0.6815537867249163 and parameters: {'weight_0': 0.7105222542643138, 'weight_1': 0.09523869710435036, 'weight_2': 0.6805180319428994, 'weight_3': 0.08169673136828012, 'weight_4': 0.7796794758160818, 'weight_5': 0.4802107101344059, 'weight_6': 0.5752073700750989, 'weight_7': 0.6523285468643607, 'weight_8': 0.8324039751352332, 'weight_9': 0.2703015007102851}. Best is trial 96 with value: 0.6816265231387841.\n"
     ]
    },
    {
     "name": "stdout",
     "output_type": "stream",
     "text": [
      "Overall Stratified C-Index Score for Ensemble Model: 0.6816\n"
     ]
    },
    {
     "name": "stderr",
     "output_type": "stream",
     "text": [
      "[I 2025-02-25 22:37:58,262] Trial 117 finished with value: 0.681587424762153 and parameters: {'weight_0': 0.8654052865120981, 'weight_1': 0.05158299094632072, 'weight_2': 0.7187861054739823, 'weight_3': 0.16837428708947227, 'weight_4': 0.7021077905376267, 'weight_5': 0.34829522495302834, 'weight_6': 0.6189737201501565, 'weight_7': 0.6030966822516207, 'weight_8': 0.8926032949233462, 'weight_9': 0.291778799443148}. Best is trial 96 with value: 0.6816265231387841.\n"
     ]
    },
    {
     "name": "stdout",
     "output_type": "stream",
     "text": [
      "Overall Stratified C-Index Score for Ensemble Model: 0.6816\n"
     ]
    },
    {
     "name": "stderr",
     "output_type": "stream",
     "text": [
      "[I 2025-02-25 22:37:58,738] Trial 118 finished with value: 0.6816008248245186 and parameters: {'weight_0': 0.6383735405879397, 'weight_1': 0.07187828866847748, 'weight_2': 0.6184298944647133, 'weight_3': 0.1365272600059485, 'weight_4': 0.6684368979202082, 'weight_5': 0.29204647968540326, 'weight_6': 0.5913355043939158, 'weight_7': 0.6919080364724053, 'weight_8': 0.8058631379160158, 'weight_9': 0.31543905186827836}. Best is trial 96 with value: 0.6816265231387841.\n"
     ]
    },
    {
     "name": "stdout",
     "output_type": "stream",
     "text": [
      "Overall Stratified C-Index Score for Ensemble Model: 0.6816\n"
     ]
    },
    {
     "name": "stderr",
     "output_type": "stream",
     "text": [
      "[I 2025-02-25 22:37:59,218] Trial 119 finished with value: 0.6812977040394252 and parameters: {'weight_0': 0.6746209899295394, 'weight_1': 0.14258553840640595, 'weight_2': 0.5758935274401533, 'weight_3': 0.7501134790629047, 'weight_4': 0.7558861154361434, 'weight_5': 0.28932277122710043, 'weight_6': 0.4673599304018894, 'weight_7': 0.687559336906185, 'weight_8': 0.7993224968742393, 'weight_9': 0.3078780420115745}. Best is trial 96 with value: 0.6816265231387841.\n"
     ]
    },
    {
     "name": "stdout",
     "output_type": "stream",
     "text": [
      "Overall Stratified C-Index Score for Ensemble Model: 0.6813\n"
     ]
    },
    {
     "name": "stderr",
     "output_type": "stream",
     "text": [
