      "[I 2025-02-25 22:37:16,771] Trial 30 finished with value: 0.6814398881377988 and parameters: {'weight_0': 0.3040325191840064, 'weight_1': 0.22436580590897848, 'weight_2': 0.9917568735279099, 'weight_3': 0.5048195691734538, 'weight_4': 0.2424646288347363, 'weight_5': 0.1930805924463228, 'weight_6': 0.7917213947459267, 'weight_7': 0.7754709600206504, 'weight_8': 0.9369086102490376, 'weight_9': 0.25121593435971995}. Best is trial 13 with value: 0.6815259005986667.\n"
     ]
    },
    {
     "name": "stdout",
     "output_type": "stream",
     "text": [
      "Overall Stratified C-Index Score for Ensemble Model: 0.6814\n"
     ]
    },
    {
     "name": "stderr",
     "output_type": "stream",
     "text": [
      "[I 2025-02-25 22:37:17,243] Trial 31 finished with value: 0.6815145696867664 and parameters: {'weight_0': 0.08052831135311003, 'weight_1': 0.2906962410801096, 'weight_2': 0.424173133982191, 'weight_3': 0.09710674547694492, 'weight_4': 0.9857471558873178, 'weight_5': 0.09524093472498356, 'weight_6': 0.6543831439619339, 'weight_7': 0.9944784514817439, 'weight_8': 0.9689292592643718, 'weight_9': 0.332709713716245}. Best is trial 13 with value: 0.6815259005986667.\n"
     ]
    },
    {
     "name": "stdout",
     "output_type": "stream",
     "text": [
      "Overall Stratified C-Index Score for Ensemble Model: 0.6815\n"
     ]
    },
    {
     "name": "stderr",
     "output_type": "stream",
     "text": [
      "[I 2025-02-25 22:37:17,715] Trial 32 finished with value: 0.6815213285140991 and parameters: {'weight_0': 0.1021709650121727, 'weight_1': 0.3663297057842979, 'weight_2': 0.4122043936590004, 'weight_3': 0.10451252133220704, 'weight_4': 0.9447819432934188, 'weight_5': 0.11911158790852294, 'weight_6': 0.5895296271873829, 'weight_7': 0.9953595194105619, 'weight_8': 0.8571624921944858, 'weight_9': 0.36861541921125784}. Best is trial 13 with value: 0.6815259005986667.\n"
     ]
    },
    {
     "name": "stdout",
     "output_type": "stream",
     "text": [
      "Overall Stratified C-Index Score for Ensemble Model: 0.6815\n"
     ]
    },
    {
     "name": "stderr",
     "output_type": "stream",
     "text": [
      "[I 2025-02-25 22:37:18,186] Trial 33 finished with value: 0.6814998097319559 and parameters: {'weight_0': 0.10848044759406927, 'weight_1': 0.5571657587377933, 'weight_2': 0.31556550649315585, 'weight_3': 0.0980624404704381, 'weight_4': 0.8973475216904718, 'weight_5': 0.1244848124996363, 'weight_6': 0.6060499571628539, 'weight_7': 0.9190962875914426, 'weight_8': 0.9592912302077181, 'weight_9': 0.37025341121124744}. Best is trial 13 with value: 0.6815259005986667.\n"
     ]
    },
    {
     "name": "stdout",
     "output_type": "stream",
     "text": [
      "Overall Stratified C-Index Score for Ensemble Model: 0.6815\n"
     ]
    },
    {
     "name": "stderr",
     "output_type": "stream",
     "text": [
      "[I 2025-02-25 22:37:18,659] Trial 34 finished with value: 0.6811809010944023 and parameters: {'weight_0': 0.19802233335146574, 'weight_1': 0.36092140462146194, 'weight_2': 0.6760886607548136, 'weight_3': 0.27010902897587963, 'weight_4': 0.05943745919374971, 'weight_5': 0.30629923847642165, 'weight_6': 0.4646685432826841, 'weight_7': 0.6718185829055483, 'weight_8': 0.7068649305638388, 'weight_9': 0.49528110812214515}. Best is trial 13 with value: 0.6815259005986667.\n"
     ]
    },
    {
     "name": "stdout",
     "output_type": "stream",
     "text": [
      "Overall Stratified C-Index Score for Ensemble Model: 0.6812\n"
     ]
    },
    {
     "name": "stderr",
     "output_type": "stream",
     "text": [
      "[I 2025-02-25 22:37:19,131] Trial 35 finished with value: 0.6813399963985693 and parameters: {'weight_0': 0.6507851612431029, 'weight_1': 0.43187205456642164, 'weight_2': 0.5475528178412606, 'weight_3': 0.18701524208046744, 'weight_4': 0.8138059950216595, 'weight_5': 0.7005571360148427, 'weight_6': 0.5536343406946329, 'weight_7': 0.8638566360135629, 'weight_8': 0.8760972757913303, 'weight_9': 0.31607058167973523}. Best is trial 13 with value: 0.6815259005986667.\n"
     ]
    },
    {
     "name": "stdout",
     "output_type": "stream",
     "text": [
      "Overall Stratified C-Index Score for Ensemble Model: 0.6813\n"
     ]
    },
    {
     "name": "stderr",
     "output_type": "stream",
     "text": [
      "[I 2025-02-25 22:37:19,605] Trial 36 finished with value: 0.6812431746419532 and parameters: {'weight_0': 0.6230419654121788, 'weight_1': 0.46868727328674764, 'weight_2': 0.2533190231554016, 'weight_3': 0.09945356144614197, 'weight_4': 0.6968152363365652, 'weight_5': 0.10745253075889803, 'weight_6': 0.637537867572953, 'weight_7': 0.7958923903497905, 'weight_8': 0.8021593162058755, 'weight_9': 0.7578771986209536}. Best is trial 13 with value: 0.6815259005986667.\n"
     ]
    },
    {
     "name": "stdout",
     "output_type": "stream",
     "text": [
      "Overall Stratified C-Index Score for Ensemble Model: 0.6812\n"
     ]
    },
    {
     "name": "stderr",
     "output_type": "stream",
     "text": [
      "[I 2025-02-25 22:37:20,078] Trial 37 finished with value: 0.6812734067534959 and parameters: {'weight_0': 0.7757802952166795, 'weight_1': 0.6164817984437092, 'weight_2': 0.44228340151141987, 'weight_3': 0.05253985246126761, 'weight_4': 0.9325459169785945, 'weight_5': 0.21808518299460972, 'weight_6': 0.39160353441568607, 'weight_7': 0.7275602132742472, 'weight_8': 0.9420042411647707, 'weight_9': 0.3830332985067495}. Best is trial 13 with value: 0.6815259005986667.\n"
     ]
    },
    {
     "name": "stdout",
     "output_type": "stream",
     "text": [
      "Overall Stratified C-Index Score for Ensemble Model: 0.6813\n"
     ]
    },
    {
     "name": "stderr",
     "output_type": "stream",
     "text": [
      "[I 2025-02-25 22:37:20,546] Trial 38 finished with value: 0.6813795800251627 and parameters: {'weight_0': 0.35373142245108663, 'weight_1': 0.8337030518162962, 'weight_2': 0.6120265085947392, 'weight_3': 0.3691760030630621, 'weight_4': 0.8589012189054103, 'weight_5': 0.16593759321319285, 'weight_6': 0.5046852166546981, 'weight_7': 0.958243554179543, 'weight_8': 0.9985128059516635, 'weight_9': 0.6643692990484802}. Best is trial 13 with value: 0.6815259005986667.\n"
     ]
    },
    {
     "name": "stdout",
     "output_type": "stream",
     "text": [
      "Overall Stratified C-Index Score for Ensemble Model: 0.6814\n"
     ]
    },
    {
     "name": "stderr",
     "output_type": "stream",
     "text": [
      "[I 2025-02-25 22:37:21,018] Trial 39 finished with value: 0.6809856913620973 and parameters: {'weight_0': 0.26807552255799316, 'weight_1': 0.12578620952067945, 'weight_2': 0.12109914556153512, 'weight_3': 0.45821280657050945, 'weight_4': 0.9532273103644071, 'weight_5': 0.3143855012657567, 'weight_6': 0.954282437142668, 'weight_7': 0.826516105948569, 'weight_8': 0.2122880788491321, 'weight_9': 0.48027119931777357}. Best is trial 13 with value: 0.6815259005986667.\n"
     ]
    },
    {
     "name": "stdout",
     "output_type": "stream",
     "text": [
      "Overall Stratified C-Index Score for Ensemble Model: 0.6810\n"
     ]
    },
    {
     "name": "stderr",
     "output_type": "stream",
     "text": [
      "[I 2025-02-25 22:37:21,487] Trial 40 finished with value: 0.680891598579035 and parameters: {'weight_0': 0.7583162506821226, 'weight_1': 0.5468913355204338, 'weight_2': 0.5032761926661923, 'weight_3': 0.5840568977456466, 'weight_4': 0.7422741989519295, 'weight_5': 0.9957712858137879, 'weight_6': 0.7646837602908966, 'weight_7': 0.921451494766138, 'weight_8': 0.5076943082924552, 'weight_9': 0.18283087040522608}. Best is trial 13 with value: 0.6815259005986667.\n"
     ]
    },
    {
     "name": "stdout",
     "output_type": "stream",
     "text": [
      "Overall Stratified C-Index Score for Ensemble Model: 0.6809\n"
     ]
    },
    {
     "name": "stderr",
     "output_type": "stream",
     "text": [
      "[I 2025-02-25 22:37:21,981] Trial 41 finished with value: 0.681480920029888 and parameters: {'weight_0': 0.10099940041453968, 'weight_1': 0.597657925601011, 'weight_2': 0.3188140744226067, 'weight_3': 0.10053213697855172, 'weight_4': 0.8783129931966995, 'weight_5': 0.1065947319819484, 'weight_6': 0.5731276190651957, 'weight_7': 0.9361833837824856, 'weight_8': 0.9457562202328578, 'weight_9': 0.38410383979559803}. Best is trial 13 with value: 0.6815259005986667.\n"
     ]
    },
    {
     "name": "stdout",
     "output_type": "stream",
     "text": [
      "Overall Stratified C-Index Score for Ensemble Model: 0.6815\n"
     ]
    },
    {
     "name": "stderr",
     "output_type": "stream",
     "text": [
      "[I 2025-02-25 22:37:22,455] Trial 42 finished with value: 0.6814906250752129 and parameters: {'weight_0': 0.09284876100763137, 'weight_1': 0.5139843183830497, 'weight_2': 0.35070429031328554, 'weight_3': 0.21716609771633866, 'weight_4': 0.6341162757122876, 'weight_5': 0.1068587290490375, 'weight_6': 0.615093952200299, 'weight_7': 0.8863930287302256, 'weight_8': 0.9474318679201399, 'weight_9': 0.2927401720912486}. Best is trial 13 with value: 0.6815259005986667.\n"
     ]
    },
    {
     "name": "stdout",
     "output_type": "stream",
     "text": [
      "Overall Stratified C-Index Score for Ensemble Model: 0.6815\n"
     ]
    },
    {
     "name": "stderr",
     "output_type": "stream",
     "text": [
      "[I 2025-02-25 22:37:22,931] Trial 43 finished with value: 0.6814673804399234 and parameters: {'weight_0': 0.19182901253652557, 'weight_1': 0.37887082476936146, 'weight_2': 0.28851969592290816, 'weight_3': 0.16693579589351398, 'weight_4': 0.9445823647915007, 'weight_5': 0.16234110906980181, 'weight_6': 0.6727184070015895, 'weight_7': 0.9979976955699383, 'weight_8': 0.8323000119385445, 'weight_9': 0.5501116565139592}. Best is trial 13 with value: 0.6815259005986667.\n"
     ]
    },
    {
     "name": "stdout",
     "output_type": "stream",
     "text": [
      "Overall Stratified C-Index Score for Ensemble Model: 0.6815\n"
     ]
    },
    {
     "name": "stderr",
     "output_type": "stream",
     "text": [
      "[I 2025-02-25 22:37:23,403] Trial 44 finished with value: 0.6813590856789661 and parameters: {'weight_0': 0.11393858086014248, 'weight_1': 0.6964240728402042, 'weight_2': 0.2245155990049923, 'weight_3': 0.1115645489768803, 'weight_4': 0.9964347878791585, 'weight_5': 0.05309551422510449, 'weight_6': 0.6013072298443141, 'weight_7': 0.943968373240887, 'weight_8': 0.8923443969829337, 'weight_9': 0.3494681446511919}. Best is trial 13 with value: 0.6815259005986667.\n"
     ]
    },
    {
     "name": "stdout",
     "output_type": "stream",
     "text": [
      "Overall Stratified C-Index Score for Ensemble Model: 0.6814\n"
     ]
    },
    {
     "name": "stderr",
     "output_type": "stream",
     "text": [
      "[I 2025-02-25 22:37:23,878] Trial 45 finished with value: 0.6813076209425499 and parameters: {'weight_0': 0.061019930757560764, 'weight_1': 0.33562636232345916, 'weight_2': 0.4098911806450981, 'weight_3': 0.7223267641498883, 'weight_4': 0.894483175145283, 'weight_5': 0.10790983237177013, 'weight_6': 0.6444165797856698, 'weight_7': 0.9044348938880221, 'weight_8': 0.9970016292143655, 'weight_9': 0.2250481235609614}. Best is trial 13 with value: 0.6815259005986667.\n"
     ]
    },
    {
     "name": "stdout",
     "output_type": "stream",
     "text": [
      "Overall Stratified C-Index Score for Ensemble Model: 0.6813\n"
     ]
    },
    {
     "name": "stderr",
     "output_type": "stream",
     "text": [
      "[I 2025-02-25 22:37:24,351] Trial 46 finished with value: 0.68149581362084 and parameters: {'weight_0': 0.15737472594372023, 'weight_1': 0.2759101221564432, 'weight_2': 0.3730021471942062, 'weight_3': 0.08773864555378995, 'weight_4': 0.8347923749029373, 'weight_5': 0.20721598539021863, 'weight_6': 0.7075616676049179, 'weight_7': 0.7352124414591884, 'weight_8': 0.771729143691532, 'weight_9': 0.42343261922240805}. Best is trial 13 with value: 0.6815259005986667.\n"
     ]
    },
    {
     "name": "stdout",
     "output_type": "stream",
     "text": [
      "Overall Stratified C-Index Score for Ensemble Model: 0.6815\n"
     ]
    },
    {
     "name": "stderr",
     "output_type": "stream",
     "text": [
      "[I 2025-02-25 22:37:24,824] Trial 47 finished with value: 0.6814516784646557 and parameters: {'weight_0': 0.2234504481164367, 'weight_1': 0.47210887165649545, 'weight_2': 0.4899846345788093, 'weight_3': 0.21890843775329055, 'weight_4': 0.9585906986339214, 'weight_5': 0.2763308207363482, 'weight_6': 0.8234163690643348, 'weight_7': 0.3425682436190429, 'weight_8': 0.8376865799394725, 'weight_9': 0.30265366747004163}. Best is trial 13 with value: 0.6815259005986667.\n"
     ]
    },
    {
     "name": "stdout",
     "output_type": "stream",
     "text": [
      "Overall Stratified C-Index Score for Ensemble Model: 0.6815\n"
     ]
    },
    {
     "name": "stderr",
     "output_type": "stream",
     "text": [
      "[I 2025-02-25 22:37:25,300] Trial 48 finished with value: 0.6813795984356189 and parameters: {'weight_0': 0.2881179338152564, 'weight_1': 0.4113520523609599, 'weight_2': 0.05028555755306907, 'weight_3': 0.14070563729051333, 'weight_4': 0.8895608900448131, 'weight_5': 0.41216939385715134, 'weight_6': 0.4808330935992412, 'weight_7': 0.8250560223634626, 'weight_8': 0.9607517325438117, 'weight_9': 0.5180308040540854}. Best is trial 13 with value: 0.6815259005986667.\n"
     ]
    },
    {
     "name": "stdout",
     "output_type": "stream",
     "text": [
      "Overall Stratified C-Index Score for Ensemble Model: 0.6814\n"
     ]
    },
    {
     "name": "stderr",
     "output_type": "stream",
     "text": [
      "[I 2025-02-25 22:37:25,777] Trial 49 finished with value: 0.6808753902321559 and parameters: {'weight_0': 0.990946520581282, 'weight_1': 0.5530451990603592, 'weight_2': 0.4357795875669124, 'weight_3': 0.31532064947184174, 'weight_4': 0.5685744057886725, 'weight_5': 0.5053486929095962, 'weight_6': 0.5423612964090561, 'weight_7': 0.9586394463425486, 'weight_8': 0.917859680392355, 'weight_9': 0.1155898885797475}. Best is trial 13 with value: 0.6815259005986667.\n"
     ]
    },
    {
     "name": "stdout",
     "output_type": "stream",
     "text": [
      "Overall Stratified C-Index Score for Ensemble Model: 0.6809\n"
     ]
    },
    {
     "name": "stderr",
     "output_type": "stream",
     "text": [
      "[I 2025-02-25 22:37:26,256] Trial 50 finished with value: 0.6808884343455488 and parameters: {'weight_0': 0.15111900723455257, 'weight_1': 0.9854674246041337, 'weight_2': 0.2820727359678179, 'weight_3': 0.08735909751220153, 'weight_4': 0.8083622447592536, 'weight_5': 0.08444961513702512, 'weight_6': 0.7549638085115646, 'weight_7': 0.8768095662081894, 'weight_8': 0.8657448416162639, 'weight_9': 0.27755475035326366}. Best is trial 13 with value: 0.6815259005986667.\n"
     ]
    },
    {
     "name": "stdout",
     "output_type": "stream",
     "text": [
      "Overall Stratified C-Index Score for Ensemble Model: 0.6809\n"
     ]
    },
    {
     "name": "stderr",
     "output_type": "stream",
     "text": [
      "[I 2025-02-25 22:37:26,730] Trial 51 finished with value: 0.681498288049083 and parameters: {'weight_0': 0.08196418733954314, 'weight_1': 0.3161253450325861, 'weight_2': 0.403976252080995, 'weight_3': 0.1417683187546742, 'weight_4': 0.9901601637183802, 'weight_5': 0.05083070733089428, 'weight_6': 0.6994369636255903, 'weight_7': 0.9707259157384359, 'weight_8': 0.8715456498223974, 'weight_9': 0.24118025319050118}. Best is trial 13 with value: 0.6815259005986667.\n"
     ]
    },
    {
     "name": "stdout",
     "output_type": "stream",
     "text": [
      "Overall Stratified C-Index Score for Ensemble Model: 0.6815\n"
     ]
    },
    {
     "name": "stderr",
     "output_type": "stream",
     "text": [
      "[I 2025-02-25 22:37:27,203] Trial 52 finished with value: 0.6809817749874059 and parameters: {'weight_0': 0.09307751749177023, 'weight_1': 0.21153184572193173, 'weight_2': 0.3540611110143479, 'weight_3': 0.1845687490886038, 'weight_4': 0.9995898767452128, 'weight_5': 0.05261201231103935, 'weight_6': 0.6830933448479847, 'weight_7': 0.9679023856290251, 'weight_8': 0.06802247152692098, 'weight_9': 0.20988398041450657}. Best is trial 13 with value: 0.6815259005986667.\n"
     ]
    },
    {
     "name": "stdout",
     "output_type": "stream",
     "text": [
      "Overall Stratified C-Index Score for Ensemble Model: 0.6810\n"
     ]
    },
    {
     "name": "stderr",
     "output_type": "stream",
     "text": [
      "[I 2025-02-25 22:37:27,680] Trial 53 finished with value: 0.6814861324864929 and parameters: {'weight_0': 0.07141676494994159, 'weight_1': 0.32159724659433847, 'weight_2': 0.40781875536036183, 'weight_3': 0.14534860244634457, 'weight_4': 0.9632865338508637, 'weight_5': 0.17378681748009364, 'weight_6': 0.6534153690471965, 'weight_7': 0.9241171763527817, 'weight_8': 0.8853948686472788, 'weight_9': 0.33599435081647666}. Best is trial 13 with value: 0.6815259005986667.\n"
     ]
    },
    {
     "name": "stdout",
     "output_type": "stream",
     "text": [
      "Overall Stratified C-Index Score for Ensemble Model: 0.6815\n"
     ]
    },
    {
     "name": "stderr",
     "output_type": "stream",
     "text": [
      "[I 2025-02-25 22:37:28,153] Trial 54 finished with value: 0.6815501299739675 and parameters: {'weight_0': 0.171320830424238, 'weight_1': 0.2643689188360758, 'weight_2': 0.4810214893841994, 'weight_3': 0.08376856940331007, 'weight_4': 0.9253580335096763, 'weight_5': 0.1414653063906139, 'weight_6': 0.7037245612864349, 'weight_7': 0.9780891297380541, 'weight_8': 0.9711405261234827, 'weight_9': 0.3715974858349988}. Best is trial 54 with value: 0.6815501299739675.\n"
     ]
    },
    {
     "name": "stdout",
     "output_type": "stream",
     "text": [
      "Overall Stratified C-Index Score for Ensemble Model: 0.6816\n"
     ]
    },
    {
     "name": "stderr",
     "output_type": "stream",
     "text": [
      "[I 2025-02-25 22:37:28,627] Trial 55 finished with value: 0.6815483943688192 and parameters: {'weight_0': 0.17377346647006903, 'weight_1': 0.2790739404184627, 'weight_2': 0.4887241609544482, 'weight_3': 0.07802062491241132, 'weight_4': 0.9245357052242033, 'weight_5': 0.13907826734520573, 'weight_6': 0.5862772238788098, 'weight_7': 0.9970552508271017, 'weight_8': 0.9635252317748143, 'weight_9': 0.4584696254791412}. Best is trial 54 with value: 0.6815501299739675.\n"
     ]
    },
    {
     "name": "stdout",
     "output_type": "stream",
     "text": [
      "Overall Stratified C-Index Score for Ensemble Model: 0.6815\n"
     ]
    },
    {
     "name": "stderr",
     "output_type": "stream",
     "text": [
      "[I 2025-02-25 22:37:29,102] Trial 56 finished with value: 0.681517474630918 and parameters: {'weight_0': 0.19355952636660742, 'weight_1': 0.286415012156791, 'weight_2': 0.6580087095675409, 'weight_3': 0.06594141063040147, 'weight_4': 0.9224070731192904, 'weight_5': 0.2271898369915223, 'weight_6': 0.5720611394473508, 'weight_7': 0.9999422944405404, 'weight_8': 0.9762509014127249, 'weight_9': 0.4575507043373849}. Best is trial 54 with value: 0.6815501299739675.\n"
     ]
    },
    {
     "name": "stdout",
     "output_type": "stream",
     "text": [
      "Overall Stratified C-Index Score for Ensemble Model: 0.6815\n"
     ]
    },
    {
     "name": "stderr",
     "output_type": "stream",
     "text": [
      "[I 2025-02-25 22:37:29,578] Trial 57 finished with value: 0.6811279416508529 and parameters: {'weight_0': 0.18031926600707313, 'weight_1': 0.26180916447949465, 'weight_2': 0.7663344609774599, 'weight_3': 0.08029303960537339, 'weight_4': 0.7833459120911833, 'weight_5': 0.23827491786261276, 'weight_6': 0.5619607764913774, 'weight_7': 0.47447979027324955, 'weight_8': 0.9749884622931468, 'weight_9': 0.6058007033129235}. Best is trial 54 with value: 0.6815501299739675.\n"
     ]
    },
    {
     "name": "stdout",
     "output_type": "stream",
     "text": [
      "Overall Stratified C-Index Score for Ensemble Model: 0.6811\n"
     ]
    },
    {
     "name": "stderr",
     "output_type": "stream",
     "text": [
      "[I 2025-02-25 22:37:30,057] Trial 58 finished with value: 0.6814064659718891 and parameters: {'weight_0': 0.3405235040415894, 'weight_1': 0.19981063597441795, 'weight_2': 0.8376945817915411, 'weight_3': 0.2597587430724927, 'weight_4': 0.3823739713410484, 'weight_5': 0.26204458239743567, 'weight_6': 0.3322924490602149, 'weight_7': 0.9909433803792367, 'weight_8': 0.8350719526813575, 'weight_9': 0.4731535798406479}. Best is trial 54 with value: 0.6815501299739675.\n"
     ]
    },
    {
     "name": "stdout",
     "output_type": "stream",
     "text": [
      "Overall Stratified C-Index Score for Ensemble Model: 0.6814\n"
     ]
    },
    {
     "name": "stderr",
     "output_type": "stream",
     "text": [
      "[I 2025-02-25 22:37:30,530] Trial 59 finished with value: 0.681338439892212 and parameters: {'weight_0': 0.22712513676319046, 'weight_1': 0.10859537970308378, 'weight_2': 0.6827129559245777, 'weight_3': 0.20748941523801895, 'weight_4': 0.8611881541122709, 'weight_5': 0.14682654572919376, 'weight_6': 0.5136332633523462, 'weight_7': 0.8866499732612683, 'weight_8': 0.9946519003851862, 'weight_9': 0.4443939747970514}. Best is trial 54 with value: 0.6815501299739675.\n"
     ]
    },
    {
     "name": "stdout",
     "output_type": "stream",
     "text": [
      "Overall Stratified C-Index Score for Ensemble Model: 0.6813\n"
     ]
    },
    {
     "name": "stderr",
     "output_type": "stream",
     "text": [
