      "[I 2025-03-02 08:34:39,762] Trial 120 finished with value: 0.6838287734902426 and parameters: {'weight_0': 0.5193639660426369, 'weight_1': 0.29852989341430286, 'weight_2': 0.7421998249578943, 'weight_3': 0.12917592938342065, 'weight_4': 0.49030990171786265, 'weight_5': 0.05013445616592343, 'weight_6': 0.4189815744500752, 'weight_7': 0.7938384945501694, 'weight_8': 0.10782515879054545, 'weight_9': 0.1688544184802655}. Best is trial 98 with value: 0.6839484134953353.\n"
     ]
    },
    {
     "name": "stdout",
     "output_type": "stream",
     "text": [
      "Overall Stratified C-Index Score for Ensemble Model: 0.6838\n"
     ]
    },
    {
     "name": "stderr",
     "output_type": "stream",
     "text": [
      "[I 2025-03-02 08:34:40,285] Trial 121 finished with value: 0.683938218323987 and parameters: {'weight_0': 0.4894607210621036, 'weight_1': 0.25156265934164984, 'weight_2': 0.8490843389186936, 'weight_3': 0.18681703198294208, 'weight_4': 0.5381293714149527, 'weight_5': 0.12172303718777733, 'weight_6': 0.43250388084919894, 'weight_7': 0.8369189288723734, 'weight_8': 0.13540737018127347, 'weight_9': 0.14075077610882436}. Best is trial 98 with value: 0.6839484134953353.\n"
     ]
    },
    {
     "name": "stdout",
     "output_type": "stream",
     "text": [
      "Overall Stratified C-Index Score for Ensemble Model: 0.6839\n"
     ]
    },
    {
     "name": "stderr",
     "output_type": "stream",
     "text": [
      "[I 2025-03-02 08:34:40,813] Trial 122 finished with value: 0.6838651166513993 and parameters: {'weight_0': 0.48315582502355936, 'weight_1': 0.09699792294873671, 'weight_2': 0.8406926580786962, 'weight_3': 0.10140540040453337, 'weight_4': 0.532809018871423, 'weight_5': 0.12694716370846854, 'weight_6': 0.4454652748927979, 'weight_7': 0.8042315948234793, 'weight_8': 0.1334319984197035, 'weight_9': 0.2145067997768003}. Best is trial 98 with value: 0.6839484134953353.\n"
     ]
    },
    {
     "name": "stdout",
     "output_type": "stream",
     "text": [
      "Overall Stratified C-Index Score for Ensemble Model: 0.6839\n"
     ]
    },
    {
     "name": "stderr",
     "output_type": "stream",
     "text": [
      "[I 2025-03-02 08:34:41,341] Trial 123 finished with value: 0.6838645469332151 and parameters: {'weight_0': 0.4406105599618874, 'weight_1': 0.24722117070792043, 'weight_2': 0.8675541005306375, 'weight_3': 0.141138146194047, 'weight_4': 0.4606298192058368, 'weight_5': 0.08034324516004371, 'weight_6': 0.347231542292376, 'weight_7': 0.7616414692146551, 'weight_8': 0.08055457865064403, 'weight_9': 0.2596917014217555}. Best is trial 98 with value: 0.6839484134953353.\n"
     ]
    },
    {
     "name": "stdout",
     "output_type": "stream",
     "text": [
      "Overall Stratified C-Index Score for Ensemble Model: 0.6839\n"
     ]
    },
    {
     "name": "stderr",
     "output_type": "stream",
     "text": [
      "[I 2025-03-02 08:34:41,865] Trial 124 finished with value: 0.683900028937155 and parameters: {'weight_0': 0.49433314082251956, 'weight_1': 0.3834124434268017, 'weight_2': 0.7709656786332032, 'weight_3': 0.1983198737296683, 'weight_4': 0.550800829646785, 'weight_5': 0.08664377641937188, 'weight_6': 0.44154286955767263, 'weight_7': 0.8501655745872688, 'weight_8': 0.1765204930309468, 'weight_9': 0.19139261086287274}. Best is trial 98 with value: 0.6839484134953353.\n"
     ]
    },
    {
     "name": "stdout",
     "output_type": "stream",
     "text": [
      "Overall Stratified C-Index Score for Ensemble Model: 0.6839\n"
     ]
    },
    {
     "name": "stderr",
     "output_type": "stream",
     "text": [
      "[I 2025-03-02 08:34:42,388] Trial 125 finished with value: 0.6839164359490918 and parameters: {'weight_0': 0.5309730409284904, 'weight_1': 0.20073356301349474, 'weight_2': 0.892982899631347, 'weight_3': 0.09565122592625, 'weight_4': 0.499542713211513, 'weight_5': 0.12132997728263051, 'weight_6': 0.36591286931683115, 'weight_7': 0.7156878963348042, 'weight_8': 0.14635830464009314, 'weight_9': 0.1366227031139121}. Best is trial 98 with value: 0.6839484134953353.\n"
     ]
    },
    {
     "name": "stdout",
     "output_type": "stream",
     "text": [
      "Overall Stratified C-Index Score for Ensemble Model: 0.6839\n"
     ]
    },
    {
     "name": "stderr",
     "output_type": "stream",
     "text": [
      "[I 2025-03-02 08:34:42,909] Trial 126 finished with value: 0.6838526157636032 and parameters: {'weight_0': 0.5570222774854937, 'weight_1': 0.2863990003621723, 'weight_2': 0.9167749247793697, 'weight_3': 0.15169938145779738, 'weight_4': 0.43517369997257593, 'weight_5': 0.12232763806403582, 'weight_6': 0.3149017825559912, 'weight_7': 0.6547881673195642, 'weight_8': 0.10361816314950957, 'weight_9': 0.13314978852133857}. Best is trial 98 with value: 0.6839484134953353.\n"
     ]
    },
    {
     "name": "stdout",
     "output_type": "stream",
     "text": [
      "Overall Stratified C-Index Score for Ensemble Model: 0.6839\n"
     ]
    },
    {
     "name": "stderr",
     "output_type": "stream",
     "text": [
      "[I 2025-03-02 08:34:43,434] Trial 127 finished with value: 0.6838843564375241 and parameters: {'weight_0': 0.5356033770720409, 'weight_1': 0.19524340945946042, 'weight_2': 0.8518127960099728, 'weight_3': 0.07233496573862816, 'weight_4': 0.40819438785291606, 'weight_5': 0.1770719402992844, 'weight_6': 0.3718716411993451, 'weight_7': 0.7194905118724887, 'weight_8': 0.20495882074817262, 'weight_9': 0.08410947254568613}. Best is trial 98 with value: 0.6839484134953353.\n"
     ]
    },
    {
     "name": "stdout",
     "output_type": "stream",
     "text": [
      "Overall Stratified C-Index Score for Ensemble Model: 0.6839\n"
     ]
    },
    {
     "name": "stderr",
     "output_type": "stream",
     "text": [
      "[I 2025-03-02 08:34:43,962] Trial 128 finished with value: 0.6838852773804394 and parameters: {'weight_0': 0.5173288842968458, 'weight_1': 0.10726964734690556, 'weight_2': 0.8876593594007162, 'weight_3': 0.19186527683468507, 'weight_4': 0.4995718681454718, 'weight_5': 0.07336174092078299, 'weight_6': 0.30987214430402965, 'weight_7': 0.8737050216576037, 'weight_8': 0.153640481048206, 'weight_9': 0.17778446425383304}. Best is trial 98 with value: 0.6839484134953353.\n"
     ]
    },
    {
     "name": "stdout",
     "output_type": "stream",
     "text": [
      "Overall Stratified C-Index Score for Ensemble Model: 0.6839\n"
     ]
    },
    {
     "name": "stderr",
     "output_type": "stream",
     "text": [
      "[I 2025-03-02 08:34:44,488] Trial 129 finished with value: 0.6833702616894333 and parameters: {'weight_0': 0.4585644223456981, 'weight_1': 0.2135227050755512, 'weight_2': 0.8016305139652984, 'weight_3': 0.12248848507499259, 'weight_4': 0.6051595455489311, 'weight_5': 0.13990816490964214, 'weight_6': 0.2063705796458156, 'weight_7': 0.7959261887327146, 'weight_8': 0.07901560289042983, 'weight_9': 0.5931002887595785}. Best is trial 98 with value: 0.6839484134953353.\n"
     ]
    },
    {
     "name": "stdout",
     "output_type": "stream",
     "text": [
      "Overall Stratified C-Index Score for Ensemble Model: 0.6834\n"
     ]
    },
    {
     "name": "stderr",
     "output_type": "stream",
     "text": [
      "[I 2025-03-02 08:34:45,015] Trial 130 finished with value: 0.6833881988811664 and parameters: {'weight_0': 0.4997111317137973, 'weight_1': 0.056467661623023455, 'weight_2': 0.8324432902458252, 'weight_3': 0.08963599629844182, 'weight_4': 0.5087984373674235, 'weight_5': 0.7081676857906962, 'weight_6': 0.48882620494659973, 'weight_7': 0.833197287241243, 'weight_8': 0.2209805859528685, 'weight_9': 0.11135360755251118}. Best is trial 98 with value: 0.6839484134953353.\n"
     ]
    },
    {
     "name": "stdout",
     "output_type": "stream",
     "text": [
      "Overall Stratified C-Index Score for Ensemble Model: 0.6834\n"
     ]
    },
    {
     "name": "stderr",
     "output_type": "stream",
     "text": [
      "[I 2025-03-02 08:34:45,569] Trial 131 finished with value: 0.6838550620790637 and parameters: {'weight_0': 0.42254390412836557, 'weight_1': 0.255164606479885, 'weight_2': 0.9080967618598881, 'weight_3': 0.16880265846564727, 'weight_4': 0.5838172160177939, 'weight_5': 0.09516105736307841, 'weight_6': 0.3887293800416997, 'weight_7': 0.7373820311862764, 'weight_8': 0.13806842263938074, 'weight_9': 0.16169861928389392}. Best is trial 98 with value: 0.6839484134953353.\n"
     ]
    },
    {
     "name": "stdout",
     "output_type": "stream",
     "text": [
      "Overall Stratified C-Index Score for Ensemble Model: 0.6839\n"
     ]
    },
    {
     "name": "stderr",
     "output_type": "stream",
     "text": [
      "[I 2025-03-02 08:34:46,090] Trial 132 finished with value: 0.6839333069962535 and parameters: {'weight_0': 0.46160463940840546, 'weight_1': 0.275512236043928, 'weight_2': 0.8840006134768227, 'weight_3': 0.09703515405511963, 'weight_4': 0.6411116808053307, 'weight_5': 0.06570510985415165, 'weight_6': 0.4133457761746627, 'weight_7': 0.6360835606503276, 'weight_8': 0.12565893227738917, 'weight_9': 0.14160634574034897}. Best is trial 98 with value: 0.6839484134953353.\n"
     ]
    },
    {
     "name": "stdout",
     "output_type": "stream",
     "text": [
      "Overall Stratified C-Index Score for Ensemble Model: 0.6839\n"
     ]
    },
    {
     "name": "stderr",
     "output_type": "stream",
     "text": [
      "[I 2025-03-02 08:34:46,616] Trial 133 finished with value: 0.6838756712379019 and parameters: {'weight_0': 0.46344766402695936, 'weight_1': 0.2771198155171154, 'weight_2': 0.9643179571033808, 'weight_3': 0.05994477903121788, 'weight_4': 0.6326669467170812, 'weight_5': 0.1193236447338195, 'weight_6': 0.42673738641025005, 'weight_7': 0.6279723553544683, 'weight_8': 0.1125395969523684, 'weight_9': 0.1381414848031054}. Best is trial 98 with value: 0.6839484134953353.\n"
     ]
    },
    {
     "name": "stdout",
     "output_type": "stream",
     "text": [
      "Overall Stratified C-Index Score for Ensemble Model: 0.6839\n"
     ]
    },
    {
     "name": "stderr",
     "output_type": "stream",
     "text": [
      "[I 2025-03-02 08:34:47,137] Trial 134 finished with value: 0.683842487137866 and parameters: {'weight_0': 0.580820600673906, 'weight_1': 0.3063153641698347, 'weight_2': 0.87124982149239, 'weight_3': 0.12273420562417786, 'weight_4': 0.4734590132041455, 'weight_5': 0.07366978423685358, 'weight_6': 0.4600211866092201, 'weight_7': 0.6118400620219332, 'weight_8': 0.17975136078525666, 'weight_9': 0.09937409893655125}. Best is trial 98 with value: 0.6839484134953353.\n"
     ]
    },
    {
     "name": "stdout",
     "output_type": "stream",
     "text": [
      "Overall Stratified C-Index Score for Ensemble Model: 0.6838\n"
     ]
    },
    {
     "name": "stderr",
     "output_type": "stream",
     "text": [
      "[I 2025-03-02 08:34:47,659] Trial 135 finished with value: 0.6838553572148579 and parameters: {'weight_0': 0.5276279991855086, 'weight_1': 0.18099162719694195, 'weight_2': 0.9274701983540726, 'weight_3': 0.14320879730357622, 'weight_4': 0.5219067989141652, 'weight_5': 0.09279744776446816, 'weight_6': 0.3535651965494305, 'weight_7': 0.6991746757938293, 'weight_8': 0.10211150719951305, 'weight_9': 0.20678754559952472}. Best is trial 98 with value: 0.6839484134953353.\n"
     ]
    },
    {
     "name": "stdout",
     "output_type": "stream",
     "text": [
      "Overall Stratified C-Index Score for Ensemble Model: 0.6839\n"
     ]
    },
    {
     "name": "stderr",
     "output_type": "stream",
     "text": [
      "[I 2025-03-02 08:34:48,185] Trial 136 finished with value: 0.6838720965339575 and parameters: {'weight_0': 0.48836352383969717, 'weight_1': 0.3607262118566579, 'weight_2': 0.8446624547707, 'weight_3': 0.08464051281159836, 'weight_4': 0.5549522761018276, 'weight_5': 0.06397021740905401, 'weight_6': 0.4116738698896914, 'weight_7': 0.6439935390424973, 'weight_8': 0.12927814143037317, 'weight_9': 0.1348692406559851}. Best is trial 98 with value: 0.6839484134953353.\n"
     ]
    },
    {
     "name": "stdout",
     "output_type": "stream",
     "text": [
      "Overall Stratified C-Index Score for Ensemble Model: 0.6839\n"
     ]
    },
    {
     "name": "stderr",
     "output_type": "stream",
     "text": [
      "[I 2025-03-02 08:34:48,711] Trial 137 finished with value: 0.6838333561549137 and parameters: {'weight_0': 0.4455324172271981, 'weight_1': 0.23529787682971934, 'weight_2': 0.9507245314627052, 'weight_3': 0.20743848357983596, 'weight_4': 0.6037434270013048, 'weight_5': 0.16625396449672514, 'weight_6': 0.36630069884111605, 'weight_7': 0.8675263857910769, 'weight_8': 0.07495198366072965, 'weight_9': 0.17611765466083357}. Best is trial 98 with value: 0.6839484134953353.\n"
     ]
    },
    {
     "name": "stdout",
     "output_type": "stream",
     "text": [
      "Overall Stratified C-Index Score for Ensemble Model: 0.6838\n"
     ]
    },
    {
     "name": "stderr",
     "output_type": "stream",
     "text": [
      "[I 2025-03-02 08:34:49,229] Trial 138 finished with value: 0.6836165332380433 and parameters: {'weight_0': 0.4696434429905835, 'weight_1': 0.12785360175899105, 'weight_2': 0.8882527850424471, 'weight_3': 0.1098510500004264, 'weight_4': 0.5716297709659545, 'weight_5': 0.14173107079411598, 'weight_6': 0.2796789108015074, 'weight_7': 0.5217537156991029, 'weight_8': 0.1552474810592174, 'weight_9': 0.08292073677423889}. Best is trial 98 with value: 0.6839484134953353.\n"
     ]
    },
    {
     "name": "stdout",
     "output_type": "stream",
     "text": [
      "Overall Stratified C-Index Score for Ensemble Model: 0.6836\n"
     ]
    },
    {
     "name": "stderr",
     "output_type": "stream",
     "text": [
      "[I 2025-03-02 08:34:49,754] Trial 139 finished with value: 0.6839349729275069 and parameters: {'weight_0': 0.36665702268829425, 'weight_1': 0.41594976209324025, 'weight_2': 0.7627640860938929, 'weight_3': 0.2391277079786971, 'weight_4': 0.6565002108076292, 'weight_5': 0.1172485857807274, 'weight_6': 0.5879814593294879, 'weight_7': 0.576698706695537, 'weight_8': 0.09420259810590213, 'weight_9': 0.11461501492889502}. Best is trial 98 with value: 0.6839484134953353.\n"
     ]
    },
    {
     "name": "stdout",
     "output_type": "stream",
     "text": [
      "Overall Stratified C-Index Score for Ensemble Model: 0.6839\n"
     ]
    },
    {
     "name": "stderr",
     "output_type": "stream",
     "text": [
      "[I 2025-03-02 08:34:50,276] Trial 140 finished with value: 0.6837495138995965 and parameters: {'weight_0': 0.3715003814179602, 'weight_1': 0.15099157694165158, 'weight_2': 0.7682381223537088, 'weight_3': 0.23921606830498227, 'weight_4': 0.6534817407058758, 'weight_5': 0.11513336620460846, 'weight_6': 0.4937877824409147, 'weight_7': 0.5561568178878604, 'weight_8': 0.09947481984877289, 'weight_9': 0.11886593765782166}. Best is trial 98 with value: 0.6839484134953353.\n"
     ]
    },
    {
     "name": "stdout",
     "output_type": "stream",
     "text": [
      "Overall Stratified C-Index Score for Ensemble Model: 0.6837\n"
     ]
    },
    {
     "name": "stderr",
     "output_type": "stream",
     "text": [
      "[I 2025-03-02 08:34:50,800] Trial 141 finished with value: 0.683927300841454 and parameters: {'weight_0': 0.324765950271991, 'weight_1': 0.40320640906110006, 'weight_2': 0.7225143369049367, 'weight_3': 0.21660923736416554, 'weight_4': 0.6675072557259752, 'weight_5': 0.0891385653957257, 'weight_6': 0.5736160150066766, 'weight_7': 0.5599645878936732, 'weight_8': 0.0733352336041446, 'weight_9': 0.16373598080973703}. Best is trial 98 with value: 0.6839484134953353.\n"
     ]
    },
    {
     "name": "stdout",
     "output_type": "stream",
     "text": [
      "Overall Stratified C-Index Score for Ensemble Model: 0.6839\n"
     ]
    },
    {
     "name": "stderr",
     "output_type": "stream",
     "text": [
      "[I 2025-03-02 08:34:51,325] Trial 142 finished with value: 0.6839473281964837 and parameters: {'weight_0': 0.41022141599960377, 'weight_1': 0.31540416615634137, 'weight_2': 0.7025640460440583, 'weight_3': 0.16096455425057293, 'weight_4': 0.6712221467057586, 'weight_5': 0.08730076915482929, 'weight_6': 0.5844283188123611, 'weight_7': 0.558580351500029, 'weight_8': 0.12390794709404335, 'weight_9': 0.19269861897305754}. Best is trial 98 with value: 0.6839484134953353.\n"
     ]
    },
    {
     "name": "stdout",
     "output_type": "stream",
     "text": [
      "Overall Stratified C-Index Score for Ensemble Model: 0.6839\n"
     ]
    },
    {
     "name": "stderr",
     "output_type": "stream",
     "text": [
      "[I 2025-03-02 08:34:51,846] Trial 143 finished with value: 0.6839058101268213 and parameters: {'weight_0': 0.3665889514510582, 'weight_1': 0.4224978839029402, 'weight_2': 0.7133035876059801, 'weight_3': 0.21445192950733907, 'weight_4': 0.6665405776279134, 'weight_5': 0.08700393211644786, 'weight_6': 0.584639175245498, 'weight_7': 0.5681492729382145, 'weight_8': 0.09383106468188593, 'weight_9': 0.22367820752645964}. Best is trial 98 with value: 0.6839484134953353.\n"
     ]
    },
    {
     "name": "stdout",
     "output_type": "stream",
     "text": [
      "Overall Stratified C-Index Score for Ensemble Model: 0.6839\n"
     ]
    },
    {
     "name": "stderr",
     "output_type": "stream",
     "text": [
      "[I 2025-03-02 08:34:52,362] Trial 144 finished with value: 0.6839204200982745 and parameters: {'weight_0': 0.41625005265504167, 'weight_1': 0.30700270854415285, 'weight_2': 0.7314113411731883, 'weight_3': 0.2555332993297671, 'weight_4': 0.6329526032141257, 'weight_5': 0.06471465641072116, 'weight_6': 0.5871123204830392, 'weight_7': 0.538585147841522, 'weight_8': 0.07469245729226301, 'weight_9': 0.19573350212440122}. Best is trial 98 with value: 0.6839484134953353.\n"
     ]
    },
    {
     "name": "stdout",
     "output_type": "stream",
     "text": [
      "Overall Stratified C-Index Score for Ensemble Model: 0.6839\n"
     ]
    },
    {
     "name": "stderr",
     "output_type": "stream",
     "text": [
      "[I 2025-03-02 08:34:52,880] Trial 145 finished with value: 0.6838897002487145 and parameters: {'weight_0': 0.4120319434612932, 'weight_1': 0.36008042240552435, 'weight_2': 0.7314152558970757, 'weight_3': 0.26640664577819895, 'weight_4': 0.6188486292170577, 'weight_5': 0.07292184515944124, 'weight_6': 0.5883254697843888, 'weight_7': 0.49563531399696525, 'weight_8': 0.12112570567245393, 'weight_9': 0.19742869046423855}. Best is trial 98 with value: 0.6839484134953353.\n"
     ]
    },
    {
     "name": "stdout",
     "output_type": "stream",
     "text": [
      "Overall Stratified C-Index Score for Ensemble Model: 0.6839\n"
     ]
    },
    {
     "name": "stderr",
     "output_type": "stream",
     "text": [
      "[I 2025-03-02 08:34:53,401] Trial 146 finished with value: 0.6839141659873531 and parameters: {'weight_0': 0.4373164099070222, 'weight_1': 0.3156626253167113, 'weight_2': 0.682294873950139, 'weight_3': 0.18364500777209383, 'weight_4': 0.6432678409263782, 'weight_5': 0.09396273562796721, 'weight_6': 0.554409103751784, 'weight_7': 0.5519727429639311, 'weight_8': 0.11955102422580996, 'weight_9': 0.24830690514854223}. Best is trial 98 with value: 0.6839484134953353.\n"
     ]
    },
    {
     "name": "stdout",
     "output_type": "stream",
     "text": [
      "Overall Stratified C-Index Score for Ensemble Model: 0.6839\n"
     ]
    },
    {
     "name": "stderr",
     "output_type": "stream",
     "text": [
      "[I 2025-03-02 08:34:53,924] Trial 147 finished with value: 0.6838719310337942 and parameters: {'weight_0': 0.4000062503812611, 'weight_1': 0.2760702954467606, 'weight_2': 0.7481988396411733, 'weight_3': 0.24479424755658954, 'weight_4': 0.5942676338219818, 'weight_5': 0.06978596848986515, 'weight_6': 0.5731305725474853, 'weight_7': 0.5427993169842851, 'weight_8': 0.16746558157298896, 'weight_9': 0.1761157424323567}. Best is trial 98 with value: 0.6839484134953353.\n"
     ]
    },
    {
     "name": "stdout",
     "output_type": "stream",
     "text": [
      "Overall Stratified C-Index Score for Ensemble Model: 0.6839\n"
     ]
    },
    {
     "name": "stderr",
     "output_type": "stream",
     "text": [
      "[I 2025-03-02 08:34:54,445] Trial 148 finished with value: 0.6838991091337674 and parameters: {'weight_0': 0.450743081010764, 'weight_1': 0.3896229056472054, 'weight_2': 0.7192837409296411, 'weight_3': 0.1651373532005449, 'weight_4': 0.6205868130734697, 'weight_5': 0.141288102152752, 'weight_6': 0.43022572474839443, 'weight_7': 0.5893441829876934, 'weight_8': 0.07252205716102847, 'weight_9': 0.16111438949158727}. Best is trial 98 with value: 0.6839484134953353.\n"
     ]
    },
    {
     "name": "stdout",
     "output_type": "stream",
     "text": [
      "Overall Stratified C-Index Score for Ensemble Model: 0.6839\n"
     ]
    },
    {
     "name": "stderr",
     "output_type": "stream",
     "text": [
      "[I 2025-03-02 08:34:54,966] Trial 149 finished with value: 0.6833401198832979 and parameters: {'weight_0': 0.4163611706108242, 'weight_1': 0.3225477858367689, 'weight_2': 0.7967413751035639, 'weight_3': 0.29694764428510395, 'weight_4': 0.6713253732070175, 'weight_5': 0.10522740888702457, 'weight_6': 0.4673062763947905, 'weight_7': 0.49594634195111564, 'weight_8': 0.09798137154958657, 'weight_9': 0.47017588273612076}. Best is trial 98 with value: 0.6839484134953353.\n"
     ]
    },
    {
     "name": "stdout",
     "output_type": "stream",
     "text": [
      "Overall Stratified C-Index Score for Ensemble Model: 0.6833\n"
     ]
    },
    {
     "name": "stderr",
     "output_type": "stream",
     "text": [
