      "[I 2025-03-02 08:33:52,320] Trial 30 finished with value: 0.6832782737201283 and parameters: {'weight_0': 0.41990402408140576, 'weight_1': 0.20500589619194032, 'weight_2': 0.43864304607116533, 'weight_3': 0.6273520816618777, 'weight_4': 0.5733497654645225, 'weight_5': 0.21327039484767543, 'weight_6': 0.9396640628104028, 'weight_7': 0.3087937569183524, 'weight_8': 0.46112408213121914, 'weight_9': 0.1960918283425582}. Best is trial 23 with value: 0.6836683488688056.\n"
     ]
    },
    {
     "name": "stdout",
     "output_type": "stream",
     "text": [
      "Overall Stratified C-Index Score for Ensemble Model: 0.6833\n"
     ]
    },
    {
     "name": "stderr",
     "output_type": "stream",
     "text": [
      "[I 2025-03-02 08:33:52,836] Trial 31 finished with value: 0.6834705823201891 and parameters: {'weight_0': 0.5267634899167847, 'weight_1': 0.9447268110350393, 'weight_2': 0.3524589442395776, 'weight_3': 0.5824731727411047, 'weight_4': 0.6386189711971194, 'weight_5': 0.053300046249844954, 'weight_6': 0.9962532183982111, 'weight_7': 0.482097746654929, 'weight_8': 0.5758849101418544, 'weight_9': 0.24962617033909545}. Best is trial 23 with value: 0.6836683488688056.\n"
     ]
    },
    {
     "name": "stdout",
     "output_type": "stream",
     "text": [
      "Overall Stratified C-Index Score for Ensemble Model: 0.6835\n"
     ]
    },
    {
     "name": "stderr",
     "output_type": "stream",
     "text": [
      "[I 2025-03-02 08:33:53,345] Trial 32 finished with value: 0.6835940715485365 and parameters: {'weight_0': 0.6321361697467712, 'weight_1': 0.7425052175100032, 'weight_2': 0.5610508093952278, 'weight_3': 0.45944947798413954, 'weight_4': 0.5136824776488674, 'weight_5': 0.13254524803185772, 'weight_6': 0.9069725088249629, 'weight_7': 0.42865018538297645, 'weight_8': 0.6364132263734763, 'weight_9': 0.118715108676693}. Best is trial 23 with value: 0.6836683488688056.\n"
     ]
    },
    {
     "name": "stdout",
     "output_type": "stream",
     "text": [
      "Overall Stratified C-Index Score for Ensemble Model: 0.6836\n"
     ]
    },
    {
     "name": "stderr",
     "output_type": "stream",
     "text": [
      "[I 2025-03-02 08:33:53,859] Trial 33 finished with value: 0.683599366831903 and parameters: {'weight_0': 0.6200007935522224, 'weight_1': 0.7045289718529356, 'weight_2': 0.6196960336956888, 'weight_3': 0.4560251701896979, 'weight_4': 0.48570816973336517, 'weight_5': 0.13369636261853907, 'weight_6': 0.9010972586602917, 'weight_7': 0.2861646418675834, 'weight_8': 0.7346901861190874, 'weight_9': 0.10479350929622645}. Best is trial 23 with value: 0.6836683488688056.\n"
     ]
    },
    {
     "name": "stdout",
     "output_type": "stream",
     "text": [
      "Overall Stratified C-Index Score for Ensemble Model: 0.6836\n"
     ]
    },
    {
     "name": "stderr",
     "output_type": "stream",
     "text": [
      "[I 2025-03-02 08:33:54,374] Trial 34 finished with value: 0.6835262620044981 and parameters: {'weight_0': 0.6249985694701021, 'weight_1': 0.7336828433705307, 'weight_2': 0.5851301913307114, 'weight_3': 0.2817878783056542, 'weight_4': 0.4734808952651041, 'weight_5': 0.10957492134095206, 'weight_6': 0.6580904739531596, 'weight_7': 0.2806291115951315, 'weight_8': 0.7512031894694015, 'weight_9': 0.14902710342660858}. Best is trial 23 with value: 0.6836683488688056.\n"
     ]
    },
    {
     "name": "stdout",
     "output_type": "stream",
     "text": [
      "Overall Stratified C-Index Score for Ensemble Model: 0.6835\n"
     ]
    },
    {
     "name": "stderr",
     "output_type": "stream",
     "text": [
      "[I 2025-03-02 08:33:54,887] Trial 35 finished with value: 0.6834792521216101 and parameters: {'weight_0': 0.748590177278409, 'weight_1': 0.724920047592482, 'weight_2': 0.7015819315587901, 'weight_3': 0.5091938232602354, 'weight_4': 0.5177946283945409, 'weight_5': 0.2539719993358415, 'weight_6': 0.9289307860959889, 'weight_7': 0.1367601594108977, 'weight_8': 0.8172677961549515, 'weight_9': 0.10316402202408434}. Best is trial 23 with value: 0.6836683488688056.\n"
     ]
    },
    {
     "name": "stdout",
     "output_type": "stream",
     "text": [
      "Overall Stratified C-Index Score for Ensemble Model: 0.6835\n"
     ]
    },
    {
     "name": "stderr",
     "output_type": "stream",
     "text": [
      "[I 2025-03-02 08:33:55,446] Trial 36 finished with value: 0.6835694789804482 and parameters: {'weight_0': 0.7286467503786027, 'weight_1': 0.4795209000472956, 'weight_2': 0.8047684543062443, 'weight_3': 0.35681956958057426, 'weight_4': 0.6823115794272461, 'weight_5': 0.14248567070232082, 'weight_6': 0.7562386040013513, 'weight_7': 0.3949363731494364, 'weight_8': 0.7410924593563193, 'weight_9': 0.30343897367788014}. Best is trial 23 with value: 0.6836683488688056.\n"
     ]
    },
    {
     "name": "stdout",
     "output_type": "stream",
     "text": [
      "Overall Stratified C-Index Score for Ensemble Model: 0.6836\n"
     ]
    },
    {
     "name": "stderr",
     "output_type": "stream",
     "text": [
      "[I 2025-03-02 08:33:55,959] Trial 37 finished with value: 0.6825912939462788 and parameters: {'weight_0': 0.8811253799564265, 'weight_1': 0.7885755036990769, 'weight_2': 0.614621576271622, 'weight_3': 0.8649675691474648, 'weight_4': 0.565737787865499, 'weight_5': 0.2224156556116843, 'weight_6': 0.1868094036904237, 'weight_7': 0.3056617795610757, 'weight_8': 0.70846229432496, 'weight_9': 0.3898121704448758}. Best is trial 23 with value: 0.6836683488688056.\n"
     ]
    },
    {
     "name": "stdout",
     "output_type": "stream",
     "text": [
      "Overall Stratified C-Index Score for Ensemble Model: 0.6826\n"
     ]
    },
    {
     "name": "stderr",
     "output_type": "stream",
     "text": [
      "[I 2025-03-02 08:33:56,472] Trial 38 finished with value: 0.683812282586289 and parameters: {'weight_0': 0.623884174808907, 'weight_1': 0.6910184405531484, 'weight_2': 0.4964357527528282, 'weight_3': 0.4661036649048563, 'weight_4': 0.839695048107177, 'weight_5': 0.3240864882282216, 'weight_6': 0.810693910964882, 'weight_7': 0.9594078027658783, 'weight_8': 0.6092666898535457, 'weight_9': 0.18798501897117328}. Best is trial 38 with value: 0.683812282586289.\n"
     ]
    },
    {
     "name": "stdout",
     "output_type": "stream",
     "text": [
      "Overall Stratified C-Index Score for Ensemble Model: 0.6838\n"
     ]
    },
    {
     "name": "stderr",
     "output_type": "stream",
     "text": [
      "[I 2025-03-02 08:33:57,045] Trial 39 finished with value: 0.6837325590056434 and parameters: {'weight_0': 0.6943745656718194, 'weight_1': 0.6679285358905173, 'weight_2': 0.6465584084531659, 'weight_3': 0.7678046221190558, 'weight_4': 0.8924644328188542, 'weight_5': 0.3628056344338216, 'weight_6': 0.8220642907265715, 'weight_7': 0.9966299852072653, 'weight_8': 0.5747624766724484, 'weight_9': 0.19694410215694225}. Best is trial 38 with value: 0.683812282586289.\n"
     ]
    },
    {
     "name": "stdout",
     "output_type": "stream",
     "text": [
      "Overall Stratified C-Index Score for Ensemble Model: 0.6837\n"
     ]
    },
    {
     "name": "stderr",
     "output_type": "stream",
     "text": [
      "[I 2025-03-02 08:33:57,919] Trial 40 finished with value: 0.683442261720254 and parameters: {'weight_0': 0.710963471582776, 'weight_1': 0.5173489512583278, 'weight_2': 0.6954716606580752, 'weight_3': 0.7654261493362756, 'weight_4': 0.9184923056821406, 'weight_5': 0.31678874945212177, 'weight_6': 0.6161381260327379, 'weight_7': 0.9953407647816958, 'weight_8': 0.568673938598225, 'weight_9': 0.4591644278112742}. Best is trial 38 with value: 0.683812282586289.\n"
     ]
    },
    {
     "name": "stdout",
     "output_type": "stream",
     "text": [
      "Overall Stratified C-Index Score for Ensemble Model: 0.6834\n"
     ]
    },
    {
     "name": "stderr",
     "output_type": "stream",
     "text": [
      "[I 2025-03-02 08:33:58,752] Trial 41 finished with value: 0.6837103068695995 and parameters: {'weight_0': 0.6263788066304632, 'weight_1': 0.6923947977337336, 'weight_2': 0.6452947105975886, 'weight_3': 0.7182184635344065, 'weight_4': 0.8455181155321696, 'weight_5': 0.3493318885116846, 'weight_6': 0.8093894168235816, 'weight_7': 0.9022793233362892, 'weight_8': 0.6049224652281735, 'weight_9': 0.19330280966050006}. Best is trial 38 with value: 0.683812282586289.\n"
     ]
    },
    {
     "name": "stdout",
     "output_type": "stream",
     "text": [
      "Overall Stratified C-Index Score for Ensemble Model: 0.6837\n"
     ]
    },
    {
     "name": "stderr",
     "output_type": "stream",
     "text": [
      "[I 2025-03-02 08:33:59,268] Trial 42 finished with value: 0.683706765149865 and parameters: {'weight_0': 0.6605825103087589, 'weight_1': 0.6472931661853453, 'weight_2': 0.503059833986496, 'weight_3': 0.7265515673870064, 'weight_4': 0.8169944639870775, 'weight_5': 0.34906705114707437, 'weight_6': 0.7991872084897456, 'weight_7': 0.9119172997524548, 'weight_8': 0.5985196834528187, 'weight_9': 0.18634692564749675}. Best is trial 38 with value: 0.683812282586289.\n"
     ]
    },
    {
     "name": "stdout",
     "output_type": "stream",
     "text": [
      "Overall Stratified C-Index Score for Ensemble Model: 0.6837\n"
     ]
    },
    {
     "name": "stderr",
     "output_type": "stream",
     "text": [
      "[I 2025-03-02 08:33:59,781] Trial 43 finished with value: 0.6836357240922226 and parameters: {'weight_0': 0.8514896881719356, 'weight_1': 0.6429871531148564, 'weight_2': 0.6501700106770842, 'weight_3': 0.9017804180867585, 'weight_4': 0.8393026884556787, 'weight_5': 0.3775826339691062, 'weight_6': 0.7977766856819469, 'weight_7': 0.8830758393891448, 'weight_8': 0.4717656587578093, 'weight_9': 0.21638826746032375}. Best is trial 38 with value: 0.683812282586289.\n"
     ]
    },
    {
     "name": "stdout",
     "output_type": "stream",
     "text": [
      "Overall Stratified C-Index Score for Ensemble Model: 0.6836\n"
     ]
    },
    {
     "name": "stderr",
     "output_type": "stream",
     "text": [
      "[I 2025-03-02 08:34:00,294] Trial 44 finished with value: 0.68310637801323 and parameters: {'weight_0': 0.6544802163709157, 'weight_1': 0.6805871917405555, 'weight_2': 0.7536533043287783, 'weight_3': 0.725024095517827, 'weight_4': 0.9944547431467985, 'weight_5': 0.5135200083899878, 'weight_6': 0.7629452261958213, 'weight_7': 0.9998954027495018, 'weight_8': 0.5788251164956315, 'weight_9': 0.7844974852446537}. Best is trial 38 with value: 0.683812282586289.\n"
     ]
    },
    {
     "name": "stdout",
     "output_type": "stream",
     "text": [
      "Overall Stratified C-Index Score for Ensemble Model: 0.6831\n"
     ]
    },
    {
     "name": "stderr",
     "output_type": "stream",
     "text": [
      "[I 2025-03-02 08:34:00,812] Trial 45 finished with value: 0.6836512569039055 and parameters: {'weight_0': 0.6831415634582113, 'weight_1': 0.8921068270458842, 'weight_2': 0.8573217831432067, 'weight_3': 0.8178711390559137, 'weight_4': 0.7955824692701327, 'weight_5': 0.3632838982179412, 'weight_6': 0.692001258334881, 'weight_7': 0.9463655117874966, 'weight_8': 0.4357137419631937, 'weight_9': 0.164850474999751}. Best is trial 38 with value: 0.683812282586289.\n"
     ]
    },
    {
     "name": "stdout",
     "output_type": "stream",
     "text": [
      "Overall Stratified C-Index Score for Ensemble Model: 0.6837\n"
     ]
    },
    {
     "name": "stderr",
     "output_type": "stream",
     "text": [
      "[I 2025-03-02 08:34:01,328] Trial 46 finished with value: 0.6833289165039412 and parameters: {'weight_0': 0.7684341635290389, 'weight_1': 0.7873941547296448, 'weight_2': 0.6608430845308175, 'weight_3': 0.9856815381282042, 'weight_4': 0.8864323804908046, 'weight_5': 0.5804814924002414, 'weight_6': 0.8222440556832518, 'weight_7': 0.8321546380896232, 'weight_8': 0.5164269835293934, 'weight_9': 0.35411596547850144}. Best is trial 38 with value: 0.683812282586289.\n"
     ]
    },
    {
     "name": "stdout",
     "output_type": "stream",
     "text": [
      "Overall Stratified C-Index Score for Ensemble Model: 0.6833\n"
     ]
    },
    {
     "name": "stderr",
     "output_type": "stream",
     "text": [
      "[I 2025-03-02 08:34:01,840] Trial 47 finished with value: 0.6836155554592278 and parameters: {'weight_0': 0.7147461599850832, 'weight_1': 0.580375687124435, 'weight_2': 0.7186688558618994, 'weight_3': 0.8106052282155923, 'weight_4': 0.7590844771297622, 'weight_5': 0.32085303905468243, 'weight_6': 0.6014954437303256, 'weight_7': 0.9289622502687022, 'weight_8': 0.3573664203041539, 'weight_9': 0.2729158439820815}. Best is trial 38 with value: 0.683812282586289.\n"
     ]
    },
    {
     "name": "stdout",
     "output_type": "stream",
     "text": [
      "Overall Stratified C-Index Score for Ensemble Model: 0.6836\n"
     ]
    },
    {
     "name": "stderr",
     "output_type": "stream",
     "text": [
      "[I 2025-03-02 08:34:02,354] Trial 48 finished with value: 0.6834570853017339 and parameters: {'weight_0': 0.8098810353309197, 'weight_1': 0.6335088619357214, 'weight_2': 0.9600694185866862, 'weight_3': 0.6472984608227562, 'weight_4': 0.929319974649079, 'weight_5': 0.47404766597582965, 'weight_6': 0.5349784067664338, 'weight_7': 0.8033897193908237, 'weight_8': 0.6145515106550579, 'weight_9': 0.2009476296446107}. Best is trial 38 with value: 0.683812282586289.\n"
     ]
    },
    {
     "name": "stdout",
     "output_type": "stream",
     "text": [
      "Overall Stratified C-Index Score for Ensemble Model: 0.6835\n"
     ]
    },
    {
     "name": "stderr",
     "output_type": "stream",
     "text": [
      "[I 2025-03-02 08:34:02,866] Trial 49 finished with value: 0.6834634457035064 and parameters: {'weight_0': 0.887610612695164, 'weight_1': 0.6991157740320599, 'weight_2': 0.49241508720205784, 'weight_3': 0.9155094313093488, 'weight_4': 0.8192394687005464, 'weight_5': 0.6242480483150868, 'weight_6': 0.7432569791840007, 'weight_7': 0.8757255475232965, 'weight_8': 0.666386953284089, 'weight_9': 0.17078944233305438}. Best is trial 38 with value: 0.683812282586289.\n"
     ]
    },
    {
     "name": "stdout",
     "output_type": "stream",
     "text": [
      "Overall Stratified C-Index Score for Ensemble Model: 0.6835\n"
     ]
    },
    {
     "name": "stderr",
     "output_type": "stream",
     "text": [
      "[I 2025-03-02 08:34:03,375] Trial 50 finished with value: 0.6836887447405687 and parameters: {'weight_0': 0.6553521974848027, 'weight_1': 0.7594444833774765, 'weight_2': 0.4126813431549306, 'weight_3': 0.7774604640406128, 'weight_4': 0.9521782299820798, 'weight_5': 0.35197641064798524, 'weight_6': 0.8434932095709188, 'weight_7': 0.9606296397429668, 'weight_8': 0.5378761036235041, 'weight_9': 0.24553761765165993}. Best is trial 38 with value: 0.683812282586289.\n"
     ]
    },
    {
     "name": "stdout",
     "output_type": "stream",
     "text": [
      "Overall Stratified C-Index Score for Ensemble Model: 0.6837\n"
     ]
    },
    {
     "name": "stderr",
     "output_type": "stream",
     "text": [
      "[I 2025-03-02 08:34:03,892] Trial 51 finished with value: 0.6836753206897519 and parameters: {'weight_0': 0.6595003414448132, 'weight_1': 0.7859784451911794, 'weight_2': 0.4255421890975498, 'weight_3': 0.7773563540137292, 'weight_4': 0.8768765982360864, 'weight_5': 0.34034982101607536, 'weight_6': 0.8447162060320098, 'weight_7': 0.9542721728436692, 'weight_8': 0.5445849617634331, 'weight_9': 0.23582652347165656}. Best is trial 38 with value: 0.683812282586289.\n"
     ]
    },
    {
     "name": "stdout",
     "output_type": "stream",
     "text": [
      "Overall Stratified C-Index Score for Ensemble Model: 0.6837\n"
     ]
    },
    {
     "name": "stderr",
     "output_type": "stream",
     "text": [
      "[I 2025-03-02 08:34:04,405] Trial 52 finished with value: 0.6836752486839036 and parameters: {'weight_0': 0.66673713350294, 'weight_1': 0.8769821178231275, 'weight_2': 0.4304865617230807, 'weight_3': 0.7812266841115137, 'weight_4': 0.9558800800158068, 'weight_5': 0.34224637357648796, 'weight_6': 0.8455525917585023, 'weight_7': 0.9582723268890981, 'weight_8': 0.5442625585613219, 'weight_9': 0.24174262977120484}. Best is trial 38 with value: 0.683812282586289.\n"
     ]
    },
    {
     "name": "stdout",
     "output_type": "stream",
     "text": [
      "Overall Stratified C-Index Score for Ensemble Model: 0.6837\n"
     ]
    },
    {
     "name": "stderr",
     "output_type": "stream",
     "text": [
      "[I 2025-03-02 08:34:04,917] Trial 53 finished with value: 0.6836921947899192 and parameters: {'weight_0': 0.6037105014260372, 'weight_1': 0.7734587282274404, 'weight_2': 0.5113103903302377, 'weight_3': 0.7389198962426623, 'weight_4': 0.8781829291207653, 'weight_5': 0.2914647369580032, 'weight_6': 0.7755811174231747, 'weight_7': 0.9014253046713325, 'weight_8': 0.5979987134251011, 'weight_9': 0.2761507407021067}. Best is trial 38 with value: 0.683812282586289.\n"
     ]
    },
    {
     "name": "stdout",
     "output_type": "stream",
     "text": [
      "Overall Stratified C-Index Score for Ensemble Model: 0.6837\n"
     ]
    },
    {
     "name": "stderr",
     "output_type": "stream",
     "text": [
      "[I 2025-03-02 08:34:05,473] Trial 54 finished with value: 0.6835965768230258 and parameters: {'weight_0': 0.6064316530626898, 'weight_1': 0.7575779569736383, 'weight_2': 0.5114122898803839, 'weight_3': 0.7419771469654906, 'weight_4': 0.8989449928219901, 'weight_5': 0.28705516732259684, 'weight_6': 0.7678320204567421, 'weight_7': 0.8464695834541281, 'weight_8': 0.6489756179474673, 'weight_9': 0.36595621191528077}. Best is trial 38 with value: 0.683812282586289.\n"
     ]
    },
    {
     "name": "stdout",
     "output_type": "stream",
     "text": [
      "Overall Stratified C-Index Score for Ensemble Model: 0.6836\n"
     ]
    },
    {
     "name": "stderr",
     "output_type": "stream",
     "text": [
      "[I 2025-03-02 08:34:05,982] Trial 55 finished with value: 0.683410301705281 and parameters: {'weight_0': 0.5664982627610113, 'weight_1': 0.6773353794059002, 'weight_2': 0.6038740048835606, 'weight_3': 0.8548241591137494, 'weight_4': 0.9665635881016562, 'weight_5': 0.4032740757635483, 'weight_6': 0.680123674973371, 'weight_7': 0.8986988791450348, 'weight_8': 0.610490685036493, 'weight_9': 0.2848856968636108}. Best is trial 38 with value: 0.683812282586289.\n"
     ]
    },
    {
     "name": "stdout",
     "output_type": "stream",
     "text": [
      "Overall Stratified C-Index Score for Ensemble Model: 0.6834\n"
     ]
    },
    {
     "name": "stderr",
     "output_type": "stream",
     "text": [
      "[I 2025-03-02 08:34:06,494] Trial 56 finished with value: 0.6834742911265963 and parameters: {'weight_0': 0.7077946810249931, 'weight_1': 0.8255281444329015, 'weight_2': 0.5416172959194681, 'weight_3': 0.946576440463917, 'weight_4': 0.8444634611577972, 'weight_5': 0.47859660876022475, 'weight_6': 0.786852851721515, 'weight_7': 0.7779582341552904, 'weight_8': 0.588972976213911, 'weight_9': 0.18413861597696085}. Best is trial 38 with value: 0.683812282586289.\n"
     ]
    },
    {
     "name": "stdout",
     "output_type": "stream",
     "text": [
      "Overall Stratified C-Index Score for Ensemble Model: 0.6835\n"
     ]
    },
    {
     "name": "stderr",
     "output_type": "stream",
     "text": [
      "[I 2025-03-02 08:34:07,015] Trial 57 finished with value: 0.6836216284503072 and parameters: {'weight_0': 0.7445312044321459, 'weight_1': 0.9484091132798413, 'weight_2': 0.4758852679998869, 'weight_3': 0.6246365769227308, 'weight_4': 0.7875106628338562, 'weight_5': 0.2902057099563128, 'weight_6': 0.6375886283154037, 'weight_7': 0.9167374493628107, 'weight_8': 0.67642799983101, 'weight_9': 0.3261242646990405}. Best is trial 38 with value: 0.683812282586289.\n"
     ]
    },
    {
     "name": "stdout",
     "output_type": "stream",
     "text": [
      "Overall Stratified C-Index Score for Ensemble Model: 0.6836\n"
     ]
    },
    {
     "name": "stderr",
     "output_type": "stream",
     "text": [
      "[I 2025-03-02 08:34:07,526] Trial 58 finished with value: 0.6835219629025238 and parameters: {'weight_0': 0.5400450250665902, 'weight_1': 0.6374344456387433, 'weight_2': 0.40316579707513556, 'weight_3': 0.725838166821119, 'weight_4': 0.7325997289306365, 'weight_5': 0.24637489248767064, 'weight_6': 0.8690771193155836, 'weight_7': 0.9809280642841328, 'weight_8': 0.809023279451677, 'weight_9': 0.5193664157280866}. Best is trial 38 with value: 0.683812282586289.\n"
     ]
    },
    {
     "name": "stdout",
     "output_type": "stream",
     "text": [
      "Overall Stratified C-Index Score for Ensemble Model: 0.6835\n"
     ]
    },
    {
     "name": "stderr",
     "output_type": "stream",
     "text": [
      "[I 2025-03-02 08:34:08,041] Trial 59 finished with value: 0.6836507047387717 and parameters: {'weight_0': 0.6428220653306493, 'weight_1': 0.7046738960026254, 'weight_2': 0.5851204085742667, 'weight_3': 0.8153414033686075, 'weight_4': 0.9229705287607547, 'weight_5': 0.36326634576079814, 'weight_6': 0.7155150018797106, 'weight_7': 0.7452864086369113, 'weight_8': 0.5234321024941145, 'weight_9': 0.09171683232937305}. Best is trial 38 with value: 0.683812282586289.\n"
     ]
    },
    {
     "name": "stdout",
     "output_type": "stream",
     "text": [
      "Overall Stratified C-Index Score for Ensemble Model: 0.6837\n"
     ]
    },
    {
     "name": "stderr",
     "output_type": "stream",
     "text": [
