      "[I 2025-02-25 22:37:31,003] Trial 60 finished with value: 0.6815923790454332 and parameters: {'weight_0': 0.39213546120000675, 'weight_1': 0.1793452153971064, 'weight_2': 0.6315852460635814, 'weight_3': 0.12250363215814647, 'weight_4': 0.9125510417056433, 'weight_5': 0.19396781365851498, 'weight_6': 0.5874318936809846, 'weight_7': 0.99853594631743, 'weight_8': 0.9236588509759996, 'weight_9': 0.41363569546043555}. Best is trial 60 with value: 0.6815923790454332.\n"
     ]
    },
    {
     "name": "stdout",
     "output_type": "stream",
     "text": [
      "Overall Stratified C-Index Score for Ensemble Model: 0.6816\n"
     ]
    },
    {
     "name": "stderr",
     "output_type": "stream",
     "text": [
      "[I 2025-02-25 22:37:31,477] Trial 61 finished with value: 0.6816093218690071 and parameters: {'weight_0': 0.48153689668142213, 'weight_1': 0.168232757606109, 'weight_2': 0.5972962727765038, 'weight_3': 0.13030012149936726, 'weight_4': 0.9210786802226342, 'weight_5': 0.2066336961343653, 'weight_6': 0.5743259001423793, 'weight_7': 0.9991178015368394, 'weight_8': 0.9251053320229528, 'weight_9': 0.4152731378996106}. Best is trial 61 with value: 0.6816093218690071.\n"
     ]
    },
    {
     "name": "stdout",
     "output_type": "stream",
     "text": [
      "Overall Stratified C-Index Score for Ensemble Model: 0.6816\n"
     ]
    },
    {
     "name": "stderr",
     "output_type": "stream",
     "text": [
      "[I 2025-02-25 22:37:31,975] Trial 62 finished with value: 0.6815774834872065 and parameters: {'weight_0': 0.4770693499424924, 'weight_1': 0.16551844803078664, 'weight_2': 0.7102550196314785, 'weight_3': 0.12655198306136972, 'weight_4': 0.9235724612606576, 'weight_5': 0.3315140358327482, 'weight_6': 0.5768534413608084, 'weight_7': 0.9996514023566709, 'weight_8': 0.913719951782062, 'weight_9': 0.40050607278872963}. Best is trial 61 with value: 0.6816093218690071.\n"
     ]
    },
    {
     "name": "stdout",
     "output_type": "stream",
     "text": [
      "Overall Stratified C-Index Score for Ensemble Model: 0.6816\n"
     ]
    },
    {
     "name": "stderr",
     "output_type": "stream",
     "text": [
      "[I 2025-02-25 22:37:32,452] Trial 63 finished with value: 0.6815659646200456 and parameters: {'weight_0': 0.4926334889010402, 'weight_1': 0.1556667486861294, 'weight_2': 0.7317117557315859, 'weight_3': 0.1218902297511532, 'weight_4': 0.8395872112978497, 'weight_5': 0.20000741449540735, 'weight_6': 0.5249325900805201, 'weight_7': 0.9402108384924149, 'weight_8': 0.9178202013502745, 'weight_9': 0.542953553230316}. Best is trial 61 with value: 0.6816093218690071.\n"
     ]
    },
    {
     "name": "stdout",
     "output_type": "stream",
     "text": [
      "Overall Stratified C-Index Score for Ensemble Model: 0.6816\n"
     ]
    },
    {
     "name": "stderr",
     "output_type": "stream",
     "text": [
      "[I 2025-02-25 22:37:32,942] Trial 64 finished with value: 0.6815022684641858 and parameters: {'weight_0': 0.5059555437491783, 'weight_1': 0.1692614578566387, 'weight_2': 0.7516629566046628, 'weight_3': 0.1693029864939719, 'weight_4': 0.8396243075063479, 'weight_5': 0.3348823517864672, 'weight_6': 0.531039018530796, 'weight_7': 0.9362550775872958, 'weight_8': 0.9095044098111078, 'weight_9': 0.5458094366924069}. Best is trial 61 with value: 0.6816093218690071.\n"
     ]
    },
    {
     "name": "stdout",
     "output_type": "stream",
     "text": [
      "Overall Stratified C-Index Score for Ensemble Model: 0.6815\n"
     ]
    },
    {
     "name": "stderr",
     "output_type": "stream",
     "text": [
      "[I 2025-02-25 22:37:33,435] Trial 65 finished with value: 0.681447889708997 and parameters: {'weight_0': 0.4094963598559959, 'weight_1': 0.09454116769896231, 'weight_2': 0.7167003820224029, 'weight_3': 0.12865052136075847, 'weight_4': 0.8779601940320555, 'weight_5': 0.28440691177739946, 'weight_6': 0.40023193113030775, 'weight_7': 0.8517898361029956, 'weight_8': 0.9251526522073823, 'weight_9': 0.4050633014509673}. Best is trial 61 with value: 0.6816093218690071.\n"
     ]
    },
    {
     "name": "stdout",
     "output_type": "stream",
     "text": [
      "Overall Stratified C-Index Score for Ensemble Model: 0.6814\n"
     ]
    },
    {
     "name": "stderr",
     "output_type": "stream",
     "text": [
      "[I 2025-02-25 22:37:33,913] Trial 66 finished with value: 0.6814010796646526 and parameters: {'weight_0': 0.5764358320767176, 'weight_1': 0.15782773741670378, 'weight_2': 0.6118870878788901, 'weight_3': 0.23390305009786802, 'weight_4': 0.7434401676990412, 'weight_5': 0.40059397718484235, 'weight_6': 0.48166831926408915, 'weight_7': 0.9511093101576864, 'weight_8': 0.7653484535604115, 'weight_9': 0.6517022504731496}. Best is trial 61 with value: 0.6816093218690071.\n"
     ]
    },
    {
     "name": "stdout",
     "output_type": "stream",
     "text": [
      "Overall Stratified C-Index Score for Ensemble Model: 0.6814\n"
     ]
    },
    {
     "name": "stderr",
     "output_type": "stream",
     "text": [
      "[I 2025-02-25 22:37:34,390] Trial 67 finished with value: 0.6815256239975314 and parameters: {'weight_0': 0.496760006026412, 'weight_1': 0.050408043069505915, 'weight_2': 0.8025974539047364, 'weight_3': 0.19022229237224011, 'weight_4': 0.9225859682902378, 'weight_5': 0.18679019918732032, 'weight_6': 0.43889950895636287, 'weight_7': 0.8969360090563462, 'weight_8': 0.8224164013281583, 'weight_9': 0.4136619077528393}. Best is trial 61 with value: 0.6816093218690071.\n"
     ]
    },
    {
     "name": "stdout",
     "output_type": "stream",
     "text": [
      "Overall Stratified C-Index Score for Ensemble Model: 0.6815\n"
     ]
    },
    {
     "name": "stderr",
     "output_type": "stream",
     "text": [
      "[I 2025-02-25 22:37:34,869] Trial 68 finished with value: 0.6814802390138579 and parameters: {'weight_0': 0.5712833243092292, 'weight_1': 0.23319618623310234, 'weight_2': 0.5784170504161951, 'weight_3': 0.16247482299678787, 'weight_4': 0.7991042812240647, 'weight_5': 0.2416833717992527, 'weight_6': 0.6205989695668503, 'weight_7': 0.9666543925191354, 'weight_8': 0.7012359309183368, 'weight_9': 0.5031940654710239}. Best is trial 61 with value: 0.6816093218690071.\n"
     ]
    },
    {
     "name": "stdout",
     "output_type": "stream",
     "text": [
      "Overall Stratified C-Index Score for Ensemble Model: 0.6815\n"
     ]
    },
    {
     "name": "stderr",
     "output_type": "stream",
     "text": [
      "[I 2025-02-25 22:37:35,343] Trial 69 finished with value: 0.6811098747840149 and parameters: {'weight_0': 0.3816147532934274, 'weight_1': 0.13144746472979002, 'weight_2': 0.6488782289334317, 'weight_3': 0.28363771363231194, 'weight_4': 0.6635189267436614, 'weight_5': 0.20271587990258166, 'weight_6': 0.21079430071444932, 'weight_7': 0.6266767943257783, 'weight_8': 0.5937819157727445, 'weight_9': 0.5812176706248633}. Best is trial 61 with value: 0.6816093218690071.\n"
     ]
    },
    {
     "name": "stdout",
     "output_type": "stream",
     "text": [
      "Overall Stratified C-Index Score for Ensemble Model: 0.6811\n"
     ]
    },
    {
     "name": "stderr",
     "output_type": "stream",
     "text": [
      "[I 2025-02-25 22:37:35,816] Trial 70 finished with value: 0.6811408777222422 and parameters: {'weight_0': 0.5291789587814785, 'weight_1': 0.18112857604242444, 'weight_2': 0.7006719974472841, 'weight_3': 0.13003317393734004, 'weight_4': 0.2603944564375935, 'weight_5': 0.8315252569685607, 'weight_6': 0.5283258769197234, 'weight_7': 0.8080854230333449, 'weight_8': 0.8871346753213215, 'weight_9': 0.53499224099424}. Best is trial 61 with value: 0.6816093218690071.\n"
     ]
    },
    {
     "name": "stdout",
     "output_type": "stream",
     "text": [
      "Overall Stratified C-Index Score for Ensemble Model: 0.6811\n"
     ]
    },
    {
     "name": "stderr",
     "output_type": "stream",
     "text": [
      "[I 2025-02-25 22:37:36,291] Trial 71 finished with value: 0.6815102377378519 and parameters: {'weight_0': 0.4718206504612289, 'weight_1': 0.09842115909066634, 'weight_2': 0.8223228177444124, 'weight_3': 0.19743791661181315, 'weight_4': 0.9079887901099832, 'weight_5': 0.15757572976005202, 'weight_6': 0.35256267953566456, 'weight_7': 0.8906344005222517, 'weight_8': 0.8190339394825664, 'weight_9': 0.41887880510087483}. Best is trial 61 with value: 0.6816093218690071.\n"
     ]
    },
    {
     "name": "stdout",
     "output_type": "stream",
     "text": [
      "Overall Stratified C-Index Score for Ensemble Model: 0.6815\n"
     ]
    },
    {
     "name": "stderr",
     "output_type": "stream",
     "text": [
      "[I 2025-02-25 22:37:36,763] Trial 72 finished with value: 0.6815630411746227 and parameters: {'weight_0': 0.4396428496505314, 'weight_1': 0.08602567777108722, 'weight_2': 0.7880411796095862, 'weight_3': 0.07932181487877342, 'weight_4': 0.9625082688809239, 'weight_5': 0.1883377264769039, 'weight_6': 0.44795583364086594, 'weight_7': 0.9132075556952163, 'weight_8': 0.37643162247771117, 'weight_9': 0.39650756135356596}. Best is trial 61 with value: 0.6816093218690071.\n"
     ]
    },
    {
     "name": "stdout",
     "output_type": "stream",
     "text": [
      "Overall Stratified C-Index Score for Ensemble Model: 0.6816\n"
     ]
    },
    {
     "name": "stderr",
     "output_type": "stream",
     "text": [
      "[I 2025-02-25 22:37:37,236] Trial 73 finished with value: 0.6815200420567397 and parameters: {'weight_0': 0.4231311586885013, 'weight_1': 0.07085449633697029, 'weight_2': 0.7269556636636832, 'weight_3': 0.052020116842215136, 'weight_4': 0.9670709290874584, 'weight_5': 0.2960993661482988, 'weight_6': 0.41090909981516843, 'weight_7': 0.9710197990002909, 'weight_8': 0.3867693439708293, 'weight_9': 0.4471290139342999}. Best is trial 61 with value: 0.6816093218690071.\n"
     ]
    },
    {
     "name": "stdout",
     "output_type": "stream",
     "text": [
      "Overall Stratified C-Index Score for Ensemble Model: 0.6815\n"
     ]
    },
    {
     "name": "stderr",
     "output_type": "stream",
     "text": [
      "[I 2025-02-25 22:37:37,709] Trial 74 finished with value: 0.6814979112279907 and parameters: {'weight_0': 0.3815550188538294, 'weight_1': 0.15724930327185266, 'weight_2': 0.9037995347357008, 'weight_3': 0.07812669692783121, 'weight_4': 0.8594585708053257, 'weight_5': 0.21191952568665776, 'weight_6': 0.46307219202909616, 'weight_7': 0.8643100225773579, 'weight_8': 0.20896002016812387, 'weight_9': 0.38988045940049065}. Best is trial 61 with value: 0.6816093218690071.\n"
     ]
    },
    {
     "name": "stdout",
     "output_type": "stream",
     "text": [
      "Overall Stratified C-Index Score for Ensemble Model: 0.6815\n"
     ]
    },
    {
     "name": "stderr",
     "output_type": "stream",
     "text": [
      "[I 2025-02-25 22:37:38,183] Trial 75 finished with value: 0.6814880913454976 and parameters: {'weight_0': 0.43648032632580963, 'weight_1': 0.20241469343783242, 'weight_2': 0.5395249443958978, 'weight_3': 0.11522222873240279, 'weight_4': 0.9165449932570886, 'weight_5': 0.25184380877153434, 'weight_6': 0.489777907103292, 'weight_7': 0.9210279404049546, 'weight_8': 0.46701099297175774, 'weight_9': 0.4798520564562968}. Best is trial 61 with value: 0.6816093218690071.\n"
     ]
    },
    {
     "name": "stdout",
     "output_type": "stream",
     "text": [
      "Overall Stratified C-Index Score for Ensemble Model: 0.6815\n"
     ]
    },
    {
     "name": "stderr",
     "output_type": "stream",
     "text": [
      "[I 2025-02-25 22:37:38,658] Trial 76 finished with value: 0.6814120064751236 and parameters: {'weight_0': 0.5518257236691838, 'weight_1': 0.25666073568556386, 'weight_2': 0.635093152916179, 'weight_3': 0.07299947740962295, 'weight_4': 0.9534712922885472, 'weight_5': 0.3267504151660784, 'weight_6': 0.5919031850192397, 'weight_7': 0.9361616266353239, 'weight_8': 0.43692025890336805, 'weight_9': 0.3549316209026776}. Best is trial 61 with value: 0.6816093218690071.\n"
     ]
    },
    {
     "name": "stdout",
     "output_type": "stream",
     "text": [
      "Overall Stratified C-Index Score for Ensemble Model: 0.6814\n"
     ]
    },
    {
     "name": "stderr",
     "output_type": "stream",
     "text": [
      "[I 2025-02-25 22:37:39,137] Trial 77 finished with value: 0.6815069809186217 and parameters: {'weight_0': 0.4509937444707726, 'weight_1': 0.13374841324535927, 'weight_2': 0.8520319207395392, 'weight_3': 0.15949371561167672, 'weight_4': 0.9731919402041928, 'weight_5': 0.1419438527994931, 'weight_6': 0.2887457606352515, 'weight_7': 0.9739815637860417, 'weight_8': 0.3333413946902069, 'weight_9': 0.5645135613501906}. Best is trial 61 with value: 0.6816093218690071.\n"
     ]
    },
    {
     "name": "stdout",
     "output_type": "stream",
     "text": [
      "Overall Stratified C-Index Score for Ensemble Model: 0.6815\n"
     ]
    },
    {
     "name": "stderr",
     "output_type": "stream",
     "text": [
      "[I 2025-02-25 22:37:39,610] Trial 78 finished with value: 0.6815680192094956 and parameters: {'weight_0': 0.5992135288153395, 'weight_1': 0.2348798259123909, 'weight_2': 0.7821668801607702, 'weight_3': 0.11789413802851967, 'weight_4': 0.8736912598367703, 'weight_5': 0.3760275041392547, 'weight_6': 0.726376394401612, 'weight_7': 0.9163307184856281, 'weight_8': 0.9337333973211605, 'weight_9': 0.4321994126369491}. Best is trial 61 with value: 0.6816093218690071.\n"
     ]
    },
    {
     "name": "stdout",
     "output_type": "stream",
     "text": [
      "Overall Stratified C-Index Score for Ensemble Model: 0.6816\n"
     ]
    },
    {
     "name": "stderr",
     "output_type": "stream",
     "text": [
      "[I 2025-02-25 22:37:40,085] Trial 79 finished with value: 0.6812818034073339 and parameters: {'weight_0': 0.5010103042861752, 'weight_1': 0.2295391203155036, 'weight_2': 0.7821333022274428, 'weight_3': 0.12192898611690345, 'weight_4': 0.7679502921558901, 'weight_5': 0.37593376533315603, 'weight_6': 0.7920795455978882, 'weight_7': 0.9112249594000353, 'weight_8': 0.2747750279492988, 'weight_9': 0.43509417610099715}. Best is trial 61 with value: 0.6816093218690071.\n"
     ]
    },
    {
     "name": "stdout",
     "output_type": "stream",
     "text": [
      "Overall Stratified C-Index Score for Ensemble Model: 0.6813\n"
     ]
    },
    {
     "name": "stderr",
     "output_type": "stream",
     "text": [
      "[I 2025-02-25 22:37:40,559] Trial 80 finished with value: 0.681490867258274 and parameters: {'weight_0': 0.6104327516617397, 'weight_1': 0.18226420443502264, 'weight_2': 0.8960993335878966, 'weight_3': 0.23429771981616807, 'weight_4': 0.8248042216028278, 'weight_5': 0.436174328096924, 'weight_6': 0.7289007200927674, 'weight_7': 0.8424373119407889, 'weight_8': 0.9203119683034089, 'weight_9': 0.5008076496343721}. Best is trial 61 with value: 0.6816093218690071.\n"
     ]
    },
    {
     "name": "stdout",
     "output_type": "stream",
     "text": [
      "Overall Stratified C-Index Score for Ensemble Model: 0.6815\n"
     ]
    },
    {
     "name": "stderr",
     "output_type": "stream",
     "text": [
      "[I 2025-02-25 22:37:41,039] Trial 81 finished with value: 0.6815918483313728 and parameters: {'weight_0': 0.4699167524260941, 'weight_1': 0.2506720615785076, 'weight_2': 0.7392192453577873, 'weight_3': 0.11495085701265678, 'weight_4': 0.8737407019369421, 'weight_5': 0.18640548720540814, 'weight_6': 0.6310350931236378, 'weight_7': 0.7686066268009359, 'weight_8': 0.945181966606284, 'weight_9': 0.39798128496220775}. Best is trial 61 with value: 0.6816093218690071.\n"
     ]
    },
    {
     "name": "stdout",
     "output_type": "stream",
     "text": [
      "Overall Stratified C-Index Score for Ensemble Model: 0.6816\n"
     ]
    },
    {
     "name": "stderr",
     "output_type": "stream",
     "text": [
      "[I 2025-02-25 22:37:41,516] Trial 82 finished with value: 0.6812529072788474 and parameters: {'weight_0': 0.6881205061314519, 'weight_1': 0.1417750985796985, 'weight_2': 0.7552249639294151, 'weight_3': 0.9159153663570512, 'weight_4': 0.8716308510549947, 'weight_5': 0.18020951674369654, 'weight_6': 0.5451720899335034, 'weight_7': 0.7591201960815613, 'weight_8': 0.9510117447586297, 'weight_9': 0.38658743874863316}. Best is trial 61 with value: 0.6816093218690071.\n"
     ]
    },
    {
     "name": "stdout",
     "output_type": "stream",
     "text": [
      "Overall Stratified C-Index Score for Ensemble Model: 0.6813\n"
     ]
    },
    {
     "name": "stderr",
     "output_type": "stream",
     "text": [
      "[I 2025-02-25 22:37:42,016] Trial 83 finished with value: 0.681606555215858 and parameters: {'weight_0': 0.4786132787159504, 'weight_1': 0.10718995716422516, 'weight_2': 0.7269026240458215, 'weight_3': 0.11109456840744049, 'weight_4': 0.8394313320186335, 'weight_5': 0.14504993964711843, 'weight_6': 0.6294713631092842, 'weight_7': 0.9413231925475911, 'weight_8': 0.9346966576738276, 'weight_9': 0.4718660310754153}. Best is trial 61 with value: 0.6816093218690071.\n"
     ]
    },
    {
     "name": "stdout",
     "output_type": "stream",
     "text": [
      "Overall Stratified C-Index Score for Ensemble Model: 0.6816\n"
     ]
    },
    {
     "name": "stderr",
     "output_type": "stream",
     "text": [
      "[I 2025-02-25 22:37:42,489] Trial 84 finished with value: 0.6814638193453361 and parameters: {'weight_0': 0.4845829367054711, 'weight_1': 0.11045130051947308, 'weight_2': 0.7295610256240334, 'weight_3': 0.11805603371306402, 'weight_4': 0.8839439345301007, 'weight_5': 0.5413047783738361, 'weight_6': 0.6232228891444032, 'weight_7': 0.8676377028043626, 'weight_8': 0.8985128744134425, 'weight_9': 0.3993028771372789}. Best is trial 61 with value: 0.6816093218690071.\n"
     ]
    },
    {
     "name": "stdout",
     "output_type": "stream",
     "text": [
      "Overall Stratified C-Index Score for Ensemble Model: 0.6815\n"
     ]
    },
    {
     "name": "stderr",
     "output_type": "stream",
     "text": [
      "[I 2025-02-25 22:37:42,966] Trial 85 finished with value: 0.681572139440236 and parameters: {'weight_0': 0.5232449903060169, 'weight_1': 0.052490277388479264, 'weight_2': 0.802900762123127, 'weight_3': 0.15728562564416787, 'weight_4': 0.8456817361785749, 'weight_5': 0.19093645902139025, 'weight_6': 0.6621097916328548, 'weight_7': 0.9418539722062496, 'weight_8': 0.9440540857232542, 'weight_9': 0.47552792652705184}. Best is trial 61 with value: 0.6816093218690071.\n"
     ]
    },
    {
     "name": "stdout",
     "output_type": "stream",
     "text": [
      "Overall Stratified C-Index Score for Ensemble Model: 0.6816\n"
     ]
    },
    {
     "name": "stderr",
     "output_type": "stream",
     "text": [
      "[I 2025-02-25 22:37:43,442] Trial 86 finished with value: 0.6814215768415608 and parameters: {'weight_0': 0.4458211985465353, 'weight_1': 0.06043973154976905, 'weight_2': 0.6897780654915321, 'weight_3': 0.15981318937429298, 'weight_4': 0.7226609840408635, 'weight_5': 0.48088714850483794, 'weight_6': 0.657038193917455, 'weight_7': 0.9447989392342774, 'weight_8': 0.8596415892031999, 'weight_9': 0.483257628345954}. Best is trial 61 with value: 0.6816093218690071.\n"
     ]
    },
    {
     "name": "stdout",
     "output_type": "stream",
     "text": [
      "Overall Stratified C-Index Score for Ensemble Model: 0.6814\n"
     ]
    },
    {
     "name": "stderr",
     "output_type": "stream",
     "text": [
      "[I 2025-02-25 22:37:43,922] Trial 87 finished with value: 0.6809491150305195 and parameters: {'weight_0': 0.5221816959325283, 'weight_1': 0.08364634445865952, 'weight_2': 0.9310186303660539, 'weight_3': 0.1822675043361453, 'weight_4': 0.8373308133465324, 'weight_5': 0.26433809773474354, 'weight_6': 0.5107530933492687, 'weight_7': 0.08875945521052825, 'weight_8': 0.535469372178986, 'weight_9': 0.5226020094656385}. Best is trial 61 with value: 0.6816093218690071.\n"
     ]
    },
    {
     "name": "stdout",
     "output_type": "stream",
     "text": [
      "Overall Stratified C-Index Score for Ensemble Model: 0.6809\n"
     ]
    },
    {
     "name": "stderr",
     "output_type": "stream",
     "text": [
      "[I 2025-02-25 22:37:44,398] Trial 88 finished with value: 0.6812204684474082 and parameters: {'weight_0': 0.39263199312672487, 'weight_1': 0.11115518931329083, 'weight_2': 0.7952414701067522, 'weight_3': 0.6294441554549082, 'weight_4': 0.7607807781305737, 'weight_5': 0.1921202235781693, 'weight_6': 0.7413953578782484, 'weight_7': 0.9247905262918532, 'weight_8': 0.9352573009013454, 'weight_9': 0.6385523010684606}. Best is trial 61 with value: 0.6816093218690071.\n"
     ]
    },
    {
     "name": "stdout",
     "output_type": "stream",
     "text": [
      "Overall Stratified C-Index Score for Ensemble Model: 0.6812\n"
     ]
    },
    {
     "name": "stderr",
     "output_type": "stream",
     "text": [
      "[I 2025-02-25 22:37:44,872] Trial 89 finished with value: 0.6815926486184961 and parameters: {'weight_0': 0.5996155468192111, 'weight_1': 0.08453745217924735, 'weight_2': 0.8135951044332304, 'weight_3': 0.11135799083281388, 'weight_4': 0.843093921009418, 'weight_5': 0.3405600283760516, 'weight_6': 0.6739236343047394, 'weight_7': 0.7740349287586238, 'weight_8': 0.9024095070404228, 'weight_9': 0.3211573666149059}. Best is trial 61 with value: 0.6816093218690071.\n"
     ]
    },
    {
     "name": "stdout",
     "output_type": "stream",
     "text": [
      "Overall Stratified C-Index Score for Ensemble Model: 0.6816\n"
     ]
    },
    {
     "name": "stderr",
     "output_type": "stream",
     "text": [
