      "[I 2025-03-02 08:34:24,039] Trial 90 finished with value: 0.6839003680177707 and parameters: {'weight_0': 0.39295111887875, 'weight_1': 0.3381284177455084, 'weight_2': 0.9980486148363192, 'weight_3': 0.3531709699556894, 'weight_4': 0.6817231043040299, 'weight_5': 0.10284649396883655, 'weight_6': 0.5210710067715558, 'weight_7': 0.772294062642942, 'weight_8': 0.05136951548589994, 'weight_9': 0.05182850044096035}. Best is trial 85 with value: 0.6839157834119225.\n"
     ]
    },
    {
     "name": "stdout",
     "output_type": "stream",
     "text": [
      "Overall Stratified C-Index Score for Ensemble Model: 0.6839\n"
     ]
    },
    {
     "name": "stderr",
     "output_type": "stream",
     "text": [
      "[I 2025-03-02 08:34:24,550] Trial 91 finished with value: 0.683900006540562 and parameters: {'weight_0': 0.39871455372209635, 'weight_1': 0.3203827056109706, 'weight_2': 0.9961889479942194, 'weight_3': 0.3388385025593429, 'weight_4': 0.680285245726425, 'weight_5': 0.10773984970964212, 'weight_6': 0.5156531164603049, 'weight_7': 0.7823332058093236, 'weight_8': 0.05490079682285694, 'weight_9': 0.053760008118991946}. Best is trial 85 with value: 0.6839157834119225.\n"
     ]
    },
    {
     "name": "stdout",
     "output_type": "stream",
     "text": [
      "Overall Stratified C-Index Score for Ensemble Model: 0.6839\n"
     ]
    },
    {
     "name": "stderr",
     "output_type": "stream",
     "text": [
      "[I 2025-03-02 08:34:25,060] Trial 92 finished with value: 0.6838280341198618 and parameters: {'weight_0': 0.40776758879331004, 'weight_1': 0.30877991434390606, 'weight_2': 0.9611924875758348, 'weight_3': 0.3557325504839671, 'weight_4': 0.7751763398984053, 'weight_5': 0.10526032498820659, 'weight_6': 0.40793188471367414, 'weight_7': 0.7707433016267744, 'weight_8': 0.09251443586409314, 'weight_9': 0.05222874322783343}. Best is trial 85 with value: 0.6839157834119225.\n"
     ]
    },
    {
     "name": "stdout",
     "output_type": "stream",
     "text": [
      "Overall Stratified C-Index Score for Ensemble Model: 0.6838\n"
     ]
    },
    {
     "name": "stderr",
     "output_type": "stream",
     "text": [
      "[I 2025-03-02 08:34:25,622] Trial 93 finished with value: 0.6837778955869342 and parameters: {'weight_0': 0.2540879361066047, 'weight_1': 0.3921445326399876, 'weight_2': 0.9739163953880225, 'weight_3': 0.32004666392680353, 'weight_4': 0.6371653755240209, 'weight_5': 0.06310505394210449, 'weight_6': 0.5065845295011409, 'weight_7': 0.6853570980374823, 'weight_8': 0.0838686130842527, 'weight_9': 0.0946189379017715}. Best is trial 85 with value: 0.6839157834119225.\n"
     ]
    },
    {
     "name": "stdout",
     "output_type": "stream",
     "text": [
      "Overall Stratified C-Index Score for Ensemble Model: 0.6838\n"
     ]
    },
    {
     "name": "stderr",
     "output_type": "stream",
     "text": [
      "[I 2025-03-02 08:34:26,143] Trial 94 finished with value: 0.6838983655333861 and parameters: {'weight_0': 0.3158189546866648, 'weight_1': 0.49373297163118923, 'weight_2': 0.9382580468170119, 'weight_3': 0.23288194435393306, 'weight_4': 0.75108930675633, 'weight_5': 0.14907083516305014, 'weight_6': 0.6199994148564992, 'weight_7': 0.834327189630483, 'weight_8': 0.12205460349189391, 'weight_9': 0.15493333879909}. Best is trial 85 with value: 0.6839157834119225.\n"
     ]
    },
    {
     "name": "stdout",
     "output_type": "stream",
     "text": [
      "Overall Stratified C-Index Score for Ensemble Model: 0.6839\n"
     ]
    },
    {
     "name": "stderr",
     "output_type": "stream",
     "text": [
      "[I 2025-03-02 08:34:26,663] Trial 95 finished with value: 0.6839477880427118 and parameters: {'weight_0': 0.39188777251509194, 'weight_1': 0.3363433162737404, 'weight_2': 0.9384178932094686, 'weight_3': 0.2131045431320891, 'weight_4': 0.6830923093531995, 'weight_5': 0.11313049099670094, 'weight_6': 0.5397179558497064, 'weight_7': 0.7893235287615169, 'weight_8': 0.1167940363060376, 'weight_9': 0.050130209833212896}. Best is trial 95 with value: 0.6839477880427118.\n"
     ]
    },
    {
     "name": "stdout",
     "output_type": "stream",
     "text": [
      "Overall Stratified C-Index Score for Ensemble Model: 0.6839\n"
     ]
    },
    {
     "name": "stderr",
     "output_type": "stream",
     "text": [
      "[I 2025-03-02 08:34:27,179] Trial 96 finished with value: 0.6838793843413705 and parameters: {'weight_0': 0.3884014524728294, 'weight_1': 0.34534624107523537, 'weight_2': 0.9339379117044839, 'weight_3': 0.20075297329824024, 'weight_4': 0.5527594992608142, 'weight_5': 0.1182174601926269, 'weight_6': 0.6117608280708868, 'weight_7': 0.7848169303513682, 'weight_8': 0.12081032060205102, 'weight_9': 0.143064040586311}. Best is trial 95 with value: 0.6839477880427118.\n"
     ]
    },
    {
     "name": "stdout",
     "output_type": "stream",
     "text": [
      "Overall Stratified C-Index Score for Ensemble Model: 0.6839\n"
     ]
    },
    {
     "name": "stderr",
     "output_type": "stream",
     "text": [
      "[I 2025-03-02 08:34:27,694] Trial 97 finished with value: 0.6839093171464999 and parameters: {'weight_0': 0.38579460373312185, 'weight_1': 0.3316116986998272, 'weight_2': 0.9478523888687497, 'weight_3': 0.17833426976151467, 'weight_4': 0.692077675429849, 'weight_5': 0.11611348287627275, 'weight_6': 0.5470956982221697, 'weight_7': 0.834710361424331, 'weight_8': 0.12087227665722303, 'weight_9': 0.15005101366436713}. Best is trial 95 with value: 0.6839477880427118.\n"
     ]
    },
    {
     "name": "stdout",
     "output_type": "stream",
     "text": [
      "Overall Stratified C-Index Score for Ensemble Model: 0.6839\n"
     ]
    },
    {
     "name": "stderr",
     "output_type": "stream",
     "text": [
      "[I 2025-03-02 08:34:28,208] Trial 98 finished with value: 0.6839484134953353 and parameters: {'weight_0': 0.4375494701535538, 'weight_1': 0.2563963815558881, 'weight_2': 0.9016394767408579, 'weight_3': 0.2782469700550444, 'weight_4': 0.6536436305826818, 'weight_5': 0.05098637290905347, 'weight_6': 0.5325352328666143, 'weight_7': 0.846110174379535, 'weight_8': 0.07615754868635127, 'weight_9': 0.15228232542023126}. Best is trial 98 with value: 0.6839484134953353.\n"
     ]
    },
    {
     "name": "stdout",
     "output_type": "stream",
     "text": [
      "Overall Stratified C-Index Score for Ensemble Model: 0.6839\n"
     ]
    },
    {
     "name": "stderr",
     "output_type": "stream",
     "text": [
      "[I 2025-03-02 08:34:28,725] Trial 99 finished with value: 0.6839346421570889 and parameters: {'weight_0': 0.4397531878775643, 'weight_1': 0.2407429860056717, 'weight_2': 0.8864996284661357, 'weight_3': 0.13862837310009946, 'weight_4': 0.5985960750160467, 'weight_5': 0.07314119299882671, 'weight_6': 0.43043653705581536, 'weight_7': 0.7446157334007837, 'weight_8': 0.10461540322095403, 'weight_9': 0.16157099795587707}. Best is trial 98 with value: 0.6839484134953353.\n"
     ]
    },
    {
     "name": "stdout",
     "output_type": "stream",
     "text": [
      "Overall Stratified C-Index Score for Ensemble Model: 0.6839\n"
     ]
    },
    {
     "name": "stderr",
     "output_type": "stream",
     "text": [
      "[I 2025-03-02 08:34:29,271] Trial 100 finished with value: 0.6839138202976488 and parameters: {'weight_0': 0.4288944627427983, 'weight_1': 0.2480454452692766, 'weight_2': 0.8980816353623774, 'weight_3': 0.10059778787930423, 'weight_4': 0.6519675546130577, 'weight_5': 0.05066539937270614, 'weight_6': 0.40162500398358125, 'weight_7': 0.7455660920257253, 'weight_8': 0.14096700341902013, 'weight_9': 0.1517607605472593}. Best is trial 98 with value: 0.6839484134953353.\n"
     ]
    },
    {
     "name": "stdout",
     "output_type": "stream",
     "text": [
      "Overall Stratified C-Index Score for Ensemble Model: 0.6839\n"
     ]
    },
    {
     "name": "stderr",
     "output_type": "stream",
     "text": [
      "[I 2025-03-02 08:34:29,797] Trial 101 finished with value: 0.6839298668115156 and parameters: {'weight_0': 0.4369813317680935, 'weight_1': 0.23353163966135135, 'weight_2': 0.9019030286046997, 'weight_3': 0.11988025978510475, 'weight_4': 0.5940320878483555, 'weight_5': 0.05117093028758689, 'weight_6': 0.4329346508039937, 'weight_7': 0.6709076828668157, 'weight_8': 0.105175420693936, 'weight_9': 0.10074060132079775}. Best is trial 98 with value: 0.6839484134953353.\n"
     ]
    },
    {
     "name": "stdout",
     "output_type": "stream",
     "text": [
      "Overall Stratified C-Index Score for Ensemble Model: 0.6839\n"
     ]
    },
    {
     "name": "stderr",
     "output_type": "stream",
     "text": [
      "[I 2025-03-02 08:34:30,315] Trial 102 finished with value: 0.6838951339499726 and parameters: {'weight_0': 0.4511237178150042, 'weight_1': 0.22599012988813436, 'weight_2': 0.8843573577086407, 'weight_3': 0.13109164137543727, 'weight_4': 0.594994285559662, 'weight_5': 0.05245461683410702, 'weight_6': 0.4247212604186936, 'weight_7': 0.6808936004489876, 'weight_8': 0.13893965303475136, 'weight_9': 0.16360920070959892}. Best is trial 98 with value: 0.6839484134953353.\n"
     ]
    },
    {
     "name": "stdout",
     "output_type": "stream",
     "text": [
      "Overall Stratified C-Index Score for Ensemble Model: 0.6839\n"
     ]
    },
    {
     "name": "stderr",
     "output_type": "stream",
     "text": [
      "[I 2025-03-02 08:34:30,835] Trial 103 finished with value: 0.6838196822787734 and parameters: {'weight_0': 0.429485102157971, 'weight_1': 0.16464478563906018, 'weight_2': 0.9089062834370127, 'weight_3': 0.11073174056267891, 'weight_4': 0.6403188702448669, 'weight_5': 0.07627238601801149, 'weight_6': 0.3787584064777987, 'weight_7': 0.6670572429644359, 'weight_8': 0.1062458228605061, 'weight_9': 0.15271478285550677}. Best is trial 98 with value: 0.6839484134953353.\n"
     ]
    },
    {
     "name": "stdout",
     "output_type": "stream",
     "text": [
      "Overall Stratified C-Index Score for Ensemble Model: 0.6838\n"
     ]
    },
    {
     "name": "stderr",
     "output_type": "stream",
     "text": [
      "[I 2025-03-02 08:34:31,354] Trial 104 finished with value: 0.6838977149946596 and parameters: {'weight_0': 0.3959835149827076, 'weight_1': 0.25948967619927077, 'weight_2': 0.946914656137431, 'weight_3': 0.26460051547934965, 'weight_4': 0.6128840042769458, 'weight_5': 0.06924420580974805, 'weight_6': 0.5364549901500758, 'weight_7': 0.7362523328613804, 'weight_8': 0.07462682813877664, 'weight_9': 0.10539381861291706}. Best is trial 98 with value: 0.6839484134953353.\n"
     ]
    },
    {
     "name": "stdout",
     "output_type": "stream",
     "text": [
      "Overall Stratified C-Index Score for Ensemble Model: 0.6839\n"
     ]
    },
    {
     "name": "stderr",
     "output_type": "stream",
     "text": [
      "[I 2025-03-02 08:34:31,872] Trial 105 finished with value: 0.6829699497133562 and parameters: {'weight_0': 0.48645890134372854, 'weight_1': 0.32391833312354007, 'weight_2': 0.8555102087017801, 'weight_3': 0.2257492437215977, 'weight_4': 0.6908019475272648, 'weight_5': 0.12732189902339786, 'weight_6': 0.44928674097050886, 'weight_7': 0.7524618996190846, 'weight_8': 0.10972764604663339, 'weight_9': 0.9579817707801461}. Best is trial 98 with value: 0.6839484134953353.\n"
     ]
    },
    {
     "name": "stdout",
     "output_type": "stream",
     "text": [
      "Overall Stratified C-Index Score for Ensemble Model: 0.6830\n"
     ]
    },
    {
     "name": "stderr",
     "output_type": "stream",
     "text": [
      "[I 2025-03-02 08:34:32,388] Trial 106 finished with value: 0.6830082319432499 and parameters: {'weight_0': 0.35438905811629107, 'weight_1': 0.26765266865430193, 'weight_2': 0.9616554474721655, 'weight_3': 0.15367065412487557, 'weight_4': 0.5404157101027014, 'weight_5': 0.9366559778481744, 'weight_6': 0.5095221526551577, 'weight_7': 0.7960935221951595, 'weight_8': 0.18139746983196572, 'weight_9': 0.0972517070402492}. Best is trial 98 with value: 0.6839484134953353.\n"
     ]
    },
    {
     "name": "stdout",
     "output_type": "stream",
     "text": [
      "Overall Stratified C-Index Score for Ensemble Model: 0.6830\n"
     ]
    },
    {
     "name": "stderr",
     "output_type": "stream",
     "text": [
      "[I 2025-03-02 08:34:32,911] Trial 107 finished with value: 0.6838847015526638 and parameters: {'weight_0': 0.4143299680017128, 'weight_1': 0.2355067876984379, 'weight_2': 0.9029290417117132, 'weight_3': 0.05018451185895906, 'weight_4': 0.5763206150130004, 'weight_5': 0.07883563997574877, 'weight_6': 0.33707325489842344, 'weight_7': 0.7556595379080291, 'weight_8': 0.13437339920529617, 'weight_9': 0.14908506482162542}. Best is trial 98 with value: 0.6839484134953353.\n"
     ]
    },
    {
     "name": "stdout",
     "output_type": "stream",
     "text": [
      "Overall Stratified C-Index Score for Ensemble Model: 0.6839\n"
     ]
    },
    {
     "name": "stderr",
     "output_type": "stream",
     "text": [
      "[I 2025-03-02 08:34:33,424] Trial 108 finished with value: 0.6829963699282848 and parameters: {'weight_0': 0.3876253056626104, 'weight_1': 0.17052436859214393, 'weight_2': 0.8529180555172255, 'weight_3': 0.30198140415167074, 'weight_4': 0.6525719352935699, 'weight_5': 0.1357663329152341, 'weight_6': 0.5627210496846016, 'weight_7': 0.7168845476067464, 'weight_8': 0.16445875294820472, 'weight_9': 0.6812571652984925}. Best is trial 98 with value: 0.6839484134953353.\n"
     ]
    },
    {
     "name": "stdout",
     "output_type": "stream",
     "text": [
      "Overall Stratified C-Index Score for Ensemble Model: 0.6830\n"
     ]
    },
    {
     "name": "stderr",
     "output_type": "stream",
     "text": [
      "[I 2025-03-02 08:34:33,941] Trial 109 finished with value: 0.6839179849435079 and parameters: {'weight_0': 0.32511584197275256, 'weight_1': 0.2931603697113095, 'weight_2': 0.878990993067363, 'weight_3': 0.09739629261962421, 'weight_4': 0.6616301225765215, 'weight_5': 0.05361555749476933, 'weight_6': 0.38740190279401043, 'weight_7': 0.8235306613214468, 'weight_8': 0.08088098775901201, 'weight_9': 0.14131217739708796}. Best is trial 98 with value: 0.6839484134953353.\n"
     ]
    },
    {
     "name": "stdout",
     "output_type": "stream",
     "text": [
      "Overall Stratified C-Index Score for Ensemble Model: 0.6839\n"
     ]
    },
    {
     "name": "stderr",
     "output_type": "stream",
     "text": [
      "[I 2025-03-02 08:34:34,457] Trial 110 finished with value: 0.6839274348364797 and parameters: {'weight_0': 0.4380728095336134, 'weight_1': 0.30083319816027226, 'weight_2': 0.8798450272661106, 'weight_3': 0.09169919511047955, 'weight_4': 0.5972036004657906, 'weight_5': 0.05808125320623408, 'weight_6': 0.3977126810235345, 'weight_7': 0.850860089582191, 'weight_8': 0.09697414727260686, 'weight_9': 0.1359166535616999}. Best is trial 98 with value: 0.6839484134953353.\n"
     ]
    },
    {
     "name": "stdout",
     "output_type": "stream",
     "text": [
      "Overall Stratified C-Index Score for Ensemble Model: 0.6839\n"
     ]
    },
    {
     "name": "stderr",
     "output_type": "stream",
     "text": [
      "[I 2025-03-02 08:34:34,976] Trial 111 finished with value: 0.6839295811775871 and parameters: {'weight_0': 0.4316421300262395, 'weight_1': 0.29171640117734304, 'weight_2': 0.9483075560790298, 'weight_3': 0.08489003151917658, 'weight_4': 0.6624375821489855, 'weight_5': 0.05248172671121598, 'weight_6': 0.2882980733080899, 'weight_7': 0.8281234012156503, 'weight_8': 0.09576314693411594, 'weight_9': 0.16620770465100423}. Best is trial 98 with value: 0.6839484134953353.\n"
     ]
    },
    {
     "name": "stdout",
     "output_type": "stream",
     "text": [
      "Overall Stratified C-Index Score for Ensemble Model: 0.6839\n"
     ]
    },
    {
     "name": "stderr",
     "output_type": "stream",
     "text": [
      "[I 2025-03-02 08:34:35,549] Trial 112 finished with value: 0.6838723907378905 and parameters: {'weight_0': 0.44201443290828113, 'weight_1': 0.28670389845136623, 'weight_2': 0.878223858763499, 'weight_3': 0.06905877942670052, 'weight_4': 0.5899252517449389, 'weight_5': 0.052091394095784234, 'weight_6': 0.24957723222797545, 'weight_7': 0.5956242743392284, 'weight_8': 0.09464440897539797, 'weight_9': 0.13635682179574724}. Best is trial 98 with value: 0.6839484134953353.\n"
     ]
    },
    {
     "name": "stdout",
     "output_type": "stream",
     "text": [
      "Overall Stratified C-Index Score for Ensemble Model: 0.6839\n"
     ]
    },
    {
     "name": "stderr",
     "output_type": "stream",
     "text": [
      "[I 2025-03-02 08:34:36,071] Trial 113 finished with value: 0.6839014263004374 and parameters: {'weight_0': 0.4655948316845047, 'weight_1': 0.34506467313330685, 'weight_2': 0.9078037642711076, 'weight_3': 0.08365935435372251, 'weight_4': 0.6251216743872445, 'weight_5': 0.06964190441634205, 'weight_6': 0.39365520967483325, 'weight_7': 0.8552110318299833, 'weight_8': 0.07935007476448985, 'weight_9': 0.10575385987966048}. Best is trial 98 with value: 0.6839484134953353.\n"
     ]
    },
    {
     "name": "stdout",
     "output_type": "stream",
     "text": [
      "Overall Stratified C-Index Score for Ensemble Model: 0.6839\n"
     ]
    },
    {
     "name": "stderr",
     "output_type": "stream",
     "text": [
      "[I 2025-03-02 08:34:36,590] Trial 114 finished with value: 0.6839255807476973 and parameters: {'weight_0': 0.4696454665635818, 'weight_1': 0.35791084923748595, 'weight_2': 0.8391286168161066, 'weight_3': 0.08927390156131601, 'weight_4': 0.6261791040829086, 'weight_5': 0.07654705765235642, 'weight_6': 0.38711390138489077, 'weight_7': 0.8231992431465862, 'weight_8': 0.07913270854357339, 'weight_9': 0.17637470286984452}. Best is trial 98 with value: 0.6839484134953353.\n"
     ]
    },
    {
     "name": "stdout",
     "output_type": "stream",
     "text": [
      "Overall Stratified C-Index Score for Ensemble Model: 0.6839\n"
     ]
    },
    {
     "name": "stderr",
     "output_type": "stream",
     "text": [
      "[I 2025-03-02 08:34:37,144] Trial 115 finished with value: 0.6839040752136357 and parameters: {'weight_0': 0.46982276807908213, 'weight_1': 0.36780652654969787, 'weight_2': 0.8378197728323507, 'weight_3': 0.08310955506698099, 'weight_4': 0.6253189030442823, 'weight_5': 0.06649068462346809, 'weight_6': 0.37397207417160944, 'weight_7': 0.8569170223102618, 'weight_8': 0.08678483834029774, 'weight_9': 0.17958833317664633}. Best is trial 98 with value: 0.6839484134953353.\n"
     ]
    },
    {
     "name": "stdout",
     "output_type": "stream",
     "text": [
      "Overall Stratified C-Index Score for Ensemble Model: 0.6839\n"
     ]
    },
    {
     "name": "stderr",
     "output_type": "stream",
     "text": [
      "[I 2025-03-02 08:34:37,666] Trial 116 finished with value: 0.6839385656378667 and parameters: {'weight_0': 0.5082818482385216, 'weight_1': 0.37420648224072567, 'weight_2': 0.8471767367348386, 'weight_3': 0.10550274717328005, 'weight_4': 0.6565552449590613, 'weight_5': 0.05049870211246555, 'weight_6': 0.3605163869085068, 'weight_7': 0.8521792094062711, 'weight_8': 0.16207178986041812, 'weight_9': 0.21632442918070371}. Best is trial 98 with value: 0.6839484134953353.\n"
     ]
    },
    {
     "name": "stdout",
     "output_type": "stream",
     "text": [
      "Overall Stratified C-Index Score for Ensemble Model: 0.6839\n"
     ]
    },
    {
     "name": "stderr",
     "output_type": "stream",
     "text": [
      "[I 2025-03-02 08:34:38,191] Trial 117 finished with value: 0.683834577873473 and parameters: {'weight_0': 0.5048386363213019, 'weight_1': 0.20076911815539114, 'weight_2': 0.8883671358153192, 'weight_3': 0.165038094973852, 'weight_4': 0.6580832059839008, 'weight_5': 0.0806945558287005, 'weight_6': 0.2738343173613482, 'weight_7': 0.818878166750755, 'weight_8': 0.19850386103986914, 'weight_9': 0.20658045541296097}. Best is trial 98 with value: 0.6839484134953353.\n"
     ]
    },
    {
     "name": "stdout",
     "output_type": "stream",
     "text": [
      "Overall Stratified C-Index Score for Ensemble Model: 0.6838\n"
     ]
    },
    {
     "name": "stderr",
     "output_type": "stream",
     "text": [
      "[I 2025-03-02 08:34:38,715] Trial 118 finished with value: 0.6839030462511353 and parameters: {'weight_0': 0.42442959966370497, 'weight_1': 0.40442644071688016, 'weight_2': 0.8650710374185467, 'weight_3': 0.11048363253074327, 'weight_4': 0.5684535315054413, 'weight_5': 0.051527312693716146, 'weight_6': 0.34051844619903004, 'weight_7': 0.8238971532067612, 'weight_8': 0.1586526898499454, 'weight_9': 0.2306527593156365}. Best is trial 98 with value: 0.6839484134953353.\n"
     ]
    },
    {
     "name": "stdout",
     "output_type": "stream",
     "text": [
      "Overall Stratified C-Index Score for Ensemble Model: 0.6839\n"
     ]
    },
    {
     "name": "stderr",
     "output_type": "stream",
     "text": [
      "[I 2025-03-02 08:34:39,238] Trial 119 finished with value: 0.6839341007675275 and parameters: {'weight_0': 0.5286075438619102, 'weight_1': 0.08872408568007137, 'weight_2': 0.758789993402718, 'weight_3': 0.13332837570928563, 'weight_4': 0.49234960750622814, 'weight_5': 0.1283800239008473, 'weight_6': 0.4396061299775416, 'weight_7': 0.7966511003378607, 'weight_8': 0.1282609188358712, 'weight_9': 0.16996833699575958}. Best is trial 98 with value: 0.6839484134953353.\n"
     ]
    },
    {
     "name": "stdout",
     "output_type": "stream",
     "text": [
      "Overall Stratified C-Index Score for Ensemble Model: 0.6839\n"
     ]
    },
    {
     "name": "stderr",
     "output_type": "stream",
     "text": [
