      "[I 2025-03-02 08:34:08,554] Trial 60 finished with value: 0.6834041301467738 and parameters: {'weight_0': 0.5838451339063448, 'weight_1': 0.8528965859038038, 'weight_2': 0.6441350282508297, 'weight_3': 0.6979520698782266, 'weight_4': 0.9999607874312595, 'weight_5': 0.42666622045488534, 'weight_6': 0.29548556123134867, 'weight_7': 0.8664688503067088, 'weight_8': 0.431888258881997, 'weight_9': 0.2727946809656185}. Best is trial 38 with value: 0.683812282586289.\n"
     ]
    },
    {
     "name": "stdout",
     "output_type": "stream",
     "text": [
      "Overall Stratified C-Index Score for Ensemble Model: 0.6834\n"
     ]
    },
    {
     "name": "stderr",
     "output_type": "stream",
     "text": [
      "[I 2025-03-02 08:34:09,064] Trial 61 finished with value: 0.6836897000316502 and parameters: {'weight_0': 0.6737856155957713, 'weight_1': 0.7833424914018878, 'weight_2': 0.41809882999774645, 'weight_3': 0.7788076991693715, 'weight_4': 0.8699625149472505, 'weight_5': 0.3356580850771033, 'weight_6': 0.8422375391373189, 'weight_7': 0.9672834541631329, 'weight_8': 0.5996345376337694, 'weight_9': 0.2324776649196117}. Best is trial 38 with value: 0.683812282586289.\n"
     ]
    },
    {
     "name": "stdout",
     "output_type": "stream",
     "text": [
      "Overall Stratified C-Index Score for Ensemble Model: 0.6837\n"
     ]
    },
    {
     "name": "stderr",
     "output_type": "stream",
     "text": [
      "[I 2025-03-02 08:34:09,574] Trial 62 finished with value: 0.6836241420083966 and parameters: {'weight_0': 0.6888214816370601, 'weight_1': 0.8083399466589243, 'weight_2': 0.30152617886987987, 'weight_3': 0.877610873614448, 'weight_4': 0.8236105545236053, 'weight_5': 0.29990695993609007, 'weight_6': 0.8132861137751055, 'weight_7': 0.9175211754199577, 'weight_8': 0.6371605920758354, 'weight_9': 0.21710954728386792}. Best is trial 38 with value: 0.683812282586289.\n"
     ]
    },
    {
     "name": "stdout",
     "output_type": "stream",
     "text": [
      "Overall Stratified C-Index Score for Ensemble Model: 0.6836\n"
     ]
    },
    {
     "name": "stderr",
     "output_type": "stream",
     "text": [
      "[I 2025-03-02 08:34:10,089] Trial 63 finished with value: 0.6837468164943385 and parameters: {'weight_0': 0.6081998085394923, 'weight_1': 0.7476640963784553, 'weight_2': 0.5050711395326831, 'weight_3': 0.6564828184611389, 'weight_4': 0.869627663756313, 'weight_5': 0.39963758716811165, 'weight_6': 0.8734647059911618, 'weight_7': 0.9661935906483503, 'weight_8': 0.5966624100456392, 'weight_9': 0.17327241562557463}. Best is trial 38 with value: 0.683812282586289.\n"
     ]
    },
    {
     "name": "stdout",
     "output_type": "stream",
     "text": [
      "Overall Stratified C-Index Score for Ensemble Model: 0.6837\n"
     ]
    },
    {
     "name": "stderr",
     "output_type": "stream",
     "text": [
      "[I 2025-03-02 08:34:10,606] Trial 64 finished with value: 0.6836496505373767 and parameters: {'weight_0': 0.47541620060593587, 'weight_1': 0.5706777933055154, 'weight_2': 0.5084281181033677, 'weight_3': 0.6454673673128606, 'weight_4': 0.8672499438871321, 'weight_5': 0.3989034317223002, 'weight_6': 0.952386256929133, 'weight_7': 0.8121123544469127, 'weight_8': 0.6912290206573981, 'weight_9': 0.18333254526903578}. Best is trial 38 with value: 0.683812282586289.\n"
     ]
    },
    {
     "name": "stdout",
     "output_type": "stream",
     "text": [
      "Overall Stratified C-Index Score for Ensemble Model: 0.6836\n"
     ]
    },
    {
     "name": "stderr",
     "output_type": "stream",
     "text": [
      "[I 2025-03-02 08:34:11,121] Trial 65 finished with value: 0.683678880051022 and parameters: {'weight_0': 0.5952522772751597, 'weight_1': 0.6708606165737584, 'weight_2': 0.45869235805879477, 'weight_3': 0.667985815306062, 'weight_4': 0.8029655460391621, 'weight_5': 0.46376913616122956, 'weight_6': 0.8813026385001307, 'weight_7': 0.854243338166179, 'weight_8': 0.596488028305954, 'weight_9': 0.13981268361674581}. Best is trial 38 with value: 0.683812282586289.\n"
     ]
    },
    {
     "name": "stdout",
     "output_type": "stream",
     "text": [
      "Overall Stratified C-Index Score for Ensemble Model: 0.6837\n"
     ]
    },
    {
     "name": "stderr",
     "output_type": "stream",
     "text": [
      "[I 2025-03-02 08:34:11,640] Trial 66 finished with value: 0.6836724244950559 and parameters: {'weight_0': 0.547400810319186, 'weight_1': 0.8649075054849642, 'weight_2': 0.5596060340014924, 'weight_3': 0.7237530615334341, 'weight_4': 0.7557957481868157, 'weight_5': 0.19340957289850497, 'weight_6': 0.7803630268326193, 'weight_7': 0.9133777173129501, 'weight_8': 0.6276436949813331, 'weight_9': 0.30765175647514376}. Best is trial 38 with value: 0.683812282586289.\n"
     ]
    },
    {
     "name": "stdout",
     "output_type": "stream",
     "text": [
      "Overall Stratified C-Index Score for Ensemble Model: 0.6837\n"
     ]
    },
    {
     "name": "stderr",
     "output_type": "stream",
     "text": [
      "[I 2025-03-02 08:34:12,172] Trial 67 finished with value: 0.6837936402075036 and parameters: {'weight_0': 0.6194268798799363, 'weight_1': 0.715132562529081, 'weight_2': 0.5305608471494936, 'weight_3': 0.6121772518594437, 'weight_4': 0.8443374043983058, 'weight_5': 0.25700471336018216, 'weight_6': 0.7383720338826716, 'weight_7': 0.9753191740701952, 'weight_8': 0.497934235891652, 'weight_9': 0.2083102846183965}. Best is trial 38 with value: 0.683812282586289.\n"
     ]
    },
    {
     "name": "stdout",
     "output_type": "stream",
     "text": [
      "Overall Stratified C-Index Score for Ensemble Model: 0.6838\n"
     ]
    },
    {
     "name": "stderr",
     "output_type": "stream",
     "text": [
      "[I 2025-03-02 08:34:12,686] Trial 68 finished with value: 0.6837924396687398 and parameters: {'weight_0': 0.45139917915297184, 'weight_1': 0.6149506476041982, 'weight_2': 0.5304769733669976, 'weight_3': 0.6133246964525089, 'weight_4': 0.7200350644223159, 'weight_5': 0.26345023304916937, 'weight_6': 0.7214978748455749, 'weight_7': 0.9433433116224694, 'weight_8': 0.393005516557576, 'weight_9': 0.07863706177347177}. Best is trial 38 with value: 0.683812282586289.\n"
     ]
    },
    {
     "name": "stdout",
     "output_type": "stream",
     "text": [
      "Overall Stratified C-Index Score for Ensemble Model: 0.6838\n"
     ]
    },
    {
     "name": "stderr",
     "output_type": "stream",
     "text": [
      "[I 2025-03-02 08:34:13,198] Trial 69 finished with value: 0.6837221219211108 and parameters: {'weight_0': 0.37081537278995597, 'weight_1': 0.717698616946456, 'weight_2': 0.676065766259649, 'weight_3': 0.5624622773947445, 'weight_4': 0.7121260876725916, 'weight_5': 0.3850413133565048, 'weight_6': 0.7450728024508563, 'weight_7': 0.926992301011285, 'weight_8': 0.29932798923255916, 'weight_9': 0.07581075531280258}. Best is trial 38 with value: 0.683812282586289.\n"
     ]
    },
    {
     "name": "stdout",
     "output_type": "stream",
     "text": [
      "Overall Stratified C-Index Score for Ensemble Model: 0.6837\n"
     ]
    },
    {
     "name": "stderr",
     "output_type": "stream",
     "text": [
      "[I 2025-03-02 08:34:13,715] Trial 70 finished with value: 0.6838095368571167 and parameters: {'weight_0': 0.3673440972944938, 'weight_1': 0.6209922700843086, 'weight_2': 0.7819937488730222, 'weight_3': 0.5579113582911328, 'weight_4': 0.7153056663477022, 'weight_5': 0.25070100331873346, 'weight_6': 0.6977798795701187, 'weight_7': 0.9340840965056574, 'weight_8': 0.29517338036164975, 'weight_9': 0.09124236642185046}. Best is trial 38 with value: 0.683812282586289.\n"
     ]
    },
    {
     "name": "stdout",
     "output_type": "stream",
     "text": [
      "Overall Stratified C-Index Score for Ensemble Model: 0.6838\n"
     ]
    },
    {
     "name": "stderr",
     "output_type": "stream",
     "text": [
      "[I 2025-03-02 08:34:14,228] Trial 71 finished with value: 0.683826549378487 and parameters: {'weight_0': 0.29512391197728205, 'weight_1': 0.6043800831368916, 'weight_2': 0.7838613135265882, 'weight_3': 0.5558972261070699, 'weight_4': 0.7202651512352393, 'weight_5': 0.23500001230199602, 'weight_6': 0.7286641894034459, 'weight_7': 0.9867495684219335, 'weight_8': 0.25893568745352685, 'weight_9': 0.0793362976595745}. Best is trial 71 with value: 0.683826549378487.\n"
     ]
    },
    {
     "name": "stdout",
     "output_type": "stream",
     "text": [
      "Overall Stratified C-Index Score for Ensemble Model: 0.6838\n"
     ]
    },
    {
     "name": "stderr",
     "output_type": "stream",
     "text": [
      "[I 2025-03-02 08:34:14,743] Trial 72 finished with value: 0.6837999053957683 and parameters: {'weight_0': 0.2923285741716751, 'weight_1': 0.6230979008882231, 'weight_2': 0.9025079490539178, 'weight_3': 0.5562005234868669, 'weight_4': 0.7127438686690447, 'weight_5': 0.2494778581283367, 'weight_6': 0.6922434435130095, 'weight_7': 0.941830858423379, 'weight_8': 0.25556337404716045, 'weight_9': 0.0748730924155653}. Best is trial 71 with value: 0.683826549378487.\n"
     ]
    },
    {
     "name": "stdout",
     "output_type": "stream",
     "text": [
      "Overall Stratified C-Index Score for Ensemble Model: 0.6838\n"
     ]
    },
    {
     "name": "stderr",
     "output_type": "stream",
     "text": [
      "[I 2025-03-02 08:34:15,263] Trial 73 finished with value: 0.68373232812947 and parameters: {'weight_0': 0.2025586245606027, 'weight_1': 0.5433046017811984, 'weight_2': 0.8772790173132359, 'weight_3': 0.5986406055243876, 'weight_4': 0.6528857051658615, 'weight_5': 0.2416171321306763, 'weight_6': 0.6462675352391836, 'weight_7': 0.9960637204295812, 'weight_8': 0.2022498652563122, 'weight_9': 0.07394741205118997}. Best is trial 71 with value: 0.683826549378487.\n"
     ]
    },
    {
     "name": "stdout",
     "output_type": "stream",
     "text": [
      "Overall Stratified C-Index Score for Ensemble Model: 0.6837\n"
     ]
    },
    {
     "name": "stderr",
     "output_type": "stream",
     "text": [
      "[I 2025-03-02 08:34:15,807] Trial 74 finished with value: 0.6838244125742818 and parameters: {'weight_0': 0.3086314987019437, 'weight_1': 0.6195270375351932, 'weight_2': 0.7940587532126893, 'weight_3': 0.4876293875038426, 'weight_4': 0.7120794734452199, 'weight_5': 0.2045667496947211, 'weight_6': 0.6845468270630076, 'weight_7': 0.9439725745312982, 'weight_8': 0.2335823190842709, 'weight_9': 0.1264574421423375}. Best is trial 71 with value: 0.683826549378487.\n"
     ]
    },
    {
     "name": "stdout",
     "output_type": "stream",
     "text": [
      "Overall Stratified C-Index Score for Ensemble Model: 0.6838\n"
     ]
    },
    {
     "name": "stderr",
     "output_type": "stream",
     "text": [
      "[I 2025-03-02 08:34:16,324] Trial 75 finished with value: 0.6838145703425564 and parameters: {'weight_0': 0.2799877284997076, 'weight_1': 0.6192795936445121, 'weight_2': 0.8278941580775858, 'weight_3': 0.5446957640277013, 'weight_4': 0.724901831373626, 'weight_5': 0.20154697388164083, 'weight_6': 0.6954387163675972, 'weight_7': 0.932872532154303, 'weight_8': 0.18318431711441066, 'weight_9': 0.12355942852909135}. Best is trial 71 with value: 0.683826549378487.\n"
     ]
    },
    {
     "name": "stdout",
     "output_type": "stream",
     "text": [
      "Overall Stratified C-Index Score for Ensemble Model: 0.6838\n"
     ]
    },
    {
     "name": "stderr",
     "output_type": "stream",
     "text": [
      "[I 2025-03-02 08:34:16,837] Trial 76 finished with value: 0.6838221351336559 and parameters: {'weight_0': 0.2641322394565092, 'weight_1': 0.6131955476358197, 'weight_2': 0.9271250614548517, 'weight_3': 0.4890515745860882, 'weight_4': 0.7165666543951148, 'weight_5': 0.19548239562915615, 'weight_6': 0.690879750416154, 'weight_7': 0.9408578530657443, 'weight_8': 0.11997745538856426, 'weight_9': 0.12275322861415124}. Best is trial 71 with value: 0.683826549378487.\n"
     ]
    },
    {
     "name": "stdout",
     "output_type": "stream",
     "text": [
      "Overall Stratified C-Index Score for Ensemble Model: 0.6838\n"
     ]
    },
    {
     "name": "stderr",
     "output_type": "stream",
     "text": [
      "[I 2025-03-02 08:34:17,353] Trial 77 finished with value: 0.6837664098195044 and parameters: {'weight_0': 0.23887821311920238, 'weight_1': 0.5032968215362406, 'weight_2': 0.9243673395803214, 'weight_3': 0.48632664637499917, 'weight_4': 0.6998957315807374, 'weight_5': 0.19570835513960405, 'weight_6': 0.5805979103287737, 'weight_7': 0.8701962697621246, 'weight_8': 0.09307991658894024, 'weight_9': 0.1035180189242361}. Best is trial 71 with value: 0.683826549378487.\n"
     ]
    },
    {
     "name": "stdout",
     "output_type": "stream",
     "text": [
      "Overall Stratified C-Index Score for Ensemble Model: 0.6838\n"
     ]
    },
    {
     "name": "stderr",
     "output_type": "stream",
     "text": [
      "[I 2025-03-02 08:34:17,873] Trial 78 finished with value: 0.6838471152476563 and parameters: {'weight_0': 0.2810838565721602, 'weight_1': 0.6177477684393821, 'weight_2': 0.8111506869512263, 'weight_3': 0.5619081034186149, 'weight_4': 0.7682624341571699, 'weight_5': 0.1574580013494069, 'weight_6': 0.6863315460749447, 'weight_7': 0.9403337518584242, 'weight_8': 0.1640405953047831, 'weight_9': 0.11812049456567654}. Best is trial 78 with value: 0.6838471152476563.\n"
     ]
    },
    {
     "name": "stdout",
     "output_type": "stream",
     "text": [
      "Overall Stratified C-Index Score for Ensemble Model: 0.6838\n"
     ]
    },
    {
     "name": "stderr",
     "output_type": "stream",
     "text": [
      "[I 2025-03-02 08:34:18,388] Trial 79 finished with value: 0.6838264299059984 and parameters: {'weight_0': 0.29447550597873173, 'weight_1': 0.6130053385372948, 'weight_2': 0.8168104545597119, 'weight_3': 0.5491996786388635, 'weight_4': 0.7578613984933391, 'weight_5': 0.15751372426657217, 'weight_6': 0.6863884856100209, 'weight_7': 0.8100784349436261, 'weight_8': 0.14706983331810006, 'weight_9': 0.12039586865512078}. Best is trial 78 with value: 0.6838471152476563.\n"
     ]
    },
    {
     "name": "stdout",
     "output_type": "stream",
     "text": [
      "Overall Stratified C-Index Score for Ensemble Model: 0.6838\n"
     ]
    },
    {
     "name": "stderr",
     "output_type": "stream",
     "text": [
      "[I 2025-03-02 08:34:18,905] Trial 80 finished with value: 0.6837672582138677 and parameters: {'weight_0': 0.1564151086246194, 'weight_1': 0.5930649465021212, 'weight_2': 0.8240137707478464, 'weight_3': 0.4366336253369412, 'weight_4': 0.607735003788429, 'weight_5': 0.16998871275090996, 'weight_6': 0.5575248285143103, 'weight_7': 0.8155358844744511, 'weight_8': 0.14869333885378408, 'weight_9': 0.12126321756041489}. Best is trial 78 with value: 0.6838471152476563.\n"
     ]
    },
    {
     "name": "stdout",
     "output_type": "stream",
     "text": [
      "Overall Stratified C-Index Score for Ensemble Model: 0.6838\n"
     ]
    },
    {
     "name": "stderr",
     "output_type": "stream",
     "text": [
      "[I 2025-03-02 08:34:19,423] Trial 81 finished with value: 0.6838672748823752 and parameters: {'weight_0': 0.27465020700018045, 'weight_1': 0.616085196807233, 'weight_2': 0.9302356529821447, 'weight_3': 0.5524031620691208, 'weight_4': 0.7671337346992643, 'weight_5': 0.15213005953663372, 'weight_6': 0.6910505094890524, 'weight_7': 0.9432308965882875, 'weight_8': 0.22410455083729677, 'weight_9': 0.05019681765030254}. Best is trial 81 with value: 0.6838672748823752.\n"
     ]
    },
    {
     "name": "stdout",
     "output_type": "stream",
     "text": [
      "Overall Stratified C-Index Score for Ensemble Model: 0.6839\n"
     ]
    },
    {
     "name": "stderr",
     "output_type": "stream",
     "text": [
      "[I 2025-03-02 08:34:19,943] Trial 82 finished with value: 0.683863580178689 and parameters: {'weight_0': 0.3003347905610909, 'weight_1': 0.5641981066253685, 'weight_2': 0.9966484167188284, 'weight_3': 0.5356112650418204, 'weight_4': 0.7646388232651506, 'weight_5': 0.15309742115291008, 'weight_6': 0.6807070030576226, 'weight_7': 0.8857012075870955, 'weight_8': 0.05489057508481586, 'weight_9': 0.05142588571219592}. Best is trial 81 with value: 0.6838672748823752.\n"
     ]
    },
    {
     "name": "stdout",
     "output_type": "stream",
     "text": [
      "Overall Stratified C-Index Score for Ensemble Model: 0.6839\n"
     ]
    },
    {
     "name": "stderr",
     "output_type": "stream",
     "text": [
      "[I 2025-03-02 08:34:20,460] Trial 83 finished with value: 0.6838961972974181 and parameters: {'weight_0': 0.30128242717914744, 'weight_1': 0.5725631731401508, 'weight_2': 0.9784808996700131, 'weight_3': 0.4893946447587806, 'weight_4': 0.7678659827974278, 'weight_5': 0.09628864416706867, 'weight_6': 0.6231759797056239, 'weight_7': 0.8867484509053317, 'weight_8': 0.054608705088282875, 'weight_9': 0.056315823514183086}. Best is trial 83 with value: 0.6838961972974181.\n"
     ]
    },
    {
     "name": "stdout",
     "output_type": "stream",
     "text": [
      "Overall Stratified C-Index Score for Ensemble Model: 0.6839\n"
     ]
    },
    {
     "name": "stderr",
     "output_type": "stream",
     "text": [
      "[I 2025-03-02 08:34:20,973] Trial 84 finished with value: 0.6838937282873226 and parameters: {'weight_0': 0.2998423301497301, 'weight_1': 0.5651150568473945, 'weight_2': 0.9925690692599812, 'weight_3': 0.49176819688704376, 'weight_4': 0.7588490358626758, 'weight_5': 0.10613767431309427, 'weight_6': 0.6125888233730012, 'weight_7': 0.8875627068102986, 'weight_8': 0.05446745086774943, 'weight_9': 0.05601292574486027}. Best is trial 83 with value: 0.6838961972974181.\n"
     ]
    },
    {
     "name": "stdout",
     "output_type": "stream",
     "text": [
      "Overall Stratified C-Index Score for Ensemble Model: 0.6839\n"
     ]
    },
    {
     "name": "stderr",
     "output_type": "stream",
     "text": [
      "[I 2025-03-02 08:34:21,486] Trial 85 finished with value: 0.6839157834119225 and parameters: {'weight_0': 0.3172703761842295, 'weight_1': 0.44697794263720914, 'weight_2': 0.9983537382415485, 'weight_3': 0.40229762431828525, 'weight_4': 0.7720450381063809, 'weight_5': 0.10364928898134455, 'weight_6': 0.6159001869164228, 'weight_7': 0.8845519355822272, 'weight_8': 0.06015868404001595, 'weight_9': 0.05466596121383657}. Best is trial 85 with value: 0.6839157834119225.\n"
     ]
    },
    {
     "name": "stdout",
     "output_type": "stream",
     "text": [
      "Overall Stratified C-Index Score for Ensemble Model: 0.6839\n"
     ]
    },
    {
     "name": "stderr",
     "output_type": "stream",
     "text": [
      "[I 2025-03-02 08:34:21,999] Trial 86 finished with value: 0.6838928616220784 and parameters: {'weight_0': 0.3063619838429539, 'weight_1': 0.4415288148131687, 'weight_2': 0.988040022083621, 'weight_3': 0.3829431319210484, 'weight_4': 0.68227033984375, 'weight_5': 0.10139890829493478, 'weight_6': 0.6095037891878912, 'weight_7': 0.8378139389459152, 'weight_8': 0.05664652772796036, 'weight_9': 0.06340909868419549}. Best is trial 85 with value: 0.6839157834119225.\n"
     ]
    },
    {
     "name": "stdout",
     "output_type": "stream",
     "text": [
      "Overall Stratified C-Index Score for Ensemble Model: 0.6839\n"
     ]
    },
    {
     "name": "stderr",
     "output_type": "stream",
     "text": [
      "[I 2025-03-02 08:34:22,516] Trial 87 finished with value: 0.683897880085192 and parameters: {'weight_0': 0.3473678629460758, 'weight_1': 0.4463423366246341, 'weight_2': 0.9977235686640216, 'weight_3': 0.361030339944979, 'weight_4': 0.7725724388258044, 'weight_5': 0.09491915603131648, 'weight_6': 0.47347851201570923, 'weight_7': 0.7788585799320911, 'weight_8': 0.05247780918072091, 'weight_9': 0.05622223689590761}. Best is trial 85 with value: 0.6839157834119225.\n"
     ]
    },
    {
     "name": "stdout",
     "output_type": "stream",
     "text": [
      "Overall Stratified C-Index Score for Ensemble Model: 0.6839\n"
     ]
    },
    {
     "name": "stderr",
     "output_type": "stream",
     "text": [
      "[I 2025-03-02 08:34:23,025] Trial 88 finished with value: 0.6838457759592674 and parameters: {'weight_0': 0.3469161276846612, 'weight_1': 0.44319484254278035, 'weight_2': 0.9934234409340638, 'weight_3': 0.39366199045835926, 'weight_4': 0.67118492666628, 'weight_5': 0.09639140319191765, 'weight_6': 0.4866478462379011, 'weight_7': 0.732430303759606, 'weight_8': 0.05709034313102601, 'weight_9': 0.06392055303785968}. Best is trial 85 with value: 0.6839157834119225.\n"
     ]
    },
    {
     "name": "stdout",
     "output_type": "stream",
     "text": [
      "Overall Stratified C-Index Score for Ensemble Model: 0.6838\n"
     ]
    },
    {
     "name": "stderr",
     "output_type": "stream",
     "text": [
      "[I 2025-03-02 08:34:23,530] Trial 89 finished with value: 0.6838165084367765 and parameters: {'weight_0': 0.336919053490427, 'weight_1': 0.44111834388977667, 'weight_2': 0.988617159730727, 'weight_3': 0.39611894367615363, 'weight_4': 0.7749230589600161, 'weight_5': 0.08345381951189741, 'weight_6': 0.4720434370312528, 'weight_7': 0.7153347348820466, 'weight_8': 0.06496736937845919, 'weight_9': 0.06123895947493957}. Best is trial 85 with value: 0.6839157834119225.\n"
     ]
    },
    {
     "name": "stdout",
     "output_type": "stream",
     "text": [
      "Overall Stratified C-Index Score for Ensemble Model: 0.6838\n"
     ]
    },
    {
     "name": "stderr",
     "output_type": "stream",
     "text": [
