      "[I 2025-02-25 22:37:59,697] Trial 120 finished with value: 0.6816119093288451 and parameters: {'weight_0': 0.6374115206180807, 'weight_1': 0.09606035228093776, 'weight_2': 0.7580649608942513, 'weight_3': 0.19845607041123808, 'weight_4': 0.6595986354982697, 'weight_5': 0.27052418843832415, 'weight_6': 0.5821142102412039, 'weight_7': 0.7980172795672285, 'weight_8': 0.8732109486740566, 'weight_9': 0.3666637946197449}. Best is trial 96 with value: 0.6816265231387841.\n"
     ]
    },
    {
     "name": "stdout",
     "output_type": "stream",
     "text": [
      "Overall Stratified C-Index Score for Ensemble Model: 0.6816\n"
     ]
    },
    {
     "name": "stderr",
     "output_type": "stream",
     "text": [
      "[I 2025-02-25 22:38:00,175] Trial 121 finished with value: 0.6816072436925666 and parameters: {'weight_0': 0.6458350485672677, 'weight_1': 0.09741284684867377, 'weight_2': 0.7592098153630975, 'weight_3': 0.14728270403496033, 'weight_4': 0.6558619728746499, 'weight_5': 0.27717481928509674, 'weight_6': 0.5832470253858136, 'weight_7': 0.8038666572922967, 'weight_8': 0.8692027830881678, 'weight_9': 0.3549157472909251}. Best is trial 96 with value: 0.6816265231387841.\n"
     ]
    },
    {
     "name": "stdout",
     "output_type": "stream",
     "text": [
      "Overall Stratified C-Index Score for Ensemble Model: 0.6816\n"
     ]
    },
    {
     "name": "stderr",
     "output_type": "stream",
     "text": [
      "[I 2025-02-25 22:38:00,653] Trial 122 finished with value: 0.6816138237876813 and parameters: {'weight_0': 0.6414682339936365, 'weight_1': 0.09058742698728658, 'weight_2': 0.7552664182590935, 'weight_3': 0.19513136638639844, 'weight_4': 0.6643523725698469, 'weight_5': 0.2654959441170968, 'weight_6': 0.5761604106289957, 'weight_7': 0.7942834386098523, 'weight_8': 0.8751258320165815, 'weight_9': 0.3624542393055635}. Best is trial 96 with value: 0.6816265231387841.\n"
     ]
    },
    {
     "name": "stdout",
     "output_type": "stream",
     "text": [
      "Overall Stratified C-Index Score for Ensemble Model: 0.6816\n"
     ]
    },
    {
     "name": "stderr",
     "output_type": "stream",
     "text": [
      "[I 2025-02-25 22:38:01,130] Trial 123 finished with value: 0.6816074846448344 and parameters: {'weight_0': 0.6743962638329396, 'weight_1': 0.09296520118948254, 'weight_2': 0.7426569528849511, 'weight_3': 0.19328288702462126, 'weight_4': 0.6245810109525112, 'weight_5': 0.2642124955517785, 'weight_6': 0.5443596905508215, 'weight_7': 0.8090978698254374, 'weight_8': 0.8683681428887544, 'weight_9': 0.3612948246674992}. Best is trial 96 with value: 0.6816265231387841.\n"
     ]
    },
    {
     "name": "stdout",
     "output_type": "stream",
     "text": [
      "Overall Stratified C-Index Score for Ensemble Model: 0.6816\n"
     ]
    },
    {
     "name": "stderr",
     "output_type": "stream",
     "text": [
      "[I 2025-02-25 22:38:01,610] Trial 124 finished with value: 0.6815883475628591 and parameters: {'weight_0': 0.7020343016019028, 'weight_1': 0.09939915259454007, 'weight_2': 0.7511394522482877, 'weight_3': 0.19420476535171566, 'weight_4': 0.6176858441587427, 'weight_5': 0.2400302868866559, 'weight_6': 0.5729360106852116, 'weight_7': 0.8119244820288046, 'weight_8': 0.8271419984165957, 'weight_9': 0.3669886347303768}. Best is trial 96 with value: 0.6816265231387841.\n"
     ]
    },
    {
     "name": "stdout",
     "output_type": "stream",
     "text": [
      "Overall Stratified C-Index Score for Ensemble Model: 0.6816\n"
     ]
    },
    {
     "name": "stderr",
     "output_type": "stream",
     "text": [
      "[I 2025-02-25 22:38:02,111] Trial 125 finished with value: 0.6815761529742712 and parameters: {'weight_0': 0.6465982088287585, 'weight_1': 0.0898908164962689, 'weight_2': 0.758204656980801, 'weight_3': 0.26286067415253644, 'weight_4': 0.5905342201349334, 'weight_5': 0.26424264168556144, 'weight_6': 0.5232264980693336, 'weight_7': 0.7970642039693944, 'weight_8': 0.8711065151158935, 'weight_9': 0.3512636728953765}. Best is trial 96 with value: 0.6816265231387841.\n"
     ]
    },
    {
     "name": "stdout",
     "output_type": "stream",
     "text": [
      "Overall Stratified C-Index Score for Ensemble Model: 0.6816\n"
     ]
    },
    {
     "name": "stderr",
     "output_type": "stream",
     "text": [
      "[I 2025-02-25 22:38:02,589] Trial 126 finished with value: 0.6815996705435142 and parameters: {'weight_0': 0.6923449324916674, 'weight_1': 0.1399090620057158, 'weight_2': 0.7092002120034585, 'weight_3': 0.2205084148057058, 'weight_4': 0.6470554165786515, 'weight_5': 0.22207453096415497, 'weight_6': 0.4924717828363039, 'weight_7': 0.786204542062163, 'weight_8': 0.8974234790902718, 'weight_9': 0.33769563693556764}. Best is trial 96 with value: 0.6816265231387841.\n"
     ]
    },
    {
     "name": "stdout",
     "output_type": "stream",
     "text": [
      "Overall Stratified C-Index Score for Ensemble Model: 0.6816\n"
     ]
    },
    {
     "name": "stderr",
     "output_type": "stream",
     "text": [
      "[I 2025-02-25 22:38:03,072] Trial 127 finished with value: 0.6816087667043438 and parameters: {'weight_0': 0.7497538197706165, 'weight_1': 0.07435544507645232, 'weight_2': 0.7342138855387227, 'weight_3': 0.17671982488887322, 'weight_4': 0.6342730364909968, 'weight_5': 0.26918694243134683, 'weight_6': 0.6482829078516119, 'weight_7': 0.8151571066693787, 'weight_8': 0.9870496315561265, 'weight_9': 0.3704206525108867}. Best is trial 96 with value: 0.6816265231387841.\n"
     ]
    },
    {
     "name": "stdout",
     "output_type": "stream",
     "text": [
      "Overall Stratified C-Index Score for Ensemble Model: 0.6816\n"
     ]
    },
    {
     "name": "stderr",
     "output_type": "stream",
     "text": [
      "[I 2025-02-25 22:38:03,550] Trial 128 finished with value: 0.681598112167331 and parameters: {'weight_0': 0.7518118851485462, 'weight_1': 0.07303360025550315, 'weight_2': 0.6839393727257699, 'weight_3': 0.2982011648540472, 'weight_4': 0.6411310467935833, 'weight_5': 0.25383989103681026, 'weight_6': 0.6520163617897563, 'weight_7': 0.8141836559816736, 'weight_8': 0.9822010088357218, 'weight_9': 0.34254506466456436}. Best is trial 96 with value: 0.6816265231387841.\n"
     ]
    },
    {
     "name": "stdout",
     "output_type": "stream",
     "text": [
      "Overall Stratified C-Index Score for Ensemble Model: 0.6816\n"
     ]
    },
    {
     "name": "stderr",
     "output_type": "stream",
     "text": [
      "[I 2025-02-25 22:38:04,033] Trial 129 finished with value: 0.681572929665649 and parameters: {'weight_0': 0.7687594764420447, 'weight_1': 0.09222672787028924, 'weight_2': 0.739817746824027, 'weight_3': 0.23897723049439054, 'weight_4': 0.5571745453025151, 'weight_5': 0.27823351109275035, 'weight_6': 0.5394407990662283, 'weight_7': 0.8445144323962381, 'weight_8': 0.9653620698803351, 'weight_9': 0.3746150432056064}. Best is trial 96 with value: 0.6816265231387841.\n"
     ]
    },
    {
     "name": "stdout",
     "output_type": "stream",
     "text": [
      "Overall Stratified C-Index Score for Ensemble Model: 0.6816\n"
     ]
    },
    {
     "name": "stderr",
     "output_type": "stream",
     "text": [
      "[I 2025-02-25 22:38:04,508] Trial 130 finished with value: 0.6812411843900738 and parameters: {'weight_0': 0.6254464389863377, 'weight_1': 0.0667415073744471, 'weight_2': 0.7719871189556928, 'weight_3': 0.18394072691237745, 'weight_4': 0.6610788732246973, 'weight_5': 0.32143986159271604, 'weight_6': 0.5809207223882286, 'weight_7': 0.7590761451670762, 'weight_8': 0.9864320049663803, 'weight_9': 0.9179758194260732}. Best is trial 96 with value: 0.6816265231387841.\n"
     ]
    },
    {
     "name": "stdout",
     "output_type": "stream",
     "text": [
      "Overall Stratified C-Index Score for Ensemble Model: 0.6812\n"
     ]
    },
    {
     "name": "stderr",
     "output_type": "stream",
     "text": [
      "[I 2025-02-25 22:38:05,003] Trial 131 finished with value: 0.681574087044583 and parameters: {'weight_0': 0.7412419868303763, 'weight_1': 0.1058617265796272, 'weight_2': 0.7208318429127846, 'weight_3': 0.1729890624164953, 'weight_4': 0.6216448584414096, 'weight_5': 0.3051253033187411, 'weight_6': 0.622342383753042, 'weight_7': 0.8258551039257971, 'weight_8': 0.9078477473299417, 'weight_9': 0.3669440388210359}. Best is trial 96 with value: 0.6816265231387841.\n"
     ]
    },
    {
     "name": "stdout",
     "output_type": "stream",
     "text": [
      "Overall Stratified C-Index Score for Ensemble Model: 0.6816\n"
     ]
    },
    {
     "name": "stderr",
     "output_type": "stream",
     "text": [
      "[I 2025-02-25 22:38:05,607] Trial 132 finished with value: 0.6815424922815264 and parameters: {'weight_0': 0.7872298062807112, 'weight_1': 0.08391803915166568, 'weight_2': 0.7417580924655006, 'weight_3': 0.4589362980261727, 'weight_4': 0.5538436342880549, 'weight_5': 0.2363308465821673, 'weight_6': 0.6394015181645668, 'weight_7': 0.778884293400878, 'weight_8': 0.9509945908410301, 'weight_9': 0.3313515598958383}. Best is trial 96 with value: 0.6816265231387841.\n"
     ]
    },
    {
     "name": "stdout",
     "output_type": "stream",
     "text": [
      "Overall Stratified C-Index Score for Ensemble Model: 0.6815\n"
     ]
    },
    {
     "name": "stderr",
     "output_type": "stream",
     "text": [
      "[I 2025-02-25 22:38:06,230] Trial 133 finished with value: 0.6815605983671937 and parameters: {'weight_0': 0.6640162225903238, 'weight_1': 0.1295782243624311, 'weight_2': 0.6966025560734374, 'weight_3': 0.2070935881185287, 'weight_4': 0.4982595417431941, 'weight_5': 0.2648121520323391, 'weight_6': 0.6886026140630948, 'weight_7': 0.7926324957512639, 'weight_8': 0.9307572186258016, 'weight_9': 0.36083678182206536}. Best is trial 96 with value: 0.6816265231387841.\n"
     ]
    },
    {
     "name": "stdout",
     "output_type": "stream",
     "text": [
      "Overall Stratified C-Index Score for Ensemble Model: 0.6816\n"
     ]
    },
    {
     "name": "stderr",
     "output_type": "stream",
     "text": [
      "[I 2025-02-25 22:38:06,712] Trial 134 finished with value: 0.681586265241416 and parameters: {'weight_0': 0.7060771962279465, 'weight_1': 0.16288730162677767, 'weight_2': 0.7632656717389676, 'weight_3': 0.1499932162726579, 'weight_4': 0.6780512955806712, 'weight_5': 0.276450285816765, 'weight_6': 0.5597155330270449, 'weight_7': 0.7591694153451329, 'weight_8': 0.8822217757279276, 'weight_9': 0.38151692478077587}. Best is trial 96 with value: 0.6816265231387841.\n"
     ]
    },
    {
     "name": "stdout",
     "output_type": "stream",
     "text": [
      "Overall Stratified C-Index Score for Ensemble Model: 0.6816\n"
     ]
    },
    {
     "name": "stderr",
     "output_type": "stream",
     "text": [
      "[I 2025-02-25 22:38:07,191] Trial 135 finished with value: 0.6816009822409066 and parameters: {'weight_0': 0.675785950164007, 'weight_1': 0.10052232667722433, 'weight_2': 0.7202821229957618, 'weight_3': 0.13365031858031542, 'weight_4': 0.589988500219413, 'weight_5': 0.30972304495150205, 'weight_6': 0.5915844792246094, 'weight_7': 0.8087674767242576, 'weight_8': 0.911978631806103, 'weight_9': 0.3200823387316236}. Best is trial 96 with value: 0.6816265231387841.\n"
     ]
    },
    {
     "name": "stdout",
     "output_type": "stream",
     "text": [
      "Overall Stratified C-Index Score for Ensemble Model: 0.6816\n"
     ]
    },
    {
     "name": "stderr",
     "output_type": "stream",
     "text": [
      "[I 2025-02-25 22:38:07,671] Trial 136 finished with value: 0.6816495372901298 and parameters: {'weight_0': 0.6901144428219015, 'weight_1': 0.05021057852202565, 'weight_2': 0.6803936310941302, 'weight_3': 0.19702736088847292, 'weight_4': 0.7046359231920005, 'weight_5': 0.2177648390323163, 'weight_6': 0.5072122307537521, 'weight_7': 0.8355179160073518, 'weight_8': 0.8663200626565972, 'weight_9': 0.2572309277346851}. Best is trial 136 with value: 0.6816495372901298.\n"
     ]
    },
    {
     "name": "stdout",
     "output_type": "stream",
     "text": [
      "Overall Stratified C-Index Score for Ensemble Model: 0.6816\n"
     ]
    },
    {
     "name": "stderr",
     "output_type": "stream",
     "text": [
      "[I 2025-02-25 22:38:08,152] Trial 137 finished with value: 0.6813795773808633 and parameters: {'weight_0': 0.6464410217082548, 'weight_1': 0.05397510721958232, 'weight_2': 0.6831084278817272, 'weight_3': 0.25204690221163273, 'weight_4': 0.7123259004670048, 'weight_5': 0.7257700794824333, 'weight_6': 0.5102682795221198, 'weight_7': 0.8378963516432942, 'weight_8': 0.8369757640297517, 'weight_9': 0.25823924312705243}. Best is trial 136 with value: 0.6816495372901298.\n"
     ]
    },
    {
     "name": "stdout",
     "output_type": "stream",
     "text": [
      "Overall Stratified C-Index Score for Ensemble Model: 0.6814\n"
     ]
    },
    {
     "name": "stderr",
     "output_type": "stream",
     "text": [
      "[I 2025-02-25 22:38:08,633] Trial 138 finished with value: 0.6815982987595762 and parameters: {'weight_0': 0.8106331031408808, 'weight_1': 0.07362079114494995, 'weight_2': 0.7457281293198254, 'weight_3': 0.19141510793379038, 'weight_4': 0.6490306394377338, 'weight_5': 0.21910275819698713, 'weight_6': 0.534401478373743, 'weight_7': 0.8580950803787083, 'weight_8': 0.8677807305095069, 'weight_9': 0.2378735600886913}. Best is trial 136 with value: 0.6816495372901298.\n"
     ]
    },
    {
     "name": "stdout",
     "output_type": "stream",
     "text": [
      "Overall Stratified C-Index Score for Ensemble Model: 0.6816\n"
     ]
    },
    {
     "name": "stderr",
     "output_type": "stream",
     "text": [
      "[I 2025-02-25 22:38:09,116] Trial 139 finished with value: 0.6815845936075963 and parameters: {'weight_0': 0.7714807981047802, 'weight_1': 0.06865767723558838, 'weight_2': 0.7049021438777946, 'weight_3': 0.21797095032097935, 'weight_4': 0.6977368072041635, 'weight_5': 0.24544930117433458, 'weight_6': 0.5671742778419469, 'weight_7': 0.4638349212104055, 'weight_8': 0.8119979248118512, 'weight_9': 0.2775190154981596}. Best is trial 136 with value: 0.6816495372901298.\n"
     ]
    },
    {
     "name": "stdout",
     "output_type": "stream",
     "text": [
      "Overall Stratified C-Index Score for Ensemble Model: 0.6816\n"
     ]
    },
    {
     "name": "stderr",
     "output_type": "stream",
     "text": [
      "[I 2025-02-25 22:38:09,598] Trial 140 finished with value: 0.6813573657159955 and parameters: {'weight_0': 0.7000501443096546, 'weight_1': 0.051425256785610045, 'weight_2': 0.6751601428323226, 'weight_3': 0.17269555893537822, 'weight_4': 0.625915847964239, 'weight_5': 0.33798813853017257, 'weight_6': 0.500173493829614, 'weight_7': 0.7723865836325925, 'weight_8': 0.8902291499962033, 'weight_9': 0.7785340396353677}. Best is trial 136 with value: 0.6816495372901298.\n"
     ]
    },
    {
     "name": "stdout",
     "output_type": "stream",
     "text": [
      "Overall Stratified C-Index Score for Ensemble Model: 0.6814\n"
     ]
    },
    {
     "name": "stderr",
     "output_type": "stream",
     "text": [
      "[I 2025-02-25 22:38:10,078] Trial 141 finished with value: 0.6815916626849235 and parameters: {'weight_0': 0.7426660179878188, 'weight_1': 0.11159392996641823, 'weight_2': 0.6344047066617775, 'weight_3': 0.15541192207654445, 'weight_4': 0.6626620765407061, 'weight_5': 0.27814034425410045, 'weight_6': 0.6309093290321716, 'weight_7': 0.8181605742075858, 'weight_8': 0.9602869988149225, 'weight_9': 0.34959713282407157}. Best is trial 136 with value: 0.6816495372901298.\n"
     ]
    },
    {
     "name": "stdout",
     "output_type": "stream",
     "text": [
      "Overall Stratified C-Index Score for Ensemble Model: 0.6816\n"
     ]
    },
    {
     "name": "stderr",
     "output_type": "stream",
     "text": [
      "[I 2025-02-25 22:38:10,556] Trial 142 finished with value: 0.6816065667404824 and parameters: {'weight_0': 0.6812377098319115, 'weight_1': 0.08690285612058893, 'weight_2': 0.7271285328291252, 'weight_3': 0.19867745381972157, 'weight_4': 0.7904111400016076, 'weight_5': 0.30438144878789536, 'weight_6': 0.601691738832197, 'weight_7': 0.7286727641295803, 'weight_8': 0.8648143025264126, 'weight_9': 0.32457555850822367}. Best is trial 136 with value: 0.6816495372901298.\n"
     ]
    },
    {
     "name": "stdout",
     "output_type": "stream",
     "text": [
      "Overall Stratified C-Index Score for Ensemble Model: 0.6816\n"
     ]
    },
    {
     "name": "stderr",
     "output_type": "stream",
     "text": [
      "[I 2025-02-25 22:38:11,038] Trial 143 finished with value: 0.6816075467170974 and parameters: {'weight_0': 0.6837266499720613, 'weight_1': 0.0831089441919661, 'weight_2': 0.7689305976874856, 'weight_3': 0.1948011004635322, 'weight_4': 0.7876859237711515, 'weight_5': 0.3023272457453473, 'weight_6': 0.6017716359668938, 'weight_7': 0.742030794695145, 'weight_8': 0.8682066430850588, 'weight_9': 0.32036264117740376}. Best is trial 136 with value: 0.6816495372901298.\n"
     ]
    },
    {
     "name": "stdout",
     "output_type": "stream",
     "text": [
      "Overall Stratified C-Index Score for Ensemble Model: 0.6816\n"
     ]
    },
    {
     "name": "stderr",
     "output_type": "stream",
     "text": [
      "[I 2025-02-25 22:38:11,520] Trial 144 finished with value: 0.6816015155441331 and parameters: {'weight_0': 0.6174271143665364, 'weight_1': 0.05095519298678098, 'weight_2': 0.7696163907669095, 'weight_3': 0.23376451059412465, 'weight_4': 0.6857175991442698, 'weight_5': 0.2532395712085641, 'weight_6': 0.5762281866530883, 'weight_7': 0.7471929710540497, 'weight_8': 0.8359742530155179, 'weight_9': 0.2827630134351991}. Best is trial 136 with value: 0.6816495372901298.\n"
     ]
    },
    {
     "name": "stdout",
     "output_type": "stream",
     "text": [
      "Overall Stratified C-Index Score for Ensemble Model: 0.6816\n"
     ]
    },
    {
     "name": "stderr",
     "output_type": "stream",
     "text": [
      "[I 2025-02-25 22:38:12,021] Trial 145 finished with value: 0.6815547960899656 and parameters: {'weight_0': 0.7212826711027592, 'weight_1': 0.144629254238633, 'weight_2': 0.695687552689872, 'weight_3': 0.2804486184288927, 'weight_4': 0.7414747686143114, 'weight_5': 0.3229714406959382, 'weight_6': 0.5513493251897436, 'weight_7': 0.8008750737491291, 'weight_8': 0.7828099304545098, 'weight_9': 0.2702369904447045}. Best is trial 136 with value: 0.6816495372901298.\n"
     ]
    },
    {
     "name": "stdout",
     "output_type": "stream",
     "text": [
      "Overall Stratified C-Index Score for Ensemble Model: 0.6816\n"
     ]
    },
    {
     "name": "stderr",
     "output_type": "stream",
     "text": [
      "[I 2025-02-25 22:38:12,500] Trial 146 finished with value: 0.6816244008337029 and parameters: {'weight_0': 0.6376864377207266, 'weight_1': 0.08594369371594794, 'weight_2': 0.7945271568172542, 'weight_3': 0.171500050623545, 'weight_4': 0.7179271123333293, 'weight_5': 0.230578192312122, 'weight_6': 0.4736494587469764, 'weight_7': 0.7669554745055619, 'weight_8': 0.8931618747063115, 'weight_9': 0.3060584576153821}. Best is trial 136 with value: 0.6816495372901298.\n"
     ]
    },
    {
     "name": "stdout",
     "output_type": "stream",
     "text": [
      "Overall Stratified C-Index Score for Ensemble Model: 0.6816\n"
     ]
    },
    {
     "name": "stderr",
     "output_type": "stream",
     "text": [
      "[I 2025-02-25 22:38:12,984] Trial 147 finished with value: 0.6816233662307132 and parameters: {'weight_0': 0.577880273429781, 'weight_1': 0.1277209995556517, 'weight_2': 0.7930944027841836, 'weight_3': 0.17553679939141495, 'weight_4': 0.7199410760782253, 'weight_5': 0.22473305153671932, 'weight_6': 0.5183744675471337, 'weight_7': 0.7800840002877409, 'weight_8': 0.9153525193114175, 'weight_9': 0.2493382689589893}. Best is trial 136 with value: 0.6816495372901298.\n"
     ]
    },
    {
     "name": "stdout",
     "output_type": "stream",
     "text": [
      "Overall Stratified C-Index Score for Ensemble Model: 0.6816\n"
     ]
    },
    {
     "name": "stderr",
     "output_type": "stream",
     "text": [
      "[I 2025-02-25 22:38:13,466] Trial 148 finished with value: 0.6816253263350277 and parameters: {'weight_0': 0.5904157307158908, 'weight_1': 0.12704791917683333, 'weight_2': 0.7984101780886184, 'weight_3': 0.18031609138116023, 'weight_4': 0.7082279672384552, 'weight_5': 0.22593731630712224, 'weight_6': 0.48675163307972624, 'weight_7': 0.7732972428831792, 'weight_8': 0.9193519468366895, 'weight_9': 0.21743752472218958}. Best is trial 136 with value: 0.6816495372901298.\n"
     ]
    },
    {
     "name": "stdout",
     "output_type": "stream",
     "text": [
      "Overall Stratified C-Index Score for Ensemble Model: 0.6816\n"
     ]
    },
    {
     "name": "stderr",
     "output_type": "stream",
     "text": [
      "[I 2025-02-25 22:38:13,946] Trial 149 finished with value: 0.6815838237870137 and parameters: {'weight_0': 0.5749850957840044, 'weight_1': 0.1273557333962097, 'weight_2': 0.8239715360581709, 'weight_3': 0.16892287614617216, 'weight_4': 0.7068956144661904, 'weight_5': 0.2398449506657382, 'weight_6': 0.42522556820944124, 'weight_7': 0.7657498779653171, 'weight_8': 0.9989265866034447, 'weight_9': 0.25210964661863644}. Best is trial 136 with value: 0.6816495372901298.\n"
     ]
    },
    {
     "name": "stdout",
     "output_type": "stream",
     "text": [
      "Overall Stratified C-Index Score for Ensemble Model: 0.6816\n"
     ]
    },
    {
     "name": "stderr",
     "output_type": "stream",
     "text": [
