      "[I 2025-02-25 22:38:38,804] Trial 199 finished with value: 0.6816428821452981 and parameters: {'weight_0': 0.5838129750161528, 'weight_1': 0.25821401949938105, 'weight_2': 0.8913472592846106, 'weight_3': 0.12239281944190293, 'weight_4': 0.8231864283445824, 'weight_5': 0.131614403105294, 'weight_6': 0.404922147491556, 'weight_7': 0.8383363096261871, 'weight_8': 0.9636258869755474, 'weight_9': 0.1645539577527941}. Best is trial 136 with value: 0.6816495372901298.\n"
     ]
    },
    {
     "name": "stdout",
     "output_type": "stream",
     "text": [
      "Overall Stratified C-Index Score for Ensemble Model: 0.6816\n",
      "Best Weights: {'weight_0': 0.6901144428219015, 'weight_1': 0.05021057852202565, 'weight_2': 0.6803936310941302, 'weight_3': 0.19702736088847292, 'weight_4': 0.7046359231920005, 'weight_5': 0.2177648390323163, 'weight_6': 0.5072122307537521, 'weight_7': 0.8355179160073518, 'weight_8': 0.8663200626565972, 'weight_9': 0.2572309277346851}\n",
      "Best AUC: 0.6816495372901298\n"
     ]
    }
   ],
   "source": [
    "import optuna\n",
    "# 目的関数の定義\n",
    "def objective(trial):\n",
    "    # 各モデルの重みを提案 (0.0～1.0 の範囲)\n",
    "    weights = [trial.suggest_float(f'weight_{i}', 0.05, 1.0) for i in range(len(ranked_oof_preds))]\n",
    "\n",
    "    # 重みの正規化（合計が1になるようにスケーリング）\n",
    "    weights = np.array(weights)\n",
    "    weights /= np.sum(weights)\n",
    "\n",
    "    # アンサンブル予測を計算 (加重平均)\n",
    "    ensemble_oof_preds = np.dot(weights, ranked_oof_preds)\n",
    "\n",
    "    curent_score = md.targets.validate_model(ensemble_oof_preds, 'Ensemble Model')\n",
    "\n",
    "    return curent_score  # 最大化が目標\n",
    "\n",
    "# Optunaによる最適化\n",
    "study = optuna.create_study(direction='maximize')  # AUCを最大化\n",
    "study.optimize(objective, n_trials=200)\n",
    "\n",
    "# 最適な重み\n",
    "print(\"Best Weights:\", study.best_params)\n",
    "print(\"Best AUC:\", study.best_value)\n",
    "\n",
    "CFG.weights = [1 for _ in range(len(ranked_oof_preds))]\n",
    "np.array(CFG.weights)\n",
    "\n",
    "for i in range(len(CFG.weights)):\n",
    "    CFG.weights[i] = study.best_params[f'weight_{i}']"
   ]
  },
  {
   "cell_type": "code",
   "execution_count": 51,
   "id": "727ef54d",
   "metadata": {
    "execution": {
     "iopub.execute_input": "2025-02-25T22:38:38.894337Z",
     "iopub.status.busy": "2025-02-25T22:38:38.893962Z",
     "iopub.status.idle": "2025-02-25T22:38:38.900065Z",
     "shell.execute_reply": "2025-02-25T22:38:38.898971Z"
    },
    "papermill": {
     "duration": 0.048704,
     "end_time": "2025-02-25T22:38:38.902596",
     "exception": false,
     "start_time": "2025-02-25T22:38:38.853892",
     "status": "completed"
    },
    "tags": []
   },
   "outputs": [],
   "source": [
    "# ensemble_oof_preds = np.sum([w * p for w, p in zip(CFG.weights, ranked_oof_preds)], axis=0)"
   ]
  },
  {
   "cell_type": "code",
   "execution_count": 52,
   "id": "9d5d86cf",
   "metadata": {
    "execution": {
     "iopub.execute_input": "2025-02-25T22:38:38.988945Z",
     "iopub.status.busy": "2025-02-25T22:38:38.988527Z",
     "iopub.status.idle": "2025-02-25T22:38:38.994373Z",
     "shell.execute_reply": "2025-02-25T22:38:38.993235Z"
    },
    "papermill": {
     "duration": 0.048362,
     "end_time": "2025-02-25T22:38:38.996426",
     "exception": false,
     "start_time": "2025-02-25T22:38:38.948064",
     "status": "completed"
    },
    "tags": []
   },
   "outputs": [],
   "source": [
    "# y_true = train_data[['ID', 'efs', 'efs_time', 'race_group']].copy()\n",
    "# y_pred = train_data[['ID']].copy()\n",
    "        \n",
    "# y_pred['prediction'] = ensemble_oof_preds\n",
    "            \n",
    "# c_index_score = score(y_true.copy(), y_pred.copy(), 'ID')\n",
    "# print(f'\\nOverall C-Index for Ensemble model: {c_index_score:.3f}')"
   ]
  },
  {
   "cell_type": "markdown",
   "id": "f50575c1",
   "metadata": {
    "papermill": {
     "duration": 0.038496,
     "end_time": "2025-02-25T22:38:39.076067",
     "exception": false,
     "start_time": "2025-02-25T22:38:39.037571",
     "status": "completed"
    },
    "tags": []
   },
   "source": [
    "<div style=\"background-color: rgb(247, 230, 202); border: 4px solid rgb(162, 87, 79); border-radius: 40px; padding: 20px; font-family: 'Roboto'; color: rgb(162, 87, 79); text-align: left; font-size: 140%;\">\n",
    "    <b>Ensemble predictions for the test data.</b>\n",
    "</div>"
   ]
  },
  {
   "cell_type": "code",
   "execution_count": 53,
   "id": "38fd92cd",
   "metadata": {
    "execution": {
     "iopub.execute_input": "2025-02-25T22:38:39.156022Z",
     "iopub.status.busy": "2025-02-25T22:38:39.155071Z",
     "iopub.status.idle": "2025-02-25T22:38:39.161433Z",
     "shell.execute_reply": "2025-02-25T22:38:39.160460Z"
    },
    "papermill": {
     "duration": 0.048362,
     "end_time": "2025-02-25T22:38:39.163448",
     "exception": false,
     "start_time": "2025-02-25T22:38:39.115086",
     "status": "completed"
    },
    "tags": []
   },
   "outputs": [],
   "source": [
    "preds = [\n",
    "    ctb1_preds, \n",
    "    lgb1_preds, \n",
    "    ctb2_preds, \n",
    "    lgb2_preds, \n",
    "    ctb3_preds, \n",
    "    lgb3_preds,\n",
    "    cox1_preds,\n",
    "    cox2_preds,\n",
    "    # ctb5_preds, \n",
    "    # lgb5_preds,\n",
    "    ctb6_preds, \n",
    "    lgb6_preds,\n",
    "]"
   ]
  },
  {
   "cell_type": "code",
   "execution_count": 54,
   "id": "f1de8dad",
   "metadata": {
    "execution": {
     "iopub.execute_input": "2025-02-25T22:38:39.244190Z",
     "iopub.status.busy": "2025-02-25T22:38:39.243803Z",
     "iopub.status.idle": "2025-02-25T22:38:39.252243Z",
     "shell.execute_reply": "2025-02-25T22:38:39.251152Z"
    },
    "papermill": {
     "duration": 0.050636,
     "end_time": "2025-02-25T22:38:39.254302",
     "exception": false,
     "start_time": "2025-02-25T22:38:39.203666",
     "status": "completed"
    },
    "tags": []
   },
   "outputs": [],
   "source": [
    "ranked_preds = np.array([rankdata(p) for p in preds])"
   ]
  },
  {
   "cell_type": "code",
   "execution_count": 55,
   "id": "018cd0e4",
   "metadata": {
    "execution": {
     "iopub.execute_input": "2025-02-25T22:38:39.332443Z",
     "iopub.status.busy": "2025-02-25T22:38:39.332049Z",
     "iopub.status.idle": "2025-02-25T22:38:39.337534Z",
     "shell.execute_reply": "2025-02-25T22:38:39.336568Z"
    },
    "papermill": {
     "duration": 0.046731,
     "end_time": "2025-02-25T22:38:39.339502",
     "exception": false,
     "start_time": "2025-02-25T22:38:39.292771",
     "status": "completed"
    },
    "tags": []
   },
   "outputs": [],
   "source": [
    "ensemble_preds = np.sum([w * p for w, p in zip(CFG.weights, ranked_preds)], axis=0)"
   ]
  },
  {
   "cell_type": "code",
   "execution_count": 56,
   "id": "8afb9cf0",
   "metadata": {
    "execution": {
     "iopub.execute_input": "2025-02-25T22:38:39.418231Z",
     "iopub.status.busy": "2025-02-25T22:38:39.417388Z",
     "iopub.status.idle": "2025-02-25T22:38:39.429252Z",
     "shell.execute_reply": "2025-02-25T22:38:39.428205Z"
    },
    "papermill": {
     "duration": 0.053611,
     "end_time": "2025-02-25T22:38:39.431565",
     "exception": false,
     "start_time": "2025-02-25T22:38:39.377954",
     "status": "completed"
    },
    "tags": []
   },
   "outputs": [],
   "source": [
    "subm_data = pd.read_csv(CFG.subm_path)\n",
    "subm_data['prediction'] = ensemble_preds"
   ]
  },
  {
   "cell_type": "code",
   "execution_count": 57,
   "id": "f1253212",
   "metadata": {
    "execution": {
     "iopub.execute_input": "2025-02-25T22:38:39.511497Z",
     "iopub.status.busy": "2025-02-25T22:38:39.510574Z",
     "iopub.status.idle": "2025-02-25T22:38:39.523233Z",
     "shell.execute_reply": "2025-02-25T22:38:39.522264Z"
    },
    "papermill": {
     "duration": 0.05447,
     "end_time": "2025-02-25T22:38:39.525148",
     "exception": false,
     "start_time": "2025-02-25T22:38:39.470678",
     "status": "completed"
    },
    "tags": []
   },
   "outputs": [
    {
     "data": {
      "text/html": [
       "<div>\n",
       "<style scoped>\n",
       "    .dataframe tbody tr th:only-of-type {\n",
       "        vertical-align: middle;\n",
       "    }\n",
       "\n",
       "    .dataframe tbody tr th {\n",
       "        vertical-align: top;\n",
       "    }\n",
       "\n",
       "    .dataframe thead th {\n",
       "        text-align: right;\n",
       "    }\n",
       "</style>\n",
       "<table border=\"1\" class=\"dataframe\">\n",
       "  <thead>\n",
       "    <tr style=\"text-align: right;\">\n",
       "      <th></th>\n",
       "      <th>ID</th>\n",
       "      <th>prediction</th>\n",
       "    </tr>\n",
       "  </thead>\n",
       "  <tbody>\n",
       "    <tr>\n",
       "      <th>0</th>\n",
       "      <td>28800</td>\n",
       "      <td>10.012856</td>\n",
       "    </tr>\n",
       "    <tr>\n",
       "      <th>1</th>\n",
       "      <td>28801</td>\n",
       "      <td>15.019284</td>\n",
       "    </tr>\n",
       "    <tr>\n",
       "      <th>2</th>\n",
       "      <td>28802</td>\n",
       "      <td>5.006428</td>\n",
       "    </tr>\n",
       "  </tbody>\n",
       "</table>\n",
       "</div>"
      ],
      "text/plain": [
       "      ID  prediction\n",
       "0  28800   10.012856\n",
       "1  28801   15.019284\n",
       "2  28802    5.006428"
      ]
     },
     "metadata": {},
     "output_type": "display_data"
    }
   ],
   "source": [
    "subm_data.to_csv('submission.csv', index=False)\n",
    "display(subm_data.head())"
   ]
  }
 ],
 "metadata": {
  "kaggle": {
   "accelerator": "none",
   "dataSources": [
    {
     "databundleVersionId": 10381525,
     "sourceId": 70942,
     "sourceType": "competition"
    },
    {
     "sourceId": 211253469,
     "sourceType": "kernelVersion"
    },
    {
     "sourceId": 211322530,
     "sourceType": "kernelVersion"
    }
   ],
   "dockerImageVersionId": 30804,
   "isGpuEnabled": false,
   "isInternetEnabled": false,
   "language": "python",
   "sourceType": "notebook"
  },
  "kernelspec": {
   "display_name": "Python 3",
   "language": "python",
   "name": "python3"
  },
  "language_info": {
   "codemirror_mode": {
    "name": "ipython",
    "version": 3
   },
   "file_extension": ".py",
   "mimetype": "text/x-python",
   "name": "python",
   "nbconvert_exporter": "python",
   "pygments_lexer": "ipython3",
   "version": "3.10.14"
  },
  "papermill": {
   "default_parameters": {},
   "duration": 32715.166864,
   "end_time": "2025-02-25T22:38:40.988885",
   "environment_variables": {},
   "exception": null,
   "input_path": "__notebook__.ipynb",
   "output_path": "__notebook__.ipynb",
   "parameters": {},
   "start_time": "2025-02-25T13:33:25.822021",
   "version": "2.6.0"
  }
 },
 "nbformat": 4,
 "nbformat_minor": 5
}
